ARM GAS  C:\Users\jthem\AppData\Local\Temp\cc3BeQoe.s 			page 1


   1              		.syntax unified
   2              		.cpu cortex-m3
   3              		.fpu softvfp
   4              		.eabi_attribute 20, 1
   5              		.eabi_attribute 21, 1
   6              		.eabi_attribute 23, 3
   7              		.eabi_attribute 24, 1
   8              		.eabi_attribute 25, 1
   9              		.eabi_attribute 26, 1
  10              		.eabi_attribute 30, 6
  11              		.eabi_attribute 34, 1
  12              		.eabi_attribute 18, 4
  13              		.thumb
  14              		.file	"cymetadata.c"
  15              		.text
  16              	.Ltext0:
  17              		.cfi_sections	.debug_frame
  18              		.global	cy_meta_configecc
  19              		.section	.cyconfigecc,"a",%progbits
  20              		.align	2
  21              		.type	cy_meta_configecc, %object
  22              		.size	cy_meta_configecc, 104
  23              	cy_meta_configecc:
  24 0000 01       		.byte	1
  25 0001 5A       		.byte	90
  26 0002 00       		.byte	0
  27 0003 40       		.byte	64
  28 0004 01       		.byte	1
  29 0005 15       		.byte	21
  30 0006 01       		.byte	1
  31 0007 40       		.byte	64
  32 0008 01       		.byte	1
  33 0009 1B       		.byte	27
  34 000a 01       		.byte	1
  35 000b 40       		.byte	64
  36 000c 02       		.byte	2
  37 000d 40       		.byte	64
  38 000e 01       		.byte	1
  39 000f 40       		.byte	64
  40 0010 01       		.byte	1
  41 0011 41       		.byte	65
  42 0012 01       		.byte	1
  43 0013 40       		.byte	64
  44 0014 01       		.byte	1
  45 0015 42       		.byte	66
  46 0016 01       		.byte	1
  47 0017 40       		.byte	64
  48 0018 01       		.byte	1
  49 0019 43       		.byte	67
  50 001a 01       		.byte	1
  51 001b 40       		.byte	64
  52 001c 02       		.byte	2
  53 001d 46       		.byte	70
  54 001e 01       		.byte	1
  55 001f 40       		.byte	64
  56 0020 01       		.byte	1
  57 0021 47       		.byte	71
ARM GAS  C:\Users\jthem\AppData\Local\Temp\cc3BeQoe.s 			page 2


  58 0022 01       		.byte	1
  59 0023 40       		.byte	64
  60 0024 03       		.byte	3
  61 0025 48       		.byte	72
  62 0026 01       		.byte	1
  63 0027 40       		.byte	64
  64 0028 01       		.byte	1
  65 0029 49       		.byte	73
  66 002a 01       		.byte	1
  67 002b 40       		.byte	64
  68 002c 01       		.byte	1
  69 002d 4C       		.byte	76
  70 002e 01       		.byte	1
  71 002f 40       		.byte	64
  72 0030 02       		.byte	2
  73 0031 4D       		.byte	77
  74 0032 01       		.byte	1
  75 0033 40       		.byte	64
  76 0034 01       		.byte	1
  77 0035 51       		.byte	81
  78 0036 01       		.byte	1
  79 0037 40       		.byte	64
  80 0038 97       		.byte	-105
  81 0039 01       		.byte	1
  82 003a EC       		.byte	-20
  83 003b 10       		.byte	16
  84 003c EC       		.byte	-20
  85 003d 10       		.byte	16
  86 003e 3D       		.byte	61
  87 003f 80       		.byte	-128
  88 0040 CE       		.byte	-50
  89 0041 20       		.byte	32
  90 0042 A5       		.byte	-91
  91 0043 40       		.byte	64
  92 0044 A5       		.byte	-91
  93 0045 40       		.byte	64
  94 0046 A5       		.byte	-91
  95 0047 40       		.byte	64
  96 0048 30       		.byte	48
  97 0049 20       		.byte	32
  98 004a CC       		.byte	-52
  99 004b 08       		.byte	8
 100 004c A4       		.byte	-92
 101 004d 20       		.byte	32
 102 004e 25       		.byte	37
 103 004f 50       		.byte	80
 104 0050 A5       		.byte	-91
 105 0051 40       		.byte	64
 106 0052 C8       		.byte	-56
 107 0053 20       		.byte	32
 108 0054 B5       		.byte	-75
 109 0055 10       		.byte	16
 110 0056 A4       		.byte	-92
 111 0057 20       		.byte	32
 112 0058 B4       		.byte	-76
 113 0059 20       		.byte	32
 114 005a EC       		.byte	-20
ARM GAS  C:\Users\jthem\AppData\Local\Temp\cc3BeQoe.s 			page 3


 115 005b 08       		.byte	8
 116 005c 10       		.byte	16
 117 005d 02       		.byte	2
 118 005e 00       		.byte	0
 119 005f 00       		.byte	0
 120 0060 00       		.byte	0
 121 0061 00       		.byte	0
 122 0062 00       		.byte	0
 123 0063 00       		.byte	0
 124 0064 00       		.byte	0
 125 0065 00       		.byte	0
 126 0066 01       		.byte	1
 127 0067 00       		.byte	0
 128              		.global	cy_meta_custnvl
 129              		.section	.cycustnvl,"a",%progbits
 130              		.align	2
 131              		.type	cy_meta_custnvl, %object
 132              		.size	cy_meta_custnvl, 4
 133              	cy_meta_custnvl:
 134 0000 00       		.byte	0
 135 0001 00       		.byte	0
 136 0002 40       		.byte	64
 137 0003 05       		.byte	5
 138              		.global	cy_meta_wonvl
 139              		.section	.cywolatch,"a",%progbits
 140              		.align	2
 141              		.type	cy_meta_wonvl, %object
 142              		.size	cy_meta_wonvl, 4
 143              	cy_meta_wonvl:
 144 0000 BC       		.byte	-68
 145 0001 90       		.byte	-112
 146 0002 AC       		.byte	-84
 147 0003 AF       		.byte	-81
 148              		.global	cy_meta_flashprotect
 149              		.section	.cyflashprotect,"a",%progbits
 150              		.align	2
 151              		.type	cy_meta_flashprotect, %object
 152              		.size	cy_meta_flashprotect, 256
 153              	cy_meta_flashprotect:
 154 0000 00000000 		.space	256
 154      00000000 
 154      00000000 
 154      00000000 
 154      00000000 
 155              		.global	cy_metadata
 156              		.section	.cymeta,"a",%progbits
 157              		.align	2
 158              		.type	cy_metadata, %object
 159              		.size	cy_metadata, 12
 160              	cy_metadata:
 161 0000 00       		.byte	0
 162 0001 01       		.byte	1
 163 0002 2E       		.byte	46
 164 0003 12       		.byte	18
 165 0004 30       		.byte	48
 166 0005 69       		.byte	105
 167 0006 00       		.byte	0
ARM GAS  C:\Users\jthem\AppData\Local\Temp\cc3BeQoe.s 			page 4


 168 0007 01       		.byte	1
 169 0008 00       		.byte	0
 170 0009 00       		.byte	0
 171 000a 00       		.byte	0
 172 000b 00       		.byte	0
 173              		.text
 174              	.Letext0:
 175              		.file 1 ".\\Generated_Source\\PSoC5\\cymetadata.c"
 176              		.file 2 ".\\Generated_Source\\PSoC5\\cytypes.h"
 177              		.section	.debug_info,"",%progbits
 178              	.Ldebug_info0:
 179 0000 36010000 		.4byte	0x136
 180 0004 0400     		.2byte	0x4
 181 0006 00000000 		.4byte	.Ldebug_abbrev0
 182 000a 04       		.byte	0x4
 183 000b 01       		.uleb128 0x1
 184 000c 00000000 		.4byte	.LASF18
 185 0010 01       		.byte	0x1
 186 0011 8E000000 		.4byte	.LASF19
 187 0015 69010000 		.4byte	.LASF20
 188 0019 00000000 		.4byte	.Ldebug_line0
 189 001d 02       		.uleb128 0x2
 190 001e 01       		.byte	0x1
 191 001f 06       		.byte	0x6
 192 0020 EA010000 		.4byte	.LASF0
 193 0024 02       		.uleb128 0x2
 194 0025 01       		.byte	0x1
 195 0026 08       		.byte	0x8
 196 0027 C6000000 		.4byte	.LASF1
 197 002b 02       		.uleb128 0x2
 198 002c 02       		.byte	0x2
 199 002d 05       		.byte	0x5
 200 002e D1010000 		.4byte	.LASF2
 201 0032 02       		.uleb128 0x2
 202 0033 02       		.byte	0x2
 203 0034 07       		.byte	0x7
 204 0035 E6000000 		.4byte	.LASF3
 205 0039 02       		.uleb128 0x2
 206 003a 04       		.byte	0x4
 207 003b 05       		.byte	0x5
 208 003c E1010000 		.4byte	.LASF4
 209 0040 02       		.uleb128 0x2
 210 0041 04       		.byte	0x4
 211 0042 07       		.byte	0x7
 212 0043 D4000000 		.4byte	.LASF5
 213 0047 02       		.uleb128 0x2
 214 0048 08       		.byte	0x8
 215 0049 05       		.byte	0x5
 216 004a BE010000 		.4byte	.LASF6
 217 004e 02       		.uleb128 0x2
 218 004f 08       		.byte	0x8
 219 0050 07       		.byte	0x7
 220 0051 2F010000 		.4byte	.LASF7
 221 0055 03       		.uleb128 0x3
 222 0056 04       		.byte	0x4
 223 0057 05       		.byte	0x5
 224 0058 696E7400 		.ascii	"int\000"
ARM GAS  C:\Users\jthem\AppData\Local\Temp\cc3BeQoe.s 			page 5


 225 005c 02       		.uleb128 0x2
 226 005d 04       		.byte	0x4
 227 005e 07       		.byte	0x7
 228 005f 22010000 		.4byte	.LASF8
 229 0063 04       		.uleb128 0x4
 230 0064 DB010000 		.4byte	.LASF21
 231 0068 02       		.byte	0x2
 232 0069 3801     		.2byte	0x138
 233 006b 24000000 		.4byte	0x24
 234 006f 02       		.uleb128 0x2
 235 0070 04       		.byte	0x4
 236 0071 04       		.byte	0x4
 237 0072 C0000000 		.4byte	.LASF9
 238 0076 02       		.uleb128 0x2
 239 0077 08       		.byte	0x8
 240 0078 04       		.byte	0x4
 241 0079 F9000000 		.4byte	.LASF10
 242 007d 02       		.uleb128 0x2
 243 007e 01       		.byte	0x1
 244 007f 08       		.byte	0x8
 245 0080 CC010000 		.4byte	.LASF11
 246 0084 05       		.uleb128 0x5
 247 0085 63000000 		.4byte	0x63
 248 0089 94000000 		.4byte	0x94
 249 008d 06       		.uleb128 0x6
 250 008e 94000000 		.4byte	0x94
 251 0092 67       		.byte	0x67
 252 0093 00       		.byte	0
 253 0094 02       		.uleb128 0x2
 254 0095 04       		.byte	0x4
 255 0096 07       		.byte	0x7
 256 0097 B5010000 		.4byte	.LASF12
 257 009b 07       		.uleb128 0x7
 258 009c 10010000 		.4byte	.LASF13
 259 00a0 01       		.byte	0x1
 260 00a1 1F       		.byte	0x1f
 261 00a2 AC000000 		.4byte	0xac
 262 00a6 05       		.uleb128 0x5
 263 00a7 03       		.byte	0x3
 264 00a8 00000000 		.4byte	cy_meta_configecc
 265 00ac 08       		.uleb128 0x8
 266 00ad 84000000 		.4byte	0x84
 267 00b1 05       		.uleb128 0x5
 268 00b2 63000000 		.4byte	0x63
 269 00b6 C1000000 		.4byte	0xc1
 270 00ba 06       		.uleb128 0x6
 271 00bb 94000000 		.4byte	0x94
 272 00bf 03       		.byte	0x3
 273 00c0 00       		.byte	0
 274 00c1 07       		.uleb128 0x7
 275 00c2 00010000 		.4byte	.LASF14
 276 00c6 01       		.byte	0x1
 277 00c7 39       		.byte	0x39
 278 00c8 D2000000 		.4byte	0xd2
 279 00cc 05       		.uleb128 0x5
 280 00cd 03       		.byte	0x3
 281 00ce 00000000 		.4byte	cy_meta_custnvl
ARM GAS  C:\Users\jthem\AppData\Local\Temp\cc3BeQoe.s 			page 6


 282 00d2 08       		.uleb128 0x8
 283 00d3 B1000000 		.4byte	0xb1
 284 00d7 07       		.uleb128 0x7
 285 00d8 5B010000 		.4byte	.LASF15
 286 00dc 01       		.byte	0x1
 287 00dd 47       		.byte	0x47
 288 00de E8000000 		.4byte	0xe8
 289 00e2 05       		.uleb128 0x5
 290 00e3 03       		.byte	0x3
 291 00e4 00000000 		.4byte	cy_meta_wonvl
 292 00e8 08       		.uleb128 0x8
 293 00e9 B1000000 		.4byte	0xb1
 294 00ed 05       		.uleb128 0x5
 295 00ee 63000000 		.4byte	0x63
 296 00f2 FD000000 		.4byte	0xfd
 297 00f6 06       		.uleb128 0x6
 298 00f7 94000000 		.4byte	0x94
 299 00fb FF       		.byte	0xff
 300 00fc 00       		.byte	0
 301 00fd 07       		.uleb128 0x7
 302 00fe 46010000 		.4byte	.LASF16
 303 0102 01       		.byte	0x1
 304 0103 55       		.byte	0x55
 305 0104 0E010000 		.4byte	0x10e
 306 0108 05       		.uleb128 0x5
 307 0109 03       		.byte	0x3
 308 010a 00000000 		.4byte	cy_meta_flashprotect
 309 010e 08       		.uleb128 0x8
 310 010f ED000000 		.4byte	0xed
 311 0113 05       		.uleb128 0x5
 312 0114 63000000 		.4byte	0x63
 313 0118 23010000 		.4byte	0x123
 314 011c 06       		.uleb128 0x6
 315 011d 94000000 		.4byte	0x94
 316 0121 0B       		.byte	0xb
 317 0122 00       		.byte	0
 318 0123 07       		.uleb128 0x7
 319 0124 B4000000 		.4byte	.LASF17
 320 0128 01       		.byte	0x1
 321 0129 82       		.byte	0x82
 322 012a 34010000 		.4byte	0x134
 323 012e 05       		.uleb128 0x5
 324 012f 03       		.byte	0x3
 325 0130 00000000 		.4byte	cy_metadata
 326 0134 08       		.uleb128 0x8
 327 0135 13010000 		.4byte	0x113
 328 0139 00       		.byte	0
 329              		.section	.debug_abbrev,"",%progbits
 330              	.Ldebug_abbrev0:
 331 0000 01       		.uleb128 0x1
 332 0001 11       		.uleb128 0x11
 333 0002 01       		.byte	0x1
 334 0003 25       		.uleb128 0x25
 335 0004 0E       		.uleb128 0xe
 336 0005 13       		.uleb128 0x13
 337 0006 0B       		.uleb128 0xb
 338 0007 03       		.uleb128 0x3
ARM GAS  C:\Users\jthem\AppData\Local\Temp\cc3BeQoe.s 			page 7


 339 0008 0E       		.uleb128 0xe
 340 0009 1B       		.uleb128 0x1b
 341 000a 0E       		.uleb128 0xe
 342 000b 10       		.uleb128 0x10
 343 000c 17       		.uleb128 0x17
 344 000d 00       		.byte	0
 345 000e 00       		.byte	0
 346 000f 02       		.uleb128 0x2
 347 0010 24       		.uleb128 0x24
 348 0011 00       		.byte	0
 349 0012 0B       		.uleb128 0xb
 350 0013 0B       		.uleb128 0xb
 351 0014 3E       		.uleb128 0x3e
 352 0015 0B       		.uleb128 0xb
 353 0016 03       		.uleb128 0x3
 354 0017 0E       		.uleb128 0xe
 355 0018 00       		.byte	0
 356 0019 00       		.byte	0
 357 001a 03       		.uleb128 0x3
 358 001b 24       		.uleb128 0x24
 359 001c 00       		.byte	0
 360 001d 0B       		.uleb128 0xb
 361 001e 0B       		.uleb128 0xb
 362 001f 3E       		.uleb128 0x3e
 363 0020 0B       		.uleb128 0xb
 364 0021 03       		.uleb128 0x3
 365 0022 08       		.uleb128 0x8
 366 0023 00       		.byte	0
 367 0024 00       		.byte	0
 368 0025 04       		.uleb128 0x4
 369 0026 16       		.uleb128 0x16
 370 0027 00       		.byte	0
 371 0028 03       		.uleb128 0x3
 372 0029 0E       		.uleb128 0xe
 373 002a 3A       		.uleb128 0x3a
 374 002b 0B       		.uleb128 0xb
 375 002c 3B       		.uleb128 0x3b
 376 002d 05       		.uleb128 0x5
 377 002e 49       		.uleb128 0x49
 378 002f 13       		.uleb128 0x13
 379 0030 00       		.byte	0
 380 0031 00       		.byte	0
 381 0032 05       		.uleb128 0x5
 382 0033 01       		.uleb128 0x1
 383 0034 01       		.byte	0x1
 384 0035 49       		.uleb128 0x49
 385 0036 13       		.uleb128 0x13
 386 0037 01       		.uleb128 0x1
 387 0038 13       		.uleb128 0x13
 388 0039 00       		.byte	0
 389 003a 00       		.byte	0
 390 003b 06       		.uleb128 0x6
 391 003c 21       		.uleb128 0x21
 392 003d 00       		.byte	0
 393 003e 49       		.uleb128 0x49
 394 003f 13       		.uleb128 0x13
 395 0040 2F       		.uleb128 0x2f
ARM GAS  C:\Users\jthem\AppData\Local\Temp\cc3BeQoe.s 			page 8


 396 0041 0B       		.uleb128 0xb
 397 0042 00       		.byte	0
 398 0043 00       		.byte	0
 399 0044 07       		.uleb128 0x7
 400 0045 34       		.uleb128 0x34
 401 0046 00       		.byte	0
 402 0047 03       		.uleb128 0x3
 403 0048 0E       		.uleb128 0xe
 404 0049 3A       		.uleb128 0x3a
 405 004a 0B       		.uleb128 0xb
 406 004b 3B       		.uleb128 0x3b
 407 004c 0B       		.uleb128 0xb
 408 004d 49       		.uleb128 0x49
 409 004e 13       		.uleb128 0x13
 410 004f 3F       		.uleb128 0x3f
 411 0050 19       		.uleb128 0x19
 412 0051 02       		.uleb128 0x2
 413 0052 18       		.uleb128 0x18
 414 0053 00       		.byte	0
 415 0054 00       		.byte	0
 416 0055 08       		.uleb128 0x8
 417 0056 26       		.uleb128 0x26
 418 0057 00       		.byte	0
 419 0058 49       		.uleb128 0x49
 420 0059 13       		.uleb128 0x13
 421 005a 00       		.byte	0
 422 005b 00       		.byte	0
 423 005c 00       		.byte	0
 424              		.section	.debug_aranges,"",%progbits
 425 0000 14000000 		.4byte	0x14
 426 0004 0200     		.2byte	0x2
 427 0006 00000000 		.4byte	.Ldebug_info0
 428 000a 04       		.byte	0x4
 429 000b 00       		.byte	0
 430 000c 0000     		.2byte	0
 431 000e 0000     		.2byte	0
 432 0010 00000000 		.4byte	0
 433 0014 00000000 		.4byte	0
 434              		.section	.debug_line,"",%progbits
 435              	.Ldebug_line0:
 436 0000 4F000000 		.section	.debug_str,"MS",%progbits,1
 436      02004900 
 436      00000201 
 436      FB0E0D00 
 436      01010101 
 437              	.LASF18:
 438 0000 474E5520 		.ascii	"GNU C 4.9.3 20150303 (release) [ARM/embedded-4_9-br"
 438      4320342E 
 438      392E3320 
 438      32303135 
 438      30333033 
 439 0033 616E6368 		.ascii	"anch revision 221220] -mcpu=cortex-m3 -mthumb -g -O"
 439      20726576 
 439      6973696F 
 439      6E203232 
 439      31323230 
 440 0066 30202D66 		.ascii	"0 -ffunction-sections -ffat-lto-objects\000"
ARM GAS  C:\Users\jthem\AppData\Local\Temp\cc3BeQoe.s 			page 9


 440      66756E63 
 440      74696F6E 
 440      2D736563 
 440      74696F6E 
 441              	.LASF19:
 442 008e 2E5C4765 		.ascii	".\\Generated_Source\\PSoC5\\cymetadata.c\000"
 442      6E657261 
 442      7465645F 
 442      536F7572 
 442      63655C50 
 443              	.LASF17:
 444 00b4 63795F6D 		.ascii	"cy_metadata\000"
 444      65746164 
 444      61746100 
 445              	.LASF9:
 446 00c0 666C6F61 		.ascii	"float\000"
 446      7400
 447              	.LASF1:
 448 00c6 756E7369 		.ascii	"unsigned char\000"
 448      676E6564 
 448      20636861 
 448      7200
 449              	.LASF5:
 450 00d4 6C6F6E67 		.ascii	"long unsigned int\000"
 450      20756E73 
 450      69676E65 
 450      6420696E 
 450      7400
 451              	.LASF3:
 452 00e6 73686F72 		.ascii	"short unsigned int\000"
 452      7420756E 
 452      7369676E 
 452      65642069 
 452      6E7400
 453              	.LASF10:
 454 00f9 646F7562 		.ascii	"double\000"
 454      6C6500
 455              	.LASF14:
 456 0100 63795F6D 		.ascii	"cy_meta_custnvl\000"
 456      6574615F 
 456      63757374 
 456      6E766C00 
 457              	.LASF13:
 458 0110 63795F6D 		.ascii	"cy_meta_configecc\000"
 458      6574615F 
 458      636F6E66 
 458      69676563 
 458      6300
 459              	.LASF8:
 460 0122 756E7369 		.ascii	"unsigned int\000"
 460      676E6564 
 460      20696E74 
 460      00
 461              	.LASF7:
 462 012f 6C6F6E67 		.ascii	"long long unsigned int\000"
 462      206C6F6E 
 462      6720756E 
ARM GAS  C:\Users\jthem\AppData\Local\Temp\cc3BeQoe.s 			page 10


 462      7369676E 
 462      65642069 
 463              	.LASF16:
 464 0146 63795F6D 		.ascii	"cy_meta_flashprotect\000"
 464      6574615F 
 464      666C6173 
 464      6870726F 
 464      74656374 
 465              	.LASF15:
 466 015b 63795F6D 		.ascii	"cy_meta_wonvl\000"
 466      6574615F 
 466      776F6E76 
 466      6C00
 467              	.LASF20:
 468 0169 433A5C55 		.ascii	"C:\\Users\\jthem\\Documents\\PSoC Creator\\PWMExamp"
 468      73657273 
 468      5C6A7468 
 468      656D5C44 
 468      6F63756D 
 469 0197 6C653031 		.ascii	"le01\\WaveDAC8_Example01.cydsn\000"
 469      5C576176 
 469      65444143 
 469      385F4578 
 469      616D706C 
 470              	.LASF12:
 471 01b5 73697A65 		.ascii	"sizetype\000"
 471      74797065 
 471      00
 472              	.LASF6:
 473 01be 6C6F6E67 		.ascii	"long long int\000"
 473      206C6F6E 
 473      6720696E 
 473      7400
 474              	.LASF11:
 475 01cc 63686172 		.ascii	"char\000"
 475      00
 476              	.LASF2:
 477 01d1 73686F72 		.ascii	"short int\000"
 477      7420696E 
 477      7400
 478              	.LASF21:
 479 01db 75696E74 		.ascii	"uint8\000"
 479      3800
 480              	.LASF4:
 481 01e1 6C6F6E67 		.ascii	"long int\000"
 481      20696E74 
 481      00
 482              	.LASF0:
 483 01ea 7369676E 		.ascii	"signed char\000"
 483      65642063 
 483      68617200 
 484              		.ident	"GCC: (GNU Tools for ARM Embedded Processors) 4.9.3 20150303 (release) [ARM/embedded-4_9-br
