ARM GAS  C:\Users\jthem\AppData\Local\Temp\ccbvUsCe.s 			page 1


   1              		.syntax unified
   2              		.cpu cortex-m3
   3              		.fpu softvfp
   4              		.eabi_attribute 20, 1
   5              		.eabi_attribute 21, 1
   6              		.eabi_attribute 23, 3
   7              		.eabi_attribute 24, 1
   8              		.eabi_attribute 25, 1
   9              		.eabi_attribute 26, 1
  10              		.eabi_attribute 30, 6
  11              		.eabi_attribute 34, 1
  12              		.eabi_attribute 18, 4
  13              		.thumb
  14              		.file	"WaveDAC8_1.c"
  15              		.text
  16              	.Ltext0:
  17              		.cfi_sections	.debug_frame
  18              		.global	WaveDAC8_1_initVar
  19              		.bss
  20              		.type	WaveDAC8_1_initVar, %object
  21              		.size	WaveDAC8_1_initVar, 1
  22              	WaveDAC8_1_initVar:
  23 0000 00       		.space	1
  24              		.global	WaveDAC8_1_wave1
  25              		.section	.rodata
  26              		.align	2
  27              		.type	WaveDAC8_1_wave1, %object
  28              		.size	WaveDAC8_1_wave1, 100
  29              	WaveDAC8_1_wave1:
  30 0000 03       		.byte	3
  31 0001 05       		.byte	5
  32 0002 08       		.byte	8
  33 0003 0A       		.byte	10
  34 0004 0D       		.byte	13
  35 0005 0F       		.byte	15
  36 0006 12       		.byte	18
  37 0007 14       		.byte	20
  38 0008 17       		.byte	23
  39 0009 19       		.byte	25
  40 000a 1C       		.byte	28
  41 000b 1E       		.byte	30
  42 000c 21       		.byte	33
  43 000d 23       		.byte	35
  44 000e 26       		.byte	38
  45 000f 28       		.byte	40
  46 0010 2B       		.byte	43
  47 0011 2D       		.byte	45
  48 0012 30       		.byte	48
  49 0013 32       		.byte	50
  50 0014 35       		.byte	53
  51 0015 38       		.byte	56
  52 0016 3A       		.byte	58
  53 0017 3D       		.byte	61
  54 0018 3F       		.byte	63
  55 0019 42       		.byte	66
  56 001a 44       		.byte	68
  57 001b 47       		.byte	71
ARM GAS  C:\Users\jthem\AppData\Local\Temp\ccbvUsCe.s 			page 2


  58 001c 49       		.byte	73
  59 001d 4C       		.byte	76
  60 001e 4E       		.byte	78
  61 001f 51       		.byte	81
  62 0020 53       		.byte	83
  63 0021 56       		.byte	86
  64 0022 58       		.byte	88
  65 0023 5B       		.byte	91
  66 0024 5D       		.byte	93
  67 0025 60       		.byte	96
  68 0026 62       		.byte	98
  69 0027 65       		.byte	101
  70 0028 68       		.byte	104
  71 0029 6A       		.byte	106
  72 002a 6D       		.byte	109
  73 002b 6F       		.byte	111
  74 002c 72       		.byte	114
  75 002d 74       		.byte	116
  76 002e 77       		.byte	119
  77 002f 79       		.byte	121
  78 0030 7C       		.byte	124
  79 0031 7E       		.byte	126
  80 0032 81       		.byte	-127
  81 0033 83       		.byte	-125
  82 0034 86       		.byte	-122
  83 0035 88       		.byte	-120
  84 0036 8B       		.byte	-117
  85 0037 8D       		.byte	-115
  86 0038 90       		.byte	-112
  87 0039 92       		.byte	-110
  88 003a 95       		.byte	-107
  89 003b 97       		.byte	-105
  90 003c 9A       		.byte	-102
  91 003d 9D       		.byte	-99
  92 003e 9F       		.byte	-97
  93 003f A2       		.byte	-94
  94 0040 A4       		.byte	-92
  95 0041 A7       		.byte	-89
  96 0042 A9       		.byte	-87
  97 0043 AC       		.byte	-84
  98 0044 AE       		.byte	-82
  99 0045 B1       		.byte	-79
 100 0046 B3       		.byte	-77
 101 0047 B6       		.byte	-74
 102 0048 B8       		.byte	-72
 103 0049 BB       		.byte	-69
 104 004a BD       		.byte	-67
 105 004b C0       		.byte	-64
 106 004c C2       		.byte	-62
 107 004d C5       		.byte	-59
 108 004e C7       		.byte	-57
 109 004f CA       		.byte	-54
 110 0050 CD       		.byte	-51
 111 0051 CF       		.byte	-49
 112 0052 D2       		.byte	-46
 113 0053 D4       		.byte	-44
 114 0054 D7       		.byte	-41
ARM GAS  C:\Users\jthem\AppData\Local\Temp\ccbvUsCe.s 			page 3


 115 0055 D9       		.byte	-39
 116 0056 DC       		.byte	-36
 117 0057 DE       		.byte	-34
 118 0058 E1       		.byte	-31
 119 0059 E3       		.byte	-29
 120 005a E6       		.byte	-26
 121 005b E8       		.byte	-24
 122 005c EB       		.byte	-21
 123 005d ED       		.byte	-19
 124 005e F0       		.byte	-16
 125 005f F2       		.byte	-14
 126 0060 F5       		.byte	-11
 127 0061 F7       		.byte	-9
 128 0062 FA       		.byte	-6
 129 0063 FC       		.byte	-4
 130              		.global	WaveDAC8_1_wave2
 131              		.align	2
 132              		.type	WaveDAC8_1_wave2, %object
 133              		.size	WaveDAC8_1_wave2, 50
 134              	WaveDAC8_1_wave2:
 135 0064 80       		.byte	-128
 136 0065 90       		.byte	-112
 137 0066 9F       		.byte	-97
 138 0067 AE       		.byte	-82
 139 0068 BC       		.byte	-68
 140 0069 C9       		.byte	-55
 141 006a D6       		.byte	-42
 142 006b E0       		.byte	-32
 143 006c EA       		.byte	-22
 144 006d F1       		.byte	-15
 145 006e F7       		.byte	-9
 146 006f FB       		.byte	-5
 147 0070 FD       		.byte	-3
 148 0071 FD       		.byte	-3
 149 0072 FB       		.byte	-5
 150 0073 F7       		.byte	-9
 151 0074 F1       		.byte	-15
 152 0075 EA       		.byte	-22
 153 0076 E0       		.byte	-32
 154 0077 D6       		.byte	-42
 155 0078 C9       		.byte	-55
 156 0079 BC       		.byte	-68
 157 007a AE       		.byte	-82
 158 007b 9F       		.byte	-97
 159 007c 90       		.byte	-112
 160 007d 80       		.byte	-128
 161 007e 70       		.byte	112
 162 007f 61       		.byte	97
 163 0080 52       		.byte	82
 164 0081 44       		.byte	68
 165 0082 37       		.byte	55
 166 0083 2A       		.byte	42
 167 0084 20       		.byte	32
 168 0085 16       		.byte	22
 169 0086 0F       		.byte	15
 170 0087 09       		.byte	9
 171 0088 05       		.byte	5
ARM GAS  C:\Users\jthem\AppData\Local\Temp\ccbvUsCe.s 			page 4


 172 0089 03       		.byte	3
 173 008a 03       		.byte	3
 174 008b 05       		.byte	5
 175 008c 09       		.byte	9
 176 008d 0F       		.byte	15
 177 008e 16       		.byte	22
 178 008f 20       		.byte	32
 179 0090 2A       		.byte	42
 180 0091 37       		.byte	55
 181 0092 44       		.byte	68
 182 0093 52       		.byte	82
 183 0094 61       		.byte	97
 184 0095 70       		.byte	112
 185 0096 0000     		.bss
 186              	WaveDAC8_1_Wave1Chan:
 187 0001 00       		.space	1
 188              	WaveDAC8_1_Wave2Chan:
 189 0002 00       		.space	1
 190              	WaveDAC8_1_Wave1TD:
 191 0003 00       		.space	1
 192              	WaveDAC8_1_Wave2TD:
 193 0004 00       		.space	1
 194              		.section	.text.WaveDAC8_1_Init,"ax",%progbits
 195              		.align	2
 196              		.global	WaveDAC8_1_Init
 197              		.thumb
 198              		.thumb_func
 199              		.type	WaveDAC8_1_Init, %function
 200              	WaveDAC8_1_Init:
 201              	.LFB0:
 202              		.file 1 ".\\Generated_Source\\PSoC5\\WaveDAC8_1.c"
   1:.\Generated_Source\PSoC5/WaveDAC8_1.c **** /*******************************************************************************
   2:.\Generated_Source\PSoC5/WaveDAC8_1.c **** * File Name: WaveDAC8_1.c
   3:.\Generated_Source\PSoC5/WaveDAC8_1.c **** * Version 2.10
   4:.\Generated_Source\PSoC5/WaveDAC8_1.c **** *
   5:.\Generated_Source\PSoC5/WaveDAC8_1.c **** * Description:
   6:.\Generated_Source\PSoC5/WaveDAC8_1.c **** *  This file provides the source code for the 8-bit Waveform DAC 
   7:.\Generated_Source\PSoC5/WaveDAC8_1.c **** *  (WaveDAC8) Component.
   8:.\Generated_Source\PSoC5/WaveDAC8_1.c **** *
   9:.\Generated_Source\PSoC5/WaveDAC8_1.c **** ********************************************************************************
  10:.\Generated_Source\PSoC5/WaveDAC8_1.c **** * Copyright 2013, Cypress Semiconductor Corporation.  All rights reserved.
  11:.\Generated_Source\PSoC5/WaveDAC8_1.c **** * You may use this file only in accordance with the license, terms, conditions,
  12:.\Generated_Source\PSoC5/WaveDAC8_1.c **** * disclaimers, and limitations in the end user license agreement accompanying
  13:.\Generated_Source\PSoC5/WaveDAC8_1.c **** * the software package with which this file was provided.
  14:.\Generated_Source\PSoC5/WaveDAC8_1.c **** *******************************************************************************/
  15:.\Generated_Source\PSoC5/WaveDAC8_1.c **** 
  16:.\Generated_Source\PSoC5/WaveDAC8_1.c **** #include "WaveDAC8_1.h"
  17:.\Generated_Source\PSoC5/WaveDAC8_1.c **** 
  18:.\Generated_Source\PSoC5/WaveDAC8_1.c **** uint8  WaveDAC8_1_initVar = 0u;
  19:.\Generated_Source\PSoC5/WaveDAC8_1.c **** 
  20:.\Generated_Source\PSoC5/WaveDAC8_1.c **** const uint8 CYCODE WaveDAC8_1_wave1[WaveDAC8_1_WAVE1_LENGTH] = { 3u,5u,8u,10u,13u,15u,18u,20u,23u,2
  21:.\Generated_Source\PSoC5/WaveDAC8_1.c **** const uint8 CYCODE WaveDAC8_1_wave2[WaveDAC8_1_WAVE2_LENGTH] = {  128,144,159,174,188,201,214,224,2
  22:.\Generated_Source\PSoC5/WaveDAC8_1.c **** 
  23:.\Generated_Source\PSoC5/WaveDAC8_1.c **** static uint8  WaveDAC8_1_Wave1Chan;
  24:.\Generated_Source\PSoC5/WaveDAC8_1.c **** static uint8  WaveDAC8_1_Wave2Chan;
  25:.\Generated_Source\PSoC5/WaveDAC8_1.c **** static uint8  WaveDAC8_1_Wave1TD;
  26:.\Generated_Source\PSoC5/WaveDAC8_1.c **** static uint8  WaveDAC8_1_Wave2TD;
ARM GAS  C:\Users\jthem\AppData\Local\Temp\ccbvUsCe.s 			page 5


  27:.\Generated_Source\PSoC5/WaveDAC8_1.c **** 
  28:.\Generated_Source\PSoC5/WaveDAC8_1.c **** 
  29:.\Generated_Source\PSoC5/WaveDAC8_1.c **** /*******************************************************************************
  30:.\Generated_Source\PSoC5/WaveDAC8_1.c **** * Function Name: WaveDAC8_1_Init
  31:.\Generated_Source\PSoC5/WaveDAC8_1.c **** ********************************************************************************
  32:.\Generated_Source\PSoC5/WaveDAC8_1.c **** *
  33:.\Generated_Source\PSoC5/WaveDAC8_1.c **** * Summary:
  34:.\Generated_Source\PSoC5/WaveDAC8_1.c **** *  Initializes component with parameters set in the customizer.
  35:.\Generated_Source\PSoC5/WaveDAC8_1.c **** *
  36:.\Generated_Source\PSoC5/WaveDAC8_1.c **** * Parameters:  
  37:.\Generated_Source\PSoC5/WaveDAC8_1.c **** *  None
  38:.\Generated_Source\PSoC5/WaveDAC8_1.c **** *
  39:.\Generated_Source\PSoC5/WaveDAC8_1.c **** * Return: 
  40:.\Generated_Source\PSoC5/WaveDAC8_1.c **** *  None
  41:.\Generated_Source\PSoC5/WaveDAC8_1.c **** *
  42:.\Generated_Source\PSoC5/WaveDAC8_1.c **** *******************************************************************************/
  43:.\Generated_Source\PSoC5/WaveDAC8_1.c **** void WaveDAC8_1_Init(void) 
  44:.\Generated_Source\PSoC5/WaveDAC8_1.c **** {
 203              		.loc 1 44 0
 204              		.cfi_startproc
 205              		@ args = 0, pretend = 0, frame = 0
 206              		@ frame_needed = 1, uses_anonymous_args = 0
 207 0000 80B5     		push	{r7, lr}
 208              		.cfi_def_cfa_offset 8
 209              		.cfi_offset 7, -8
 210              		.cfi_offset 14, -4
 211 0002 00AF     		add	r7, sp, #0
 212              		.cfi_def_cfa_register 7
  45:.\Generated_Source\PSoC5/WaveDAC8_1.c **** 	WaveDAC8_1_VDAC8_Init();
 213              		.loc 1 45 0
 214 0004 FFF7FEFF 		bl	WaveDAC8_1_VDAC8_Init
  46:.\Generated_Source\PSoC5/WaveDAC8_1.c **** 	WaveDAC8_1_VDAC8_SetSpeed(WaveDAC8_1_HIGHSPEED);
 215              		.loc 1 46 0
 216 0008 0220     		movs	r0, #2
 217 000a FFF7FEFF 		bl	WaveDAC8_1_VDAC8_SetSpeed
  47:.\Generated_Source\PSoC5/WaveDAC8_1.c **** 	WaveDAC8_1_VDAC8_SetRange(WaveDAC8_1_DAC_RANGE);
 218              		.loc 1 47 0
 219 000e 0020     		movs	r0, #0
 220 0010 FFF7FEFF 		bl	WaveDAC8_1_VDAC8_SetRange
  48:.\Generated_Source\PSoC5/WaveDAC8_1.c **** 
  49:.\Generated_Source\PSoC5/WaveDAC8_1.c **** 	#if(WaveDAC8_1_DAC_MODE == WaveDAC8_1_CURRENT_MODE)
  50:.\Generated_Source\PSoC5/WaveDAC8_1.c **** 		WaveDAC8_1_IDAC8_SetPolarity(WaveDAC8_1_DAC_POL);
  51:.\Generated_Source\PSoC5/WaveDAC8_1.c **** 	#endif /* WaveDAC8_1_DAC_MODE == WaveDAC8_1_CURRENT_MODE */
  52:.\Generated_Source\PSoC5/WaveDAC8_1.c **** 
  53:.\Generated_Source\PSoC5/WaveDAC8_1.c **** 	#if(WaveDAC8_1_OUT_MODE == WaveDAC8_1_BUFFER_MODE)
  54:.\Generated_Source\PSoC5/WaveDAC8_1.c **** 	   WaveDAC8_1_BuffAmp_Init();
 221              		.loc 1 54 0
 222 0014 FFF7FEFF 		bl	WaveDAC8_1_BuffAmp_Init
  55:.\Generated_Source\PSoC5/WaveDAC8_1.c **** 	#endif /* WaveDAC8_1_OUT_MODE == WaveDAC8_1_BUFFER_MODE */
  56:.\Generated_Source\PSoC5/WaveDAC8_1.c **** 
  57:.\Generated_Source\PSoC5/WaveDAC8_1.c **** 	/* Get the TD Number for the DMA channel 1 and 2   */
  58:.\Generated_Source\PSoC5/WaveDAC8_1.c **** 	WaveDAC8_1_Wave1TD = CyDmaTdAllocate();
 223              		.loc 1 58 0
 224 0018 FFF7FEFF 		bl	CyDmaTdAllocate
 225 001c 0346     		mov	r3, r0
 226 001e 1A46     		mov	r2, r3
 227 0020 084B     		ldr	r3, .L2
ARM GAS  C:\Users\jthem\AppData\Local\Temp\ccbvUsCe.s 			page 6


 228 0022 1A70     		strb	r2, [r3]
  59:.\Generated_Source\PSoC5/WaveDAC8_1.c **** 	WaveDAC8_1_Wave2TD = CyDmaTdAllocate();
 229              		.loc 1 59 0
 230 0024 FFF7FEFF 		bl	CyDmaTdAllocate
 231 0028 0346     		mov	r3, r0
 232 002a 1A46     		mov	r2, r3
 233 002c 064B     		ldr	r3, .L2+4
 234 002e 1A70     		strb	r2, [r3]
  60:.\Generated_Source\PSoC5/WaveDAC8_1.c **** 	
  61:.\Generated_Source\PSoC5/WaveDAC8_1.c **** 	/* Initialize waveform pointers  */
  62:.\Generated_Source\PSoC5/WaveDAC8_1.c **** 	WaveDAC8_1_Wave1Setup(WaveDAC8_1_wave1, WaveDAC8_1_WAVE1_LENGTH) ;
 235              		.loc 1 62 0
 236 0030 0648     		ldr	r0, .L2+8
 237 0032 6421     		movs	r1, #100
 238 0034 FFF7FEFF 		bl	WaveDAC8_1_Wave1Setup
  63:.\Generated_Source\PSoC5/WaveDAC8_1.c **** 	WaveDAC8_1_Wave2Setup(WaveDAC8_1_wave2, WaveDAC8_1_WAVE2_LENGTH) ;
 239              		.loc 1 63 0
 240 0038 0548     		ldr	r0, .L2+12
 241 003a 3221     		movs	r1, #50
 242 003c FFF7FEFF 		bl	WaveDAC8_1_Wave2Setup
  64:.\Generated_Source\PSoC5/WaveDAC8_1.c **** 	
  65:.\Generated_Source\PSoC5/WaveDAC8_1.c **** 	/* Initialize the internal clock if one present  */
  66:.\Generated_Source\PSoC5/WaveDAC8_1.c **** 	#if defined(WaveDAC8_1_DacClk_PHASE)
  67:.\Generated_Source\PSoC5/WaveDAC8_1.c **** 	   WaveDAC8_1_DacClk_SetPhase(WaveDAC8_1_CLK_PHASE_0nS);
  68:.\Generated_Source\PSoC5/WaveDAC8_1.c **** 	#endif /* defined(WaveDAC8_1_DacClk_PHASE) */
  69:.\Generated_Source\PSoC5/WaveDAC8_1.c **** }
 243              		.loc 1 69 0
 244 0040 80BD     		pop	{r7, pc}
 245              	.L3:
 246 0042 00BF     		.align	2
 247              	.L2:
 248 0044 03000000 		.word	WaveDAC8_1_Wave1TD
 249 0048 04000000 		.word	WaveDAC8_1_Wave2TD
 250 004c 00000000 		.word	WaveDAC8_1_wave1
 251 0050 00000000 		.word	WaveDAC8_1_wave2
 252              		.cfi_endproc
 253              	.LFE0:
 254              		.size	WaveDAC8_1_Init, .-WaveDAC8_1_Init
 255              		.section	.text.WaveDAC8_1_Enable,"ax",%progbits
 256              		.align	2
 257              		.global	WaveDAC8_1_Enable
 258              		.thumb
 259              		.thumb_func
 260              		.type	WaveDAC8_1_Enable, %function
 261              	WaveDAC8_1_Enable:
 262              	.LFB1:
  70:.\Generated_Source\PSoC5/WaveDAC8_1.c **** 
  71:.\Generated_Source\PSoC5/WaveDAC8_1.c **** 
  72:.\Generated_Source\PSoC5/WaveDAC8_1.c **** /*******************************************************************************
  73:.\Generated_Source\PSoC5/WaveDAC8_1.c **** * Function Name: WaveDAC8_1_Enable
  74:.\Generated_Source\PSoC5/WaveDAC8_1.c **** ********************************************************************************
  75:.\Generated_Source\PSoC5/WaveDAC8_1.c **** *  
  76:.\Generated_Source\PSoC5/WaveDAC8_1.c **** * Summary: 
  77:.\Generated_Source\PSoC5/WaveDAC8_1.c **** *  Enables the DAC block and DMA operation.
  78:.\Generated_Source\PSoC5/WaveDAC8_1.c **** *
  79:.\Generated_Source\PSoC5/WaveDAC8_1.c **** * Parameters:  
  80:.\Generated_Source\PSoC5/WaveDAC8_1.c **** *  None
ARM GAS  C:\Users\jthem\AppData\Local\Temp\ccbvUsCe.s 			page 7


  81:.\Generated_Source\PSoC5/WaveDAC8_1.c **** *
  82:.\Generated_Source\PSoC5/WaveDAC8_1.c **** * Return: 
  83:.\Generated_Source\PSoC5/WaveDAC8_1.c **** *  None
  84:.\Generated_Source\PSoC5/WaveDAC8_1.c **** *
  85:.\Generated_Source\PSoC5/WaveDAC8_1.c **** *******************************************************************************/
  86:.\Generated_Source\PSoC5/WaveDAC8_1.c **** void WaveDAC8_1_Enable(void) 
  87:.\Generated_Source\PSoC5/WaveDAC8_1.c **** {
 263              		.loc 1 87 0
 264              		.cfi_startproc
 265              		@ args = 0, pretend = 0, frame = 0
 266              		@ frame_needed = 1, uses_anonymous_args = 0
 267 0000 80B5     		push	{r7, lr}
 268              		.cfi_def_cfa_offset 8
 269              		.cfi_offset 7, -8
 270              		.cfi_offset 14, -4
 271 0002 00AF     		add	r7, sp, #0
 272              		.cfi_def_cfa_register 7
  88:.\Generated_Source\PSoC5/WaveDAC8_1.c **** 	WaveDAC8_1_VDAC8_Enable();
 273              		.loc 1 88 0
 274 0004 FFF7FEFF 		bl	WaveDAC8_1_VDAC8_Enable
  89:.\Generated_Source\PSoC5/WaveDAC8_1.c **** 
  90:.\Generated_Source\PSoC5/WaveDAC8_1.c **** 	#if(WaveDAC8_1_OUT_MODE == WaveDAC8_1_BUFFER_MODE)
  91:.\Generated_Source\PSoC5/WaveDAC8_1.c **** 	   WaveDAC8_1_BuffAmp_Enable();
 275              		.loc 1 91 0
 276 0008 FFF7FEFF 		bl	WaveDAC8_1_BuffAmp_Enable
  92:.\Generated_Source\PSoC5/WaveDAC8_1.c **** 	#endif /* WaveDAC8_1_OUT_MODE == WaveDAC8_1_BUFFER_MODE */
  93:.\Generated_Source\PSoC5/WaveDAC8_1.c **** 
  94:.\Generated_Source\PSoC5/WaveDAC8_1.c **** 	/* 
  95:.\Generated_Source\PSoC5/WaveDAC8_1.c **** 	* Enable the channel. It is configured to remember the TD value so that
  96:.\Generated_Source\PSoC5/WaveDAC8_1.c **** 	* it can be restored from the place where it has been stopped.
  97:.\Generated_Source\PSoC5/WaveDAC8_1.c **** 	*/
  98:.\Generated_Source\PSoC5/WaveDAC8_1.c **** 	(void)CyDmaChEnable(WaveDAC8_1_Wave1Chan, 1u);
 277              		.loc 1 98 0
 278 000c 084B     		ldr	r3, .L5
 279 000e 1B78     		ldrb	r3, [r3]	@ zero_extendqisi2
 280 0010 1846     		mov	r0, r3
 281 0012 0121     		movs	r1, #1
 282 0014 FFF7FEFF 		bl	CyDmaChEnable
  99:.\Generated_Source\PSoC5/WaveDAC8_1.c **** 	(void)CyDmaChEnable(WaveDAC8_1_Wave2Chan, 1u);
 283              		.loc 1 99 0
 284 0018 064B     		ldr	r3, .L5+4
 285 001a 1B78     		ldrb	r3, [r3]	@ zero_extendqisi2
 286 001c 1846     		mov	r0, r3
 287 001e 0121     		movs	r1, #1
 288 0020 FFF7FEFF 		bl	CyDmaChEnable
 100:.\Generated_Source\PSoC5/WaveDAC8_1.c **** 	
 101:.\Generated_Source\PSoC5/WaveDAC8_1.c **** 	/* set the initial value */
 102:.\Generated_Source\PSoC5/WaveDAC8_1.c **** 	WaveDAC8_1_SetValue(0u);
 289              		.loc 1 102 0
 290 0024 0020     		movs	r0, #0
 291 0026 FFF7FEFF 		bl	WaveDAC8_1_VDAC8_SetValue
 103:.\Generated_Source\PSoC5/WaveDAC8_1.c **** 	
 104:.\Generated_Source\PSoC5/WaveDAC8_1.c **** 	#if(WaveDAC8_1_CLOCK_SRC == WaveDAC8_1_CLOCK_INT)  	
 105:.\Generated_Source\PSoC5/WaveDAC8_1.c **** 	   WaveDAC8_1_DacClk_Start();
 292              		.loc 1 105 0
 293 002a FFF7FEFF 		bl	WaveDAC8_1_DacClk_Start
 106:.\Generated_Source\PSoC5/WaveDAC8_1.c **** 	#endif /* WaveDAC8_1_CLOCK_SRC == WaveDAC8_1_CLOCK_INT */
ARM GAS  C:\Users\jthem\AppData\Local\Temp\ccbvUsCe.s 			page 8


 107:.\Generated_Source\PSoC5/WaveDAC8_1.c **** }
 294              		.loc 1 107 0
 295 002e 80BD     		pop	{r7, pc}
 296              	.L6:
 297              		.align	2
 298              	.L5:
 299 0030 01000000 		.word	WaveDAC8_1_Wave1Chan
 300 0034 02000000 		.word	WaveDAC8_1_Wave2Chan
 301              		.cfi_endproc
 302              	.LFE1:
 303              		.size	WaveDAC8_1_Enable, .-WaveDAC8_1_Enable
 304              		.section	.text.WaveDAC8_1_Start,"ax",%progbits
 305              		.align	2
 306              		.global	WaveDAC8_1_Start
 307              		.thumb
 308              		.thumb_func
 309              		.type	WaveDAC8_1_Start, %function
 310              	WaveDAC8_1_Start:
 311              	.LFB2:
 108:.\Generated_Source\PSoC5/WaveDAC8_1.c **** 
 109:.\Generated_Source\PSoC5/WaveDAC8_1.c **** 
 110:.\Generated_Source\PSoC5/WaveDAC8_1.c **** /*******************************************************************************
 111:.\Generated_Source\PSoC5/WaveDAC8_1.c **** * Function Name: WaveDAC8_1_Start
 112:.\Generated_Source\PSoC5/WaveDAC8_1.c **** ********************************************************************************
 113:.\Generated_Source\PSoC5/WaveDAC8_1.c **** *
 114:.\Generated_Source\PSoC5/WaveDAC8_1.c **** * Summary:
 115:.\Generated_Source\PSoC5/WaveDAC8_1.c **** *  The start function initializes the voltage DAC with the default values, 
 116:.\Generated_Source\PSoC5/WaveDAC8_1.c **** *  and sets the power to the given level.  A power level of 0, is the same as 
 117:.\Generated_Source\PSoC5/WaveDAC8_1.c **** *  executing the stop function.
 118:.\Generated_Source\PSoC5/WaveDAC8_1.c **** *
 119:.\Generated_Source\PSoC5/WaveDAC8_1.c **** * Parameters:  
 120:.\Generated_Source\PSoC5/WaveDAC8_1.c **** *  None
 121:.\Generated_Source\PSoC5/WaveDAC8_1.c **** *
 122:.\Generated_Source\PSoC5/WaveDAC8_1.c **** * Return: 
 123:.\Generated_Source\PSoC5/WaveDAC8_1.c **** *  None
 124:.\Generated_Source\PSoC5/WaveDAC8_1.c **** *
 125:.\Generated_Source\PSoC5/WaveDAC8_1.c **** * Reentrant:
 126:.\Generated_Source\PSoC5/WaveDAC8_1.c **** *  No
 127:.\Generated_Source\PSoC5/WaveDAC8_1.c **** *
 128:.\Generated_Source\PSoC5/WaveDAC8_1.c **** *******************************************************************************/
 129:.\Generated_Source\PSoC5/WaveDAC8_1.c **** void WaveDAC8_1_Start(void) 
 130:.\Generated_Source\PSoC5/WaveDAC8_1.c **** {
 312              		.loc 1 130 0
 313              		.cfi_startproc
 314              		@ args = 0, pretend = 0, frame = 0
 315              		@ frame_needed = 1, uses_anonymous_args = 0
 316 0000 80B5     		push	{r7, lr}
 317              		.cfi_def_cfa_offset 8
 318              		.cfi_offset 7, -8
 319              		.cfi_offset 14, -4
 320 0002 00AF     		add	r7, sp, #0
 321              		.cfi_def_cfa_register 7
 131:.\Generated_Source\PSoC5/WaveDAC8_1.c **** 	/* If not Initialized then initialize all required hardware and software */
 132:.\Generated_Source\PSoC5/WaveDAC8_1.c **** 	if(WaveDAC8_1_initVar == 0u)
 322              		.loc 1 132 0
 323 0004 054B     		ldr	r3, .L9
 324 0006 1B78     		ldrb	r3, [r3]	@ zero_extendqisi2
ARM GAS  C:\Users\jthem\AppData\Local\Temp\ccbvUsCe.s 			page 9


 325 0008 002B     		cmp	r3, #0
 326 000a 04D1     		bne	.L8
 133:.\Generated_Source\PSoC5/WaveDAC8_1.c **** 	{
 134:.\Generated_Source\PSoC5/WaveDAC8_1.c **** 		WaveDAC8_1_Init();
 327              		.loc 1 134 0
 328 000c FFF7FEFF 		bl	WaveDAC8_1_Init
 135:.\Generated_Source\PSoC5/WaveDAC8_1.c **** 		WaveDAC8_1_initVar = 1u;
 329              		.loc 1 135 0
 330 0010 024B     		ldr	r3, .L9
 331 0012 0122     		movs	r2, #1
 332 0014 1A70     		strb	r2, [r3]
 333              	.L8:
 136:.\Generated_Source\PSoC5/WaveDAC8_1.c **** 	}
 137:.\Generated_Source\PSoC5/WaveDAC8_1.c **** 	
 138:.\Generated_Source\PSoC5/WaveDAC8_1.c **** 	WaveDAC8_1_Enable();
 334              		.loc 1 138 0
 335 0016 FFF7FEFF 		bl	WaveDAC8_1_Enable
 139:.\Generated_Source\PSoC5/WaveDAC8_1.c **** }
 336              		.loc 1 139 0
 337 001a 80BD     		pop	{r7, pc}
 338              	.L10:
 339              		.align	2
 340              	.L9:
 341 001c 00000000 		.word	WaveDAC8_1_initVar
 342              		.cfi_endproc
 343              	.LFE2:
 344              		.size	WaveDAC8_1_Start, .-WaveDAC8_1_Start
 345              		.section	.text.WaveDAC8_1_StartEx,"ax",%progbits
 346              		.align	2
 347              		.global	WaveDAC8_1_StartEx
 348              		.thumb
 349              		.thumb_func
 350              		.type	WaveDAC8_1_StartEx, %function
 351              	WaveDAC8_1_StartEx:
 352              	.LFB3:
 140:.\Generated_Source\PSoC5/WaveDAC8_1.c **** 
 141:.\Generated_Source\PSoC5/WaveDAC8_1.c **** 
 142:.\Generated_Source\PSoC5/WaveDAC8_1.c **** /*******************************************************************************
 143:.\Generated_Source\PSoC5/WaveDAC8_1.c **** * Function Name: WaveDAC8_1_StartEx
 144:.\Generated_Source\PSoC5/WaveDAC8_1.c **** ********************************************************************************
 145:.\Generated_Source\PSoC5/WaveDAC8_1.c **** *
 146:.\Generated_Source\PSoC5/WaveDAC8_1.c **** * Summary:
 147:.\Generated_Source\PSoC5/WaveDAC8_1.c **** *  The StartEx function sets pointers and sizes for both waveforms
 148:.\Generated_Source\PSoC5/WaveDAC8_1.c **** *  and then starts the component.
 149:.\Generated_Source\PSoC5/WaveDAC8_1.c **** *
 150:.\Generated_Source\PSoC5/WaveDAC8_1.c **** * Parameters:  
 151:.\Generated_Source\PSoC5/WaveDAC8_1.c **** *   uint8 * wavePtr1:     Pointer to the waveform 1 array.
 152:.\Generated_Source\PSoC5/WaveDAC8_1.c **** *   uint16  sampleSize1:  The amount of samples in the waveform 1.
 153:.\Generated_Source\PSoC5/WaveDAC8_1.c **** *   uint8 * wavePtr2:     Pointer to the waveform 2 array.
 154:.\Generated_Source\PSoC5/WaveDAC8_1.c **** *   uint16  sampleSize2:  The amount of samples in the waveform 2.
 155:.\Generated_Source\PSoC5/WaveDAC8_1.c **** *
 156:.\Generated_Source\PSoC5/WaveDAC8_1.c **** * Return: 
 157:.\Generated_Source\PSoC5/WaveDAC8_1.c **** *  None
 158:.\Generated_Source\PSoC5/WaveDAC8_1.c **** *
 159:.\Generated_Source\PSoC5/WaveDAC8_1.c **** * Reentrant:
 160:.\Generated_Source\PSoC5/WaveDAC8_1.c **** *  No
 161:.\Generated_Source\PSoC5/WaveDAC8_1.c **** *
ARM GAS  C:\Users\jthem\AppData\Local\Temp\ccbvUsCe.s 			page 10


 162:.\Generated_Source\PSoC5/WaveDAC8_1.c **** *******************************************************************************/
 163:.\Generated_Source\PSoC5/WaveDAC8_1.c **** void WaveDAC8_1_StartEx(const uint8 * wavePtr1, uint16 sampleSize1, const uint8 * wavePtr2, uint16 
 164:.\Generated_Source\PSoC5/WaveDAC8_1.c **** 
 165:.\Generated_Source\PSoC5/WaveDAC8_1.c **** {
 353              		.loc 1 165 0
 354              		.cfi_startproc
 355              		@ args = 0, pretend = 0, frame = 16
 356              		@ frame_needed = 1, uses_anonymous_args = 0
 357 0000 80B5     		push	{r7, lr}
 358              		.cfi_def_cfa_offset 8
 359              		.cfi_offset 7, -8
 360              		.cfi_offset 14, -4
 361 0002 84B0     		sub	sp, sp, #16
 362              		.cfi_def_cfa_offset 24
 363 0004 00AF     		add	r7, sp, #0
 364              		.cfi_def_cfa_register 7
 365 0006 F860     		str	r0, [r7, #12]
 366 0008 7A60     		str	r2, [r7, #4]
 367 000a 1A46     		mov	r2, r3
 368 000c 0B46     		mov	r3, r1	@ movhi
 369 000e 7B81     		strh	r3, [r7, #10]	@ movhi
 370 0010 1346     		mov	r3, r2	@ movhi
 371 0012 3B81     		strh	r3, [r7, #8]	@ movhi
 166:.\Generated_Source\PSoC5/WaveDAC8_1.c **** 	WaveDAC8_1_Wave1Setup(wavePtr1, sampleSize1);
 372              		.loc 1 166 0
 373 0014 7B89     		ldrh	r3, [r7, #10]
 374 0016 F868     		ldr	r0, [r7, #12]
 375 0018 1946     		mov	r1, r3
 376 001a FFF7FEFF 		bl	WaveDAC8_1_Wave1Setup
 167:.\Generated_Source\PSoC5/WaveDAC8_1.c **** 	WaveDAC8_1_Wave2Setup(wavePtr2, sampleSize2);
 377              		.loc 1 167 0
 378 001e 3B89     		ldrh	r3, [r7, #8]
 379 0020 7868     		ldr	r0, [r7, #4]
 380 0022 1946     		mov	r1, r3
 381 0024 FFF7FEFF 		bl	WaveDAC8_1_Wave2Setup
 168:.\Generated_Source\PSoC5/WaveDAC8_1.c **** 	WaveDAC8_1_Start();
 382              		.loc 1 168 0
 383 0028 FFF7FEFF 		bl	WaveDAC8_1_Start
 169:.\Generated_Source\PSoC5/WaveDAC8_1.c **** }
 384              		.loc 1 169 0
 385 002c 1037     		adds	r7, r7, #16
 386              		.cfi_def_cfa_offset 8
 387 002e BD46     		mov	sp, r7
 388              		.cfi_def_cfa_register 13
 389              		@ sp needed
 390 0030 80BD     		pop	{r7, pc}
 391              		.cfi_endproc
 392              	.LFE3:
 393              		.size	WaveDAC8_1_StartEx, .-WaveDAC8_1_StartEx
 394 0032 00BF     		.section	.text.WaveDAC8_1_Stop,"ax",%progbits
 395              		.align	2
 396              		.global	WaveDAC8_1_Stop
 397              		.thumb
 398              		.thumb_func
 399              		.type	WaveDAC8_1_Stop, %function
 400              	WaveDAC8_1_Stop:
 401              	.LFB4:
ARM GAS  C:\Users\jthem\AppData\Local\Temp\ccbvUsCe.s 			page 11


 170:.\Generated_Source\PSoC5/WaveDAC8_1.c **** 
 171:.\Generated_Source\PSoC5/WaveDAC8_1.c **** 
 172:.\Generated_Source\PSoC5/WaveDAC8_1.c **** /*******************************************************************************
 173:.\Generated_Source\PSoC5/WaveDAC8_1.c **** * Function Name: WaveDAC8_1_Stop
 174:.\Generated_Source\PSoC5/WaveDAC8_1.c **** ********************************************************************************
 175:.\Generated_Source\PSoC5/WaveDAC8_1.c **** *
 176:.\Generated_Source\PSoC5/WaveDAC8_1.c **** * Summary:
 177:.\Generated_Source\PSoC5/WaveDAC8_1.c **** *  Stops the clock (if internal), disables the DMA channels
 178:.\Generated_Source\PSoC5/WaveDAC8_1.c **** *  and powers down the DAC.
 179:.\Generated_Source\PSoC5/WaveDAC8_1.c **** *
 180:.\Generated_Source\PSoC5/WaveDAC8_1.c **** * Parameters:  
 181:.\Generated_Source\PSoC5/WaveDAC8_1.c **** *  None  
 182:.\Generated_Source\PSoC5/WaveDAC8_1.c **** *
 183:.\Generated_Source\PSoC5/WaveDAC8_1.c **** * Return: 
 184:.\Generated_Source\PSoC5/WaveDAC8_1.c **** *  None
 185:.\Generated_Source\PSoC5/WaveDAC8_1.c **** *
 186:.\Generated_Source\PSoC5/WaveDAC8_1.c **** *******************************************************************************/
 187:.\Generated_Source\PSoC5/WaveDAC8_1.c **** void WaveDAC8_1_Stop(void) 
 188:.\Generated_Source\PSoC5/WaveDAC8_1.c **** {
 402              		.loc 1 188 0
 403              		.cfi_startproc
 404              		@ args = 0, pretend = 0, frame = 0
 405              		@ frame_needed = 1, uses_anonymous_args = 0
 406 0000 80B5     		push	{r7, lr}
 407              		.cfi_def_cfa_offset 8
 408              		.cfi_offset 7, -8
 409              		.cfi_offset 14, -4
 410 0002 00AF     		add	r7, sp, #0
 411              		.cfi_def_cfa_register 7
 189:.\Generated_Source\PSoC5/WaveDAC8_1.c **** 	/* Turn off internal clock, if one present */
 190:.\Generated_Source\PSoC5/WaveDAC8_1.c **** 	#if(WaveDAC8_1_CLOCK_SRC == WaveDAC8_1_CLOCK_INT)  	
 191:.\Generated_Source\PSoC5/WaveDAC8_1.c **** 	   WaveDAC8_1_DacClk_Stop();
 412              		.loc 1 191 0
 413 0004 FFF7FEFF 		bl	WaveDAC8_1_DacClk_Stop
 192:.\Generated_Source\PSoC5/WaveDAC8_1.c **** 	#endif /* WaveDAC8_1_CLOCK_SRC == WaveDAC8_1_CLOCK_INT */
 193:.\Generated_Source\PSoC5/WaveDAC8_1.c **** 	
 194:.\Generated_Source\PSoC5/WaveDAC8_1.c **** 	/* Disble DMA channels */
 195:.\Generated_Source\PSoC5/WaveDAC8_1.c **** 	(void)CyDmaChDisable(WaveDAC8_1_Wave1Chan);
 414              		.loc 1 195 0
 415 0008 064B     		ldr	r3, .L13
 416 000a 1B78     		ldrb	r3, [r3]	@ zero_extendqisi2
 417 000c 1846     		mov	r0, r3
 418 000e FFF7FEFF 		bl	CyDmaChDisable
 196:.\Generated_Source\PSoC5/WaveDAC8_1.c **** 	(void)CyDmaChDisable(WaveDAC8_1_Wave2Chan);
 419              		.loc 1 196 0
 420 0012 054B     		ldr	r3, .L13+4
 421 0014 1B78     		ldrb	r3, [r3]	@ zero_extendqisi2
 422 0016 1846     		mov	r0, r3
 423 0018 FFF7FEFF 		bl	CyDmaChDisable
 197:.\Generated_Source\PSoC5/WaveDAC8_1.c **** 
 198:.\Generated_Source\PSoC5/WaveDAC8_1.c **** 	/* Disable power to DAC */
 199:.\Generated_Source\PSoC5/WaveDAC8_1.c **** 	WaveDAC8_1_VDAC8_Stop();
 424              		.loc 1 199 0
 425 001c FFF7FEFF 		bl	WaveDAC8_1_VDAC8_Stop
 200:.\Generated_Source\PSoC5/WaveDAC8_1.c **** }
 426              		.loc 1 200 0
 427 0020 80BD     		pop	{r7, pc}
ARM GAS  C:\Users\jthem\AppData\Local\Temp\ccbvUsCe.s 			page 12


 428              	.L14:
 429 0022 00BF     		.align	2
 430              	.L13:
 431 0024 01000000 		.word	WaveDAC8_1_Wave1Chan
 432 0028 02000000 		.word	WaveDAC8_1_Wave2Chan
 433              		.cfi_endproc
 434              	.LFE4:
 435              		.size	WaveDAC8_1_Stop, .-WaveDAC8_1_Stop
 436              		.section	.text.WaveDAC8_1_Wave1Setup,"ax",%progbits
 437              		.align	2
 438              		.global	WaveDAC8_1_Wave1Setup
 439              		.thumb
 440              		.thumb_func
 441              		.type	WaveDAC8_1_Wave1Setup, %function
 442              	WaveDAC8_1_Wave1Setup:
 443              	.LFB5:
 201:.\Generated_Source\PSoC5/WaveDAC8_1.c **** 
 202:.\Generated_Source\PSoC5/WaveDAC8_1.c **** 
 203:.\Generated_Source\PSoC5/WaveDAC8_1.c **** /*******************************************************************************
 204:.\Generated_Source\PSoC5/WaveDAC8_1.c **** * Function Name: WaveDAC8_1_Wave1Setup
 205:.\Generated_Source\PSoC5/WaveDAC8_1.c **** ********************************************************************************
 206:.\Generated_Source\PSoC5/WaveDAC8_1.c **** *
 207:.\Generated_Source\PSoC5/WaveDAC8_1.c **** * Summary:
 208:.\Generated_Source\PSoC5/WaveDAC8_1.c **** *  Sets pointer and size for waveform 1.                                    
 209:.\Generated_Source\PSoC5/WaveDAC8_1.c **** *
 210:.\Generated_Source\PSoC5/WaveDAC8_1.c **** * Parameters:  
 211:.\Generated_Source\PSoC5/WaveDAC8_1.c **** *  uint8 * WavePtr:     Pointer to the waveform array.
 212:.\Generated_Source\PSoC5/WaveDAC8_1.c **** *  uint16  SampleSize:  The amount of samples in the waveform.
 213:.\Generated_Source\PSoC5/WaveDAC8_1.c **** *
 214:.\Generated_Source\PSoC5/WaveDAC8_1.c **** * Return: 
 215:.\Generated_Source\PSoC5/WaveDAC8_1.c **** *  None 
 216:.\Generated_Source\PSoC5/WaveDAC8_1.c **** *
 217:.\Generated_Source\PSoC5/WaveDAC8_1.c **** *******************************************************************************/
 218:.\Generated_Source\PSoC5/WaveDAC8_1.c **** void WaveDAC8_1_Wave1Setup(const uint8 * wavePtr, uint16 sampleSize)
 219:.\Generated_Source\PSoC5/WaveDAC8_1.c **** 
 220:.\Generated_Source\PSoC5/WaveDAC8_1.c **** {
 444              		.loc 1 220 0
 445              		.cfi_startproc
 446              		@ args = 0, pretend = 0, frame = 8
 447              		@ frame_needed = 1, uses_anonymous_args = 0
 448 0000 80B5     		push	{r7, lr}
 449              		.cfi_def_cfa_offset 8
 450              		.cfi_offset 7, -8
 451              		.cfi_offset 14, -4
 452 0002 82B0     		sub	sp, sp, #8
 453              		.cfi_def_cfa_offset 16
 454 0004 00AF     		add	r7, sp, #0
 455              		.cfi_def_cfa_register 7
 456 0006 7860     		str	r0, [r7, #4]
 457 0008 0B46     		mov	r3, r1
 458 000a 7B80     		strh	r3, [r7, #2]	@ movhi
 221:.\Generated_Source\PSoC5/WaveDAC8_1.c **** 	#if (CY_PSOC3)
 222:.\Generated_Source\PSoC5/WaveDAC8_1.c **** 		uint16 memoryType; /* determining the source memory type */
 223:.\Generated_Source\PSoC5/WaveDAC8_1.c **** 		memoryType = (WaveDAC8_1_HI16FLASHPTR == HI16(wavePtr)) ? HI16(CYDEV_FLS_BASE) : HI16(CYDEV_SRAM_
 224:.\Generated_Source\PSoC5/WaveDAC8_1.c **** 		
 225:.\Generated_Source\PSoC5/WaveDAC8_1.c **** 		WaveDAC8_1_Wave1Chan = WaveDAC8_1_Wave1_DMA_DmaInitialize(
 226:.\Generated_Source\PSoC5/WaveDAC8_1.c **** 		WaveDAC8_1_Wave1_DMA_BYTES_PER_BURST, WaveDAC8_1_Wave1_DMA_REQUEST_PER_BURST,
ARM GAS  C:\Users\jthem\AppData\Local\Temp\ccbvUsCe.s 			page 13


 227:.\Generated_Source\PSoC5/WaveDAC8_1.c **** 		memoryType, HI16(CYDEV_PERIPH_BASE));
 228:.\Generated_Source\PSoC5/WaveDAC8_1.c **** 	#else /* PSoC 5 */
 229:.\Generated_Source\PSoC5/WaveDAC8_1.c **** 		WaveDAC8_1_Wave1Chan = WaveDAC8_1_Wave1_DMA_DmaInitialize(
 230:.\Generated_Source\PSoC5/WaveDAC8_1.c **** 		WaveDAC8_1_Wave1_DMA_BYTES_PER_BURST, WaveDAC8_1_Wave1_DMA_REQUEST_PER_BURST,
 231:.\Generated_Source\PSoC5/WaveDAC8_1.c **** 		HI16(wavePtr), HI16(WaveDAC8_1_DAC8__D));
 459              		.loc 1 231 0
 460 000c 7B68     		ldr	r3, [r7, #4]
 461 000e 1B0C     		lsrs	r3, r3, #16
 229:.\Generated_Source\PSoC5/WaveDAC8_1.c **** 		WaveDAC8_1_Wave1_DMA_BYTES_PER_BURST, WaveDAC8_1_Wave1_DMA_REQUEST_PER_BURST,
 462              		.loc 1 229 0
 463 0010 9BB2     		uxth	r3, r3
 464 0012 0120     		movs	r0, #1
 465 0014 0121     		movs	r1, #1
 466 0016 1A46     		mov	r2, r3
 467 0018 4FF48043 		mov	r3, #16384
 468 001c FFF7FEFF 		bl	WaveDAC8_1_Wave1_DMA_DmaInitialize
 469 0020 0346     		mov	r3, r0
 470 0022 1A46     		mov	r2, r3
 471 0024 104B     		ldr	r3, .L16
 472 0026 1A70     		strb	r2, [r3]
 232:.\Generated_Source\PSoC5/WaveDAC8_1.c **** 	#endif /* CY_PSOC3 */
 233:.\Generated_Source\PSoC5/WaveDAC8_1.c **** 	
 234:.\Generated_Source\PSoC5/WaveDAC8_1.c **** 	/*
 235:.\Generated_Source\PSoC5/WaveDAC8_1.c **** 	* TD is looping on itself. 
 236:.\Generated_Source\PSoC5/WaveDAC8_1.c ****     * Increment the source address, but not the destination address. 
 237:.\Generated_Source\PSoC5/WaveDAC8_1.c **** 	*/
 238:.\Generated_Source\PSoC5/WaveDAC8_1.c **** 	(void)CyDmaTdSetConfiguration(WaveDAC8_1_Wave1TD, sampleSize, WaveDAC8_1_Wave1TD, 
 473              		.loc 1 238 0
 474 0028 104B     		ldr	r3, .L16+4
 475 002a 1978     		ldrb	r1, [r3]	@ zero_extendqisi2
 476 002c 0F4B     		ldr	r3, .L16+4
 477 002e 1B78     		ldrb	r3, [r3]	@ zero_extendqisi2
 478 0030 7A88     		ldrh	r2, [r7, #2]
 479 0032 0846     		mov	r0, r1
 480 0034 1146     		mov	r1, r2
 481 0036 1A46     		mov	r2, r3
 482 0038 0123     		movs	r3, #1
 483 003a FFF7FEFF 		bl	CyDmaTdSetConfiguration
 239:.\Generated_Source\PSoC5/WaveDAC8_1.c ****                                     (uint8)CY_DMA_TD_INC_SRC_ADR | (uint8)WaveDAC8_1_Wave1_DMA__TD_
 240:.\Generated_Source\PSoC5/WaveDAC8_1.c **** 	
 241:.\Generated_Source\PSoC5/WaveDAC8_1.c **** 	/* Set the TD source and destination address */
 242:.\Generated_Source\PSoC5/WaveDAC8_1.c **** 	(void)CyDmaTdSetAddress(WaveDAC8_1_Wave1TD, LO16((uint32)wavePtr), LO16(WaveDAC8_1_DAC8__D));
 484              		.loc 1 242 0
 485 003e 0B4B     		ldr	r3, .L16+4
 486 0040 1A78     		ldrb	r2, [r3]	@ zero_extendqisi2
 487 0042 7B68     		ldr	r3, [r7, #4]
 488 0044 9BB2     		uxth	r3, r3
 489 0046 1046     		mov	r0, r2
 490 0048 1946     		mov	r1, r3
 491 004a 45F68232 		movw	r2, #23426
 492 004e FFF7FEFF 		bl	CyDmaTdSetAddress
 243:.\Generated_Source\PSoC5/WaveDAC8_1.c **** 	
 244:.\Generated_Source\PSoC5/WaveDAC8_1.c **** 	/* Associate the TD with the channel */
 245:.\Generated_Source\PSoC5/WaveDAC8_1.c **** 	(void)CyDmaChSetInitialTd(WaveDAC8_1_Wave1Chan, WaveDAC8_1_Wave1TD);
 493              		.loc 1 245 0
 494 0052 054B     		ldr	r3, .L16
 495 0054 1A78     		ldrb	r2, [r3]	@ zero_extendqisi2
ARM GAS  C:\Users\jthem\AppData\Local\Temp\ccbvUsCe.s 			page 14


 496 0056 054B     		ldr	r3, .L16+4
 497 0058 1B78     		ldrb	r3, [r3]	@ zero_extendqisi2
 498 005a 1046     		mov	r0, r2
 499 005c 1946     		mov	r1, r3
 500 005e FFF7FEFF 		bl	CyDmaChSetInitialTd
 246:.\Generated_Source\PSoC5/WaveDAC8_1.c **** }
 501              		.loc 1 246 0
 502 0062 0837     		adds	r7, r7, #8
 503              		.cfi_def_cfa_offset 8
 504 0064 BD46     		mov	sp, r7
 505              		.cfi_def_cfa_register 13
 506              		@ sp needed
 507 0066 80BD     		pop	{r7, pc}
 508              	.L17:
 509              		.align	2
 510              	.L16:
 511 0068 01000000 		.word	WaveDAC8_1_Wave1Chan
 512 006c 03000000 		.word	WaveDAC8_1_Wave1TD
 513              		.cfi_endproc
 514              	.LFE5:
 515              		.size	WaveDAC8_1_Wave1Setup, .-WaveDAC8_1_Wave1Setup
 516              		.section	.text.WaveDAC8_1_Wave2Setup,"ax",%progbits
 517              		.align	2
 518              		.global	WaveDAC8_1_Wave2Setup
 519              		.thumb
 520              		.thumb_func
 521              		.type	WaveDAC8_1_Wave2Setup, %function
 522              	WaveDAC8_1_Wave2Setup:
 523              	.LFB6:
 247:.\Generated_Source\PSoC5/WaveDAC8_1.c **** 
 248:.\Generated_Source\PSoC5/WaveDAC8_1.c **** 
 249:.\Generated_Source\PSoC5/WaveDAC8_1.c **** /*******************************************************************************
 250:.\Generated_Source\PSoC5/WaveDAC8_1.c **** * Function Name: WaveDAC8_1_Wave2Setup
 251:.\Generated_Source\PSoC5/WaveDAC8_1.c **** ********************************************************************************
 252:.\Generated_Source\PSoC5/WaveDAC8_1.c **** *
 253:.\Generated_Source\PSoC5/WaveDAC8_1.c **** * Summary:
 254:.\Generated_Source\PSoC5/WaveDAC8_1.c **** *  Sets pointer and size for waveform 2.                                    
 255:.\Generated_Source\PSoC5/WaveDAC8_1.c **** *
 256:.\Generated_Source\PSoC5/WaveDAC8_1.c **** * Parameters:  
 257:.\Generated_Source\PSoC5/WaveDAC8_1.c **** *  uint8 * WavePtr:     Pointer to the waveform array.
 258:.\Generated_Source\PSoC5/WaveDAC8_1.c **** *  uint16  SampleSize:  The amount of samples in the waveform.
 259:.\Generated_Source\PSoC5/WaveDAC8_1.c **** *
 260:.\Generated_Source\PSoC5/WaveDAC8_1.c **** * Return: 
 261:.\Generated_Source\PSoC5/WaveDAC8_1.c **** *  None
 262:.\Generated_Source\PSoC5/WaveDAC8_1.c **** *
 263:.\Generated_Source\PSoC5/WaveDAC8_1.c **** *******************************************************************************/
 264:.\Generated_Source\PSoC5/WaveDAC8_1.c **** void WaveDAC8_1_Wave2Setup(const uint8 * wavePtr, uint16 sampleSize)
 265:.\Generated_Source\PSoC5/WaveDAC8_1.c ****  
 266:.\Generated_Source\PSoC5/WaveDAC8_1.c **** {
 524              		.loc 1 266 0
 525              		.cfi_startproc
 526              		@ args = 0, pretend = 0, frame = 8
 527              		@ frame_needed = 1, uses_anonymous_args = 0
 528 0000 80B5     		push	{r7, lr}
 529              		.cfi_def_cfa_offset 8
 530              		.cfi_offset 7, -8
 531              		.cfi_offset 14, -4
ARM GAS  C:\Users\jthem\AppData\Local\Temp\ccbvUsCe.s 			page 15


 532 0002 82B0     		sub	sp, sp, #8
 533              		.cfi_def_cfa_offset 16
 534 0004 00AF     		add	r7, sp, #0
 535              		.cfi_def_cfa_register 7
 536 0006 7860     		str	r0, [r7, #4]
 537 0008 0B46     		mov	r3, r1
 538 000a 7B80     		strh	r3, [r7, #2]	@ movhi
 267:.\Generated_Source\PSoC5/WaveDAC8_1.c **** 	#if (CY_PSOC3)
 268:.\Generated_Source\PSoC5/WaveDAC8_1.c **** 		uint16 memoryType; /* determining the source memory type */
 269:.\Generated_Source\PSoC5/WaveDAC8_1.c **** 		memoryType = (WaveDAC8_1_HI16FLASHPTR == HI16(wavePtr)) ? HI16(CYDEV_FLS_BASE) : HI16(CYDEV_SRAM_
 270:.\Generated_Source\PSoC5/WaveDAC8_1.c **** 			
 271:.\Generated_Source\PSoC5/WaveDAC8_1.c **** 		WaveDAC8_1_Wave2Chan = WaveDAC8_1_Wave2_DMA_DmaInitialize(
 272:.\Generated_Source\PSoC5/WaveDAC8_1.c **** 		WaveDAC8_1_Wave2_DMA_BYTES_PER_BURST, WaveDAC8_1_Wave2_DMA_REQUEST_PER_BURST,
 273:.\Generated_Source\PSoC5/WaveDAC8_1.c **** 		memoryType, HI16(CYDEV_PERIPH_BASE));
 274:.\Generated_Source\PSoC5/WaveDAC8_1.c **** 	#else /* PSoC 5 */
 275:.\Generated_Source\PSoC5/WaveDAC8_1.c **** 		WaveDAC8_1_Wave2Chan = WaveDAC8_1_Wave2_DMA_DmaInitialize(
 276:.\Generated_Source\PSoC5/WaveDAC8_1.c **** 		WaveDAC8_1_Wave2_DMA_BYTES_PER_BURST, WaveDAC8_1_Wave2_DMA_REQUEST_PER_BURST,
 277:.\Generated_Source\PSoC5/WaveDAC8_1.c **** 		HI16(wavePtr), HI16(WaveDAC8_1_DAC8__D));
 539              		.loc 1 277 0
 540 000c 7B68     		ldr	r3, [r7, #4]
 541 000e 1B0C     		lsrs	r3, r3, #16
 275:.\Generated_Source\PSoC5/WaveDAC8_1.c **** 		WaveDAC8_1_Wave2_DMA_BYTES_PER_BURST, WaveDAC8_1_Wave2_DMA_REQUEST_PER_BURST,
 542              		.loc 1 275 0
 543 0010 9BB2     		uxth	r3, r3
 544 0012 0120     		movs	r0, #1
 545 0014 0121     		movs	r1, #1
 546 0016 1A46     		mov	r2, r3
 547 0018 4FF48043 		mov	r3, #16384
 548 001c FFF7FEFF 		bl	WaveDAC8_1_Wave2_DMA_DmaInitialize
 549 0020 0346     		mov	r3, r0
 550 0022 1A46     		mov	r2, r3
 551 0024 104B     		ldr	r3, .L19
 552 0026 1A70     		strb	r2, [r3]
 278:.\Generated_Source\PSoC5/WaveDAC8_1.c **** 	#endif /* CY_PSOC3 */
 279:.\Generated_Source\PSoC5/WaveDAC8_1.c **** 	
 280:.\Generated_Source\PSoC5/WaveDAC8_1.c **** 	/*
 281:.\Generated_Source\PSoC5/WaveDAC8_1.c **** 	* TD is looping on itself. 
 282:.\Generated_Source\PSoC5/WaveDAC8_1.c **** 	* Increment the source address, but not the destination address. 
 283:.\Generated_Source\PSoC5/WaveDAC8_1.c **** 	*/
 284:.\Generated_Source\PSoC5/WaveDAC8_1.c **** 	(void)CyDmaTdSetConfiguration(WaveDAC8_1_Wave2TD, sampleSize, WaveDAC8_1_Wave2TD, 
 553              		.loc 1 284 0
 554 0028 104B     		ldr	r3, .L19+4
 555 002a 1978     		ldrb	r1, [r3]	@ zero_extendqisi2
 556 002c 0F4B     		ldr	r3, .L19+4
 557 002e 1B78     		ldrb	r3, [r3]	@ zero_extendqisi2
 558 0030 7A88     		ldrh	r2, [r7, #2]
 559 0032 0846     		mov	r0, r1
 560 0034 1146     		mov	r1, r2
 561 0036 1A46     		mov	r2, r3
 562 0038 0123     		movs	r3, #1
 563 003a FFF7FEFF 		bl	CyDmaTdSetConfiguration
 285:.\Generated_Source\PSoC5/WaveDAC8_1.c ****                                     (uint8)CY_DMA_TD_INC_SRC_ADR | (uint8)WaveDAC8_1_Wave2_DMA__TD_
 286:.\Generated_Source\PSoC5/WaveDAC8_1.c **** 	
 287:.\Generated_Source\PSoC5/WaveDAC8_1.c **** 	/* Set the TD source and destination address */
 288:.\Generated_Source\PSoC5/WaveDAC8_1.c **** 	(void)CyDmaTdSetAddress(WaveDAC8_1_Wave2TD, LO16((uint32)wavePtr), LO16(WaveDAC8_1_DAC8__D));
 564              		.loc 1 288 0
 565 003e 0B4B     		ldr	r3, .L19+4
ARM GAS  C:\Users\jthem\AppData\Local\Temp\ccbvUsCe.s 			page 16


 566 0040 1A78     		ldrb	r2, [r3]	@ zero_extendqisi2
 567 0042 7B68     		ldr	r3, [r7, #4]
 568 0044 9BB2     		uxth	r3, r3
 569 0046 1046     		mov	r0, r2
 570 0048 1946     		mov	r1, r3
 571 004a 45F68232 		movw	r2, #23426
 572 004e FFF7FEFF 		bl	CyDmaTdSetAddress
 289:.\Generated_Source\PSoC5/WaveDAC8_1.c **** 	
 290:.\Generated_Source\PSoC5/WaveDAC8_1.c **** 	/* Associate the TD with the channel */
 291:.\Generated_Source\PSoC5/WaveDAC8_1.c **** 	(void)CyDmaChSetInitialTd(WaveDAC8_1_Wave2Chan, WaveDAC8_1_Wave2TD);
 573              		.loc 1 291 0
 574 0052 054B     		ldr	r3, .L19
 575 0054 1A78     		ldrb	r2, [r3]	@ zero_extendqisi2
 576 0056 054B     		ldr	r3, .L19+4
 577 0058 1B78     		ldrb	r3, [r3]	@ zero_extendqisi2
 578 005a 1046     		mov	r0, r2
 579 005c 1946     		mov	r1, r3
 580 005e FFF7FEFF 		bl	CyDmaChSetInitialTd
 292:.\Generated_Source\PSoC5/WaveDAC8_1.c **** }
 581              		.loc 1 292 0
 582 0062 0837     		adds	r7, r7, #8
 583              		.cfi_def_cfa_offset 8
 584 0064 BD46     		mov	sp, r7
 585              		.cfi_def_cfa_register 13
 586              		@ sp needed
 587 0066 80BD     		pop	{r7, pc}
 588              	.L20:
 589              		.align	2
 590              	.L19:
 591 0068 02000000 		.word	WaveDAC8_1_Wave2Chan
 592 006c 04000000 		.word	WaveDAC8_1_Wave2TD
 593              		.cfi_endproc
 594              	.LFE6:
 595              		.size	WaveDAC8_1_Wave2Setup, .-WaveDAC8_1_Wave2Setup
 596              		.text
 597              	.Letext0:
 598              		.file 2 ".\\Generated_Source\\PSoC5\\cytypes.h"
 599              		.section	.debug_info,"",%progbits
 600              	.Ldebug_info0:
 601 0000 4D020000 		.4byte	0x24d
 602 0004 0400     		.2byte	0x4
 603 0006 00000000 		.4byte	.Ldebug_abbrev0
 604 000a 04       		.byte	0x4
 605 000b 01       		.uleb128 0x1
 606 000c F3000000 		.4byte	.LASF36
 607 0010 01       		.byte	0x1
 608 0011 5D020000 		.4byte	.LASF37
 609 0015 F5010000 		.4byte	.LASF38
 610 0019 00000000 		.4byte	.Ldebug_ranges0+0
 611 001d 00000000 		.4byte	0
 612 0021 00000000 		.4byte	.Ldebug_line0
 613 0025 02       		.uleb128 0x2
 614 0026 01       		.byte	0x1
 615 0027 06       		.byte	0x6
 616 0028 EB020000 		.4byte	.LASF0
 617 002c 02       		.uleb128 0x2
 618 002d 01       		.byte	0x1
ARM GAS  C:\Users\jthem\AppData\Local\Temp\ccbvUsCe.s 			page 17


 619 002e 08       		.byte	0x8
 620 002f B0010000 		.4byte	.LASF1
 621 0033 02       		.uleb128 0x2
 622 0034 02       		.byte	0x2
 623 0035 05       		.byte	0x5
 624 0036 98010000 		.4byte	.LASF2
 625 003a 02       		.uleb128 0x2
 626 003b 02       		.byte	0x2
 627 003c 07       		.byte	0x7
 628 003d 38000000 		.4byte	.LASF3
 629 0041 02       		.uleb128 0x2
 630 0042 04       		.byte	0x4
 631 0043 05       		.byte	0x5
 632 0044 E2020000 		.4byte	.LASF4
 633 0048 02       		.uleb128 0x2
 634 0049 04       		.byte	0x4
 635 004a 07       		.byte	0x7
 636 004b A5000000 		.4byte	.LASF5
 637 004f 02       		.uleb128 0x2
 638 0050 08       		.byte	0x8
 639 0051 05       		.byte	0x5
 640 0052 4A020000 		.4byte	.LASF6
 641 0056 02       		.uleb128 0x2
 642 0057 08       		.byte	0x8
 643 0058 07       		.byte	0x7
 644 0059 CB010000 		.4byte	.LASF7
 645 005d 03       		.uleb128 0x3
 646 005e 04       		.byte	0x4
 647 005f 05       		.byte	0x5
 648 0060 696E7400 		.ascii	"int\000"
 649 0064 02       		.uleb128 0x2
 650 0065 04       		.byte	0x4
 651 0066 07       		.byte	0x7
 652 0067 BE010000 		.4byte	.LASF8
 653 006b 04       		.uleb128 0x4
 654 006c BF000000 		.4byte	.LASF9
 655 0070 02       		.byte	0x2
 656 0071 3801     		.2byte	0x138
 657 0073 2C000000 		.4byte	0x2c
 658 0077 04       		.uleb128 0x4
 659 0078 A2010000 		.4byte	.LASF10
 660 007c 02       		.byte	0x2
 661 007d 3901     		.2byte	0x139
 662 007f 3A000000 		.4byte	0x3a
 663 0083 04       		.uleb128 0x4
 664 0084 A9010000 		.4byte	.LASF11
 665 0088 02       		.byte	0x2
 666 0089 3A01     		.2byte	0x13a
 667 008b 48000000 		.4byte	0x48
 668 008f 02       		.uleb128 0x2
 669 0090 04       		.byte	0x4
 670 0091 04       		.byte	0x4
 671 0092 81000000 		.4byte	.LASF12
 672 0096 02       		.uleb128 0x2
 673 0097 08       		.byte	0x8
 674 0098 04       		.byte	0x4
 675 0099 81010000 		.4byte	.LASF13
ARM GAS  C:\Users\jthem\AppData\Local\Temp\ccbvUsCe.s 			page 18


 676 009d 02       		.uleb128 0x2
 677 009e 01       		.byte	0x1
 678 009f 08       		.byte	0x8
 679 00a0 58020000 		.4byte	.LASF14
 680 00a4 02       		.uleb128 0x2
 681 00a5 04       		.byte	0x4
 682 00a6 07       		.byte	0x7
 683 00a7 41020000 		.4byte	.LASF15
 684 00ab 05       		.uleb128 0x5
 685 00ac 28000000 		.4byte	.LASF16
 686 00b0 01       		.byte	0x1
 687 00b1 2B       		.byte	0x2b
 688 00b2 00000000 		.4byte	.LFB0
 689 00b6 54000000 		.4byte	.LFE0-.LFB0
 690 00ba 01       		.uleb128 0x1
 691 00bb 9C       		.byte	0x9c
 692 00bc 05       		.uleb128 0x5
 693 00bd 99020000 		.4byte	.LASF17
 694 00c1 01       		.byte	0x1
 695 00c2 56       		.byte	0x56
 696 00c3 00000000 		.4byte	.LFB1
 697 00c7 38000000 		.4byte	.LFE1-.LFB1
 698 00cb 01       		.uleb128 0x1
 699 00cc 9C       		.byte	0x9c
 700 00cd 05       		.uleb128 0x5
 701 00ce 4B000000 		.4byte	.LASF18
 702 00d2 01       		.byte	0x1
 703 00d3 81       		.byte	0x81
 704 00d4 00000000 		.4byte	.LFB2
 705 00d8 20000000 		.4byte	.LFE2-.LFB2
 706 00dc 01       		.uleb128 0x1
 707 00dd 9C       		.byte	0x9c
 708 00de 06       		.uleb128 0x6
 709 00df 6E000000 		.4byte	.LASF24
 710 00e3 01       		.byte	0x1
 711 00e4 A3       		.byte	0xa3
 712 00e5 00000000 		.4byte	.LFB3
 713 00e9 32000000 		.4byte	.LFE3-.LFB3
 714 00ed 01       		.uleb128 0x1
 715 00ee 9C       		.byte	0x9c
 716 00ef 2C010000 		.4byte	0x12c
 717 00f3 07       		.uleb128 0x7
 718 00f4 5C000000 		.4byte	.LASF19
 719 00f8 01       		.byte	0x1
 720 00f9 A3       		.byte	0xa3
 721 00fa 2C010000 		.4byte	0x12c
 722 00fe 02       		.uleb128 0x2
 723 00ff 91       		.byte	0x91
 724 0100 74       		.sleb128 -12
 725 0101 07       		.uleb128 0x7
 726 0102 C5000000 		.4byte	.LASF20
 727 0106 01       		.byte	0x1
 728 0107 A3       		.byte	0xa3
 729 0108 77000000 		.4byte	0x77
 730 010c 02       		.uleb128 0x2
 731 010d 91       		.byte	0x91
 732 010e 72       		.sleb128 -14
ARM GAS  C:\Users\jthem\AppData\Local\Temp\ccbvUsCe.s 			page 19


 733 010f 07       		.uleb128 0x7
 734 0110 65000000 		.4byte	.LASF21
 735 0114 01       		.byte	0x1
 736 0115 A3       		.byte	0xa3
 737 0116 2C010000 		.4byte	0x12c
 738 011a 02       		.uleb128 0x2
 739 011b 91       		.byte	0x91
 740 011c 6C       		.sleb128 -20
 741 011d 07       		.uleb128 0x7
 742 011e D1000000 		.4byte	.LASF22
 743 0122 01       		.byte	0x1
 744 0123 A3       		.byte	0xa3
 745 0124 77000000 		.4byte	0x77
 746 0128 02       		.uleb128 0x2
 747 0129 91       		.byte	0x91
 748 012a 70       		.sleb128 -16
 749 012b 00       		.byte	0
 750 012c 08       		.uleb128 0x8
 751 012d 04       		.byte	0x4
 752 012e 32010000 		.4byte	0x132
 753 0132 09       		.uleb128 0x9
 754 0133 6B000000 		.4byte	0x6b
 755 0137 05       		.uleb128 0x5
 756 0138 88010000 		.4byte	.LASF23
 757 013c 01       		.byte	0x1
 758 013d BB       		.byte	0xbb
 759 013e 00000000 		.4byte	.LFB4
 760 0142 2C000000 		.4byte	.LFE4-.LFB4
 761 0146 01       		.uleb128 0x1
 762 0147 9C       		.byte	0x9c
 763 0148 06       		.uleb128 0x6
 764 0149 DD000000 		.4byte	.LASF25
 765 014d 01       		.byte	0x1
 766 014e DA       		.byte	0xda
 767 014f 00000000 		.4byte	.LFB5
 768 0153 70000000 		.4byte	.LFE5-.LFB5
 769 0157 01       		.uleb128 0x1
 770 0158 9C       		.byte	0x9c
 771 0159 7A010000 		.4byte	0x17a
 772 015d 07       		.uleb128 0x7
 773 015e B7000000 		.4byte	.LASF26
 774 0162 01       		.byte	0x1
 775 0163 DA       		.byte	0xda
 776 0164 2C010000 		.4byte	0x12c
 777 0168 02       		.uleb128 0x2
 778 0169 91       		.byte	0x91
 779 016a 74       		.sleb128 -12
 780 016b 07       		.uleb128 0x7
 781 016c 9A000000 		.4byte	.LASF27
 782 0170 01       		.byte	0x1
 783 0171 DA       		.byte	0xda
 784 0172 77000000 		.4byte	0x77
 785 0176 02       		.uleb128 0x2
 786 0177 91       		.byte	0x91
 787 0178 72       		.sleb128 -14
 788 0179 00       		.byte	0
 789 017a 0A       		.uleb128 0xa
ARM GAS  C:\Users\jthem\AppData\Local\Temp\ccbvUsCe.s 			page 20


 790 017b 83020000 		.4byte	.LASF28
 791 017f 01       		.byte	0x1
 792 0180 0801     		.2byte	0x108
 793 0182 00000000 		.4byte	.LFB6
 794 0186 70000000 		.4byte	.LFE6-.LFB6
 795 018a 01       		.uleb128 0x1
 796 018b 9C       		.byte	0x9c
 797 018c AF010000 		.4byte	0x1af
 798 0190 0B       		.uleb128 0xb
 799 0191 B7000000 		.4byte	.LASF26
 800 0195 01       		.byte	0x1
 801 0196 0801     		.2byte	0x108
 802 0198 2C010000 		.4byte	0x12c
 803 019c 02       		.uleb128 0x2
 804 019d 91       		.byte	0x91
 805 019e 74       		.sleb128 -12
 806 019f 0B       		.uleb128 0xb
 807 01a0 9A000000 		.4byte	.LASF27
 808 01a4 01       		.byte	0x1
 809 01a5 0801     		.2byte	0x108
 810 01a7 77000000 		.4byte	0x77
 811 01ab 02       		.uleb128 0x2
 812 01ac 91       		.byte	0x91
 813 01ad 72       		.sleb128 -14
 814 01ae 00       		.byte	0
 815 01af 0C       		.uleb128 0xc
 816 01b0 CD020000 		.4byte	.LASF29
 817 01b4 01       		.byte	0x1
 818 01b5 17       		.byte	0x17
 819 01b6 6B000000 		.4byte	0x6b
 820 01ba 05       		.uleb128 0x5
 821 01bb 03       		.byte	0x3
 822 01bc 01000000 		.4byte	WaveDAC8_1_Wave1Chan
 823 01c0 0C       		.uleb128 0xc
 824 01c1 13000000 		.4byte	.LASF30
 825 01c5 01       		.byte	0x1
 826 01c6 18       		.byte	0x18
 827 01c7 6B000000 		.4byte	0x6b
 828 01cb 05       		.uleb128 0x5
 829 01cc 03       		.byte	0x3
 830 01cd 02000000 		.4byte	WaveDAC8_1_Wave2Chan
 831 01d1 0C       		.uleb128 0xc
 832 01d2 87000000 		.4byte	.LASF31
 833 01d6 01       		.byte	0x1
 834 01d7 19       		.byte	0x19
 835 01d8 6B000000 		.4byte	0x6b
 836 01dc 05       		.uleb128 0x5
 837 01dd 03       		.byte	0x3
 838 01de 03000000 		.4byte	WaveDAC8_1_Wave1TD
 839 01e2 0C       		.uleb128 0xc
 840 01e3 E2010000 		.4byte	.LASF32
 841 01e7 01       		.byte	0x1
 842 01e8 1A       		.byte	0x1a
 843 01e9 6B000000 		.4byte	0x6b
 844 01ed 05       		.uleb128 0x5
 845 01ee 03       		.byte	0x3
 846 01ef 04000000 		.4byte	WaveDAC8_1_Wave2TD
ARM GAS  C:\Users\jthem\AppData\Local\Temp\ccbvUsCe.s 			page 21


 847 01f3 0D       		.uleb128 0xd
 848 01f4 00000000 		.4byte	.LASF33
 849 01f8 01       		.byte	0x1
 850 01f9 12       		.byte	0x12
 851 01fa 6B000000 		.4byte	0x6b
 852 01fe 05       		.uleb128 0x5
 853 01ff 03       		.byte	0x3
 854 0200 00000000 		.4byte	WaveDAC8_1_initVar
 855 0204 0E       		.uleb128 0xe
 856 0205 6B000000 		.4byte	0x6b
 857 0209 14020000 		.4byte	0x214
 858 020d 0F       		.uleb128 0xf
 859 020e A4000000 		.4byte	0xa4
 860 0212 63       		.byte	0x63
 861 0213 00       		.byte	0
 862 0214 0D       		.uleb128 0xd
 863 0215 AB020000 		.4byte	.LASF34
 864 0219 01       		.byte	0x1
 865 021a 14       		.byte	0x14
 866 021b 25020000 		.4byte	0x225
 867 021f 05       		.uleb128 0x5
 868 0220 03       		.byte	0x3
 869 0221 00000000 		.4byte	WaveDAC8_1_wave1
 870 0225 09       		.uleb128 0x9
 871 0226 04020000 		.4byte	0x204
 872 022a 0E       		.uleb128 0xe
 873 022b 6B000000 		.4byte	0x6b
 874 022f 3A020000 		.4byte	0x23a
 875 0233 0F       		.uleb128 0xf
 876 0234 A4000000 		.4byte	0xa4
 877 0238 31       		.byte	0x31
 878 0239 00       		.byte	0
 879 023a 0D       		.uleb128 0xd
 880 023b BC020000 		.4byte	.LASF35
 881 023f 01       		.byte	0x1
 882 0240 15       		.byte	0x15
 883 0241 4B020000 		.4byte	0x24b
 884 0245 05       		.uleb128 0x5
 885 0246 03       		.byte	0x3
 886 0247 00000000 		.4byte	WaveDAC8_1_wave2
 887 024b 09       		.uleb128 0x9
 888 024c 2A020000 		.4byte	0x22a
 889 0250 00       		.byte	0
 890              		.section	.debug_abbrev,"",%progbits
 891              	.Ldebug_abbrev0:
 892 0000 01       		.uleb128 0x1
 893 0001 11       		.uleb128 0x11
 894 0002 01       		.byte	0x1
 895 0003 25       		.uleb128 0x25
 896 0004 0E       		.uleb128 0xe
 897 0005 13       		.uleb128 0x13
 898 0006 0B       		.uleb128 0xb
 899 0007 03       		.uleb128 0x3
 900 0008 0E       		.uleb128 0xe
 901 0009 1B       		.uleb128 0x1b
 902 000a 0E       		.uleb128 0xe
 903 000b 55       		.uleb128 0x55
ARM GAS  C:\Users\jthem\AppData\Local\Temp\ccbvUsCe.s 			page 22


 904 000c 17       		.uleb128 0x17
 905 000d 11       		.uleb128 0x11
 906 000e 01       		.uleb128 0x1
 907 000f 10       		.uleb128 0x10
 908 0010 17       		.uleb128 0x17
 909 0011 00       		.byte	0
 910 0012 00       		.byte	0
 911 0013 02       		.uleb128 0x2
 912 0014 24       		.uleb128 0x24
 913 0015 00       		.byte	0
 914 0016 0B       		.uleb128 0xb
 915 0017 0B       		.uleb128 0xb
 916 0018 3E       		.uleb128 0x3e
 917 0019 0B       		.uleb128 0xb
 918 001a 03       		.uleb128 0x3
 919 001b 0E       		.uleb128 0xe
 920 001c 00       		.byte	0
 921 001d 00       		.byte	0
 922 001e 03       		.uleb128 0x3
 923 001f 24       		.uleb128 0x24
 924 0020 00       		.byte	0
 925 0021 0B       		.uleb128 0xb
 926 0022 0B       		.uleb128 0xb
 927 0023 3E       		.uleb128 0x3e
 928 0024 0B       		.uleb128 0xb
 929 0025 03       		.uleb128 0x3
 930 0026 08       		.uleb128 0x8
 931 0027 00       		.byte	0
 932 0028 00       		.byte	0
 933 0029 04       		.uleb128 0x4
 934 002a 16       		.uleb128 0x16
 935 002b 00       		.byte	0
 936 002c 03       		.uleb128 0x3
 937 002d 0E       		.uleb128 0xe
 938 002e 3A       		.uleb128 0x3a
 939 002f 0B       		.uleb128 0xb
 940 0030 3B       		.uleb128 0x3b
 941 0031 05       		.uleb128 0x5
 942 0032 49       		.uleb128 0x49
 943 0033 13       		.uleb128 0x13
 944 0034 00       		.byte	0
 945 0035 00       		.byte	0
 946 0036 05       		.uleb128 0x5
 947 0037 2E       		.uleb128 0x2e
 948 0038 00       		.byte	0
 949 0039 3F       		.uleb128 0x3f
 950 003a 19       		.uleb128 0x19
 951 003b 03       		.uleb128 0x3
 952 003c 0E       		.uleb128 0xe
 953 003d 3A       		.uleb128 0x3a
 954 003e 0B       		.uleb128 0xb
 955 003f 3B       		.uleb128 0x3b
 956 0040 0B       		.uleb128 0xb
 957 0041 27       		.uleb128 0x27
 958 0042 19       		.uleb128 0x19
 959 0043 11       		.uleb128 0x11
 960 0044 01       		.uleb128 0x1
ARM GAS  C:\Users\jthem\AppData\Local\Temp\ccbvUsCe.s 			page 23


 961 0045 12       		.uleb128 0x12
 962 0046 06       		.uleb128 0x6
 963 0047 40       		.uleb128 0x40
 964 0048 18       		.uleb128 0x18
 965 0049 9642     		.uleb128 0x2116
 966 004b 19       		.uleb128 0x19
 967 004c 00       		.byte	0
 968 004d 00       		.byte	0
 969 004e 06       		.uleb128 0x6
 970 004f 2E       		.uleb128 0x2e
 971 0050 01       		.byte	0x1
 972 0051 3F       		.uleb128 0x3f
 973 0052 19       		.uleb128 0x19
 974 0053 03       		.uleb128 0x3
 975 0054 0E       		.uleb128 0xe
 976 0055 3A       		.uleb128 0x3a
 977 0056 0B       		.uleb128 0xb
 978 0057 3B       		.uleb128 0x3b
 979 0058 0B       		.uleb128 0xb
 980 0059 27       		.uleb128 0x27
 981 005a 19       		.uleb128 0x19
 982 005b 11       		.uleb128 0x11
 983 005c 01       		.uleb128 0x1
 984 005d 12       		.uleb128 0x12
 985 005e 06       		.uleb128 0x6
 986 005f 40       		.uleb128 0x40
 987 0060 18       		.uleb128 0x18
 988 0061 9642     		.uleb128 0x2116
 989 0063 19       		.uleb128 0x19
 990 0064 01       		.uleb128 0x1
 991 0065 13       		.uleb128 0x13
 992 0066 00       		.byte	0
 993 0067 00       		.byte	0
 994 0068 07       		.uleb128 0x7
 995 0069 05       		.uleb128 0x5
 996 006a 00       		.byte	0
 997 006b 03       		.uleb128 0x3
 998 006c 0E       		.uleb128 0xe
 999 006d 3A       		.uleb128 0x3a
 1000 006e 0B       		.uleb128 0xb
 1001 006f 3B       		.uleb128 0x3b
 1002 0070 0B       		.uleb128 0xb
 1003 0071 49       		.uleb128 0x49
 1004 0072 13       		.uleb128 0x13
 1005 0073 02       		.uleb128 0x2
 1006 0074 18       		.uleb128 0x18
 1007 0075 00       		.byte	0
 1008 0076 00       		.byte	0
 1009 0077 08       		.uleb128 0x8
 1010 0078 0F       		.uleb128 0xf
 1011 0079 00       		.byte	0
 1012 007a 0B       		.uleb128 0xb
 1013 007b 0B       		.uleb128 0xb
 1014 007c 49       		.uleb128 0x49
 1015 007d 13       		.uleb128 0x13
 1016 007e 00       		.byte	0
 1017 007f 00       		.byte	0
ARM GAS  C:\Users\jthem\AppData\Local\Temp\ccbvUsCe.s 			page 24


 1018 0080 09       		.uleb128 0x9
 1019 0081 26       		.uleb128 0x26
 1020 0082 00       		.byte	0
 1021 0083 49       		.uleb128 0x49
 1022 0084 13       		.uleb128 0x13
 1023 0085 00       		.byte	0
 1024 0086 00       		.byte	0
 1025 0087 0A       		.uleb128 0xa
 1026 0088 2E       		.uleb128 0x2e
 1027 0089 01       		.byte	0x1
 1028 008a 3F       		.uleb128 0x3f
 1029 008b 19       		.uleb128 0x19
 1030 008c 03       		.uleb128 0x3
 1031 008d 0E       		.uleb128 0xe
 1032 008e 3A       		.uleb128 0x3a
 1033 008f 0B       		.uleb128 0xb
 1034 0090 3B       		.uleb128 0x3b
 1035 0091 05       		.uleb128 0x5
 1036 0092 27       		.uleb128 0x27
 1037 0093 19       		.uleb128 0x19
 1038 0094 11       		.uleb128 0x11
 1039 0095 01       		.uleb128 0x1
 1040 0096 12       		.uleb128 0x12
 1041 0097 06       		.uleb128 0x6
 1042 0098 40       		.uleb128 0x40
 1043 0099 18       		.uleb128 0x18
 1044 009a 9642     		.uleb128 0x2116
 1045 009c 19       		.uleb128 0x19
 1046 009d 01       		.uleb128 0x1
 1047 009e 13       		.uleb128 0x13
 1048 009f 00       		.byte	0
 1049 00a0 00       		.byte	0
 1050 00a1 0B       		.uleb128 0xb
 1051 00a2 05       		.uleb128 0x5
 1052 00a3 00       		.byte	0
 1053 00a4 03       		.uleb128 0x3
 1054 00a5 0E       		.uleb128 0xe
 1055 00a6 3A       		.uleb128 0x3a
 1056 00a7 0B       		.uleb128 0xb
 1057 00a8 3B       		.uleb128 0x3b
 1058 00a9 05       		.uleb128 0x5
 1059 00aa 49       		.uleb128 0x49
 1060 00ab 13       		.uleb128 0x13
 1061 00ac 02       		.uleb128 0x2
 1062 00ad 18       		.uleb128 0x18
 1063 00ae 00       		.byte	0
 1064 00af 00       		.byte	0
 1065 00b0 0C       		.uleb128 0xc
 1066 00b1 34       		.uleb128 0x34
 1067 00b2 00       		.byte	0
 1068 00b3 03       		.uleb128 0x3
 1069 00b4 0E       		.uleb128 0xe
 1070 00b5 3A       		.uleb128 0x3a
 1071 00b6 0B       		.uleb128 0xb
 1072 00b7 3B       		.uleb128 0x3b
 1073 00b8 0B       		.uleb128 0xb
 1074 00b9 49       		.uleb128 0x49
ARM GAS  C:\Users\jthem\AppData\Local\Temp\ccbvUsCe.s 			page 25


 1075 00ba 13       		.uleb128 0x13
 1076 00bb 02       		.uleb128 0x2
 1077 00bc 18       		.uleb128 0x18
 1078 00bd 00       		.byte	0
 1079 00be 00       		.byte	0
 1080 00bf 0D       		.uleb128 0xd
 1081 00c0 34       		.uleb128 0x34
 1082 00c1 00       		.byte	0
 1083 00c2 03       		.uleb128 0x3
 1084 00c3 0E       		.uleb128 0xe
 1085 00c4 3A       		.uleb128 0x3a
 1086 00c5 0B       		.uleb128 0xb
 1087 00c6 3B       		.uleb128 0x3b
 1088 00c7 0B       		.uleb128 0xb
 1089 00c8 49       		.uleb128 0x49
 1090 00c9 13       		.uleb128 0x13
 1091 00ca 3F       		.uleb128 0x3f
 1092 00cb 19       		.uleb128 0x19
 1093 00cc 02       		.uleb128 0x2
 1094 00cd 18       		.uleb128 0x18
 1095 00ce 00       		.byte	0
 1096 00cf 00       		.byte	0
 1097 00d0 0E       		.uleb128 0xe
 1098 00d1 01       		.uleb128 0x1
 1099 00d2 01       		.byte	0x1
 1100 00d3 49       		.uleb128 0x49
 1101 00d4 13       		.uleb128 0x13
 1102 00d5 01       		.uleb128 0x1
 1103 00d6 13       		.uleb128 0x13
 1104 00d7 00       		.byte	0
 1105 00d8 00       		.byte	0
 1106 00d9 0F       		.uleb128 0xf
 1107 00da 21       		.uleb128 0x21
 1108 00db 00       		.byte	0
 1109 00dc 49       		.uleb128 0x49
 1110 00dd 13       		.uleb128 0x13
 1111 00de 2F       		.uleb128 0x2f
 1112 00df 0B       		.uleb128 0xb
 1113 00e0 00       		.byte	0
 1114 00e1 00       		.byte	0
 1115 00e2 00       		.byte	0
 1116              		.section	.debug_aranges,"",%progbits
 1117 0000 4C000000 		.4byte	0x4c
 1118 0004 0200     		.2byte	0x2
 1119 0006 00000000 		.4byte	.Ldebug_info0
 1120 000a 04       		.byte	0x4
 1121 000b 00       		.byte	0
 1122 000c 0000     		.2byte	0
 1123 000e 0000     		.2byte	0
 1124 0010 00000000 		.4byte	.LFB0
 1125 0014 54000000 		.4byte	.LFE0-.LFB0
 1126 0018 00000000 		.4byte	.LFB1
 1127 001c 38000000 		.4byte	.LFE1-.LFB1
 1128 0020 00000000 		.4byte	.LFB2
 1129 0024 20000000 		.4byte	.LFE2-.LFB2
 1130 0028 00000000 		.4byte	.LFB3
 1131 002c 32000000 		.4byte	.LFE3-.LFB3
ARM GAS  C:\Users\jthem\AppData\Local\Temp\ccbvUsCe.s 			page 26


 1132 0030 00000000 		.4byte	.LFB4
 1133 0034 2C000000 		.4byte	.LFE4-.LFB4
 1134 0038 00000000 		.4byte	.LFB5
 1135 003c 70000000 		.4byte	.LFE5-.LFB5
 1136 0040 00000000 		.4byte	.LFB6
 1137 0044 70000000 		.4byte	.LFE6-.LFB6
 1138 0048 00000000 		.4byte	0
 1139 004c 00000000 		.4byte	0
 1140              		.section	.debug_ranges,"",%progbits
 1141              	.Ldebug_ranges0:
 1142 0000 00000000 		.4byte	.LFB0
 1143 0004 54000000 		.4byte	.LFE0
 1144 0008 00000000 		.4byte	.LFB1
 1145 000c 38000000 		.4byte	.LFE1
 1146 0010 00000000 		.4byte	.LFB2
 1147 0014 20000000 		.4byte	.LFE2
 1148 0018 00000000 		.4byte	.LFB3
 1149 001c 32000000 		.4byte	.LFE3
 1150 0020 00000000 		.4byte	.LFB4
 1151 0024 2C000000 		.4byte	.LFE4
 1152 0028 00000000 		.4byte	.LFB5
 1153 002c 70000000 		.4byte	.LFE5
 1154 0030 00000000 		.4byte	.LFB6
 1155 0034 70000000 		.4byte	.LFE6
 1156 0038 00000000 		.4byte	0
 1157 003c 00000000 		.4byte	0
 1158              		.section	.debug_line,"",%progbits
 1159              	.Ldebug_line0:
 1160 0000 F0000000 		.section	.debug_str,"MS",%progbits,1
 1160      02004900 
 1160      00000201 
 1160      FB0E0D00 
 1160      01010101 
 1161              	.LASF33:
 1162 0000 57617665 		.ascii	"WaveDAC8_1_initVar\000"
 1162      44414338 
 1162      5F315F69 
 1162      6E697456 
 1162      617200
 1163              	.LASF30:
 1164 0013 57617665 		.ascii	"WaveDAC8_1_Wave2Chan\000"
 1164      44414338 
 1164      5F315F57 
 1164      61766532 
 1164      4368616E 
 1165              	.LASF16:
 1166 0028 57617665 		.ascii	"WaveDAC8_1_Init\000"
 1166      44414338 
 1166      5F315F49 
 1166      6E697400 
 1167              	.LASF3:
 1168 0038 73686F72 		.ascii	"short unsigned int\000"
 1168      7420756E 
 1168      7369676E 
 1168      65642069 
 1168      6E7400
 1169              	.LASF18:
ARM GAS  C:\Users\jthem\AppData\Local\Temp\ccbvUsCe.s 			page 27


 1170 004b 57617665 		.ascii	"WaveDAC8_1_Start\000"
 1170      44414338 
 1170      5F315F53 
 1170      74617274 
 1170      00
 1171              	.LASF19:
 1172 005c 77617665 		.ascii	"wavePtr1\000"
 1172      50747231 
 1172      00
 1173              	.LASF21:
 1174 0065 77617665 		.ascii	"wavePtr2\000"
 1174      50747232 
 1174      00
 1175              	.LASF24:
 1176 006e 57617665 		.ascii	"WaveDAC8_1_StartEx\000"
 1176      44414338 
 1176      5F315F53 
 1176      74617274 
 1176      457800
 1177              	.LASF12:
 1178 0081 666C6F61 		.ascii	"float\000"
 1178      7400
 1179              	.LASF31:
 1180 0087 57617665 		.ascii	"WaveDAC8_1_Wave1TD\000"
 1180      44414338 
 1180      5F315F57 
 1180      61766531 
 1180      544400
 1181              	.LASF27:
 1182 009a 73616D70 		.ascii	"sampleSize\000"
 1182      6C655369 
 1182      7A6500
 1183              	.LASF5:
 1184 00a5 6C6F6E67 		.ascii	"long unsigned int\000"
 1184      20756E73 
 1184      69676E65 
 1184      6420696E 
 1184      7400
 1185              	.LASF26:
 1186 00b7 77617665 		.ascii	"wavePtr\000"
 1186      50747200 
 1187              	.LASF9:
 1188 00bf 75696E74 		.ascii	"uint8\000"
 1188      3800
 1189              	.LASF20:
 1190 00c5 73616D70 		.ascii	"sampleSize1\000"
 1190      6C655369 
 1190      7A653100 
 1191              	.LASF22:
 1192 00d1 73616D70 		.ascii	"sampleSize2\000"
 1192      6C655369 
 1192      7A653200 
 1193              	.LASF25:
 1194 00dd 57617665 		.ascii	"WaveDAC8_1_Wave1Setup\000"
 1194      44414338 
 1194      5F315F57 
 1194      61766531 
ARM GAS  C:\Users\jthem\AppData\Local\Temp\ccbvUsCe.s 			page 28


 1194      53657475 
 1195              	.LASF36:
 1196 00f3 474E5520 		.ascii	"GNU C 4.9.3 20150303 (release) [ARM/embedded-4_9-br"
 1196      4320342E 
 1196      392E3320 
 1196      32303135 
 1196      30333033 
 1197 0126 616E6368 		.ascii	"anch revision 221220] -mcpu=cortex-m3 -mthumb -g -O"
 1197      20726576 
 1197      6973696F 
 1197      6E203232 
 1197      31323230 
 1198 0159 30202D66 		.ascii	"0 -ffunction-sections -ffat-lto-objects\000"
 1198      66756E63 
 1198      74696F6E 
 1198      2D736563 
 1198      74696F6E 
 1199              	.LASF13:
 1200 0181 646F7562 		.ascii	"double\000"
 1200      6C6500
 1201              	.LASF23:
 1202 0188 57617665 		.ascii	"WaveDAC8_1_Stop\000"
 1202      44414338 
 1202      5F315F53 
 1202      746F7000 
 1203              	.LASF2:
 1204 0198 73686F72 		.ascii	"short int\000"
 1204      7420696E 
 1204      7400
 1205              	.LASF10:
 1206 01a2 75696E74 		.ascii	"uint16\000"
 1206      313600
 1207              	.LASF11:
 1208 01a9 75696E74 		.ascii	"uint32\000"
 1208      333200
 1209              	.LASF1:
 1210 01b0 756E7369 		.ascii	"unsigned char\000"
 1210      676E6564 
 1210      20636861 
 1210      7200
 1211              	.LASF8:
 1212 01be 756E7369 		.ascii	"unsigned int\000"
 1212      676E6564 
 1212      20696E74 
 1212      00
 1213              	.LASF7:
 1214 01cb 6C6F6E67 		.ascii	"long long unsigned int\000"
 1214      206C6F6E 
 1214      6720756E 
 1214      7369676E 
 1214      65642069 
 1215              	.LASF32:
 1216 01e2 57617665 		.ascii	"WaveDAC8_1_Wave2TD\000"
 1216      44414338 
 1216      5F315F57 
 1216      61766532 
 1216      544400
ARM GAS  C:\Users\jthem\AppData\Local\Temp\ccbvUsCe.s 			page 29


 1217              	.LASF38:
 1218 01f5 433A5C55 		.ascii	"C:\\Users\\jthem\\Documents\\PSoC Creator\\PWMExamp"
 1218      73657273 
 1218      5C6A7468 
 1218      656D5C44 
 1218      6F63756D 
 1219 0223 6C653031 		.ascii	"le01\\WaveDAC8_Example01.cydsn\000"
 1219      5C576176 
 1219      65444143 
 1219      385F4578 
 1219      616D706C 
 1220              	.LASF15:
 1221 0241 73697A65 		.ascii	"sizetype\000"
 1221      74797065 
 1221      00
 1222              	.LASF6:
 1223 024a 6C6F6E67 		.ascii	"long long int\000"
 1223      206C6F6E 
 1223      6720696E 
 1223      7400
 1224              	.LASF14:
 1225 0258 63686172 		.ascii	"char\000"
 1225      00
 1226              	.LASF37:
 1227 025d 2E5C4765 		.ascii	".\\Generated_Source\\PSoC5\\WaveDAC8_1.c\000"
 1227      6E657261 
 1227      7465645F 
 1227      536F7572 
 1227      63655C50 
 1228              	.LASF28:
 1229 0283 57617665 		.ascii	"WaveDAC8_1_Wave2Setup\000"
 1229      44414338 
 1229      5F315F57 
 1229      61766532 
 1229      53657475 
 1230              	.LASF17:
 1231 0299 57617665 		.ascii	"WaveDAC8_1_Enable\000"
 1231      44414338 
 1231      5F315F45 
 1231      6E61626C 
 1231      6500
 1232              	.LASF34:
 1233 02ab 57617665 		.ascii	"WaveDAC8_1_wave1\000"
 1233      44414338 
 1233      5F315F77 
 1233      61766531 
 1233      00
 1234              	.LASF35:
 1235 02bc 57617665 		.ascii	"WaveDAC8_1_wave2\000"
 1235      44414338 
 1235      5F315F77 
 1235      61766532 
 1235      00
 1236              	.LASF29:
 1237 02cd 57617665 		.ascii	"WaveDAC8_1_Wave1Chan\000"
 1237      44414338 
 1237      5F315F57 
ARM GAS  C:\Users\jthem\AppData\Local\Temp\ccbvUsCe.s 			page 30


 1237      61766531 
 1237      4368616E 
 1238              	.LASF4:
 1239 02e2 6C6F6E67 		.ascii	"long int\000"
 1239      20696E74 
 1239      00
 1240              	.LASF0:
 1241 02eb 7369676E 		.ascii	"signed char\000"
 1241      65642063 
 1241      68617200 
 1242              		.ident	"GCC: (GNU Tools for ARM Embedded Processors) 4.9.3 20150303 (release) [ARM/embedded-4_9-br
