ARM GAS  C:\Users\jthem\AppData\Local\Temp\ccNXcXBa.s 			page 1


   1              		.syntax unified
   2              		.cpu cortex-m3
   3              		.fpu softvfp
   4              		.eabi_attribute 20, 1
   5              		.eabi_attribute 21, 1
   6              		.eabi_attribute 23, 3
   7              		.eabi_attribute 24, 1
   8              		.eabi_attribute 25, 1
   9              		.eabi_attribute 26, 1
  10              		.eabi_attribute 30, 6
  11              		.eabi_attribute 34, 1
  12              		.eabi_attribute 18, 4
  13              		.thumb
  14              		.file	"main.c"
  15              		.text
  16              	.Ltext0:
  17              		.cfi_sections	.debug_frame
  18              		.global _printf_float
  19              		.thumb
  20              		.global	finishedDMA
  21              		.bss
  22              		.type	finishedDMA, %object
  23              		.size	finishedDMA, 1
  24              	finishedDMA:
  25 0000 00       		.space	1
  26              		.global	dataReady
  27              		.type	dataReady, %object
  28              		.size	dataReady, 1
  29              	dataReady:
  30 0001 00       		.space	1
  31              		.comm	result,2,2
  32              		.section	.text.ADC_SAR_2_ISR_LOC,"ax",%progbits
  33              		.align	2
  34              		.global	ADC_SAR_2_ISR_LOC
  35              		.thumb
  36              		.thumb_func
  37              		.type	ADC_SAR_2_ISR_LOC, %function
  38              	ADC_SAR_2_ISR_LOC:
  39              	.LFB63:
  40              		.file 1 ".\\main.c"
   1:.\main.c      **** /*******************************************************************************
   2:.\main.c      **** * File Name: main.c
   3:.\main.c      **** *
   4:.\main.c      **** * Version: 2.0
   5:.\main.c      **** *
   6:.\main.c      **** * Description:
   7:.\main.c      **** *  The SAR ADC and PrISM datasheet example project.
   8:.\main.c      **** *  This example project demonstrates SAR ADC measurements and transferring
   9:.\main.c      **** *  results using ISR and DMA to the LCD and PrISM.
  10:.\main.c      **** *
  11:.\main.c      **** * Note:
  12:.\main.c      **** *  Pin_Vin pin (P1[4]) should be connected to the VR.
  13:.\main.c      **** *  Pin_LED pin (P1[6]) should be connected to the LED.
  14:.\main.c      **** *  Verify that VR_PWR(J11) is jumpered to ON.
  15:.\main.c      **** *
  16:.\main.c      **** * Hardware Dependency:
  17:.\main.c      **** *  CY8C55 Family Processor
ARM GAS  C:\Users\jthem\AppData\Local\Temp\ccNXcXBa.s 			page 2


  18:.\main.c      **** *
  19:.\main.c      **** ********************************************************************************
  20:.\main.c      **** * Copyright 2012, Cypress Semiconductor Corporation. All rights reserved.
  21:.\main.c      **** * This software is owned by Cypress Semiconductor Corporation and is protected
  22:.\main.c      **** * by and subject to worldwide patent and copyright laws and treaties.
  23:.\main.c      **** * Therefore, you may use this software only as provided in the license agreement
  24:.\main.c      **** * accompanying the software package from which you obtained this software.
  25:.\main.c      **** * CYPRESS AND ITS SUPPLIERS MAKE NO WARRANTY OF ANY KIND, EXPRESS OR IMPLIED,
  26:.\main.c      **** * WITH REGARD TO THIS SOFTWARE, INCLUDING, BUT NOT LIMITED TO, NONINFRINGEMENT,
  27:.\main.c      **** * IMPLIED WARRANTIES OF MERCHANTABILITY AND FITNESS FOR A PARTICULAR PURPOSE.
  28:.\main.c      **** *******************************************************************************/
  29:.\main.c      **** 
  30:.\main.c      **** #include <device.h>
  31:.\main.c      **** #include <stdio.h>
  32:.\main.c      **** 
  33:.\main.c      **** #if defined (__GNUC__)
  34:.\main.c      ****     /* Add an explicit reference to the floating point printf library */
  35:.\main.c      ****     /* to allow the usage of floating point conversion specifiers. */
  36:.\main.c      ****     /* This is not linked in by default with the newlib-nano library. */
  37:.\main.c      ****     asm (".global _printf_float");
  38:.\main.c      **** #endif
  39:.\main.c      **** 
  40:.\main.c      **** uint8 finishedDMA = 0u;
  41:.\main.c      **** uint8 dataReady = 0u;
  42:.\main.c      **** uint16 result;
  43:.\main.c      **** 
  44:.\main.c      **** 
  45:.\main.c      **** /******************************************************************************
  46:.\main.c      **** * Function Name: ADC_SAR_ISR_LOC
  47:.\main.c      **** *******************************************************************************
  48:.\main.c      **** *
  49:.\main.c      **** * Summary:
  50:.\main.c      **** *  Handle Interrupt Service Routine. Source - SAR ADC.
  51:.\main.c      **** *
  52:.\main.c      **** ******************************************************************************/
  53:.\main.c      **** CY_ISR(ADC_SAR_2_ISR_LOC)
  54:.\main.c      **** {
  41              		.loc 1 54 0
  42              		.cfi_startproc
  43              		@ args = 0, pretend = 0, frame = 0
  44              		@ frame_needed = 1, uses_anonymous_args = 0
  45              		@ link register save eliminated.
  46 0000 80B4     		push	{r7}
  47              		.cfi_def_cfa_offset 4
  48              		.cfi_offset 7, -4
  49 0002 00AF     		add	r7, sp, #0
  50              		.cfi_def_cfa_register 7
  55:.\main.c      ****         result = CY_GET_REG16(ADC_SAR_2_SAR_WRK_PTR);
  51              		.loc 1 55 0
  52 0004 054B     		ldr	r3, .L2
  53 0006 1B88     		ldrh	r3, [r3]	@ movhi
  54 0008 9AB2     		uxth	r2, r3
  55 000a 054B     		ldr	r3, .L2+4
  56 000c 1A80     		strh	r2, [r3]	@ movhi
  56:.\main.c      ****         dataReady = 1u;
  57              		.loc 1 56 0
  58 000e 054B     		ldr	r3, .L2+8
ARM GAS  C:\Users\jthem\AppData\Local\Temp\ccNXcXBa.s 			page 3


  59 0010 0122     		movs	r2, #1
  60 0012 1A70     		strb	r2, [r3]
  57:.\main.c      **** }
  61              		.loc 1 57 0
  62 0014 BD46     		mov	sp, r7
  63              		.cfi_def_cfa_register 13
  64              		@ sp needed
  65 0016 5DF8047B 		ldr	r7, [sp], #4
  66              		.cfi_restore 7
  67              		.cfi_def_cfa_offset 0
  68 001a 7047     		bx	lr
  69              	.L3:
  70              		.align	2
  71              	.L2:
  72 001c A25B0040 		.word	1073765282
  73 0020 00000000 		.word	result
  74 0024 00000000 		.word	dataReady
  75              		.cfi_endproc
  76              	.LFE63:
  77              		.size	ADC_SAR_2_ISR_LOC, .-ADC_SAR_2_ISR_LOC
  78              		.section	.rodata
  79              		.align	2
  80              	.LC0:
  81 0000 41444332 		.ascii	"ADC2=      V\000"
  81      3D202020 
  81      20202056 
  81      00
  82              		.global	__aeabi_f2d
  83 000d 000000   		.align	2
  84              	.LC1:
  85 0010 252B312E 		.ascii	"%+1.2f\000"
  85      326600
  86 0017 00       		.section	.text.main,"ax",%progbits
  87              		.align	2
  88              		.global	main
  89              		.thumb
  90              		.thumb_func
  91              		.type	main, %function
  92              	main:
  93              	.LFB64:
  58:.\main.c      **** 
  59:.\main.c      **** 
  60:.\main.c      **** /*******************************************************************************
  61:.\main.c      **** * Function Name: main
  62:.\main.c      **** ********************************************************************************
  63:.\main.c      **** *
  64:.\main.c      **** * Summary:
  65:.\main.c      **** *  Main function performs following functions:
  66:.\main.c      **** *   1. Initialises the DMA to move data from ADC_SAR_1 work registers to the
  67:.\main.c      **** *      PrISM pulse density registers.
  68:.\main.c      **** *   2. Initialises the ISR connected to the DMA nrq terminal(DMA done).
  69:.\main.c      **** *   3. Initialises the LCD.
  70:.\main.c      **** *   4. Initialises the PrISM with 1Mhz clock.
  71:.\main.c      **** *   5. Initialises the two SAR ADCs.
  72:.\main.c      **** *   6. Displays the results of ADC_SAR_1 when DmaDone ISR rises.
  73:.\main.c      **** *      The results are read from PrISM pulse density register.
  74:.\main.c      **** *   7. Displays the results of ADC_SAR_2 when internal EOC ISR rises.
ARM GAS  C:\Users\jthem\AppData\Local\Temp\ccNXcXBa.s 			page 4


  75:.\main.c      **** *
  76:.\main.c      **** * Parameters:
  77:.\main.c      **** *  None.
  78:.\main.c      **** *
  79:.\main.c      **** * Return:
  80:.\main.c      **** *  None.
  81:.\main.c      **** *
  82:.\main.c      **** *******************************************************************************/
  83:.\main.c      **** int main()
  84:.\main.c      **** {
  94              		.loc 1 84 0
  95              		.cfi_startproc
  96              		@ args = 0, pretend = 0, frame = 24
  97              		@ frame_needed = 1, uses_anonymous_args = 0
  98 0000 B0B5     		push	{r4, r5, r7, lr}
  99              		.cfi_def_cfa_offset 16
 100              		.cfi_offset 4, -16
 101              		.cfi_offset 5, -12
 102              		.cfi_offset 7, -8
 103              		.cfi_offset 14, -4
 104 0002 86B0     		sub	sp, sp, #24
 105              		.cfi_def_cfa_offset 40
 106 0004 00AF     		add	r7, sp, #0
 107              		.cfi_def_cfa_register 7
  85:.\main.c      ****     char8 resultStr[16u];
  86:.\main.c      ****     float res;
  87:.\main.c      **** 
  88:.\main.c      **** 
  89:.\main.c      ****     /* Initializes the LCD. */
  90:.\main.c      ****     LCD_Start();
 108              		.loc 1 90 0
 109 0006 FFF7FEFF 		bl	LCD_Start
  91:.\main.c      ****     LCD_Position(1u,0u);
 110              		.loc 1 91 0
 111 000a 0120     		movs	r0, #1
 112 000c 0021     		movs	r1, #0
 113 000e FFF7FEFF 		bl	LCD_Position
  92:.\main.c      ****     LCD_PrintString("ADC2=      V");
 114              		.loc 1 92 0
 115 0012 1748     		ldr	r0, .L7
 116 0014 FFF7FEFF 		bl	LCD_PrintString
  93:.\main.c      **** 
  94:.\main.c      ****     ADC_SAR_2_Start();
 117              		.loc 1 94 0
 118 0018 FFF7FEFF 		bl	ADC_SAR_2_Start
  95:.\main.c      ****     ADC_SAR_2_IRQ_StartEx(ADC_SAR_2_ISR_LOC);
 119              		.loc 1 95 0
 120 001c 1548     		ldr	r0, .L7+4
 121 001e FFF7FEFF 		bl	ADC_SAR_2_IRQ_StartEx
  96:.\main.c      ****     ADC_SAR_2_StartConvert();
 122              		.loc 1 96 0
 123 0022 FFF7FEFF 		bl	ADC_SAR_2_StartConvert
  97:.\main.c      **** 
  98:.\main.c      ****     CyGlobalIntEnable;
 124              		.loc 1 98 0
 125              	@ 98 ".\main.c" 1
 126 0026 62B6     		CPSIE   i
ARM GAS  C:\Users\jthem\AppData\Local\Temp\ccNXcXBa.s 			page 5


 127              	@ 0 "" 2
 128              		.thumb
 129              	.L6:
  99:.\main.c      **** 
 100:.\main.c      ****     for(;;)
 101:.\main.c      ****     {
 102:.\main.c      **** 
 103:.\main.c      ****         /* Show ADC2 result on LCD*/
 104:.\main.c      ****         if(dataReady != 0u)
 130              		.loc 1 104 0
 131 0028 134B     		ldr	r3, .L7+8
 132 002a 1B78     		ldrb	r3, [r3]	@ zero_extendqisi2
 133 002c 002B     		cmp	r3, #0
 134 002e 1ED0     		beq	.L5
 105:.\main.c      ****         {
 106:.\main.c      ****             res = ADC_SAR_2_CountsTo_Volts(result);
 135              		.loc 1 106 0
 136 0030 124B     		ldr	r3, .L7+12
 137 0032 1B88     		ldrh	r3, [r3]
 138 0034 9BB2     		uxth	r3, r3
 139 0036 1BB2     		sxth	r3, r3
 140 0038 1846     		mov	r0, r3
 141 003a FFF7FEFF 		bl	ADC_SAR_2_CountsTo_Volts
 142 003e 7861     		str	r0, [r7, #20]	@ float
 107:.\main.c      ****             sprintf((char *)resultStr,"%+1.2f",res);
 143              		.loc 1 107 0
 144 0040 7869     		ldr	r0, [r7, #20]	@ float
 145 0042 FFF7FEFF 		bl	__aeabi_f2d
 146 0046 0446     		mov	r4, r0
 147 0048 0D46     		mov	r5, r1
 148 004a 3B1D     		adds	r3, r7, #4
 149 004c 1846     		mov	r0, r3
 150 004e 0C49     		ldr	r1, .L7+16
 151 0050 2246     		mov	r2, r4
 152 0052 2B46     		mov	r3, r5
 153 0054 FFF7FEFF 		bl	sprintf
 108:.\main.c      ****             LCD_Position(1u,5u);
 154              		.loc 1 108 0
 155 0058 0120     		movs	r0, #1
 156 005a 0521     		movs	r1, #5
 157 005c FFF7FEFF 		bl	LCD_Position
 109:.\main.c      ****             LCD_PrintString(resultStr);
 158              		.loc 1 109 0
 159 0060 3B1D     		adds	r3, r7, #4
 160 0062 1846     		mov	r0, r3
 161 0064 FFF7FEFF 		bl	LCD_PrintString
 110:.\main.c      ****             dataReady = 0u;
 162              		.loc 1 110 0
 163 0068 034B     		ldr	r3, .L7+8
 164 006a 0022     		movs	r2, #0
 165 006c 1A70     		strb	r2, [r3]
 166              	.L5:
 111:.\main.c      ****         }
 112:.\main.c      ****     }
 167              		.loc 1 112 0
 168 006e DBE7     		b	.L6
 169              	.L8:
ARM GAS  C:\Users\jthem\AppData\Local\Temp\ccNXcXBa.s 			page 6


 170              		.align	2
 171              	.L7:
 172 0070 00000000 		.word	.LC0
 173 0074 00000000 		.word	ADC_SAR_2_ISR_LOC
 174 0078 00000000 		.word	dataReady
 175 007c 00000000 		.word	result
 176 0080 10000000 		.word	.LC1
 177              		.cfi_endproc
 178              	.LFE64:
 179              		.size	main, .-main
 180              		.text
 181              	.Letext0:
 182              		.file 2 "c:\\program files (x86)\\cypress\\psoc creator\\3.3\\psoc creator\\import\\gnu\\arm\\4.9.
 183              		.file 3 "c:\\program files (x86)\\cypress\\psoc creator\\3.3\\psoc creator\\import\\gnu\\arm\\4.9.
 184              		.file 4 "Generated_Source\\PSoC5/cytypes.h"
 185              		.file 5 "Generated_Source\\PSoC5/core_cm3.h"
 186              		.section	.debug_info,"",%progbits
 187              	.Ldebug_info0:
 188 0000 6A010000 		.4byte	0x16a
 189 0004 0400     		.2byte	0x4
 190 0006 00000000 		.4byte	.Ldebug_abbrev0
 191 000a 04       		.byte	0x4
 192 000b 01       		.uleb128 0x1
 193 000c 59000000 		.4byte	.LASF24
 194 0010 01       		.byte	0x1
 195 0011 E7000000 		.4byte	.LASF25
 196 0015 06000000 		.4byte	.LASF26
 197 0019 00000000 		.4byte	.Ldebug_ranges0+0
 198 001d 00000000 		.4byte	0
 199 0021 00000000 		.4byte	.Ldebug_line0
 200 0025 02       		.uleb128 0x2
 201 0026 01       		.byte	0x1
 202 0027 06       		.byte	0x6
 203 0028 D7010000 		.4byte	.LASF0
 204 002c 02       		.uleb128 0x2
 205 002d 01       		.byte	0x1
 206 002e 08       		.byte	0x8
 207 002f F6000000 		.4byte	.LASF1
 208 0033 02       		.uleb128 0x2
 209 0034 02       		.byte	0x2
 210 0035 05       		.byte	0x5
 211 0036 B4010000 		.4byte	.LASF2
 212 003a 02       		.uleb128 0x2
 213 003b 02       		.byte	0x2
 214 003c 07       		.byte	0x7
 215 003d 1C010000 		.4byte	.LASF3
 216 0041 03       		.uleb128 0x3
 217 0042 4F000000 		.4byte	.LASF9
 218 0046 02       		.byte	0x2
 219 0047 3F       		.byte	0x3f
 220 0048 4C000000 		.4byte	0x4c
 221 004c 02       		.uleb128 0x2
 222 004d 04       		.byte	0x4
 223 004e 05       		.byte	0x5
 224 004f CE010000 		.4byte	.LASF4
 225 0053 02       		.uleb128 0x2
 226 0054 04       		.byte	0x4
ARM GAS  C:\Users\jthem\AppData\Local\Temp\ccNXcXBa.s 			page 7


 227 0055 07       		.byte	0x7
 228 0056 0A010000 		.4byte	.LASF5
 229 005a 02       		.uleb128 0x2
 230 005b 08       		.byte	0x8
 231 005c 05       		.byte	0x5
 232 005d 97010000 		.4byte	.LASF6
 233 0061 02       		.uleb128 0x2
 234 0062 08       		.byte	0x8
 235 0063 07       		.byte	0x7
 236 0064 5C010000 		.4byte	.LASF7
 237 0068 04       		.uleb128 0x4
 238 0069 04       		.byte	0x4
 239 006a 05       		.byte	0x5
 240 006b 696E7400 		.ascii	"int\000"
 241 006f 02       		.uleb128 0x2
 242 0070 04       		.byte	0x4
 243 0071 07       		.byte	0x7
 244 0072 4F010000 		.4byte	.LASF8
 245 0076 03       		.uleb128 0x3
 246 0077 86010000 		.4byte	.LASF10
 247 007b 03       		.byte	0x3
 248 007c 2C       		.byte	0x2c
 249 007d 41000000 		.4byte	0x41
 250 0081 05       		.uleb128 0x5
 251 0082 C8010000 		.4byte	.LASF11
 252 0086 04       		.byte	0x4
 253 0087 3801     		.2byte	0x138
 254 0089 2C000000 		.4byte	0x2c
 255 008d 05       		.uleb128 0x5
 256 008e 48010000 		.4byte	.LASF12
 257 0092 04       		.byte	0x4
 258 0093 3901     		.2byte	0x139
 259 0095 3A000000 		.4byte	0x3a
 260 0099 02       		.uleb128 0x2
 261 009a 04       		.byte	0x4
 262 009b 04       		.byte	0x4
 263 009c F0000000 		.4byte	.LASF13
 264 00a0 02       		.uleb128 0x2
 265 00a1 08       		.byte	0x8
 266 00a2 04       		.byte	0x4
 267 00a3 3C010000 		.4byte	.LASF14
 268 00a7 05       		.uleb128 0x5
 269 00a8 04010000 		.4byte	.LASF15
 270 00ac 04       		.byte	0x4
 271 00ad 4901     		.2byte	0x149
 272 00af B3000000 		.4byte	0xb3
 273 00b3 02       		.uleb128 0x2
 274 00b4 01       		.byte	0x1
 275 00b5 08       		.byte	0x8
 276 00b6 A5010000 		.4byte	.LASF16
 277 00ba 05       		.uleb128 0x5
 278 00bb 00000000 		.4byte	.LASF17
 279 00bf 04       		.byte	0x4
 280 00c0 E301     		.2byte	0x1e3
 281 00c2 C6000000 		.4byte	0xc6
 282 00c6 06       		.uleb128 0x6
 283 00c7 8D000000 		.4byte	0x8d
ARM GAS  C:\Users\jthem\AppData\Local\Temp\ccNXcXBa.s 			page 8


 284 00cb 02       		.uleb128 0x2
 285 00cc 04       		.byte	0x4
 286 00cd 07       		.byte	0x7
 287 00ce 8E010000 		.4byte	.LASF18
 288 00d2 07       		.uleb128 0x7
 289 00d3 E3010000 		.4byte	.LASF27
 290 00d7 01       		.byte	0x1
 291 00d8 35       		.byte	0x35
 292 00d9 00000000 		.4byte	.LFB63
 293 00dd 28000000 		.4byte	.LFE63-.LFB63
 294 00e1 01       		.uleb128 0x1
 295 00e2 9C       		.byte	0x9c
 296 00e3 08       		.uleb128 0x8
 297 00e4 43010000 		.4byte	.LASF28
 298 00e8 01       		.byte	0x1
 299 00e9 53       		.byte	0x53
 300 00ea 68000000 		.4byte	0x68
 301 00ee 00000000 		.4byte	.LFB64
 302 00f2 84000000 		.4byte	.LFE64-.LFB64
 303 00f6 01       		.uleb128 0x1
 304 00f7 9C       		.byte	0x9c
 305 00f8 19010000 		.4byte	0x119
 306 00fc 09       		.uleb128 0x9
 307 00fd BE010000 		.4byte	.LASF19
 308 0101 01       		.byte	0x1
 309 0102 55       		.byte	0x55
 310 0103 19010000 		.4byte	0x119
 311 0107 02       		.uleb128 0x2
 312 0108 91       		.byte	0x91
 313 0109 5C       		.sleb128 -36
 314 010a 0A       		.uleb128 0xa
 315 010b 72657300 		.ascii	"res\000"
 316 010f 01       		.byte	0x1
 317 0110 56       		.byte	0x56
 318 0111 99000000 		.4byte	0x99
 319 0115 02       		.uleb128 0x2
 320 0116 91       		.byte	0x91
 321 0117 6C       		.sleb128 -20
 322 0118 00       		.byte	0
 323 0119 0B       		.uleb128 0xb
 324 011a A7000000 		.4byte	0xa7
 325 011e 29010000 		.4byte	0x129
 326 0122 0C       		.uleb128 0xc
 327 0123 CB000000 		.4byte	0xcb
 328 0127 0F       		.byte	0xf
 329 0128 00       		.byte	0
 330 0129 0D       		.uleb128 0xd
 331 012a 2F010000 		.4byte	.LASF20
 332 012e 05       		.byte	0x5
 333 012f 5506     		.2byte	0x655
 334 0131 35010000 		.4byte	0x135
 335 0135 06       		.uleb128 0x6
 336 0136 76000000 		.4byte	0x76
 337 013a 0E       		.uleb128 0xe
 338 013b 7A010000 		.4byte	.LASF21
 339 013f 01       		.byte	0x1
 340 0140 28       		.byte	0x28
ARM GAS  C:\Users\jthem\AppData\Local\Temp\ccNXcXBa.s 			page 9


 341 0141 81000000 		.4byte	0x81
 342 0145 05       		.uleb128 0x5
 343 0146 03       		.byte	0x3
 344 0147 00000000 		.4byte	finishedDMA
 345 014b 0E       		.uleb128 0xe
 346 014c AA010000 		.4byte	.LASF22
 347 0150 01       		.byte	0x1
 348 0151 29       		.byte	0x29
 349 0152 81000000 		.4byte	0x81
 350 0156 05       		.uleb128 0x5
 351 0157 03       		.byte	0x3
 352 0158 00000000 		.4byte	dataReady
 353 015c 0E       		.uleb128 0xe
 354 015d 73010000 		.4byte	.LASF23
 355 0161 01       		.byte	0x1
 356 0162 2A       		.byte	0x2a
 357 0163 8D000000 		.4byte	0x8d
 358 0167 05       		.uleb128 0x5
 359 0168 03       		.byte	0x3
 360 0169 00000000 		.4byte	result
 361 016d 00       		.byte	0
 362              		.section	.debug_abbrev,"",%progbits
 363              	.Ldebug_abbrev0:
 364 0000 01       		.uleb128 0x1
 365 0001 11       		.uleb128 0x11
 366 0002 01       		.byte	0x1
 367 0003 25       		.uleb128 0x25
 368 0004 0E       		.uleb128 0xe
 369 0005 13       		.uleb128 0x13
 370 0006 0B       		.uleb128 0xb
 371 0007 03       		.uleb128 0x3
 372 0008 0E       		.uleb128 0xe
 373 0009 1B       		.uleb128 0x1b
 374 000a 0E       		.uleb128 0xe
 375 000b 55       		.uleb128 0x55
 376 000c 17       		.uleb128 0x17
 377 000d 11       		.uleb128 0x11
 378 000e 01       		.uleb128 0x1
 379 000f 10       		.uleb128 0x10
 380 0010 17       		.uleb128 0x17
 381 0011 00       		.byte	0
 382 0012 00       		.byte	0
 383 0013 02       		.uleb128 0x2
 384 0014 24       		.uleb128 0x24
 385 0015 00       		.byte	0
 386 0016 0B       		.uleb128 0xb
 387 0017 0B       		.uleb128 0xb
 388 0018 3E       		.uleb128 0x3e
 389 0019 0B       		.uleb128 0xb
 390 001a 03       		.uleb128 0x3
 391 001b 0E       		.uleb128 0xe
 392 001c 00       		.byte	0
 393 001d 00       		.byte	0
 394 001e 03       		.uleb128 0x3
 395 001f 16       		.uleb128 0x16
 396 0020 00       		.byte	0
 397 0021 03       		.uleb128 0x3
ARM GAS  C:\Users\jthem\AppData\Local\Temp\ccNXcXBa.s 			page 10


 398 0022 0E       		.uleb128 0xe
 399 0023 3A       		.uleb128 0x3a
 400 0024 0B       		.uleb128 0xb
 401 0025 3B       		.uleb128 0x3b
 402 0026 0B       		.uleb128 0xb
 403 0027 49       		.uleb128 0x49
 404 0028 13       		.uleb128 0x13
 405 0029 00       		.byte	0
 406 002a 00       		.byte	0
 407 002b 04       		.uleb128 0x4
 408 002c 24       		.uleb128 0x24
 409 002d 00       		.byte	0
 410 002e 0B       		.uleb128 0xb
 411 002f 0B       		.uleb128 0xb
 412 0030 3E       		.uleb128 0x3e
 413 0031 0B       		.uleb128 0xb
 414 0032 03       		.uleb128 0x3
 415 0033 08       		.uleb128 0x8
 416 0034 00       		.byte	0
 417 0035 00       		.byte	0
 418 0036 05       		.uleb128 0x5
 419 0037 16       		.uleb128 0x16
 420 0038 00       		.byte	0
 421 0039 03       		.uleb128 0x3
 422 003a 0E       		.uleb128 0xe
 423 003b 3A       		.uleb128 0x3a
 424 003c 0B       		.uleb128 0xb
 425 003d 3B       		.uleb128 0x3b
 426 003e 05       		.uleb128 0x5
 427 003f 49       		.uleb128 0x49
 428 0040 13       		.uleb128 0x13
 429 0041 00       		.byte	0
 430 0042 00       		.byte	0
 431 0043 06       		.uleb128 0x6
 432 0044 35       		.uleb128 0x35
 433 0045 00       		.byte	0
 434 0046 49       		.uleb128 0x49
 435 0047 13       		.uleb128 0x13
 436 0048 00       		.byte	0
 437 0049 00       		.byte	0
 438 004a 07       		.uleb128 0x7
 439 004b 2E       		.uleb128 0x2e
 440 004c 00       		.byte	0
 441 004d 3F       		.uleb128 0x3f
 442 004e 19       		.uleb128 0x19
 443 004f 03       		.uleb128 0x3
 444 0050 0E       		.uleb128 0xe
 445 0051 3A       		.uleb128 0x3a
 446 0052 0B       		.uleb128 0xb
 447 0053 3B       		.uleb128 0x3b
 448 0054 0B       		.uleb128 0xb
 449 0055 27       		.uleb128 0x27
 450 0056 19       		.uleb128 0x19
 451 0057 11       		.uleb128 0x11
 452 0058 01       		.uleb128 0x1
 453 0059 12       		.uleb128 0x12
 454 005a 06       		.uleb128 0x6
ARM GAS  C:\Users\jthem\AppData\Local\Temp\ccNXcXBa.s 			page 11


 455 005b 40       		.uleb128 0x40
 456 005c 18       		.uleb128 0x18
 457 005d 9742     		.uleb128 0x2117
 458 005f 19       		.uleb128 0x19
 459 0060 00       		.byte	0
 460 0061 00       		.byte	0
 461 0062 08       		.uleb128 0x8
 462 0063 2E       		.uleb128 0x2e
 463 0064 01       		.byte	0x1
 464 0065 3F       		.uleb128 0x3f
 465 0066 19       		.uleb128 0x19
 466 0067 03       		.uleb128 0x3
 467 0068 0E       		.uleb128 0xe
 468 0069 3A       		.uleb128 0x3a
 469 006a 0B       		.uleb128 0xb
 470 006b 3B       		.uleb128 0x3b
 471 006c 0B       		.uleb128 0xb
 472 006d 49       		.uleb128 0x49
 473 006e 13       		.uleb128 0x13
 474 006f 11       		.uleb128 0x11
 475 0070 01       		.uleb128 0x1
 476 0071 12       		.uleb128 0x12
 477 0072 06       		.uleb128 0x6
 478 0073 40       		.uleb128 0x40
 479 0074 18       		.uleb128 0x18
 480 0075 9642     		.uleb128 0x2116
 481 0077 19       		.uleb128 0x19
 482 0078 01       		.uleb128 0x1
 483 0079 13       		.uleb128 0x13
 484 007a 00       		.byte	0
 485 007b 00       		.byte	0
 486 007c 09       		.uleb128 0x9
 487 007d 34       		.uleb128 0x34
 488 007e 00       		.byte	0
 489 007f 03       		.uleb128 0x3
 490 0080 0E       		.uleb128 0xe
 491 0081 3A       		.uleb128 0x3a
 492 0082 0B       		.uleb128 0xb
 493 0083 3B       		.uleb128 0x3b
 494 0084 0B       		.uleb128 0xb
 495 0085 49       		.uleb128 0x49
 496 0086 13       		.uleb128 0x13
 497 0087 02       		.uleb128 0x2
 498 0088 18       		.uleb128 0x18
 499 0089 00       		.byte	0
 500 008a 00       		.byte	0
 501 008b 0A       		.uleb128 0xa
 502 008c 34       		.uleb128 0x34
 503 008d 00       		.byte	0
 504 008e 03       		.uleb128 0x3
 505 008f 08       		.uleb128 0x8
 506 0090 3A       		.uleb128 0x3a
 507 0091 0B       		.uleb128 0xb
 508 0092 3B       		.uleb128 0x3b
 509 0093 0B       		.uleb128 0xb
 510 0094 49       		.uleb128 0x49
 511 0095 13       		.uleb128 0x13
ARM GAS  C:\Users\jthem\AppData\Local\Temp\ccNXcXBa.s 			page 12


 512 0096 02       		.uleb128 0x2
 513 0097 18       		.uleb128 0x18
 514 0098 00       		.byte	0
 515 0099 00       		.byte	0
 516 009a 0B       		.uleb128 0xb
 517 009b 01       		.uleb128 0x1
 518 009c 01       		.byte	0x1
 519 009d 49       		.uleb128 0x49
 520 009e 13       		.uleb128 0x13
 521 009f 01       		.uleb128 0x1
 522 00a0 13       		.uleb128 0x13
 523 00a1 00       		.byte	0
 524 00a2 00       		.byte	0
 525 00a3 0C       		.uleb128 0xc
 526 00a4 21       		.uleb128 0x21
 527 00a5 00       		.byte	0
 528 00a6 49       		.uleb128 0x49
 529 00a7 13       		.uleb128 0x13
 530 00a8 2F       		.uleb128 0x2f
 531 00a9 0B       		.uleb128 0xb
 532 00aa 00       		.byte	0
 533 00ab 00       		.byte	0
 534 00ac 0D       		.uleb128 0xd
 535 00ad 34       		.uleb128 0x34
 536 00ae 00       		.byte	0
 537 00af 03       		.uleb128 0x3
 538 00b0 0E       		.uleb128 0xe
 539 00b1 3A       		.uleb128 0x3a
 540 00b2 0B       		.uleb128 0xb
 541 00b3 3B       		.uleb128 0x3b
 542 00b4 05       		.uleb128 0x5
 543 00b5 49       		.uleb128 0x49
 544 00b6 13       		.uleb128 0x13
 545 00b7 3F       		.uleb128 0x3f
 546 00b8 19       		.uleb128 0x19
 547 00b9 3C       		.uleb128 0x3c
 548 00ba 19       		.uleb128 0x19
 549 00bb 00       		.byte	0
 550 00bc 00       		.byte	0
 551 00bd 0E       		.uleb128 0xe
 552 00be 34       		.uleb128 0x34
 553 00bf 00       		.byte	0
 554 00c0 03       		.uleb128 0x3
 555 00c1 0E       		.uleb128 0xe
 556 00c2 3A       		.uleb128 0x3a
 557 00c3 0B       		.uleb128 0xb
 558 00c4 3B       		.uleb128 0x3b
 559 00c5 0B       		.uleb128 0xb
 560 00c6 49       		.uleb128 0x49
 561 00c7 13       		.uleb128 0x13
 562 00c8 3F       		.uleb128 0x3f
 563 00c9 19       		.uleb128 0x19
 564 00ca 02       		.uleb128 0x2
 565 00cb 18       		.uleb128 0x18
 566 00cc 00       		.byte	0
 567 00cd 00       		.byte	0
 568 00ce 00       		.byte	0
ARM GAS  C:\Users\jthem\AppData\Local\Temp\ccNXcXBa.s 			page 13


 569              		.section	.debug_aranges,"",%progbits
 570 0000 24000000 		.4byte	0x24
 571 0004 0200     		.2byte	0x2
 572 0006 00000000 		.4byte	.Ldebug_info0
 573 000a 04       		.byte	0x4
 574 000b 00       		.byte	0
 575 000c 0000     		.2byte	0
 576 000e 0000     		.2byte	0
 577 0010 00000000 		.4byte	.LFB63
 578 0014 28000000 		.4byte	.LFE63-.LFB63
 579 0018 00000000 		.4byte	.LFB64
 580 001c 84000000 		.4byte	.LFE64-.LFB64
 581 0020 00000000 		.4byte	0
 582 0024 00000000 		.4byte	0
 583              		.section	.debug_ranges,"",%progbits
 584              	.Ldebug_ranges0:
 585 0000 00000000 		.4byte	.LFB63
 586 0004 28000000 		.4byte	.LFE63
 587 0008 00000000 		.4byte	.LFB64
 588 000c 84000000 		.4byte	.LFE64
 589 0010 00000000 		.4byte	0
 590 0014 00000000 		.4byte	0
 591              		.section	.debug_line,"",%progbits
 592              	.Ldebug_line0:
 593 0000 7F010000 		.section	.debug_str,"MS",%progbits,1
 593      02004901 
 593      00000201 
 593      FB0E0D00 
 593      01010101 
 594              	.LASF17:
 595 0000 72656731 		.ascii	"reg16\000"
 595      3600
 596              	.LASF26:
 597 0006 433A5C55 		.ascii	"C:\\Users\\jthem\\Documents\\PSoC Creator\\PWMExamp"
 597      73657273 
 597      5C6A7468 
 597      656D5C44 
 597      6F63756D 
 598 0034 6C653031 		.ascii	"le01\\ADC_SAR_PrISM01.cydsn\000"
 598      5C414443 
 598      5F534152 
 598      5F507249 
 598      534D3031 
 599              	.LASF9:
 600 004f 5F5F696E 		.ascii	"__int32_t\000"
 600      7433325F 
 600      7400
 601              	.LASF24:
 602 0059 474E5520 		.ascii	"GNU C 4.9.3 20150303 (release) [ARM/embedded-4_9-br"
 602      4320342E 
 602      392E3320 
 602      32303135 
 602      30333033 
 603 008c 616E6368 		.ascii	"anch revision 221220] -mcpu=cortex-m3 -mthumb -g -O"
 603      20726576 
 603      6973696F 
 603      6E203232 
ARM GAS  C:\Users\jthem\AppData\Local\Temp\ccNXcXBa.s 			page 14


 603      31323230 
 604 00bf 30202D66 		.ascii	"0 -ffunction-sections -ffat-lto-objects\000"
 604      66756E63 
 604      74696F6E 
 604      2D736563 
 604      74696F6E 
 605              	.LASF25:
 606 00e7 2E5C6D61 		.ascii	".\\main.c\000"
 606      696E2E63 
 606      00
 607              	.LASF13:
 608 00f0 666C6F61 		.ascii	"float\000"
 608      7400
 609              	.LASF1:
 610 00f6 756E7369 		.ascii	"unsigned char\000"
 610      676E6564 
 610      20636861 
 610      7200
 611              	.LASF15:
 612 0104 63686172 		.ascii	"char8\000"
 612      3800
 613              	.LASF5:
 614 010a 6C6F6E67 		.ascii	"long unsigned int\000"
 614      20756E73 
 614      69676E65 
 614      6420696E 
 614      7400
 615              	.LASF3:
 616 011c 73686F72 		.ascii	"short unsigned int\000"
 616      7420756E 
 616      7369676E 
 616      65642069 
 616      6E7400
 617              	.LASF20:
 618 012f 49544D5F 		.ascii	"ITM_RxBuffer\000"
 618      52784275 
 618      66666572 
 618      00
 619              	.LASF14:
 620 013c 646F7562 		.ascii	"double\000"
 620      6C6500
 621              	.LASF28:
 622 0143 6D61696E 		.ascii	"main\000"
 622      00
 623              	.LASF12:
 624 0148 75696E74 		.ascii	"uint16\000"
 624      313600
 625              	.LASF8:
 626 014f 756E7369 		.ascii	"unsigned int\000"
 626      676E6564 
 626      20696E74 
 626      00
 627              	.LASF7:
 628 015c 6C6F6E67 		.ascii	"long long unsigned int\000"
 628      206C6F6E 
 628      6720756E 
 628      7369676E 
ARM GAS  C:\Users\jthem\AppData\Local\Temp\ccNXcXBa.s 			page 15


 628      65642069 
 629              	.LASF23:
 630 0173 72657375 		.ascii	"result\000"
 630      6C7400
 631              	.LASF21:
 632 017a 66696E69 		.ascii	"finishedDMA\000"
 632      73686564 
 632      444D4100 
 633              	.LASF10:
 634 0186 696E7433 		.ascii	"int32_t\000"
 634      325F7400 
 635              	.LASF18:
 636 018e 73697A65 		.ascii	"sizetype\000"
 636      74797065 
 636      00
 637              	.LASF6:
 638 0197 6C6F6E67 		.ascii	"long long int\000"
 638      206C6F6E 
 638      6720696E 
 638      7400
 639              	.LASF16:
 640 01a5 63686172 		.ascii	"char\000"
 640      00
 641              	.LASF22:
 642 01aa 64617461 		.ascii	"dataReady\000"
 642      52656164 
 642      7900
 643              	.LASF2:
 644 01b4 73686F72 		.ascii	"short int\000"
 644      7420696E 
 644      7400
 645              	.LASF19:
 646 01be 72657375 		.ascii	"resultStr\000"
 646      6C745374 
 646      7200
 647              	.LASF11:
 648 01c8 75696E74 		.ascii	"uint8\000"
 648      3800
 649              	.LASF4:
 650 01ce 6C6F6E67 		.ascii	"long int\000"
 650      20696E74 
 650      00
 651              	.LASF0:
 652 01d7 7369676E 		.ascii	"signed char\000"
 652      65642063 
 652      68617200 
 653              	.LASF27:
 654 01e3 4144435F 		.ascii	"ADC_SAR_2_ISR_LOC\000"
 654      5341525F 
 654      325F4953 
 654      525F4C4F 
 654      4300
 655              		.ident	"GCC: (GNU Tools for ARM Embedded Processors) 4.9.3 20150303 (release) [ARM/embedded-4_9-br
