--------------- Build Started: 04/24/2016 16:06:52 Project: ADC_SingleEndedMode01, Configuration: ARM GCC 4.9-2015-q1-update Debug ---------------
cydsfit.exe -.appdatapath "C:\Users\jthem\AppData\Local\Cypress Semiconductor\PSoC Creator\3.3" -.fdsnotice -.fdswarpdepfile=warp_dependencies.txt -.fdselabdepfile=elab_dependencies.txt -.fdsbldfile=generated_files.txt -p "C:\Users\jthem\Documents\PSoC Creator\PWMExample01\ADC_SingleEndedMode01.cydsn\ADC_SingleEndedMode01.cyprj" -d CY8C5868AXI-LP035 -s "C:\Users\jthem\Documents\PSoC Creator\PWMExample01\ADC_SingleEndedMode01.cydsn\Generated_Source\PSoC5" -- -yv2 -q10 -ygs -o2 -v3 -.fftcfgtype=LE
Elaborating Design...
HDL Generation ...
Synthesis ...
Place and Route ...
Tech mapping ...
Analog Placement ...
Info: apr.M0002: Analog signal "\ADC_DelSig_1:Net_35\" is connected to one terminal only. (App=cydsfit)
Analog Routing ...
Analog Code Generation ...
Digital Placement ...
Digital Routing ...
Bitstream Generation ...
Static timing analysis ...
API Generation ...
Dependency Generation ...
Clean Temporary Files ...
arm-none-eabi-gcc.exe -mcpu=cortex-m3 -mthumb -Wno-main -I. -IGenerated_Source\PSoC5 -Wa,-alh=.\ARM_GCC_493\Debug/main.lst -g -ffunction-sections -O0 -ffat-lto-objects -c .\main.c -o .\ARM_GCC_493\Debug\main.o
.\main.c: In function 'main':
.\main.c:79:29: warning: passing argument 1 of 'LCD_PrintString' makes pointer from integer without a cast
             LCD_PrintString(output);
                             ^
In file included from Generated_Source\PSoC5/project.h:25:0,
                 from ./device.h:18,
                 from .\main.c:30:
Generated_Source\PSoC5/LCD.h:60:6: note: expected 'const char8 *' but argument is of type 'int16'
 void LCD_PrintString(char8 const string[]) ;
      ^
arm-none-eabi-gcc.exe -mcpu=cortex-m3 -mthumb -Wno-main -I. -IGenerated_Source\PSoC5 -Wa,-alh=.\ARM_GCC_493\Debug/ADC_DelSig_1.lst -g -ffunction-sections -O0 -ffat-lto-objects -c .\Generated_Source\PSoC5\ADC_DelSig_1.c -o .\ARM_GCC_493\Debug\ADC_DelSig_1.o
arm-none-eabi-gcc.exe -mcpu=cortex-m3 -mthumb -Wno-main -I. -IGenerated_Source\PSoC5 -Wa,-alh=.\ARM_GCC_493\Debug/ADC_DelSig_1_PM.lst -g -ffunction-sections -O0 -ffat-lto-objects -c .\Generated_Source\PSoC5\ADC_DelSig_1_PM.c -o .\ARM_GCC_493\Debug\ADC_DelSig_1_PM.o
arm-none-eabi-gcc.exe -mcpu=cortex-m3 -mthumb -Wno-main -I. -IGenerated_Source\PSoC5 -Wa,-alh=.\ARM_GCC_493\Debug/ADC_DelSig_1_INT.lst -g -ffunction-sections -O0 -ffat-lto-objects -c .\Generated_Source\PSoC5\ADC_DelSig_1_INT.c -o .\ARM_GCC_493\Debug\ADC_DelSig_1_INT.o
arm-none-eabi-ar.exe -rs .\ARM_GCC_493\Debug\ADC_SingleEndedMode01.a .\ARM_GCC_493\Debug\cyfitter_cfg.o .\ARM_GCC_493\Debug\ADC_DelSig_1.o .\ARM_GCC_493\Debug\ADC_DelSig_1_PM.o .\ARM_GCC_493\Debug\ADC_DelSig_1_INT.o .\ARM_GCC_493\Debug\Pin_1.o .\ARM_GCC_493\Debug\LCD.o .\ARM_GCC_493\Debug\LCD_PM.o .\ARM_GCC_493\Debug\ADC_DelSig_1_AMux.o .\ARM_GCC_493\Debug\ADC_DelSig_1_Ext_CP_Clk.o .\ARM_GCC_493\Debug\ADC_DelSig_1_IRQ.o .\ARM_GCC_493\Debug\ADC_DelSig_1_theACLK.o .\ARM_GCC_493\Debug\LCD_LCDPort.o .\ARM_GCC_493\Debug\CyBootAsmGnu.o .\ARM_GCC_493\Debug\CyDmac.o .\ARM_GCC_493\Debug\CyFlash.o .\ARM_GCC_493\Debug\CyLib.o .\ARM_GCC_493\Debug\cyPm.o .\ARM_GCC_493\Debug\CySpc.o .\ARM_GCC_493\Debug\cyutils.o
arm-none-eabi-ar.exe: creating .\ARM_GCC_493\Debug\ADC_SingleEndedMode01.a
arm-none-eabi-gcc.exe -Wl,--start-group -o .\ARM_GCC_493\Debug\ADC_SingleEndedMode01.elf .\ARM_GCC_493\Debug\main.o .\ARM_GCC_493\Debug\cymetadata.o .\ARM_GCC_493\Debug\Cm3Start.o .\ARM_GCC_493\Debug\ADC_SingleEndedMode01.a "C:\Program Files (x86)\Cypress\PSoC Creator\3.3\PSoC Creator\psoc\content\cycomponentlibrary\CyComponentLibrary.cylib\CortexM3\ARM_GCC_493\Debug\CyComponentLibrary.a" -mcpu=cortex-m3 -mthumb -g -ffunction-sections -O0 -L Generated_Source\PSoC5 -Wl,-Map,.\ARM_GCC_493\Debug/ADC_SingleEndedMode01.map -T Generated_Source\PSoC5\cm3gcc.ld -specs=nano.specs -Wl,--gc-sections -Wl,--end-group
cyelftool.exe -C "C:\Users\jthem\Documents\PSoC Creator\PWMExample01\ADC_SingleEndedMode01.cydsn\ARM_GCC_493\Debug\ADC_SingleEndedMode01.elf" --flash_row_size 256 --flash_size 262144
cyelftool.exe -S "C:\Users\jthem\Documents\PSoC Creator\PWMExample01\ADC_SingleEndedMode01.cydsn\ARM_GCC_493\Debug\ADC_SingleEndedMode01.elf"
Flash used: 6912 of 262144 bytes (2.6 %).
SRAM used: 2525 of 65536 bytes (3.9 %). Stack: 2048 bytes. Heap: 128 bytes.
--------------- Build Succeeded: 04/24/2016 16:09:10 ---------------
