ARM GAS  C:\Users\jthem\AppData\Local\Temp\ccBdEQZv.s 			page 1


   1              		.syntax unified
   2              		.cpu cortex-m3
   3              		.fpu softvfp
   4              		.eabi_attribute 20, 1
   5              		.eabi_attribute 21, 1
   6              		.eabi_attribute 23, 3
   7              		.eabi_attribute 24, 1
   8              		.eabi_attribute 25, 1
   9              		.eabi_attribute 26, 1
  10              		.eabi_attribute 30, 6
  11              		.eabi_attribute 34, 1
  12              		.eabi_attribute 18, 4
  13              		.thumb
  14              		.file	"main.c"
  15              		.text
  16              	.Ltext0:
  17              		.cfi_sections	.debug_frame
  18              		.section	.rodata
  19              		.align	2
  20              	.LC0:
  21 0000 4144435F 		.ascii	"ADC_Output\000"
  21      4F757470 
  21      757400
  22 000b 00       		.section	.text.main,"ax",%progbits
  23              		.align	2
  24              		.global	main
  25              		.thumb
  26              		.thumb_func
  27              		.type	main, %function
  28              	main:
  29              	.LFB63:
  30              		.file 1 ".\\main.c"
   1:.\main.c      **** /*******************************************************************************
   2:.\main.c      **** * File Name: main.c
   3:.\main.c      **** *
   4:.\main.c      **** * Version: 2.20
   5:.\main.c      **** *
   6:.\main.c      **** * Description:
   7:.\main.c      **** *   This is a source code for example project of ADC single ended mode.
   8:.\main.c      **** *
   9:.\main.c      **** *   Variable resistor(pot) is connected to +ve input of ADC using the I/O pin.
  10:.\main.c      **** *   P0.0. When voltage to positive terminal of ADC is 0, the output displayed
  11:.\main.c      **** *   on the LCD pannel is 0x0000. As voltage on positive terminal goes on
  12:.\main.c      **** *   increasing, the  converted value goes on increasing from 0x0000 and reaches
  13:.\main.c      **** *   0xFFFF when voltage becomes 1.024V. Futher increase in voltage value,
  14:.\main.c      **** *   doesn't cause any changes to values displayed in the LCD.
  15:.\main.c      **** *
  16:.\main.c      **** * Hardware Connections:
  17:.\main.c      **** *  Connect analog input from Variable resistor to port P0[0] of DVK1 board.
  18:.\main.c      **** *
  19:.\main.c      **** ********************************************************************************
  20:.\main.c      **** * Copyright 2012-2015, Cypress Semiconductor Corporation. All rights reserved.
  21:.\main.c      **** * This software is owned by Cypress Semiconductor Corporation and is protected
  22:.\main.c      **** * by and subject to worldwide patent and copyright laws and treaties.
  23:.\main.c      **** * Therefore, you may use this software only as provided in the license agreement
  24:.\main.c      **** * accompanying the software package from which you obtained this software.
  25:.\main.c      **** * CYPRESS AND ITS SUPPLIERS MAKE NO WARRANTY OF ANY KIND, EXPRESS OR IMPLIED,
ARM GAS  C:\Users\jthem\AppData\Local\Temp\ccBdEQZv.s 			page 2


  26:.\main.c      **** * WITH REGARD TO THIS SOFTWARE, INCLUDING, BUT NOT LIMITED TO, NONINFRINGEMENT,
  27:.\main.c      **** * IMPLIED WARRANTIES OF MERCHANTABILITY AND FITNESS FOR A PARTICULAR PURPOSE.
  28:.\main.c      **** *******************************************************************************/
  29:.\main.c      **** 
  30:.\main.c      **** #include <device.h>
  31:.\main.c      **** 
  32:.\main.c      **** 
  33:.\main.c      **** /*******************************************************************************
  34:.\main.c      **** * Function Name: main
  35:.\main.c      **** ********************************************************************************
  36:.\main.c      **** *
  37:.\main.c      **** * Summary:
  38:.\main.c      **** *  main() performs following functions:
  39:.\main.c      **** *  1: Initializes the LCD
  40:.\main.c      **** *  2: Starts ADC
  41:.\main.c      **** *  3: Starts ADC converstion.
  42:.\main.c      **** *  4: Gets the converted result and displays it in LCD.
  43:.\main.c      **** *
  44:.\main.c      **** * Parameters:
  45:.\main.c      **** *  None.
  46:.\main.c      **** *
  47:.\main.c      **** * Return:
  48:.\main.c      **** *  None.
  49:.\main.c      **** *
  50:.\main.c      **** *******************************************************************************/
  51:.\main.c      **** int main()
  52:.\main.c      **** {
  31              		.loc 1 52 0
  32              		.cfi_startproc
  33              		@ args = 0, pretend = 0, frame = 8
  34              		@ frame_needed = 1, uses_anonymous_args = 0
  35 0000 80B5     		push	{r7, lr}
  36              		.cfi_def_cfa_offset 8
  37              		.cfi_offset 7, -8
  38              		.cfi_offset 14, -4
  39 0002 82B0     		sub	sp, sp, #8
  40              		.cfi_def_cfa_offset 16
  41 0004 00AF     		add	r7, sp, #0
  42              		.cfi_def_cfa_register 7
  53:.\main.c      ****     int16 output;
  54:.\main.c      **** 
  55:.\main.c      ****     /* Start the components */
  56:.\main.c      **** 
  57:.\main.c      ****     LCD_Start();
  43              		.loc 1 57 0
  44 0006 FFF7FEFF 		bl	LCD_Start
  58:.\main.c      ****     ADC_DelSig_1_Start();
  45              		.loc 1 58 0
  46 000a FFF7FEFF 		bl	ADC_DelSig_1_Start
  59:.\main.c      **** 
  60:.\main.c      ****     /* Start the ADC conversion */
  61:.\main.c      ****     ADC_DelSig_1_StartConvert();
  47              		.loc 1 61 0
  48 000e FFF7FEFF 		bl	ADC_DelSig_1_StartConvert
  62:.\main.c      **** 
  63:.\main.c      ****     /* Display the value of ADC output on LCD */
  64:.\main.c      ****     LCD_Position(0u, 0u);
ARM GAS  C:\Users\jthem\AppData\Local\Temp\ccBdEQZv.s 			page 3


  49              		.loc 1 64 0
  50 0012 0020     		movs	r0, #0
  51 0014 0021     		movs	r1, #0
  52 0016 FFF7FEFF 		bl	LCD_Position
  65:.\main.c      ****     LCD_PrintString("ADC_Output");
  53              		.loc 1 65 0
  54 001a 0E48     		ldr	r0, .L5
  55 001c FFF7FEFF 		bl	LCD_PrintString
  56              	.L4:
  66:.\main.c      **** 
  67:.\main.c      ****     for(;;)
  68:.\main.c      ****     {
  69:.\main.c      ****         if(ADC_DelSig_1_IsEndConversion(ADC_DelSig_1_RETURN_STATUS))
  57              		.loc 1 69 0
  58 0020 0120     		movs	r0, #1
  59 0022 FFF7FEFF 		bl	ADC_DelSig_1_IsEndConversion
  60 0026 0346     		mov	r3, r0
  61 0028 002B     		cmp	r3, #0
  62 002a 12D0     		beq	.L2
  70:.\main.c      ****         {
  71:.\main.c      ****             output = ADC_DelSig_1_GetResult16();
  63              		.loc 1 71 0
  64 002c FFF7FEFF 		bl	ADC_DelSig_1_GetResult16
  65 0030 0346     		mov	r3, r0
  66 0032 FB80     		strh	r3, [r7, #6]	@ movhi
  72:.\main.c      ****             
  73:.\main.c      ****             /* Saturate ADC result to positive numbers. */
  74:.\main.c      ****             if(output < 0)
  67              		.loc 1 74 0
  68 0034 B7F90630 		ldrsh	r3, [r7, #6]
  69 0038 002B     		cmp	r3, #0
  70 003a 01DA     		bge	.L3
  75:.\main.c      ****             {
  76:.\main.c      ****                 output = 0;
  71              		.loc 1 76 0
  72 003c 0023     		movs	r3, #0
  73 003e FB80     		strh	r3, [r7, #6]	@ movhi
  74              	.L3:
  77:.\main.c      ****             }
  78:.\main.c      ****             LCD_Position(1u, 0u);
  75              		.loc 1 78 0
  76 0040 0120     		movs	r0, #1
  77 0042 0021     		movs	r1, #0
  78 0044 FFF7FEFF 		bl	LCD_Position
  79:.\main.c      ****             LCD_PrintString(output);
  79              		.loc 1 79 0
  80 0048 B7F90630 		ldrsh	r3, [r7, #6]
  81 004c 1846     		mov	r0, r3
  82 004e FFF7FEFF 		bl	LCD_PrintString
  83              	.L2:
  80:.\main.c      ****         }
  81:.\main.c      ****     }
  84              		.loc 1 81 0
  85 0052 E5E7     		b	.L4
  86              	.L6:
  87              		.align	2
  88              	.L5:
ARM GAS  C:\Users\jthem\AppData\Local\Temp\ccBdEQZv.s 			page 4


  89 0054 00000000 		.word	.LC0
  90              		.cfi_endproc
  91              	.LFE63:
  92              		.size	main, .-main
  93              		.text
  94              	.Letext0:
  95              		.file 2 "c:\\program files (x86)\\cypress\\psoc creator\\3.3\\psoc creator\\import\\gnu\\arm\\4.9.
  96              		.file 3 "c:\\program files (x86)\\cypress\\psoc creator\\3.3\\psoc creator\\import\\gnu\\arm\\4.9.
  97              		.file 4 "Generated_Source\\PSoC5/cytypes.h"
  98              		.file 5 "Generated_Source\\PSoC5/core_cm3.h"
  99              		.section	.debug_info,"",%progbits
 100              	.Ldebug_info0:
 101 0000 DF000000 		.4byte	0xdf
 102 0004 0400     		.2byte	0x4
 103 0006 00000000 		.4byte	.Ldebug_abbrev0
 104 000a 04       		.byte	0x4
 105 000b 01       		.uleb128 0x1
 106 000c CE000000 		.4byte	.LASF16
 107 0010 01       		.byte	0x1
 108 0011 5C010000 		.4byte	.LASF17
 109 0015 21000000 		.4byte	.LASF18
 110 0019 00000000 		.4byte	.Ldebug_ranges0+0
 111 001d 00000000 		.4byte	0
 112 0021 00000000 		.4byte	.Ldebug_line0
 113 0025 02       		.uleb128 0x2
 114 0026 01       		.byte	0x1
 115 0027 06       		.byte	0x6
 116 0028 79010000 		.4byte	.LASF0
 117 002c 02       		.uleb128 0x2
 118 002d 01       		.byte	0x1
 119 002e 08       		.byte	0x8
 120 002f B2000000 		.4byte	.LASF1
 121 0033 02       		.uleb128 0x2
 122 0034 02       		.byte	0x2
 123 0035 05       		.byte	0x5
 124 0036 9B010000 		.4byte	.LASF2
 125 003a 02       		.uleb128 0x2
 126 003b 02       		.byte	0x2
 127 003c 07       		.byte	0x7
 128 003d 0E000000 		.4byte	.LASF3
 129 0041 03       		.uleb128 0x3
 130 0042 85010000 		.4byte	.LASF9
 131 0046 02       		.byte	0x2
 132 0047 3F       		.byte	0x3f
 133 0048 4C000000 		.4byte	0x4c
 134 004c 02       		.uleb128 0x2
 135 004d 04       		.byte	0x4
 136 004e 05       		.byte	0x5
 137 004f C5000000 		.4byte	.LASF4
 138 0053 02       		.uleb128 0x2
 139 0054 04       		.byte	0x4
 140 0055 07       		.byte	0x7
 141 0056 82000000 		.4byte	.LASF5
 142 005a 02       		.uleb128 0x2
 143 005b 08       		.byte	0x8
 144 005c 05       		.byte	0x5
 145 005d 00000000 		.4byte	.LASF6
ARM GAS  C:\Users\jthem\AppData\Local\Temp\ccBdEQZv.s 			page 5


 146 0061 02       		.uleb128 0x2
 147 0062 08       		.byte	0x8
 148 0063 07       		.byte	0x7
 149 0064 94000000 		.4byte	.LASF7
 150 0068 04       		.uleb128 0x4
 151 0069 04       		.byte	0x4
 152 006a 05       		.byte	0x5
 153 006b 696E7400 		.ascii	"int\000"
 154 006f 02       		.uleb128 0x2
 155 0070 04       		.byte	0x4
 156 0071 07       		.byte	0x7
 157 0072 70000000 		.4byte	.LASF8
 158 0076 03       		.uleb128 0x3
 159 0077 A5010000 		.4byte	.LASF10
 160 007b 03       		.byte	0x3
 161 007c 2C       		.byte	0x2c
 162 007d 41000000 		.4byte	0x41
 163 0081 05       		.uleb128 0x5
 164 0082 95010000 		.4byte	.LASF11
 165 0086 04       		.byte	0x4
 166 0087 3C01     		.2byte	0x13c
 167 0089 33000000 		.4byte	0x33
 168 008d 02       		.uleb128 0x2
 169 008e 04       		.byte	0x4
 170 008f 04       		.byte	0x4
 171 0090 8F010000 		.4byte	.LASF12
 172 0094 02       		.uleb128 0x2
 173 0095 08       		.byte	0x8
 174 0096 04       		.byte	0x4
 175 0097 65010000 		.4byte	.LASF13
 176 009b 02       		.uleb128 0x2
 177 009c 01       		.byte	0x1
 178 009d 08       		.byte	0x8
 179 009e C0000000 		.4byte	.LASF14
 180 00a2 02       		.uleb128 0x2
 181 00a3 04       		.byte	0x4
 182 00a4 07       		.byte	0x7
 183 00a5 AD010000 		.4byte	.LASF15
 184 00a9 06       		.uleb128 0x6
 185 00aa 7D000000 		.4byte	.LASF19
 186 00ae 01       		.byte	0x1
 187 00af 33       		.byte	0x33
 188 00b0 68000000 		.4byte	0x68
 189 00b4 00000000 		.4byte	.LFB63
 190 00b8 58000000 		.4byte	.LFE63-.LFB63
 191 00bc 01       		.uleb128 0x1
 192 00bd 9C       		.byte	0x9c
 193 00be D1000000 		.4byte	0xd1
 194 00c2 07       		.uleb128 0x7
 195 00c3 AB000000 		.4byte	.LASF20
 196 00c7 01       		.byte	0x1
 197 00c8 35       		.byte	0x35
 198 00c9 81000000 		.4byte	0x81
 199 00cd 02       		.uleb128 0x2
 200 00ce 91       		.byte	0x91
 201 00cf 76       		.sleb128 -10
 202 00d0 00       		.byte	0
ARM GAS  C:\Users\jthem\AppData\Local\Temp\ccBdEQZv.s 			page 6


 203 00d1 08       		.uleb128 0x8
 204 00d2 6C010000 		.4byte	.LASF21
 205 00d6 05       		.byte	0x5
 206 00d7 5506     		.2byte	0x655
 207 00d9 DD000000 		.4byte	0xdd
 208 00dd 09       		.uleb128 0x9
 209 00de 76000000 		.4byte	0x76
 210 00e2 00       		.byte	0
 211              		.section	.debug_abbrev,"",%progbits
 212              	.Ldebug_abbrev0:
 213 0000 01       		.uleb128 0x1
 214 0001 11       		.uleb128 0x11
 215 0002 01       		.byte	0x1
 216 0003 25       		.uleb128 0x25
 217 0004 0E       		.uleb128 0xe
 218 0005 13       		.uleb128 0x13
 219 0006 0B       		.uleb128 0xb
 220 0007 03       		.uleb128 0x3
 221 0008 0E       		.uleb128 0xe
 222 0009 1B       		.uleb128 0x1b
 223 000a 0E       		.uleb128 0xe
 224 000b 55       		.uleb128 0x55
 225 000c 17       		.uleb128 0x17
 226 000d 11       		.uleb128 0x11
 227 000e 01       		.uleb128 0x1
 228 000f 10       		.uleb128 0x10
 229 0010 17       		.uleb128 0x17
 230 0011 00       		.byte	0
 231 0012 00       		.byte	0
 232 0013 02       		.uleb128 0x2
 233 0014 24       		.uleb128 0x24
 234 0015 00       		.byte	0
 235 0016 0B       		.uleb128 0xb
 236 0017 0B       		.uleb128 0xb
 237 0018 3E       		.uleb128 0x3e
 238 0019 0B       		.uleb128 0xb
 239 001a 03       		.uleb128 0x3
 240 001b 0E       		.uleb128 0xe
 241 001c 00       		.byte	0
 242 001d 00       		.byte	0
 243 001e 03       		.uleb128 0x3
 244 001f 16       		.uleb128 0x16
 245 0020 00       		.byte	0
 246 0021 03       		.uleb128 0x3
 247 0022 0E       		.uleb128 0xe
 248 0023 3A       		.uleb128 0x3a
 249 0024 0B       		.uleb128 0xb
 250 0025 3B       		.uleb128 0x3b
 251 0026 0B       		.uleb128 0xb
 252 0027 49       		.uleb128 0x49
 253 0028 13       		.uleb128 0x13
 254 0029 00       		.byte	0
 255 002a 00       		.byte	0
 256 002b 04       		.uleb128 0x4
 257 002c 24       		.uleb128 0x24
 258 002d 00       		.byte	0
 259 002e 0B       		.uleb128 0xb
ARM GAS  C:\Users\jthem\AppData\Local\Temp\ccBdEQZv.s 			page 7


 260 002f 0B       		.uleb128 0xb
 261 0030 3E       		.uleb128 0x3e
 262 0031 0B       		.uleb128 0xb
 263 0032 03       		.uleb128 0x3
 264 0033 08       		.uleb128 0x8
 265 0034 00       		.byte	0
 266 0035 00       		.byte	0
 267 0036 05       		.uleb128 0x5
 268 0037 16       		.uleb128 0x16
 269 0038 00       		.byte	0
 270 0039 03       		.uleb128 0x3
 271 003a 0E       		.uleb128 0xe
 272 003b 3A       		.uleb128 0x3a
 273 003c 0B       		.uleb128 0xb
 274 003d 3B       		.uleb128 0x3b
 275 003e 05       		.uleb128 0x5
 276 003f 49       		.uleb128 0x49
 277 0040 13       		.uleb128 0x13
 278 0041 00       		.byte	0
 279 0042 00       		.byte	0
 280 0043 06       		.uleb128 0x6
 281 0044 2E       		.uleb128 0x2e
 282 0045 01       		.byte	0x1
 283 0046 3F       		.uleb128 0x3f
 284 0047 19       		.uleb128 0x19
 285 0048 03       		.uleb128 0x3
 286 0049 0E       		.uleb128 0xe
 287 004a 3A       		.uleb128 0x3a
 288 004b 0B       		.uleb128 0xb
 289 004c 3B       		.uleb128 0x3b
 290 004d 0B       		.uleb128 0xb
 291 004e 49       		.uleb128 0x49
 292 004f 13       		.uleb128 0x13
 293 0050 11       		.uleb128 0x11
 294 0051 01       		.uleb128 0x1
 295 0052 12       		.uleb128 0x12
 296 0053 06       		.uleb128 0x6
 297 0054 40       		.uleb128 0x40
 298 0055 18       		.uleb128 0x18
 299 0056 9642     		.uleb128 0x2116
 300 0058 19       		.uleb128 0x19
 301 0059 01       		.uleb128 0x1
 302 005a 13       		.uleb128 0x13
 303 005b 00       		.byte	0
 304 005c 00       		.byte	0
 305 005d 07       		.uleb128 0x7
 306 005e 34       		.uleb128 0x34
 307 005f 00       		.byte	0
 308 0060 03       		.uleb128 0x3
 309 0061 0E       		.uleb128 0xe
 310 0062 3A       		.uleb128 0x3a
 311 0063 0B       		.uleb128 0xb
 312 0064 3B       		.uleb128 0x3b
 313 0065 0B       		.uleb128 0xb
 314 0066 49       		.uleb128 0x49
 315 0067 13       		.uleb128 0x13
 316 0068 02       		.uleb128 0x2
ARM GAS  C:\Users\jthem\AppData\Local\Temp\ccBdEQZv.s 			page 8


 317 0069 18       		.uleb128 0x18
 318 006a 00       		.byte	0
 319 006b 00       		.byte	0
 320 006c 08       		.uleb128 0x8
 321 006d 34       		.uleb128 0x34
 322 006e 00       		.byte	0
 323 006f 03       		.uleb128 0x3
 324 0070 0E       		.uleb128 0xe
 325 0071 3A       		.uleb128 0x3a
 326 0072 0B       		.uleb128 0xb
 327 0073 3B       		.uleb128 0x3b
 328 0074 05       		.uleb128 0x5
 329 0075 49       		.uleb128 0x49
 330 0076 13       		.uleb128 0x13
 331 0077 3F       		.uleb128 0x3f
 332 0078 19       		.uleb128 0x19
 333 0079 3C       		.uleb128 0x3c
 334 007a 19       		.uleb128 0x19
 335 007b 00       		.byte	0
 336 007c 00       		.byte	0
 337 007d 09       		.uleb128 0x9
 338 007e 35       		.uleb128 0x35
 339 007f 00       		.byte	0
 340 0080 49       		.uleb128 0x49
 341 0081 13       		.uleb128 0x13
 342 0082 00       		.byte	0
 343 0083 00       		.byte	0
 344 0084 00       		.byte	0
 345              		.section	.debug_aranges,"",%progbits
 346 0000 1C000000 		.4byte	0x1c
 347 0004 0200     		.2byte	0x2
 348 0006 00000000 		.4byte	.Ldebug_info0
 349 000a 04       		.byte	0x4
 350 000b 00       		.byte	0
 351 000c 0000     		.2byte	0
 352 000e 0000     		.2byte	0
 353 0010 00000000 		.4byte	.LFB63
 354 0014 58000000 		.4byte	.LFE63-.LFB63
 355 0018 00000000 		.4byte	0
 356 001c 00000000 		.4byte	0
 357              		.section	.debug_ranges,"",%progbits
 358              	.Ldebug_ranges0:
 359 0000 00000000 		.4byte	.LFB63
 360 0004 58000000 		.4byte	.LFE63
 361 0008 00000000 		.4byte	0
 362 000c 00000000 		.4byte	0
 363              		.section	.debug_line,"",%progbits
 364              	.Ldebug_line0:
 365 0000 6A010000 		.section	.debug_str,"MS",%progbits,1
 365      02004901 
 365      00000201 
 365      FB0E0D00 
 365      01010101 
 366              	.LASF6:
 367 0000 6C6F6E67 		.ascii	"long long int\000"
 367      206C6F6E 
 367      6720696E 
ARM GAS  C:\Users\jthem\AppData\Local\Temp\ccBdEQZv.s 			page 9


 367      7400
 368              	.LASF3:
 369 000e 73686F72 		.ascii	"short unsigned int\000"
 369      7420756E 
 369      7369676E 
 369      65642069 
 369      6E7400
 370              	.LASF18:
 371 0021 433A5C55 		.ascii	"C:\\Users\\jthem\\Documents\\PSoC Creator\\PWMExamp"
 371      73657273 
 371      5C6A7468 
 371      656D5C44 
 371      6F63756D 
 372 004f 6C653031 		.ascii	"le01\\ADC_SingleEndedMode01.cydsn\000"
 372      5C414443 
 372      5F53696E 
 372      676C6545 
 372      6E646564 
 373              	.LASF8:
 374 0070 756E7369 		.ascii	"unsigned int\000"
 374      676E6564 
 374      20696E74 
 374      00
 375              	.LASF19:
 376 007d 6D61696E 		.ascii	"main\000"
 376      00
 377              	.LASF5:
 378 0082 6C6F6E67 		.ascii	"long unsigned int\000"
 378      20756E73 
 378      69676E65 
 378      6420696E 
 378      7400
 379              	.LASF7:
 380 0094 6C6F6E67 		.ascii	"long long unsigned int\000"
 380      206C6F6E 
 380      6720756E 
 380      7369676E 
 380      65642069 
 381              	.LASF20:
 382 00ab 6F757470 		.ascii	"output\000"
 382      757400
 383              	.LASF1:
 384 00b2 756E7369 		.ascii	"unsigned char\000"
 384      676E6564 
 384      20636861 
 384      7200
 385              	.LASF14:
 386 00c0 63686172 		.ascii	"char\000"
 386      00
 387              	.LASF4:
 388 00c5 6C6F6E67 		.ascii	"long int\000"
 388      20696E74 
 388      00
 389              	.LASF16:
 390 00ce 474E5520 		.ascii	"GNU C 4.9.3 20150303 (release) [ARM/embedded-4_9-br"
 390      4320342E 
 390      392E3320 
ARM GAS  C:\Users\jthem\AppData\Local\Temp\ccBdEQZv.s 			page 10


 390      32303135 
 390      30333033 
 391 0101 616E6368 		.ascii	"anch revision 221220] -mcpu=cortex-m3 -mthumb -g -O"
 391      20726576 
 391      6973696F 
 391      6E203232 
 391      31323230 
 392 0134 30202D66 		.ascii	"0 -ffunction-sections -ffat-lto-objects\000"
 392      66756E63 
 392      74696F6E 
 392      2D736563 
 392      74696F6E 
 393              	.LASF17:
 394 015c 2E5C6D61 		.ascii	".\\main.c\000"
 394      696E2E63 
 394      00
 395              	.LASF13:
 396 0165 646F7562 		.ascii	"double\000"
 396      6C6500
 397              	.LASF21:
 398 016c 49544D5F 		.ascii	"ITM_RxBuffer\000"
 398      52784275 
 398      66666572 
 398      00
 399              	.LASF0:
 400 0179 7369676E 		.ascii	"signed char\000"
 400      65642063 
 400      68617200 
 401              	.LASF9:
 402 0185 5F5F696E 		.ascii	"__int32_t\000"
 402      7433325F 
 402      7400
 403              	.LASF12:
 404 018f 666C6F61 		.ascii	"float\000"
 404      7400
 405              	.LASF11:
 406 0195 696E7431 		.ascii	"int16\000"
 406      3600
 407              	.LASF2:
 408 019b 73686F72 		.ascii	"short int\000"
 408      7420696E 
 408      7400
 409              	.LASF10:
 410 01a5 696E7433 		.ascii	"int32_t\000"
 410      325F7400 
 411              	.LASF15:
 412 01ad 73697A65 		.ascii	"sizetype\000"
 412      74797065 
 412      00
 413              		.ident	"GCC: (GNU Tools for ARM Embedded Processors) 4.9.3 20150303 (release) [ARM/embedded-4_9-br
