ARM GAS  C:\Users\jthem\AppData\Local\Temp\ccuIQu1J.s 			page 1


   1              		.syntax unified
   2              		.cpu cortex-m3
   3              		.fpu softvfp
   4              		.eabi_attribute 20, 1
   5              		.eabi_attribute 21, 1
   6              		.eabi_attribute 23, 3
   7              		.eabi_attribute 24, 1
   8              		.eabi_attribute 25, 1
   9              		.eabi_attribute 26, 1
  10              		.eabi_attribute 30, 4
  11              		.eabi_attribute 34, 1
  12              		.eabi_attribute 18, 4
  13              		.thumb
  14              		.file	"SPIM_PM.c"
  15              		.text
  16              	.Ltext0:
  17              		.cfi_sections	.debug_frame
  18              		.section	.text.SPIM_SaveConfig,"ax",%progbits
  19              		.align	1
  20              		.global	SPIM_SaveConfig
  21              		.thumb
  22              		.thumb_func
  23              		.type	SPIM_SaveConfig, %function
  24              	SPIM_SaveConfig:
  25              	.LFB0:
  26              		.file 1 ".\\Generated_Source\\PSoC5\\SPIM_PM.c"
   1:.\Generated_Source\PSoC5/SPIM_PM.c **** /*******************************************************************************
   2:.\Generated_Source\PSoC5/SPIM_PM.c **** * File Name: SPIM_PM.c
   3:.\Generated_Source\PSoC5/SPIM_PM.c **** * Version 2.50
   4:.\Generated_Source\PSoC5/SPIM_PM.c **** *
   5:.\Generated_Source\PSoC5/SPIM_PM.c **** * Description:
   6:.\Generated_Source\PSoC5/SPIM_PM.c **** *  This file contains the setup, control and status commands to support
   7:.\Generated_Source\PSoC5/SPIM_PM.c **** *  component operations in low power mode.
   8:.\Generated_Source\PSoC5/SPIM_PM.c **** *
   9:.\Generated_Source\PSoC5/SPIM_PM.c **** * Note:
  10:.\Generated_Source\PSoC5/SPIM_PM.c **** *
  11:.\Generated_Source\PSoC5/SPIM_PM.c **** ********************************************************************************
  12:.\Generated_Source\PSoC5/SPIM_PM.c **** * Copyright 2008-2015, Cypress Semiconductor Corporation.  All rights reserved.
  13:.\Generated_Source\PSoC5/SPIM_PM.c **** * You may use this file only in accordance with the license, terms, conditions,
  14:.\Generated_Source\PSoC5/SPIM_PM.c **** * disclaimers, and limitations in the end user license agreement accompanying
  15:.\Generated_Source\PSoC5/SPIM_PM.c **** * the software package with which this file was provided.
  16:.\Generated_Source\PSoC5/SPIM_PM.c **** *******************************************************************************/
  17:.\Generated_Source\PSoC5/SPIM_PM.c **** 
  18:.\Generated_Source\PSoC5/SPIM_PM.c **** #include "SPIM_PVT.h"
  19:.\Generated_Source\PSoC5/SPIM_PM.c **** 
  20:.\Generated_Source\PSoC5/SPIM_PM.c **** static SPIM_BACKUP_STRUCT SPIM_backup =
  21:.\Generated_Source\PSoC5/SPIM_PM.c **** {
  22:.\Generated_Source\PSoC5/SPIM_PM.c ****     SPIM_DISABLED,
  23:.\Generated_Source\PSoC5/SPIM_PM.c ****     SPIM_BITCTR_INIT,
  24:.\Generated_Source\PSoC5/SPIM_PM.c **** };
  25:.\Generated_Source\PSoC5/SPIM_PM.c **** 
  26:.\Generated_Source\PSoC5/SPIM_PM.c **** 
  27:.\Generated_Source\PSoC5/SPIM_PM.c **** /*******************************************************************************
  28:.\Generated_Source\PSoC5/SPIM_PM.c **** * Function Name: SPIM_SaveConfig
  29:.\Generated_Source\PSoC5/SPIM_PM.c **** ********************************************************************************
  30:.\Generated_Source\PSoC5/SPIM_PM.c **** *
  31:.\Generated_Source\PSoC5/SPIM_PM.c **** * Summary:
ARM GAS  C:\Users\jthem\AppData\Local\Temp\ccuIQu1J.s 			page 2


  32:.\Generated_Source\PSoC5/SPIM_PM.c **** *  Empty function. Included for consistency with other components.
  33:.\Generated_Source\PSoC5/SPIM_PM.c **** *
  34:.\Generated_Source\PSoC5/SPIM_PM.c **** * Parameters:
  35:.\Generated_Source\PSoC5/SPIM_PM.c **** *  None.
  36:.\Generated_Source\PSoC5/SPIM_PM.c **** *
  37:.\Generated_Source\PSoC5/SPIM_PM.c **** * Return:
  38:.\Generated_Source\PSoC5/SPIM_PM.c **** *  None.
  39:.\Generated_Source\PSoC5/SPIM_PM.c **** *
  40:.\Generated_Source\PSoC5/SPIM_PM.c **** *******************************************************************************/
  41:.\Generated_Source\PSoC5/SPIM_PM.c **** void SPIM_SaveConfig(void) 
  42:.\Generated_Source\PSoC5/SPIM_PM.c **** {
  27              		.loc 1 42 0
  28              		.cfi_startproc
  29              		@ args = 0, pretend = 0, frame = 0
  30              		@ frame_needed = 0, uses_anonymous_args = 0
  31              		@ link register save eliminated.
  32 0000 7047     		bx	lr
  33              		.cfi_endproc
  34              	.LFE0:
  35              		.size	SPIM_SaveConfig, .-SPIM_SaveConfig
  36              		.section	.text.SPIM_RestoreConfig,"ax",%progbits
  37              		.align	1
  38              		.global	SPIM_RestoreConfig
  39              		.thumb
  40              		.thumb_func
  41              		.type	SPIM_RestoreConfig, %function
  42              	SPIM_RestoreConfig:
  43              	.LFB1:
  43:.\Generated_Source\PSoC5/SPIM_PM.c **** 
  44:.\Generated_Source\PSoC5/SPIM_PM.c **** }
  45:.\Generated_Source\PSoC5/SPIM_PM.c **** 
  46:.\Generated_Source\PSoC5/SPIM_PM.c **** 
  47:.\Generated_Source\PSoC5/SPIM_PM.c **** /*******************************************************************************
  48:.\Generated_Source\PSoC5/SPIM_PM.c **** * Function Name: SPIM_RestoreConfig
  49:.\Generated_Source\PSoC5/SPIM_PM.c **** ********************************************************************************
  50:.\Generated_Source\PSoC5/SPIM_PM.c **** *
  51:.\Generated_Source\PSoC5/SPIM_PM.c **** * Summary:
  52:.\Generated_Source\PSoC5/SPIM_PM.c **** *  Empty function. Included for consistency with other components.
  53:.\Generated_Source\PSoC5/SPIM_PM.c **** *
  54:.\Generated_Source\PSoC5/SPIM_PM.c **** * Parameters:
  55:.\Generated_Source\PSoC5/SPIM_PM.c **** *  None.
  56:.\Generated_Source\PSoC5/SPIM_PM.c **** *
  57:.\Generated_Source\PSoC5/SPIM_PM.c **** * Return:
  58:.\Generated_Source\PSoC5/SPIM_PM.c **** *  None.
  59:.\Generated_Source\PSoC5/SPIM_PM.c **** *
  60:.\Generated_Source\PSoC5/SPIM_PM.c **** *******************************************************************************/
  61:.\Generated_Source\PSoC5/SPIM_PM.c **** void SPIM_RestoreConfig(void) 
  62:.\Generated_Source\PSoC5/SPIM_PM.c **** {
  44              		.loc 1 62 0
  45              		.cfi_startproc
  46              		@ args = 0, pretend = 0, frame = 0
  47              		@ frame_needed = 0, uses_anonymous_args = 0
  48              		@ link register save eliminated.
  49 0000 7047     		bx	lr
  50              		.cfi_endproc
  51              	.LFE1:
  52              		.size	SPIM_RestoreConfig, .-SPIM_RestoreConfig
ARM GAS  C:\Users\jthem\AppData\Local\Temp\ccuIQu1J.s 			page 3


  53              		.section	.text.SPIM_Sleep,"ax",%progbits
  54              		.align	1
  55              		.global	SPIM_Sleep
  56              		.thumb
  57              		.thumb_func
  58              		.type	SPIM_Sleep, %function
  59              	SPIM_Sleep:
  60              	.LFB2:
  63:.\Generated_Source\PSoC5/SPIM_PM.c **** 
  64:.\Generated_Source\PSoC5/SPIM_PM.c **** }
  65:.\Generated_Source\PSoC5/SPIM_PM.c **** 
  66:.\Generated_Source\PSoC5/SPIM_PM.c **** 
  67:.\Generated_Source\PSoC5/SPIM_PM.c **** /*******************************************************************************
  68:.\Generated_Source\PSoC5/SPIM_PM.c **** * Function Name: SPIM_Sleep
  69:.\Generated_Source\PSoC5/SPIM_PM.c **** ********************************************************************************
  70:.\Generated_Source\PSoC5/SPIM_PM.c **** *
  71:.\Generated_Source\PSoC5/SPIM_PM.c **** * Summary:
  72:.\Generated_Source\PSoC5/SPIM_PM.c **** *  Prepare SPIM Component goes to sleep.
  73:.\Generated_Source\PSoC5/SPIM_PM.c **** *
  74:.\Generated_Source\PSoC5/SPIM_PM.c **** * Parameters:
  75:.\Generated_Source\PSoC5/SPIM_PM.c **** *  None.
  76:.\Generated_Source\PSoC5/SPIM_PM.c **** *
  77:.\Generated_Source\PSoC5/SPIM_PM.c **** * Return:
  78:.\Generated_Source\PSoC5/SPIM_PM.c **** *  None.
  79:.\Generated_Source\PSoC5/SPIM_PM.c **** *
  80:.\Generated_Source\PSoC5/SPIM_PM.c **** * Global Variables:
  81:.\Generated_Source\PSoC5/SPIM_PM.c **** *  SPIM_backup - modified when non-retention registers are saved.
  82:.\Generated_Source\PSoC5/SPIM_PM.c **** *
  83:.\Generated_Source\PSoC5/SPIM_PM.c **** * Reentrant:
  84:.\Generated_Source\PSoC5/SPIM_PM.c **** *  No.
  85:.\Generated_Source\PSoC5/SPIM_PM.c **** *
  86:.\Generated_Source\PSoC5/SPIM_PM.c **** *******************************************************************************/
  87:.\Generated_Source\PSoC5/SPIM_PM.c **** void SPIM_Sleep(void) 
  88:.\Generated_Source\PSoC5/SPIM_PM.c **** {
  61              		.loc 1 88 0
  62              		.cfi_startproc
  63              		@ args = 0, pretend = 0, frame = 0
  64              		@ frame_needed = 0, uses_anonymous_args = 0
  65              		@ link register save eliminated.
  89:.\Generated_Source\PSoC5/SPIM_PM.c ****     /* Save components enable state */
  90:.\Generated_Source\PSoC5/SPIM_PM.c ****     SPIM_backup.enableState = ((uint8) SPIM_IS_ENABLED);
  66              		.loc 1 90 0
  67 0000 034B     		ldr	r3, .L4
  68 0002 044A     		ldr	r2, .L4+4
  69 0004 1B78     		ldrb	r3, [r3]	@ zero_extendqisi2
  70 0006 C3F30013 		ubfx	r3, r3, #4, #1
  71 000a 1370     		strb	r3, [r2]
  91:.\Generated_Source\PSoC5/SPIM_PM.c **** 
  92:.\Generated_Source\PSoC5/SPIM_PM.c ****     SPIM_Stop();
  72              		.loc 1 92 0
  73 000c FFF7FEBF 		b	SPIM_Stop
  74              	.LVL0:
  75              	.L5:
  76              		.align	2
  77              	.L4:
  78 0010 95650040 		.word	1073767829
  79 0014 00000000 		.word	.LANCHOR0
ARM GAS  C:\Users\jthem\AppData\Local\Temp\ccuIQu1J.s 			page 4


  80              		.cfi_endproc
  81              	.LFE2:
  82              		.size	SPIM_Sleep, .-SPIM_Sleep
  83              		.section	.text.SPIM_Wakeup,"ax",%progbits
  84              		.align	1
  85              		.global	SPIM_Wakeup
  86              		.thumb
  87              		.thumb_func
  88              		.type	SPIM_Wakeup, %function
  89              	SPIM_Wakeup:
  90              	.LFB3:
  93:.\Generated_Source\PSoC5/SPIM_PM.c **** }
  94:.\Generated_Source\PSoC5/SPIM_PM.c **** 
  95:.\Generated_Source\PSoC5/SPIM_PM.c **** 
  96:.\Generated_Source\PSoC5/SPIM_PM.c **** /*******************************************************************************
  97:.\Generated_Source\PSoC5/SPIM_PM.c **** * Function Name: SPIM_Wakeup
  98:.\Generated_Source\PSoC5/SPIM_PM.c **** ********************************************************************************
  99:.\Generated_Source\PSoC5/SPIM_PM.c **** *
 100:.\Generated_Source\PSoC5/SPIM_PM.c **** * Summary:
 101:.\Generated_Source\PSoC5/SPIM_PM.c **** *  Prepare SPIM Component to wake up.
 102:.\Generated_Source\PSoC5/SPIM_PM.c **** *
 103:.\Generated_Source\PSoC5/SPIM_PM.c **** * Parameters:
 104:.\Generated_Source\PSoC5/SPIM_PM.c **** *  None.
 105:.\Generated_Source\PSoC5/SPIM_PM.c **** *
 106:.\Generated_Source\PSoC5/SPIM_PM.c **** * Return:
 107:.\Generated_Source\PSoC5/SPIM_PM.c **** *  None.
 108:.\Generated_Source\PSoC5/SPIM_PM.c **** *
 109:.\Generated_Source\PSoC5/SPIM_PM.c **** * Global Variables:
 110:.\Generated_Source\PSoC5/SPIM_PM.c **** *  SPIM_backup - used when non-retention registers are restored.
 111:.\Generated_Source\PSoC5/SPIM_PM.c **** *  SPIM_txBufferWrite - modified every function call - resets to
 112:.\Generated_Source\PSoC5/SPIM_PM.c **** *  zero.
 113:.\Generated_Source\PSoC5/SPIM_PM.c **** *  SPIM_txBufferRead - modified every function call - resets to
 114:.\Generated_Source\PSoC5/SPIM_PM.c **** *  zero.
 115:.\Generated_Source\PSoC5/SPIM_PM.c **** *  SPIM_rxBufferWrite - modified every function call - resets to
 116:.\Generated_Source\PSoC5/SPIM_PM.c **** *  zero.
 117:.\Generated_Source\PSoC5/SPIM_PM.c **** *  SPIM_rxBufferRead - modified every function call - resets to
 118:.\Generated_Source\PSoC5/SPIM_PM.c **** *  zero.
 119:.\Generated_Source\PSoC5/SPIM_PM.c **** *
 120:.\Generated_Source\PSoC5/SPIM_PM.c **** * Reentrant:
 121:.\Generated_Source\PSoC5/SPIM_PM.c **** *  No.
 122:.\Generated_Source\PSoC5/SPIM_PM.c **** *
 123:.\Generated_Source\PSoC5/SPIM_PM.c **** *******************************************************************************/
 124:.\Generated_Source\PSoC5/SPIM_PM.c **** void SPIM_Wakeup(void) 
 125:.\Generated_Source\PSoC5/SPIM_PM.c **** {
  91              		.loc 1 125 0
  92              		.cfi_startproc
  93              		@ args = 0, pretend = 0, frame = 0
  94              		@ frame_needed = 0, uses_anonymous_args = 0
 126:.\Generated_Source\PSoC5/SPIM_PM.c ****     #if(SPIM_RX_SOFTWARE_BUF_ENABLED)
 127:.\Generated_Source\PSoC5/SPIM_PM.c ****         SPIM_rxBufferFull  = 0u;
  95              		.loc 1 127 0
  96 0000 0B4A     		ldr	r2, .L9
 125:.\Generated_Source\PSoC5/SPIM_PM.c ****     #if(SPIM_RX_SOFTWARE_BUF_ENABLED)
  97              		.loc 1 125 0
  98 0002 08B5     		push	{r3, lr}
  99              		.cfi_def_cfa_offset 8
 100              		.cfi_offset 3, -8
ARM GAS  C:\Users\jthem\AppData\Local\Temp\ccuIQu1J.s 			page 5


 101              		.cfi_offset 14, -4
 102              		.loc 1 127 0
 103 0004 0023     		movs	r3, #0
 104 0006 1370     		strb	r3, [r2]
 128:.\Generated_Source\PSoC5/SPIM_PM.c ****         SPIM_rxBufferRead  = 0u;
 105              		.loc 1 128 0
 106 0008 0A4A     		ldr	r2, .L9+4
 107 000a 1370     		strb	r3, [r2]
 129:.\Generated_Source\PSoC5/SPIM_PM.c ****         SPIM_rxBufferWrite = 0u;
 108              		.loc 1 129 0
 109 000c 0A4A     		ldr	r2, .L9+8
 110 000e 1370     		strb	r3, [r2]
 130:.\Generated_Source\PSoC5/SPIM_PM.c ****     #endif /* (SPIM_RX_SOFTWARE_BUF_ENABLED) */
 131:.\Generated_Source\PSoC5/SPIM_PM.c **** 
 132:.\Generated_Source\PSoC5/SPIM_PM.c ****     #if(SPIM_TX_SOFTWARE_BUF_ENABLED)
 133:.\Generated_Source\PSoC5/SPIM_PM.c ****         SPIM_txBufferFull  = 0u;
 111              		.loc 1 133 0
 112 0010 0A4A     		ldr	r2, .L9+12
 113 0012 1370     		strb	r3, [r2]
 134:.\Generated_Source\PSoC5/SPIM_PM.c ****         SPIM_txBufferRead  = 0u;
 114              		.loc 1 134 0
 115 0014 0A4A     		ldr	r2, .L9+16
 116 0016 1370     		strb	r3, [r2]
 135:.\Generated_Source\PSoC5/SPIM_PM.c ****         SPIM_txBufferWrite = 0u;
 117              		.loc 1 135 0
 118 0018 0A4A     		ldr	r2, .L9+20
 119 001a 1370     		strb	r3, [r2]
 136:.\Generated_Source\PSoC5/SPIM_PM.c ****     #endif /* (SPIM_TX_SOFTWARE_BUF_ENABLED) */
 137:.\Generated_Source\PSoC5/SPIM_PM.c **** 
 138:.\Generated_Source\PSoC5/SPIM_PM.c ****     /* Clear any data from the RX and TX FIFO */
 139:.\Generated_Source\PSoC5/SPIM_PM.c ****     SPIM_ClearFIFO();
 120              		.loc 1 139 0
 121 001c FFF7FEFF 		bl	SPIM_ClearFIFO
 122              	.LVL1:
 140:.\Generated_Source\PSoC5/SPIM_PM.c **** 
 141:.\Generated_Source\PSoC5/SPIM_PM.c ****     /* Restore components block enable state */
 142:.\Generated_Source\PSoC5/SPIM_PM.c ****     if(0u != SPIM_backup.enableState)
 123              		.loc 1 142 0
 124 0020 094B     		ldr	r3, .L9+24
 125 0022 1B78     		ldrb	r3, [r3]	@ zero_extendqisi2
 126 0024 1BB1     		cbz	r3, .L6
 143:.\Generated_Source\PSoC5/SPIM_PM.c ****     {
 144:.\Generated_Source\PSoC5/SPIM_PM.c ****         SPIM_Enable();
 145:.\Generated_Source\PSoC5/SPIM_PM.c ****     }
 146:.\Generated_Source\PSoC5/SPIM_PM.c **** }
 127              		.loc 1 146 0
 128 0026 BDE80840 		pop	{r3, lr}
 129              		.cfi_remember_state
 130              		.cfi_restore 14
 131              		.cfi_restore 3
 132              		.cfi_def_cfa_offset 0
 144:.\Generated_Source\PSoC5/SPIM_PM.c ****     }
 133              		.loc 1 144 0
 134 002a FFF7FEBF 		b	SPIM_Enable
 135              	.LVL2:
 136              	.L6:
 137              		.cfi_restore_state
ARM GAS  C:\Users\jthem\AppData\Local\Temp\ccuIQu1J.s 			page 6


 138 002e 08BD     		pop	{r3, pc}
 139              	.L10:
 140              		.align	2
 141              	.L9:
 142 0030 00000000 		.word	SPIM_rxBufferFull
 143 0034 00000000 		.word	SPIM_rxBufferRead
 144 0038 00000000 		.word	SPIM_rxBufferWrite
 145 003c 00000000 		.word	SPIM_txBufferFull
 146 0040 00000000 		.word	SPIM_txBufferRead
 147 0044 00000000 		.word	SPIM_txBufferWrite
 148 0048 00000000 		.word	.LANCHOR0
 149              		.cfi_endproc
 150              	.LFE3:
 151              		.size	SPIM_Wakeup, .-SPIM_Wakeup
 152              		.data
 153              		.set	.LANCHOR0,. + 0
 154              		.type	SPIM_backup, %object
 155              		.size	SPIM_backup, 2
 156              	SPIM_backup:
 157 0000 00       		.byte	0
 158 0001 0F       		.byte	15
 159              		.text
 160              	.Letext0:
 161              		.file 2 ".\\Generated_Source\\PSoC5\\cytypes.h"
 162              		.file 3 ".\\Generated_Source\\PSoC5\\SPIM.h"
 163              		.file 4 ".\\Generated_Source\\PSoC5\\SPIM_PVT.h"
 164              		.section	.debug_info,"",%progbits
 165              	.Ldebug_info0:
 166 0000 9E010000 		.4byte	0x19e
 167 0004 0400     		.2byte	0x4
 168 0006 00000000 		.4byte	.Ldebug_abbrev0
 169 000a 04       		.byte	0x4
 170 000b 01       		.uleb128 0x1
 171 000c C8010000 		.4byte	.LASF31
 172 0010 01       		.byte	0x1
 173 0011 4C010000 		.4byte	.LASF32
 174 0015 0C000000 		.4byte	.LASF33
 175 0019 00000000 		.4byte	.Ldebug_ranges0+0
 176 001d 00000000 		.4byte	0
 177 0021 00000000 		.4byte	.Ldebug_line0
 178 0025 02       		.uleb128 0x2
 179 0026 01       		.byte	0x1
 180 0027 06       		.byte	0x6
 181 0028 75020000 		.4byte	.LASF0
 182 002c 02       		.uleb128 0x2
 183 002d 01       		.byte	0x1
 184 002e 08       		.byte	0x8
 185 002f C7000000 		.4byte	.LASF1
 186 0033 02       		.uleb128 0x2
 187 0034 02       		.byte	0x2
 188 0035 05       		.byte	0x5
 189 0036 B2010000 		.4byte	.LASF2
 190 003a 02       		.uleb128 0x2
 191 003b 02       		.byte	0x2
 192 003c 07       		.byte	0x7
 193 003d 65000000 		.4byte	.LASF3
 194 0041 02       		.uleb128 0x2
ARM GAS  C:\Users\jthem\AppData\Local\Temp\ccuIQu1J.s 			page 7


 195 0042 04       		.byte	0x4
 196 0043 05       		.byte	0x5
 197 0044 56020000 		.4byte	.LASF4
 198 0048 02       		.uleb128 0x2
 199 0049 04       		.byte	0x4
 200 004a 07       		.byte	0x7
 201 004b E7000000 		.4byte	.LASF5
 202 004f 02       		.uleb128 0x2
 203 0050 08       		.byte	0x8
 204 0051 05       		.byte	0x5
 205 0052 90010000 		.4byte	.LASF6
 206 0056 02       		.uleb128 0x2
 207 0057 08       		.byte	0x8
 208 0058 07       		.byte	0x7
 209 0059 35010000 		.4byte	.LASF7
 210 005d 03       		.uleb128 0x3
 211 005e 04       		.byte	0x4
 212 005f 05       		.byte	0x5
 213 0060 696E7400 		.ascii	"int\000"
 214 0064 02       		.uleb128 0x2
 215 0065 04       		.byte	0x4
 216 0066 07       		.byte	0x7
 217 0067 28010000 		.4byte	.LASF8
 218 006b 04       		.uleb128 0x4
 219 006c F9000000 		.4byte	.LASF12
 220 0070 02       		.byte	0x2
 221 0071 3801     		.2byte	0x138
 222 0073 2C000000 		.4byte	0x2c
 223 0077 02       		.uleb128 0x2
 224 0078 04       		.byte	0x4
 225 0079 04       		.byte	0x4
 226 007a AF000000 		.4byte	.LASF9
 227 007e 02       		.uleb128 0x2
 228 007f 08       		.byte	0x8
 229 0080 04       		.byte	0x4
 230 0081 0A010000 		.4byte	.LASF10
 231 0085 02       		.uleb128 0x2
 232 0086 01       		.byte	0x1
 233 0087 08       		.byte	0x8
 234 0088 9E010000 		.4byte	.LASF11
 235 008c 04       		.uleb128 0x4
 236 008d 82010000 		.4byte	.LASF13
 237 0091 02       		.byte	0x2
 238 0092 E201     		.2byte	0x1e2
 239 0094 98000000 		.4byte	0x98
 240 0098 05       		.uleb128 0x5
 241 0099 6B000000 		.4byte	0x6b
 242 009d 02       		.uleb128 0x2
 243 009e 04       		.byte	0x4
 244 009f 07       		.byte	0x7
 245 00a0 87010000 		.4byte	.LASF14
 246 00a4 06       		.uleb128 0x6
 247 00a5 02       		.byte	0x2
 248 00a6 03       		.byte	0x3
 249 00a7 46       		.byte	0x46
 250 00a8 C5000000 		.4byte	0xc5
 251 00ac 07       		.uleb128 0x7
ARM GAS  C:\Users\jthem\AppData\Local\Temp\ccuIQu1J.s 			page 8


 252 00ad 1C010000 		.4byte	.LASF15
 253 00b1 03       		.byte	0x3
 254 00b2 48       		.byte	0x48
 255 00b3 6B000000 		.4byte	0x6b
 256 00b7 00       		.byte	0
 257 00b8 07       		.uleb128 0x7
 258 00b9 11010000 		.4byte	.LASF16
 259 00bd 03       		.byte	0x3
 260 00be 49       		.byte	0x49
 261 00bf 6B000000 		.4byte	0x6b
 262 00c3 01       		.byte	0x1
 263 00c4 00       		.byte	0
 264 00c5 08       		.uleb128 0x8
 265 00c6 78000000 		.4byte	.LASF17
 266 00ca 03       		.byte	0x3
 267 00cb 4A       		.byte	0x4a
 268 00cc A4000000 		.4byte	0xa4
 269 00d0 09       		.uleb128 0x9
 270 00d1 81020000 		.4byte	.LASF18
 271 00d5 01       		.byte	0x1
 272 00d6 29       		.byte	0x29
 273 00d7 00000000 		.4byte	.LFB0
 274 00db 02000000 		.4byte	.LFE0-.LFB0
 275 00df 01       		.uleb128 0x1
 276 00e0 9C       		.byte	0x9c
 277 00e1 09       		.uleb128 0x9
 278 00e2 52000000 		.4byte	.LASF19
 279 00e6 01       		.byte	0x1
 280 00e7 3D       		.byte	0x3d
 281 00e8 00000000 		.4byte	.LFB1
 282 00ec 02000000 		.4byte	.LFE1-.LFB1
 283 00f0 01       		.uleb128 0x1
 284 00f1 9C       		.byte	0x9c
 285 00f2 0A       		.uleb128 0xa
 286 00f3 FF000000 		.4byte	.LASF20
 287 00f7 01       		.byte	0x1
 288 00f8 57       		.byte	0x57
 289 00f9 00000000 		.4byte	.LFB2
 290 00fd 18000000 		.4byte	.LFE2-.LFB2
 291 0101 01       		.uleb128 0x1
 292 0102 9C       		.byte	0x9c
 293 0103 11010000 		.4byte	0x111
 294 0107 0B       		.uleb128 0xb
 295 0108 10000000 		.4byte	.LVL0
 296 010c 8C010000 		.4byte	0x18c
 297 0110 00       		.byte	0
 298 0111 0A       		.uleb128 0xa
 299 0112 BC010000 		.4byte	.LASF21
 300 0116 01       		.byte	0x1
 301 0117 7C       		.byte	0x7c
 302 0118 00000000 		.4byte	.LFB3
 303 011c 4C000000 		.4byte	.LFE3-.LFB3
 304 0120 01       		.uleb128 0x1
 305 0121 9C       		.byte	0x9c
 306 0122 39010000 		.4byte	0x139
 307 0126 0C       		.uleb128 0xc
 308 0127 20000000 		.4byte	.LVL1
ARM GAS  C:\Users\jthem\AppData\Local\Temp\ccuIQu1J.s 			page 9


 309 012b 93010000 		.4byte	0x193
 310 012f 0B       		.uleb128 0xb
 311 0130 2E000000 		.4byte	.LVL2
 312 0134 9A010000 		.4byte	0x19a
 313 0138 00       		.byte	0
 314 0139 0D       		.uleb128 0xd
 315 013a 00000000 		.4byte	.LASF34
 316 013e 01       		.byte	0x1
 317 013f 14       		.byte	0x14
 318 0140 C5000000 		.4byte	0xc5
 319 0144 05       		.uleb128 0x5
 320 0145 03       		.byte	0x3
 321 0146 00000000 		.4byte	SPIM_backup
 322 014a 0E       		.uleb128 0xe
 323 014b D5000000 		.4byte	.LASF22
 324 014f 04       		.byte	0x4
 325 0150 26       		.byte	0x26
 326 0151 98000000 		.4byte	0x98
 327 0155 0E       		.uleb128 0xe
 328 0156 91020000 		.4byte	.LASF23
 329 015a 04       		.byte	0x4
 330 015b 27       		.byte	0x27
 331 015c 98000000 		.4byte	0x98
 332 0160 0E       		.uleb128 0xe
 333 0161 8B000000 		.4byte	.LASF24
 334 0165 04       		.byte	0x4
 335 0166 28       		.byte	0x28
 336 0167 98000000 		.4byte	0x98
 337 016b 0E       		.uleb128 0xe
 338 016c B5000000 		.4byte	.LASF25
 339 0170 04       		.byte	0x4
 340 0171 2D       		.byte	0x2d
 341 0172 98000000 		.4byte	0x98
 342 0176 0E       		.uleb128 0xe
 343 0177 6F010000 		.4byte	.LASF26
 344 017b 04       		.byte	0x4
 345 017c 2E       		.byte	0x2e
 346 017d 98000000 		.4byte	0x98
 347 0181 0E       		.uleb128 0xe
 348 0182 9D000000 		.4byte	.LASF27
 349 0186 04       		.byte	0x4
 350 0187 2F       		.byte	0x2f
 351 0188 98000000 		.4byte	0x98
 352 018c 0F       		.uleb128 0xf
 353 018d 6B020000 		.4byte	.LASF28
 354 0191 03       		.byte	0x3
 355 0192 54       		.byte	0x54
 356 0193 0F       		.uleb128 0xf
 357 0194 A3010000 		.4byte	.LASF29
 358 0198 03       		.byte	0x3
 359 0199 6C       		.byte	0x6c
 360 019a 0F       		.uleb128 0xf
 361 019b 5F020000 		.4byte	.LASF30
 362 019f 03       		.byte	0x3
 363 01a0 52       		.byte	0x52
 364 01a1 00       		.byte	0
 365              		.section	.debug_abbrev,"",%progbits
ARM GAS  C:\Users\jthem\AppData\Local\Temp\ccuIQu1J.s 			page 10


 366              	.Ldebug_abbrev0:
 367 0000 01       		.uleb128 0x1
 368 0001 11       		.uleb128 0x11
 369 0002 01       		.byte	0x1
 370 0003 25       		.uleb128 0x25
 371 0004 0E       		.uleb128 0xe
 372 0005 13       		.uleb128 0x13
 373 0006 0B       		.uleb128 0xb
 374 0007 03       		.uleb128 0x3
 375 0008 0E       		.uleb128 0xe
 376 0009 1B       		.uleb128 0x1b
 377 000a 0E       		.uleb128 0xe
 378 000b 55       		.uleb128 0x55
 379 000c 17       		.uleb128 0x17
 380 000d 11       		.uleb128 0x11
 381 000e 01       		.uleb128 0x1
 382 000f 10       		.uleb128 0x10
 383 0010 17       		.uleb128 0x17
 384 0011 00       		.byte	0
 385 0012 00       		.byte	0
 386 0013 02       		.uleb128 0x2
 387 0014 24       		.uleb128 0x24
 388 0015 00       		.byte	0
 389 0016 0B       		.uleb128 0xb
 390 0017 0B       		.uleb128 0xb
 391 0018 3E       		.uleb128 0x3e
 392 0019 0B       		.uleb128 0xb
 393 001a 03       		.uleb128 0x3
 394 001b 0E       		.uleb128 0xe
 395 001c 00       		.byte	0
 396 001d 00       		.byte	0
 397 001e 03       		.uleb128 0x3
 398 001f 24       		.uleb128 0x24
 399 0020 00       		.byte	0
 400 0021 0B       		.uleb128 0xb
 401 0022 0B       		.uleb128 0xb
 402 0023 3E       		.uleb128 0x3e
 403 0024 0B       		.uleb128 0xb
 404 0025 03       		.uleb128 0x3
 405 0026 08       		.uleb128 0x8
 406 0027 00       		.byte	0
 407 0028 00       		.byte	0
 408 0029 04       		.uleb128 0x4
 409 002a 16       		.uleb128 0x16
 410 002b 00       		.byte	0
 411 002c 03       		.uleb128 0x3
 412 002d 0E       		.uleb128 0xe
 413 002e 3A       		.uleb128 0x3a
 414 002f 0B       		.uleb128 0xb
 415 0030 3B       		.uleb128 0x3b
 416 0031 05       		.uleb128 0x5
 417 0032 49       		.uleb128 0x49
 418 0033 13       		.uleb128 0x13
 419 0034 00       		.byte	0
 420 0035 00       		.byte	0
 421 0036 05       		.uleb128 0x5
 422 0037 35       		.uleb128 0x35
ARM GAS  C:\Users\jthem\AppData\Local\Temp\ccuIQu1J.s 			page 11


 423 0038 00       		.byte	0
 424 0039 49       		.uleb128 0x49
 425 003a 13       		.uleb128 0x13
 426 003b 00       		.byte	0
 427 003c 00       		.byte	0
 428 003d 06       		.uleb128 0x6
 429 003e 13       		.uleb128 0x13
 430 003f 01       		.byte	0x1
 431 0040 0B       		.uleb128 0xb
 432 0041 0B       		.uleb128 0xb
 433 0042 3A       		.uleb128 0x3a
 434 0043 0B       		.uleb128 0xb
 435 0044 3B       		.uleb128 0x3b
 436 0045 0B       		.uleb128 0xb
 437 0046 01       		.uleb128 0x1
 438 0047 13       		.uleb128 0x13
 439 0048 00       		.byte	0
 440 0049 00       		.byte	0
 441 004a 07       		.uleb128 0x7
 442 004b 0D       		.uleb128 0xd
 443 004c 00       		.byte	0
 444 004d 03       		.uleb128 0x3
 445 004e 0E       		.uleb128 0xe
 446 004f 3A       		.uleb128 0x3a
 447 0050 0B       		.uleb128 0xb
 448 0051 3B       		.uleb128 0x3b
 449 0052 0B       		.uleb128 0xb
 450 0053 49       		.uleb128 0x49
 451 0054 13       		.uleb128 0x13
 452 0055 38       		.uleb128 0x38
 453 0056 0B       		.uleb128 0xb
 454 0057 00       		.byte	0
 455 0058 00       		.byte	0
 456 0059 08       		.uleb128 0x8
 457 005a 16       		.uleb128 0x16
 458 005b 00       		.byte	0
 459 005c 03       		.uleb128 0x3
 460 005d 0E       		.uleb128 0xe
 461 005e 3A       		.uleb128 0x3a
 462 005f 0B       		.uleb128 0xb
 463 0060 3B       		.uleb128 0x3b
 464 0061 0B       		.uleb128 0xb
 465 0062 49       		.uleb128 0x49
 466 0063 13       		.uleb128 0x13
 467 0064 00       		.byte	0
 468 0065 00       		.byte	0
 469 0066 09       		.uleb128 0x9
 470 0067 2E       		.uleb128 0x2e
 471 0068 00       		.byte	0
 472 0069 3F       		.uleb128 0x3f
 473 006a 19       		.uleb128 0x19
 474 006b 03       		.uleb128 0x3
 475 006c 0E       		.uleb128 0xe
 476 006d 3A       		.uleb128 0x3a
 477 006e 0B       		.uleb128 0xb
 478 006f 3B       		.uleb128 0x3b
 479 0070 0B       		.uleb128 0xb
ARM GAS  C:\Users\jthem\AppData\Local\Temp\ccuIQu1J.s 			page 12


 480 0071 27       		.uleb128 0x27
 481 0072 19       		.uleb128 0x19
 482 0073 11       		.uleb128 0x11
 483 0074 01       		.uleb128 0x1
 484 0075 12       		.uleb128 0x12
 485 0076 06       		.uleb128 0x6
 486 0077 40       		.uleb128 0x40
 487 0078 18       		.uleb128 0x18
 488 0079 9742     		.uleb128 0x2117
 489 007b 19       		.uleb128 0x19
 490 007c 00       		.byte	0
 491 007d 00       		.byte	0
 492 007e 0A       		.uleb128 0xa
 493 007f 2E       		.uleb128 0x2e
 494 0080 01       		.byte	0x1
 495 0081 3F       		.uleb128 0x3f
 496 0082 19       		.uleb128 0x19
 497 0083 03       		.uleb128 0x3
 498 0084 0E       		.uleb128 0xe
 499 0085 3A       		.uleb128 0x3a
 500 0086 0B       		.uleb128 0xb
 501 0087 3B       		.uleb128 0x3b
 502 0088 0B       		.uleb128 0xb
 503 0089 27       		.uleb128 0x27
 504 008a 19       		.uleb128 0x19
 505 008b 11       		.uleb128 0x11
 506 008c 01       		.uleb128 0x1
 507 008d 12       		.uleb128 0x12
 508 008e 06       		.uleb128 0x6
 509 008f 40       		.uleb128 0x40
 510 0090 18       		.uleb128 0x18
 511 0091 9742     		.uleb128 0x2117
 512 0093 19       		.uleb128 0x19
 513 0094 01       		.uleb128 0x1
 514 0095 13       		.uleb128 0x13
 515 0096 00       		.byte	0
 516 0097 00       		.byte	0
 517 0098 0B       		.uleb128 0xb
 518 0099 898201   		.uleb128 0x4109
 519 009c 00       		.byte	0
 520 009d 11       		.uleb128 0x11
 521 009e 01       		.uleb128 0x1
 522 009f 9542     		.uleb128 0x2115
 523 00a1 19       		.uleb128 0x19
 524 00a2 31       		.uleb128 0x31
 525 00a3 13       		.uleb128 0x13
 526 00a4 00       		.byte	0
 527 00a5 00       		.byte	0
 528 00a6 0C       		.uleb128 0xc
 529 00a7 898201   		.uleb128 0x4109
 530 00aa 00       		.byte	0
 531 00ab 11       		.uleb128 0x11
 532 00ac 01       		.uleb128 0x1
 533 00ad 31       		.uleb128 0x31
 534 00ae 13       		.uleb128 0x13
 535 00af 00       		.byte	0
 536 00b0 00       		.byte	0
ARM GAS  C:\Users\jthem\AppData\Local\Temp\ccuIQu1J.s 			page 13


 537 00b1 0D       		.uleb128 0xd
 538 00b2 34       		.uleb128 0x34
 539 00b3 00       		.byte	0
 540 00b4 03       		.uleb128 0x3
 541 00b5 0E       		.uleb128 0xe
 542 00b6 3A       		.uleb128 0x3a
 543 00b7 0B       		.uleb128 0xb
 544 00b8 3B       		.uleb128 0x3b
 545 00b9 0B       		.uleb128 0xb
 546 00ba 49       		.uleb128 0x49
 547 00bb 13       		.uleb128 0x13
 548 00bc 02       		.uleb128 0x2
 549 00bd 18       		.uleb128 0x18
 550 00be 00       		.byte	0
 551 00bf 00       		.byte	0
 552 00c0 0E       		.uleb128 0xe
 553 00c1 34       		.uleb128 0x34
 554 00c2 00       		.byte	0
 555 00c3 03       		.uleb128 0x3
 556 00c4 0E       		.uleb128 0xe
 557 00c5 3A       		.uleb128 0x3a
 558 00c6 0B       		.uleb128 0xb
 559 00c7 3B       		.uleb128 0x3b
 560 00c8 0B       		.uleb128 0xb
 561 00c9 49       		.uleb128 0x49
 562 00ca 13       		.uleb128 0x13
 563 00cb 3F       		.uleb128 0x3f
 564 00cc 19       		.uleb128 0x19
 565 00cd 3C       		.uleb128 0x3c
 566 00ce 19       		.uleb128 0x19
 567 00cf 00       		.byte	0
 568 00d0 00       		.byte	0
 569 00d1 0F       		.uleb128 0xf
 570 00d2 2E       		.uleb128 0x2e
 571 00d3 00       		.byte	0
 572 00d4 3F       		.uleb128 0x3f
 573 00d5 19       		.uleb128 0x19
 574 00d6 03       		.uleb128 0x3
 575 00d7 0E       		.uleb128 0xe
 576 00d8 3A       		.uleb128 0x3a
 577 00d9 0B       		.uleb128 0xb
 578 00da 3B       		.uleb128 0x3b
 579 00db 0B       		.uleb128 0xb
 580 00dc 27       		.uleb128 0x27
 581 00dd 19       		.uleb128 0x19
 582 00de 3C       		.uleb128 0x3c
 583 00df 19       		.uleb128 0x19
 584 00e0 00       		.byte	0
 585 00e1 00       		.byte	0
 586 00e2 00       		.byte	0
 587              		.section	.debug_aranges,"",%progbits
 588 0000 34000000 		.4byte	0x34
 589 0004 0200     		.2byte	0x2
 590 0006 00000000 		.4byte	.Ldebug_info0
 591 000a 04       		.byte	0x4
 592 000b 00       		.byte	0
 593 000c 0000     		.2byte	0
ARM GAS  C:\Users\jthem\AppData\Local\Temp\ccuIQu1J.s 			page 14


 594 000e 0000     		.2byte	0
 595 0010 00000000 		.4byte	.LFB0
 596 0014 02000000 		.4byte	.LFE0-.LFB0
 597 0018 00000000 		.4byte	.LFB1
 598 001c 02000000 		.4byte	.LFE1-.LFB1
 599 0020 00000000 		.4byte	.LFB2
 600 0024 18000000 		.4byte	.LFE2-.LFB2
 601 0028 00000000 		.4byte	.LFB3
 602 002c 4C000000 		.4byte	.LFE3-.LFB3
 603 0030 00000000 		.4byte	0
 604 0034 00000000 		.4byte	0
 605              		.section	.debug_ranges,"",%progbits
 606              	.Ldebug_ranges0:
 607 0000 00000000 		.4byte	.LFB0
 608 0004 02000000 		.4byte	.LFE0
 609 0008 00000000 		.4byte	.LFB1
 610 000c 02000000 		.4byte	.LFE1
 611 0010 00000000 		.4byte	.LFB2
 612 0014 18000000 		.4byte	.LFE2
 613 0018 00000000 		.4byte	.LFB3
 614 001c 4C000000 		.4byte	.LFE3
 615 0020 00000000 		.4byte	0
 616 0024 00000000 		.4byte	0
 617              		.section	.debug_line,"",%progbits
 618              	.Ldebug_line0:
 619 0000 AF000000 		.section	.debug_str,"MS",%progbits,1
 619      02005E00 
 619      00000201 
 619      FB0E0D00 
 619      01010101 
 620              	.LASF34:
 621 0000 5350494D 		.ascii	"SPIM_backup\000"
 621      5F626163 
 621      6B757000 
 622              	.LASF33:
 623 000c 433A5C55 		.ascii	"C:\\Users\\jthem\\Documents\\PSoC Creator\\PWMExamp"
 623      73657273 
 623      5C6A7468 
 623      656D5C44 
 623      6F63756D 
 624 003a 6C653031 		.ascii	"le01\\SPI_Design01.cydsn\000"
 624      5C535049 
 624      5F446573 
 624      69676E30 
 624      312E6379 
 625              	.LASF19:
 626 0052 5350494D 		.ascii	"SPIM_RestoreConfig\000"
 626      5F526573 
 626      746F7265 
 626      436F6E66 
 626      696700
 627              	.LASF3:
 628 0065 73686F72 		.ascii	"short unsigned int\000"
 628      7420756E 
 628      7369676E 
 628      65642069 
 628      6E7400
ARM GAS  C:\Users\jthem\AppData\Local\Temp\ccuIQu1J.s 			page 15


 629              	.LASF17:
 630 0078 5350494D 		.ascii	"SPIM_BACKUP_STRUCT\000"
 630      5F424143 
 630      4B55505F 
 630      53545255 
 630      435400
 631              	.LASF24:
 632 008b 5350494D 		.ascii	"SPIM_txBufferFull\000"
 632      5F747842 
 632      75666665 
 632      7246756C 
 632      6C00
 633              	.LASF27:
 634 009d 5350494D 		.ascii	"SPIM_rxBufferFull\000"
 634      5F727842 
 634      75666665 
 634      7246756C 
 634      6C00
 635              	.LASF9:
 636 00af 666C6F61 		.ascii	"float\000"
 636      7400
 637              	.LASF25:
 638 00b5 5350494D 		.ascii	"SPIM_rxBufferRead\000"
 638      5F727842 
 638      75666665 
 638      72526561 
 638      6400
 639              	.LASF1:
 640 00c7 756E7369 		.ascii	"unsigned char\000"
 640      676E6564 
 640      20636861 
 640      7200
 641              	.LASF22:
 642 00d5 5350494D 		.ascii	"SPIM_txBufferRead\000"
 642      5F747842 
 642      75666665 
 642      72526561 
 642      6400
 643              	.LASF5:
 644 00e7 6C6F6E67 		.ascii	"long unsigned int\000"
 644      20756E73 
 644      69676E65 
 644      6420696E 
 644      7400
 645              	.LASF12:
 646 00f9 75696E74 		.ascii	"uint8\000"
 646      3800
 647              	.LASF20:
 648 00ff 5350494D 		.ascii	"SPIM_Sleep\000"
 648      5F536C65 
 648      657000
 649              	.LASF10:
 650 010a 646F7562 		.ascii	"double\000"
 650      6C6500
 651              	.LASF16:
 652 0111 636E7472 		.ascii	"cntrPeriod\000"
 652      50657269 
ARM GAS  C:\Users\jthem\AppData\Local\Temp\ccuIQu1J.s 			page 16


 652      6F6400
 653              	.LASF15:
 654 011c 656E6162 		.ascii	"enableState\000"
 654      6C655374 
 654      61746500 
 655              	.LASF8:
 656 0128 756E7369 		.ascii	"unsigned int\000"
 656      676E6564 
 656      20696E74 
 656      00
 657              	.LASF7:
 658 0135 6C6F6E67 		.ascii	"long long unsigned int\000"
 658      206C6F6E 
 658      6720756E 
 658      7369676E 
 658      65642069 
 659              	.LASF32:
 660 014c 2E5C4765 		.ascii	".\\Generated_Source\\PSoC5\\SPIM_PM.c\000"
 660      6E657261 
 660      7465645F 
 660      536F7572 
 660      63655C50 
 661              	.LASF26:
 662 016f 5350494D 		.ascii	"SPIM_rxBufferWrite\000"
 662      5F727842 
 662      75666665 
 662      72577269 
 662      746500
 663              	.LASF13:
 664 0182 72656738 		.ascii	"reg8\000"
 664      00
 665              	.LASF14:
 666 0187 73697A65 		.ascii	"sizetype\000"
 666      74797065 
 666      00
 667              	.LASF6:
 668 0190 6C6F6E67 		.ascii	"long long int\000"
 668      206C6F6E 
 668      6720696E 
 668      7400
 669              	.LASF11:
 670 019e 63686172 		.ascii	"char\000"
 670      00
 671              	.LASF29:
 672 01a3 5350494D 		.ascii	"SPIM_ClearFIFO\000"
 672      5F436C65 
 672      61724649 
 672      464F00
 673              	.LASF2:
 674 01b2 73686F72 		.ascii	"short int\000"
 674      7420696E 
 674      7400
 675              	.LASF21:
 676 01bc 5350494D 		.ascii	"SPIM_Wakeup\000"
 676      5F57616B 
 676      65757000 
 677              	.LASF31:
ARM GAS  C:\Users\jthem\AppData\Local\Temp\ccuIQu1J.s 			page 17


 678 01c8 474E5520 		.ascii	"GNU C 4.9.3 20150303 (release) [ARM/embedded-4_9-br"
 678      4320342E 
 678      392E3320 
 678      32303135 
 678      30333033 
 679 01fb 616E6368 		.ascii	"anch revision 221220] -mcpu=cortex-m3 -mthumb -g -O"
 679      20726576 
 679      6973696F 
 679      6E203232 
 679      31323230 
 680 022e 73202D66 		.ascii	"s -ffunction-sections -ffat-lto-objects\000"
 680      66756E63 
 680      74696F6E 
 680      2D736563 
 680      74696F6E 
 681              	.LASF4:
 682 0256 6C6F6E67 		.ascii	"long int\000"
 682      20696E74 
 682      00
 683              	.LASF30:
 684 025f 5350494D 		.ascii	"SPIM_Enable\000"
 684      5F456E61 
 684      626C6500 
 685              	.LASF28:
 686 026b 5350494D 		.ascii	"SPIM_Stop\000"
 686      5F53746F 
 686      7000
 687              	.LASF0:
 688 0275 7369676E 		.ascii	"signed char\000"
 688      65642063 
 688      68617200 
 689              	.LASF18:
 690 0281 5350494D 		.ascii	"SPIM_SaveConfig\000"
 690      5F536176 
 690      65436F6E 
 690      66696700 
 691              	.LASF23:
 692 0291 5350494D 		.ascii	"SPIM_txBufferWrite\000"
 692      5F747842 
 692      75666665 
 692      72577269 
 692      746500
 693              		.ident	"GCC: (GNU Tools for ARM Embedded Processors) 4.9.3 20150303 (release) [ARM/embedded-4_9-br
