ARM GAS  C:\Users\jthem\AppData\Local\Temp\cc4sNc40.s 			page 1


   1              		.syntax unified
   2              		.cpu cortex-m3
   3              		.fpu softvfp
   4              		.eabi_attribute 20, 1
   5              		.eabi_attribute 21, 1
   6              		.eabi_attribute 23, 3
   7              		.eabi_attribute 24, 1
   8              		.eabi_attribute 25, 1
   9              		.eabi_attribute 26, 1
  10              		.eabi_attribute 30, 4
  11              		.eabi_attribute 34, 1
  12              		.eabi_attribute 18, 4
  13              		.thumb
  14              		.file	"SPIS_PM.c"
  15              		.text
  16              	.Ltext0:
  17              		.cfi_sections	.debug_frame
  18              		.section	.text.SPIS_SaveConfig,"ax",%progbits
  19              		.align	1
  20              		.global	SPIS_SaveConfig
  21              		.thumb
  22              		.thumb_func
  23              		.type	SPIS_SaveConfig, %function
  24              	SPIS_SaveConfig:
  25              	.LFB0:
  26              		.file 1 ".\\Generated_Source\\PSoC5\\SPIS_PM.c"
   1:.\Generated_Source\PSoC5/SPIS_PM.c **** /*******************************************************************************
   2:.\Generated_Source\PSoC5/SPIS_PM.c **** * File Name: SPIS_PM.c
   3:.\Generated_Source\PSoC5/SPIS_PM.c **** * Version 2.70
   4:.\Generated_Source\PSoC5/SPIS_PM.c **** *
   5:.\Generated_Source\PSoC5/SPIS_PM.c **** * Description:
   6:.\Generated_Source\PSoC5/SPIS_PM.c **** *  This file contains the setup, control and status commands to support
   7:.\Generated_Source\PSoC5/SPIS_PM.c **** *  component operations in low power mode.
   8:.\Generated_Source\PSoC5/SPIS_PM.c **** *
   9:.\Generated_Source\PSoC5/SPIS_PM.c **** * Note:
  10:.\Generated_Source\PSoC5/SPIS_PM.c **** *
  11:.\Generated_Source\PSoC5/SPIS_PM.c **** ********************************************************************************
  12:.\Generated_Source\PSoC5/SPIS_PM.c **** * Copyright 2008-2015, Cypress Semiconductor Corporation.  All rights reserved.
  13:.\Generated_Source\PSoC5/SPIS_PM.c **** * You may use this file only in accordance with the license, terms, conditions,
  14:.\Generated_Source\PSoC5/SPIS_PM.c **** * disclaimers, and limitations in the end user license agreement accompanying
  15:.\Generated_Source\PSoC5/SPIS_PM.c **** * the software package with which this file was provided.
  16:.\Generated_Source\PSoC5/SPIS_PM.c **** *******************************************************************************/
  17:.\Generated_Source\PSoC5/SPIS_PM.c **** 
  18:.\Generated_Source\PSoC5/SPIS_PM.c **** #include "SPIS_PVT.h"
  19:.\Generated_Source\PSoC5/SPIS_PM.c **** 
  20:.\Generated_Source\PSoC5/SPIS_PM.c **** static SPIS_BACKUP_STRUCT SPIS_backup = 
  21:.\Generated_Source\PSoC5/SPIS_PM.c **** {
  22:.\Generated_Source\PSoC5/SPIS_PM.c ****     SPIS_DISABLED,
  23:.\Generated_Source\PSoC5/SPIS_PM.c ****     SPIS_BITCTR_INIT,
  24:.\Generated_Source\PSoC5/SPIS_PM.c **** };
  25:.\Generated_Source\PSoC5/SPIS_PM.c **** 
  26:.\Generated_Source\PSoC5/SPIS_PM.c **** 
  27:.\Generated_Source\PSoC5/SPIS_PM.c **** /*******************************************************************************
  28:.\Generated_Source\PSoC5/SPIS_PM.c **** * Function Name: SPIS_SaveConfig
  29:.\Generated_Source\PSoC5/SPIS_PM.c **** ********************************************************************************
  30:.\Generated_Source\PSoC5/SPIS_PM.c **** *
  31:.\Generated_Source\PSoC5/SPIS_PM.c **** * Summary:
ARM GAS  C:\Users\jthem\AppData\Local\Temp\cc4sNc40.s 			page 2


  32:.\Generated_Source\PSoC5/SPIS_PM.c **** *  Empty function. Included for consistency with other components.
  33:.\Generated_Source\PSoC5/SPIS_PM.c **** *
  34:.\Generated_Source\PSoC5/SPIS_PM.c **** * Parameters:
  35:.\Generated_Source\PSoC5/SPIS_PM.c **** *  None.
  36:.\Generated_Source\PSoC5/SPIS_PM.c **** *
  37:.\Generated_Source\PSoC5/SPIS_PM.c **** * Return:
  38:.\Generated_Source\PSoC5/SPIS_PM.c **** *  None.
  39:.\Generated_Source\PSoC5/SPIS_PM.c **** *
  40:.\Generated_Source\PSoC5/SPIS_PM.c **** *******************************************************************************/
  41:.\Generated_Source\PSoC5/SPIS_PM.c **** void SPIS_SaveConfig(void) 
  42:.\Generated_Source\PSoC5/SPIS_PM.c **** {
  27              		.loc 1 42 0
  28              		.cfi_startproc
  29              		@ args = 0, pretend = 0, frame = 0
  30              		@ frame_needed = 0, uses_anonymous_args = 0
  31              		@ link register save eliminated.
  32 0000 7047     		bx	lr
  33              		.cfi_endproc
  34              	.LFE0:
  35              		.size	SPIS_SaveConfig, .-SPIS_SaveConfig
  36              		.section	.text.SPIS_RestoreConfig,"ax",%progbits
  37              		.align	1
  38              		.global	SPIS_RestoreConfig
  39              		.thumb
  40              		.thumb_func
  41              		.type	SPIS_RestoreConfig, %function
  42              	SPIS_RestoreConfig:
  43              	.LFB1:
  43:.\Generated_Source\PSoC5/SPIS_PM.c **** 
  44:.\Generated_Source\PSoC5/SPIS_PM.c **** }
  45:.\Generated_Source\PSoC5/SPIS_PM.c **** 
  46:.\Generated_Source\PSoC5/SPIS_PM.c **** 
  47:.\Generated_Source\PSoC5/SPIS_PM.c **** /*******************************************************************************
  48:.\Generated_Source\PSoC5/SPIS_PM.c **** * Function Name: SPIS_RestoreConfig
  49:.\Generated_Source\PSoC5/SPIS_PM.c **** ********************************************************************************
  50:.\Generated_Source\PSoC5/SPIS_PM.c **** *
  51:.\Generated_Source\PSoC5/SPIS_PM.c **** * Summary:
  52:.\Generated_Source\PSoC5/SPIS_PM.c **** *  Empty function. Included for consistency with other components.
  53:.\Generated_Source\PSoC5/SPIS_PM.c **** *
  54:.\Generated_Source\PSoC5/SPIS_PM.c **** * Parameters:
  55:.\Generated_Source\PSoC5/SPIS_PM.c **** *  None.
  56:.\Generated_Source\PSoC5/SPIS_PM.c **** *
  57:.\Generated_Source\PSoC5/SPIS_PM.c **** * Return:
  58:.\Generated_Source\PSoC5/SPIS_PM.c **** *  None.
  59:.\Generated_Source\PSoC5/SPIS_PM.c **** *
  60:.\Generated_Source\PSoC5/SPIS_PM.c **** *******************************************************************************/
  61:.\Generated_Source\PSoC5/SPIS_PM.c **** void SPIS_RestoreConfig(void) 
  62:.\Generated_Source\PSoC5/SPIS_PM.c **** {
  44              		.loc 1 62 0
  45              		.cfi_startproc
  46              		@ args = 0, pretend = 0, frame = 0
  47              		@ frame_needed = 0, uses_anonymous_args = 0
  48              		@ link register save eliminated.
  49 0000 7047     		bx	lr
  50              		.cfi_endproc
  51              	.LFE1:
  52              		.size	SPIS_RestoreConfig, .-SPIS_RestoreConfig
ARM GAS  C:\Users\jthem\AppData\Local\Temp\cc4sNc40.s 			page 3


  53              		.section	.text.SPIS_Sleep,"ax",%progbits
  54              		.align	1
  55              		.global	SPIS_Sleep
  56              		.thumb
  57              		.thumb_func
  58              		.type	SPIS_Sleep, %function
  59              	SPIS_Sleep:
  60              	.LFB2:
  63:.\Generated_Source\PSoC5/SPIS_PM.c **** 
  64:.\Generated_Source\PSoC5/SPIS_PM.c **** }
  65:.\Generated_Source\PSoC5/SPIS_PM.c **** 
  66:.\Generated_Source\PSoC5/SPIS_PM.c **** 
  67:.\Generated_Source\PSoC5/SPIS_PM.c **** /*******************************************************************************
  68:.\Generated_Source\PSoC5/SPIS_PM.c **** * Function Name: SPIS_Sleep
  69:.\Generated_Source\PSoC5/SPIS_PM.c **** ********************************************************************************
  70:.\Generated_Source\PSoC5/SPIS_PM.c **** *
  71:.\Generated_Source\PSoC5/SPIS_PM.c **** * Summary:
  72:.\Generated_Source\PSoC5/SPIS_PM.c **** *  Prepare SPI Slave Component goes to sleep.
  73:.\Generated_Source\PSoC5/SPIS_PM.c **** *
  74:.\Generated_Source\PSoC5/SPIS_PM.c **** * Parameters:
  75:.\Generated_Source\PSoC5/SPIS_PM.c **** *  None.
  76:.\Generated_Source\PSoC5/SPIS_PM.c **** *
  77:.\Generated_Source\PSoC5/SPIS_PM.c **** * Return:
  78:.\Generated_Source\PSoC5/SPIS_PM.c **** *  None.
  79:.\Generated_Source\PSoC5/SPIS_PM.c **** *
  80:.\Generated_Source\PSoC5/SPIS_PM.c **** * Global Variables:
  81:.\Generated_Source\PSoC5/SPIS_PM.c **** *  SPIS_backup - modified when non-retention registers are saved.
  82:.\Generated_Source\PSoC5/SPIS_PM.c **** *
  83:.\Generated_Source\PSoC5/SPIS_PM.c **** * Reentrant:
  84:.\Generated_Source\PSoC5/SPIS_PM.c **** *  No.
  85:.\Generated_Source\PSoC5/SPIS_PM.c **** *
  86:.\Generated_Source\PSoC5/SPIS_PM.c **** *******************************************************************************/
  87:.\Generated_Source\PSoC5/SPIS_PM.c **** void SPIS_Sleep(void) 
  88:.\Generated_Source\PSoC5/SPIS_PM.c **** {
  61              		.loc 1 88 0
  62              		.cfi_startproc
  63              		@ args = 0, pretend = 0, frame = 0
  64              		@ frame_needed = 0, uses_anonymous_args = 0
  65              		@ link register save eliminated.
  89:.\Generated_Source\PSoC5/SPIS_PM.c ****     /* Save components enable state */
  90:.\Generated_Source\PSoC5/SPIS_PM.c ****     if ((SPIS_TX_STATUS_ACTL_REG & SPIS_INT_ENABLE) != 0u)
  66              		.loc 1 90 0
  67 0000 064B     		ldr	r3, .L7
  68 0002 074A     		ldr	r2, .L7+4
  69 0004 1B78     		ldrb	r3, [r3]	@ zero_extendqisi2
  70 0006 03F01003 		and	r3, r3, #16
  71 000a 03F0FF01 		and	r1, r3, #255
  72 000e 13B1     		cbz	r3, .L4
  91:.\Generated_Source\PSoC5/SPIS_PM.c ****     {
  92:.\Generated_Source\PSoC5/SPIS_PM.c ****         SPIS_backup.enableState = 1u;
  73              		.loc 1 92 0
  74 0010 0123     		movs	r3, #1
  75 0012 1370     		strb	r3, [r2]
  76 0014 00E0     		b	.L5
  77              	.L4:
  93:.\Generated_Source\PSoC5/SPIS_PM.c ****     }
  94:.\Generated_Source\PSoC5/SPIS_PM.c ****     else /* Components block is disabled */
ARM GAS  C:\Users\jthem\AppData\Local\Temp\cc4sNc40.s 			page 4


  95:.\Generated_Source\PSoC5/SPIS_PM.c ****     {
  96:.\Generated_Source\PSoC5/SPIS_PM.c ****         SPIS_backup.enableState = 0u;
  78              		.loc 1 96 0
  79 0016 1170     		strb	r1, [r2]
  80              	.L5:
  97:.\Generated_Source\PSoC5/SPIS_PM.c ****     }
  98:.\Generated_Source\PSoC5/SPIS_PM.c **** 
  99:.\Generated_Source\PSoC5/SPIS_PM.c ****     SPIS_Stop();
  81              		.loc 1 99 0
  82 0018 FFF7FEBF 		b	SPIS_Stop
  83              	.LVL0:
  84              	.L8:
  85              		.align	2
  86              	.L7:
  87 001c 96640040 		.word	1073767574
  88 0020 00000000 		.word	.LANCHOR0
  89              		.cfi_endproc
  90              	.LFE2:
  91              		.size	SPIS_Sleep, .-SPIS_Sleep
  92              		.section	.text.SPIS_Wakeup,"ax",%progbits
  93              		.align	1
  94              		.global	SPIS_Wakeup
  95              		.thumb
  96              		.thumb_func
  97              		.type	SPIS_Wakeup, %function
  98              	SPIS_Wakeup:
  99              	.LFB3:
 100:.\Generated_Source\PSoC5/SPIS_PM.c **** 
 101:.\Generated_Source\PSoC5/SPIS_PM.c **** }
 102:.\Generated_Source\PSoC5/SPIS_PM.c **** 
 103:.\Generated_Source\PSoC5/SPIS_PM.c **** 
 104:.\Generated_Source\PSoC5/SPIS_PM.c **** /*******************************************************************************
 105:.\Generated_Source\PSoC5/SPIS_PM.c **** * Function Name: SPIS_Wakeup
 106:.\Generated_Source\PSoC5/SPIS_PM.c **** ********************************************************************************
 107:.\Generated_Source\PSoC5/SPIS_PM.c **** *
 108:.\Generated_Source\PSoC5/SPIS_PM.c **** * Summary:
 109:.\Generated_Source\PSoC5/SPIS_PM.c **** *  Prepare SPIM Component to wake up.
 110:.\Generated_Source\PSoC5/SPIS_PM.c **** *
 111:.\Generated_Source\PSoC5/SPIS_PM.c **** * Parameters:
 112:.\Generated_Source\PSoC5/SPIS_PM.c **** *  None.
 113:.\Generated_Source\PSoC5/SPIS_PM.c **** *
 114:.\Generated_Source\PSoC5/SPIS_PM.c **** * Return:
 115:.\Generated_Source\PSoC5/SPIS_PM.c **** *  None.
 116:.\Generated_Source\PSoC5/SPIS_PM.c **** *
 117:.\Generated_Source\PSoC5/SPIS_PM.c **** * Global Variables:
 118:.\Generated_Source\PSoC5/SPIS_PM.c **** *  SPIS_backup - used when non-retention registers are restored.
 119:.\Generated_Source\PSoC5/SPIS_PM.c **** *  SPIS_txBufferWrite - modified every function call - resets to
 120:.\Generated_Source\PSoC5/SPIS_PM.c **** *  zero.
 121:.\Generated_Source\PSoC5/SPIS_PM.c **** *  SPIS_txBufferRead - modified every function call - resets to
 122:.\Generated_Source\PSoC5/SPIS_PM.c **** *  zero.
 123:.\Generated_Source\PSoC5/SPIS_PM.c **** *  SPIS_rxBufferWrite - modified every function call - resets to
 124:.\Generated_Source\PSoC5/SPIS_PM.c **** *  zero.
 125:.\Generated_Source\PSoC5/SPIS_PM.c **** *  SPIS_rxBufferRead - modified every function call - resets to
 126:.\Generated_Source\PSoC5/SPIS_PM.c **** *  zero.
 127:.\Generated_Source\PSoC5/SPIS_PM.c **** *
 128:.\Generated_Source\PSoC5/SPIS_PM.c **** * Reentrant:
 129:.\Generated_Source\PSoC5/SPIS_PM.c **** *  No.
ARM GAS  C:\Users\jthem\AppData\Local\Temp\cc4sNc40.s 			page 5


 130:.\Generated_Source\PSoC5/SPIS_PM.c **** *
 131:.\Generated_Source\PSoC5/SPIS_PM.c **** *******************************************************************************/
 132:.\Generated_Source\PSoC5/SPIS_PM.c **** void SPIS_Wakeup(void) 
 133:.\Generated_Source\PSoC5/SPIS_PM.c **** {
 100              		.loc 1 133 0
 101              		.cfi_startproc
 102              		@ args = 0, pretend = 0, frame = 0
 103              		@ frame_needed = 0, uses_anonymous_args = 0
 134:.\Generated_Source\PSoC5/SPIS_PM.c ****     #if (SPIS_TX_SOFTWARE_BUF_ENABLED)
 135:.\Generated_Source\PSoC5/SPIS_PM.c ****         SPIS_txBufferFull = 0u;
 104              		.loc 1 135 0
 105 0000 0B4A     		ldr	r2, .L11
 133:.\Generated_Source\PSoC5/SPIS_PM.c ****     #if (SPIS_TX_SOFTWARE_BUF_ENABLED)
 106              		.loc 1 133 0
 107 0002 08B5     		push	{r3, lr}
 108              		.cfi_def_cfa_offset 8
 109              		.cfi_offset 3, -8
 110              		.cfi_offset 14, -4
 111              		.loc 1 135 0
 112 0004 0023     		movs	r3, #0
 113 0006 1370     		strb	r3, [r2]
 136:.\Generated_Source\PSoC5/SPIS_PM.c ****         SPIS_txBufferRead = 0u;
 114              		.loc 1 136 0
 115 0008 0A4A     		ldr	r2, .L11+4
 116 000a 1370     		strb	r3, [r2]
 137:.\Generated_Source\PSoC5/SPIS_PM.c ****         SPIS_txBufferWrite = 0u;
 117              		.loc 1 137 0
 118 000c 0A4A     		ldr	r2, .L11+8
 119 000e 1370     		strb	r3, [r2]
 138:.\Generated_Source\PSoC5/SPIS_PM.c ****     #endif /* SPIS_TX_SOFTWARE_BUF_ENABLED */
 139:.\Generated_Source\PSoC5/SPIS_PM.c **** 
 140:.\Generated_Source\PSoC5/SPIS_PM.c ****     #if (SPIS_RX_SOFTWARE_BUF_ENABLED)
 141:.\Generated_Source\PSoC5/SPIS_PM.c ****         SPIS_rxBufferFull = 0u;
 120              		.loc 1 141 0
 121 0010 0A4A     		ldr	r2, .L11+12
 122 0012 1370     		strb	r3, [r2]
 142:.\Generated_Source\PSoC5/SPIS_PM.c ****         SPIS_rxBufferRead = 0u;
 123              		.loc 1 142 0
 124 0014 0A4A     		ldr	r2, .L11+16
 125 0016 1370     		strb	r3, [r2]
 143:.\Generated_Source\PSoC5/SPIS_PM.c ****         SPIS_rxBufferWrite = 0u;
 126              		.loc 1 143 0
 127 0018 0A4A     		ldr	r2, .L11+20
 128 001a 1370     		strb	r3, [r2]
 144:.\Generated_Source\PSoC5/SPIS_PM.c ****     #endif /* SPIS_RX_SOFTWARE_BUF_ENABLED */
 145:.\Generated_Source\PSoC5/SPIS_PM.c **** 
 146:.\Generated_Source\PSoC5/SPIS_PM.c ****     SPIS_ClearFIFO();
 129              		.loc 1 146 0
 130 001c FFF7FEFF 		bl	SPIS_ClearFIFO
 131              	.LVL1:
 147:.\Generated_Source\PSoC5/SPIS_PM.c **** 
 148:.\Generated_Source\PSoC5/SPIS_PM.c ****     /* Restore components block enable state */
 149:.\Generated_Source\PSoC5/SPIS_PM.c ****     if (SPIS_backup.enableState != 0u)
 132              		.loc 1 149 0
 133 0020 094B     		ldr	r3, .L11+24
 134 0022 1B78     		ldrb	r3, [r3]	@ zero_extendqisi2
 135 0024 1BB1     		cbz	r3, .L9
ARM GAS  C:\Users\jthem\AppData\Local\Temp\cc4sNc40.s 			page 6


 150:.\Generated_Source\PSoC5/SPIS_PM.c ****     {
 151:.\Generated_Source\PSoC5/SPIS_PM.c ****          /* Components block was enabled */
 152:.\Generated_Source\PSoC5/SPIS_PM.c ****          SPIS_Enable();
 153:.\Generated_Source\PSoC5/SPIS_PM.c ****     } /* Do nothing if components block was disabled */
 154:.\Generated_Source\PSoC5/SPIS_PM.c **** }
 136              		.loc 1 154 0
 137 0026 BDE80840 		pop	{r3, lr}
 138              		.cfi_remember_state
 139              		.cfi_restore 14
 140              		.cfi_restore 3
 141              		.cfi_def_cfa_offset 0
 152:.\Generated_Source\PSoC5/SPIS_PM.c ****     } /* Do nothing if components block was disabled */
 142              		.loc 1 152 0
 143 002a FFF7FEBF 		b	SPIS_Enable
 144              	.LVL2:
 145              	.L9:
 146              		.cfi_restore_state
 147 002e 08BD     		pop	{r3, pc}
 148              	.L12:
 149              		.align	2
 150              	.L11:
 151 0030 00000000 		.word	SPIS_txBufferFull
 152 0034 00000000 		.word	SPIS_txBufferRead
 153 0038 00000000 		.word	SPIS_txBufferWrite
 154 003c 00000000 		.word	SPIS_rxBufferFull
 155 0040 00000000 		.word	SPIS_rxBufferRead
 156 0044 00000000 		.word	SPIS_rxBufferWrite
 157 0048 00000000 		.word	.LANCHOR0
 158              		.cfi_endproc
 159              	.LFE3:
 160              		.size	SPIS_Wakeup, .-SPIS_Wakeup
 161              		.data
 162              		.set	.LANCHOR0,. + 0
 163              		.type	SPIS_backup, %object
 164              		.size	SPIS_backup, 2
 165              	SPIS_backup:
 166 0000 00       		.byte	0
 167 0001 07       		.byte	7
 168              		.text
 169              	.Letext0:
 170              		.file 2 ".\\Generated_Source\\PSoC5\\cytypes.h"
 171              		.file 3 ".\\Generated_Source\\PSoC5\\SPIS.h"
 172              		.file 4 ".\\Generated_Source\\PSoC5\\SPIS_PVT.h"
 173              		.section	.debug_info,"",%progbits
 174              	.Ldebug_info0:
 175 0000 9E010000 		.4byte	0x19e
 176 0004 0400     		.2byte	0x4
 177 0006 00000000 		.4byte	.Ldebug_abbrev0
 178 000a 04       		.byte	0x4
 179 000b 01       		.uleb128 0x1
 180 000c 8F010000 		.4byte	.LASF31
 181 0010 01       		.byte	0x1
 182 0011 4C020000 		.4byte	.LASF32
 183 0015 26000000 		.4byte	.LASF33
 184 0019 00000000 		.4byte	.Ldebug_ranges0+0
 185 001d 00000000 		.4byte	0
 186 0021 00000000 		.4byte	.Ldebug_line0
ARM GAS  C:\Users\jthem\AppData\Local\Temp\cc4sNc40.s 			page 7


 187 0025 02       		.uleb128 0x2
 188 0026 01       		.byte	0x1
 189 0027 06       		.byte	0x6
 190 0028 6F020000 		.4byte	.LASF0
 191 002c 02       		.uleb128 0x2
 192 002d 01       		.byte	0x1
 193 002e 08       		.byte	0x8
 194 002f A4000000 		.4byte	.LASF1
 195 0033 02       		.uleb128 0x2
 196 0034 02       		.byte	0x2
 197 0035 05       		.byte	0x5
 198 0036 85010000 		.4byte	.LASF2
 199 003a 02       		.uleb128 0x2
 200 003b 02       		.byte	0x2
 201 003c 07       		.byte	0x7
 202 003d 78000000 		.4byte	.LASF3
 203 0041 02       		.uleb128 0x2
 204 0042 04       		.byte	0x4
 205 0043 05       		.byte	0x5
 206 0044 28020000 		.4byte	.LASF4
 207 0048 02       		.uleb128 0x2
 208 0049 04       		.byte	0x4
 209 004a 07       		.byte	0x7
 210 004b 11010000 		.4byte	.LASF5
 211 004f 02       		.uleb128 0x2
 212 0050 08       		.byte	0x8
 213 0051 05       		.byte	0x5
 214 0052 72010000 		.4byte	.LASF6
 215 0056 02       		.uleb128 0x2
 216 0057 08       		.byte	0x8
 217 0058 07       		.byte	0x7
 218 0059 40010000 		.4byte	.LASF7
 219 005d 03       		.uleb128 0x3
 220 005e 04       		.byte	0x4
 221 005f 05       		.byte	0x5
 222 0060 696E7400 		.ascii	"int\000"
 223 0064 02       		.uleb128 0x2
 224 0065 04       		.byte	0x4
 225 0066 07       		.byte	0x7
 226 0067 23010000 		.4byte	.LASF8
 227 006b 04       		.uleb128 0x4
 228 006c C3000000 		.4byte	.LASF12
 229 0070 02       		.byte	0x2
 230 0071 3801     		.2byte	0x138
 231 0073 2C000000 		.4byte	0x2c
 232 0077 02       		.uleb128 0x2
 233 0078 04       		.byte	0x4
 234 0079 04       		.byte	0x4
 235 007a 9E000000 		.4byte	.LASF9
 236 007e 02       		.uleb128 0x2
 237 007f 08       		.byte	0x8
 238 0080 04       		.byte	0x4
 239 0081 DB000000 		.4byte	.LASF10
 240 0085 02       		.uleb128 0x2
 241 0086 01       		.byte	0x1
 242 0087 08       		.byte	0x8
 243 0088 80010000 		.4byte	.LASF11
ARM GAS  C:\Users\jthem\AppData\Local\Temp\cc4sNc40.s 			page 8


 244 008c 04       		.uleb128 0x4
 245 008d B2000000 		.4byte	.LASF13
 246 0091 02       		.byte	0x2
 247 0092 E201     		.2byte	0x1e2
 248 0094 98000000 		.4byte	0x98
 249 0098 05       		.uleb128 0x5
 250 0099 6B000000 		.4byte	0x6b
 251 009d 02       		.uleb128 0x2
 252 009e 04       		.byte	0x4
 253 009f 07       		.byte	0x7
 254 00a0 69010000 		.4byte	.LASF14
 255 00a4 06       		.uleb128 0x6
 256 00a5 02       		.byte	0x2
 257 00a6 03       		.byte	0x3
 258 00a7 3E       		.byte	0x3e
 259 00a8 C5000000 		.4byte	0xc5
 260 00ac 07       		.uleb128 0x7
 261 00ad 31020000 		.4byte	.LASF15
 262 00b1 03       		.byte	0x3
 263 00b2 40       		.byte	0x40
 264 00b3 6B000000 		.4byte	0x6b
 265 00b7 00       		.byte	0
 266 00b8 07       		.uleb128 0x7
 267 00b9 F4000000 		.4byte	.LASF16
 268 00bd 03       		.byte	0x3
 269 00be 41       		.byte	0x41
 270 00bf 6B000000 		.4byte	0x6b
 271 00c3 01       		.byte	0x1
 272 00c4 00       		.byte	0
 273 00c5 08       		.uleb128 0x8
 274 00c6 00000000 		.4byte	.LASF17
 275 00ca 03       		.byte	0x3
 276 00cb 42       		.byte	0x42
 277 00cc A4000000 		.4byte	0xa4
 278 00d0 09       		.uleb128 0x9
 279 00d1 30010000 		.4byte	.LASF18
 280 00d5 01       		.byte	0x1
 281 00d6 29       		.byte	0x29
 282 00d7 00000000 		.4byte	.LFB0
 283 00db 02000000 		.4byte	.LFE0-.LFB0
 284 00df 01       		.uleb128 0x1
 285 00e0 9C       		.byte	0x9c
 286 00e1 09       		.uleb128 0x9
 287 00e2 8B000000 		.4byte	.LASF19
 288 00e6 01       		.byte	0x1
 289 00e7 3D       		.byte	0x3d
 290 00e8 00000000 		.4byte	.LFB1
 291 00ec 02000000 		.4byte	.LFE1-.LFB1
 292 00f0 01       		.uleb128 0x1
 293 00f1 9C       		.byte	0x9c
 294 00f2 0A       		.uleb128 0xa
 295 00f3 1D020000 		.4byte	.LASF20
 296 00f7 01       		.byte	0x1
 297 00f8 57       		.byte	0x57
 298 00f9 00000000 		.4byte	.LFB2
 299 00fd 24000000 		.4byte	.LFE2-.LFB2
 300 0101 01       		.uleb128 0x1
ARM GAS  C:\Users\jthem\AppData\Local\Temp\cc4sNc40.s 			page 9


 301 0102 9C       		.byte	0x9c
 302 0103 11010000 		.4byte	0x111
 303 0107 0B       		.uleb128 0xb
 304 0108 1C000000 		.4byte	.LVL0
 305 010c 8C010000 		.4byte	0x18c
 306 0110 00       		.byte	0
 307 0111 0A       		.uleb128 0xa
 308 0112 6C000000 		.4byte	.LASF21
 309 0116 01       		.byte	0x1
 310 0117 84       		.byte	0x84
 311 0118 00000000 		.4byte	.LFB3
 312 011c 4C000000 		.4byte	.LFE3-.LFB3
 313 0120 01       		.uleb128 0x1
 314 0121 9C       		.byte	0x9c
 315 0122 39010000 		.4byte	0x139
 316 0126 0C       		.uleb128 0xc
 317 0127 20000000 		.4byte	.LVL1
 318 012b 93010000 		.4byte	0x193
 319 012f 0B       		.uleb128 0xb
 320 0130 2E000000 		.4byte	.LVL2
 321 0134 9A010000 		.4byte	0x19a
 322 0138 00       		.byte	0
 323 0139 0D       		.uleb128 0xd
 324 013a 98020000 		.4byte	.LASF34
 325 013e 01       		.byte	0x1
 326 013f 14       		.byte	0x14
 327 0140 C5000000 		.4byte	0xc5
 328 0144 05       		.uleb128 0x5
 329 0145 03       		.byte	0x3
 330 0146 00000000 		.4byte	SPIS_backup
 331 014a 0E       		.uleb128 0xe
 332 014b 57010000 		.4byte	.LASF22
 333 014f 04       		.byte	0x4
 334 0150 26       		.byte	0x26
 335 0151 98000000 		.4byte	0x98
 336 0155 0E       		.uleb128 0xe
 337 0156 85020000 		.4byte	.LASF23
 338 015a 04       		.byte	0x4
 339 015b 27       		.byte	0x27
 340 015c 98000000 		.4byte	0x98
 341 0160 0E       		.uleb128 0xe
 342 0161 FF000000 		.4byte	.LASF24
 343 0165 04       		.byte	0x4
 344 0166 28       		.byte	0x28
 345 0167 98000000 		.4byte	0x98
 346 016b 0E       		.uleb128 0xe
 347 016c E2000000 		.4byte	.LASF25
 348 0170 04       		.byte	0x4
 349 0171 2F       		.byte	0x2f
 350 0172 98000000 		.4byte	0x98
 351 0176 0E       		.uleb128 0xe
 352 0177 13000000 		.4byte	.LASF26
 353 017b 04       		.byte	0x4
 354 017c 30       		.byte	0x30
 355 017d 98000000 		.4byte	0x98
 356 0181 0E       		.uleb128 0xe
 357 0182 C9000000 		.4byte	.LASF27
ARM GAS  C:\Users\jthem\AppData\Local\Temp\cc4sNc40.s 			page 10


 358 0186 04       		.byte	0x4
 359 0187 31       		.byte	0x31
 360 0188 98000000 		.4byte	0x98
 361 018c 0F       		.uleb128 0xf
 362 018d 7B020000 		.4byte	.LASF28
 363 0191 03       		.byte	0x3
 364 0192 4C       		.byte	0x4c
 365 0193 0F       		.uleb128 0xf
 366 0194 3D020000 		.4byte	.LASF29
 367 0198 03       		.byte	0x3
 368 0199 68       		.byte	0x68
 369 019a 0F       		.uleb128 0xf
 370 019b B7000000 		.4byte	.LASF30
 371 019f 03       		.byte	0x3
 372 01a0 4A       		.byte	0x4a
 373 01a1 00       		.byte	0
 374              		.section	.debug_abbrev,"",%progbits
 375              	.Ldebug_abbrev0:
 376 0000 01       		.uleb128 0x1
 377 0001 11       		.uleb128 0x11
 378 0002 01       		.byte	0x1
 379 0003 25       		.uleb128 0x25
 380 0004 0E       		.uleb128 0xe
 381 0005 13       		.uleb128 0x13
 382 0006 0B       		.uleb128 0xb
 383 0007 03       		.uleb128 0x3
 384 0008 0E       		.uleb128 0xe
 385 0009 1B       		.uleb128 0x1b
 386 000a 0E       		.uleb128 0xe
 387 000b 55       		.uleb128 0x55
 388 000c 17       		.uleb128 0x17
 389 000d 11       		.uleb128 0x11
 390 000e 01       		.uleb128 0x1
 391 000f 10       		.uleb128 0x10
 392 0010 17       		.uleb128 0x17
 393 0011 00       		.byte	0
 394 0012 00       		.byte	0
 395 0013 02       		.uleb128 0x2
 396 0014 24       		.uleb128 0x24
 397 0015 00       		.byte	0
 398 0016 0B       		.uleb128 0xb
 399 0017 0B       		.uleb128 0xb
 400 0018 3E       		.uleb128 0x3e
 401 0019 0B       		.uleb128 0xb
 402 001a 03       		.uleb128 0x3
 403 001b 0E       		.uleb128 0xe
 404 001c 00       		.byte	0
 405 001d 00       		.byte	0
 406 001e 03       		.uleb128 0x3
 407 001f 24       		.uleb128 0x24
 408 0020 00       		.byte	0
 409 0021 0B       		.uleb128 0xb
 410 0022 0B       		.uleb128 0xb
 411 0023 3E       		.uleb128 0x3e
 412 0024 0B       		.uleb128 0xb
 413 0025 03       		.uleb128 0x3
 414 0026 08       		.uleb128 0x8
ARM GAS  C:\Users\jthem\AppData\Local\Temp\cc4sNc40.s 			page 11


 415 0027 00       		.byte	0
 416 0028 00       		.byte	0
 417 0029 04       		.uleb128 0x4
 418 002a 16       		.uleb128 0x16
 419 002b 00       		.byte	0
 420 002c 03       		.uleb128 0x3
 421 002d 0E       		.uleb128 0xe
 422 002e 3A       		.uleb128 0x3a
 423 002f 0B       		.uleb128 0xb
 424 0030 3B       		.uleb128 0x3b
 425 0031 05       		.uleb128 0x5
 426 0032 49       		.uleb128 0x49
 427 0033 13       		.uleb128 0x13
 428 0034 00       		.byte	0
 429 0035 00       		.byte	0
 430 0036 05       		.uleb128 0x5
 431 0037 35       		.uleb128 0x35
 432 0038 00       		.byte	0
 433 0039 49       		.uleb128 0x49
 434 003a 13       		.uleb128 0x13
 435 003b 00       		.byte	0
 436 003c 00       		.byte	0
 437 003d 06       		.uleb128 0x6
 438 003e 13       		.uleb128 0x13
 439 003f 01       		.byte	0x1
 440 0040 0B       		.uleb128 0xb
 441 0041 0B       		.uleb128 0xb
 442 0042 3A       		.uleb128 0x3a
 443 0043 0B       		.uleb128 0xb
 444 0044 3B       		.uleb128 0x3b
 445 0045 0B       		.uleb128 0xb
 446 0046 01       		.uleb128 0x1
 447 0047 13       		.uleb128 0x13
 448 0048 00       		.byte	0
 449 0049 00       		.byte	0
 450 004a 07       		.uleb128 0x7
 451 004b 0D       		.uleb128 0xd
 452 004c 00       		.byte	0
 453 004d 03       		.uleb128 0x3
 454 004e 0E       		.uleb128 0xe
 455 004f 3A       		.uleb128 0x3a
 456 0050 0B       		.uleb128 0xb
 457 0051 3B       		.uleb128 0x3b
 458 0052 0B       		.uleb128 0xb
 459 0053 49       		.uleb128 0x49
 460 0054 13       		.uleb128 0x13
 461 0055 38       		.uleb128 0x38
 462 0056 0B       		.uleb128 0xb
 463 0057 00       		.byte	0
 464 0058 00       		.byte	0
 465 0059 08       		.uleb128 0x8
 466 005a 16       		.uleb128 0x16
 467 005b 00       		.byte	0
 468 005c 03       		.uleb128 0x3
 469 005d 0E       		.uleb128 0xe
 470 005e 3A       		.uleb128 0x3a
 471 005f 0B       		.uleb128 0xb
ARM GAS  C:\Users\jthem\AppData\Local\Temp\cc4sNc40.s 			page 12


 472 0060 3B       		.uleb128 0x3b
 473 0061 0B       		.uleb128 0xb
 474 0062 49       		.uleb128 0x49
 475 0063 13       		.uleb128 0x13
 476 0064 00       		.byte	0
 477 0065 00       		.byte	0
 478 0066 09       		.uleb128 0x9
 479 0067 2E       		.uleb128 0x2e
 480 0068 00       		.byte	0
 481 0069 3F       		.uleb128 0x3f
 482 006a 19       		.uleb128 0x19
 483 006b 03       		.uleb128 0x3
 484 006c 0E       		.uleb128 0xe
 485 006d 3A       		.uleb128 0x3a
 486 006e 0B       		.uleb128 0xb
 487 006f 3B       		.uleb128 0x3b
 488 0070 0B       		.uleb128 0xb
 489 0071 27       		.uleb128 0x27
 490 0072 19       		.uleb128 0x19
 491 0073 11       		.uleb128 0x11
 492 0074 01       		.uleb128 0x1
 493 0075 12       		.uleb128 0x12
 494 0076 06       		.uleb128 0x6
 495 0077 40       		.uleb128 0x40
 496 0078 18       		.uleb128 0x18
 497 0079 9742     		.uleb128 0x2117
 498 007b 19       		.uleb128 0x19
 499 007c 00       		.byte	0
 500 007d 00       		.byte	0
 501 007e 0A       		.uleb128 0xa
 502 007f 2E       		.uleb128 0x2e
 503 0080 01       		.byte	0x1
 504 0081 3F       		.uleb128 0x3f
 505 0082 19       		.uleb128 0x19
 506 0083 03       		.uleb128 0x3
 507 0084 0E       		.uleb128 0xe
 508 0085 3A       		.uleb128 0x3a
 509 0086 0B       		.uleb128 0xb
 510 0087 3B       		.uleb128 0x3b
 511 0088 0B       		.uleb128 0xb
 512 0089 27       		.uleb128 0x27
 513 008a 19       		.uleb128 0x19
 514 008b 11       		.uleb128 0x11
 515 008c 01       		.uleb128 0x1
 516 008d 12       		.uleb128 0x12
 517 008e 06       		.uleb128 0x6
 518 008f 40       		.uleb128 0x40
 519 0090 18       		.uleb128 0x18
 520 0091 9742     		.uleb128 0x2117
 521 0093 19       		.uleb128 0x19
 522 0094 01       		.uleb128 0x1
 523 0095 13       		.uleb128 0x13
 524 0096 00       		.byte	0
 525 0097 00       		.byte	0
 526 0098 0B       		.uleb128 0xb
 527 0099 898201   		.uleb128 0x4109
 528 009c 00       		.byte	0
ARM GAS  C:\Users\jthem\AppData\Local\Temp\cc4sNc40.s 			page 13


 529 009d 11       		.uleb128 0x11
 530 009e 01       		.uleb128 0x1
 531 009f 9542     		.uleb128 0x2115
 532 00a1 19       		.uleb128 0x19
 533 00a2 31       		.uleb128 0x31
 534 00a3 13       		.uleb128 0x13
 535 00a4 00       		.byte	0
 536 00a5 00       		.byte	0
 537 00a6 0C       		.uleb128 0xc
 538 00a7 898201   		.uleb128 0x4109
 539 00aa 00       		.byte	0
 540 00ab 11       		.uleb128 0x11
 541 00ac 01       		.uleb128 0x1
 542 00ad 31       		.uleb128 0x31
 543 00ae 13       		.uleb128 0x13
 544 00af 00       		.byte	0
 545 00b0 00       		.byte	0
 546 00b1 0D       		.uleb128 0xd
 547 00b2 34       		.uleb128 0x34
 548 00b3 00       		.byte	0
 549 00b4 03       		.uleb128 0x3
 550 00b5 0E       		.uleb128 0xe
 551 00b6 3A       		.uleb128 0x3a
 552 00b7 0B       		.uleb128 0xb
 553 00b8 3B       		.uleb128 0x3b
 554 00b9 0B       		.uleb128 0xb
 555 00ba 49       		.uleb128 0x49
 556 00bb 13       		.uleb128 0x13
 557 00bc 02       		.uleb128 0x2
 558 00bd 18       		.uleb128 0x18
 559 00be 00       		.byte	0
 560 00bf 00       		.byte	0
 561 00c0 0E       		.uleb128 0xe
 562 00c1 34       		.uleb128 0x34
 563 00c2 00       		.byte	0
 564 00c3 03       		.uleb128 0x3
 565 00c4 0E       		.uleb128 0xe
 566 00c5 3A       		.uleb128 0x3a
 567 00c6 0B       		.uleb128 0xb
 568 00c7 3B       		.uleb128 0x3b
 569 00c8 0B       		.uleb128 0xb
 570 00c9 49       		.uleb128 0x49
 571 00ca 13       		.uleb128 0x13
 572 00cb 3F       		.uleb128 0x3f
 573 00cc 19       		.uleb128 0x19
 574 00cd 3C       		.uleb128 0x3c
 575 00ce 19       		.uleb128 0x19
 576 00cf 00       		.byte	0
 577 00d0 00       		.byte	0
 578 00d1 0F       		.uleb128 0xf
 579 00d2 2E       		.uleb128 0x2e
 580 00d3 00       		.byte	0
 581 00d4 3F       		.uleb128 0x3f
 582 00d5 19       		.uleb128 0x19
 583 00d6 03       		.uleb128 0x3
 584 00d7 0E       		.uleb128 0xe
 585 00d8 3A       		.uleb128 0x3a
ARM GAS  C:\Users\jthem\AppData\Local\Temp\cc4sNc40.s 			page 14


 586 00d9 0B       		.uleb128 0xb
 587 00da 3B       		.uleb128 0x3b
 588 00db 0B       		.uleb128 0xb
 589 00dc 27       		.uleb128 0x27
 590 00dd 19       		.uleb128 0x19
 591 00de 3C       		.uleb128 0x3c
 592 00df 19       		.uleb128 0x19
 593 00e0 00       		.byte	0
 594 00e1 00       		.byte	0
 595 00e2 00       		.byte	0
 596              		.section	.debug_aranges,"",%progbits
 597 0000 34000000 		.4byte	0x34
 598 0004 0200     		.2byte	0x2
 599 0006 00000000 		.4byte	.Ldebug_info0
 600 000a 04       		.byte	0x4
 601 000b 00       		.byte	0
 602 000c 0000     		.2byte	0
 603 000e 0000     		.2byte	0
 604 0010 00000000 		.4byte	.LFB0
 605 0014 02000000 		.4byte	.LFE0-.LFB0
 606 0018 00000000 		.4byte	.LFB1
 607 001c 02000000 		.4byte	.LFE1-.LFB1
 608 0020 00000000 		.4byte	.LFB2
 609 0024 24000000 		.4byte	.LFE2-.LFB2
 610 0028 00000000 		.4byte	.LFB3
 611 002c 4C000000 		.4byte	.LFE3-.LFB3
 612 0030 00000000 		.4byte	0
 613 0034 00000000 		.4byte	0
 614              		.section	.debug_ranges,"",%progbits
 615              	.Ldebug_ranges0:
 616 0000 00000000 		.4byte	.LFB0
 617 0004 02000000 		.4byte	.LFE0
 618 0008 00000000 		.4byte	.LFB1
 619 000c 02000000 		.4byte	.LFE1
 620 0010 00000000 		.4byte	.LFB2
 621 0014 24000000 		.4byte	.LFE2
 622 0018 00000000 		.4byte	.LFB3
 623 001c 4C000000 		.4byte	.LFE3
 624 0020 00000000 		.4byte	0
 625 0024 00000000 		.4byte	0
 626              		.section	.debug_line,"",%progbits
 627              	.Ldebug_line0:
 628 0000 B1000000 		.section	.debug_str,"MS",%progbits,1
 628      02005E00 
 628      00000201 
 628      FB0E0D00 
 628      01010101 
 629              	.LASF17:
 630 0000 53504953 		.ascii	"SPIS_BACKUP_STRUCT\000"
 630      5F424143 
 630      4B55505F 
 630      53545255 
 630      435400
 631              	.LASF26:
 632 0013 53504953 		.ascii	"SPIS_txBufferWrite\000"
 632      5F747842 
 632      75666665 
ARM GAS  C:\Users\jthem\AppData\Local\Temp\cc4sNc40.s 			page 15


 632      72577269 
 632      746500
 633              	.LASF33:
 634 0026 433A5C55 		.ascii	"C:\\Users\\jthem\\Documents\\PSoC Creator\\PWMExamp"
 634      73657273 
 634      5C6A7468 
 634      656D5C44 
 634      6F63756D 
 635 0054 6C653031 		.ascii	"le01\\SPI_Design01.cydsn\000"
 635      5C535049 
 635      5F446573 
 635      69676E30 
 635      312E6379 
 636              	.LASF21:
 637 006c 53504953 		.ascii	"SPIS_Wakeup\000"
 637      5F57616B 
 637      65757000 
 638              	.LASF3:
 639 0078 73686F72 		.ascii	"short unsigned int\000"
 639      7420756E 
 639      7369676E 
 639      65642069 
 639      6E7400
 640              	.LASF19:
 641 008b 53504953 		.ascii	"SPIS_RestoreConfig\000"
 641      5F526573 
 641      746F7265 
 641      436F6E66 
 641      696700
 642              	.LASF9:
 643 009e 666C6F61 		.ascii	"float\000"
 643      7400
 644              	.LASF1:
 645 00a4 756E7369 		.ascii	"unsigned char\000"
 645      676E6564 
 645      20636861 
 645      7200
 646              	.LASF13:
 647 00b2 72656738 		.ascii	"reg8\000"
 647      00
 648              	.LASF30:
 649 00b7 53504953 		.ascii	"SPIS_Enable\000"
 649      5F456E61 
 649      626C6500 
 650              	.LASF12:
 651 00c3 75696E74 		.ascii	"uint8\000"
 651      3800
 652              	.LASF27:
 653 00c9 53504953 		.ascii	"SPIS_txBufferFull\000"
 653      5F747842 
 653      75666665 
 653      7246756C 
 653      6C00
 654              	.LASF10:
 655 00db 646F7562 		.ascii	"double\000"
 655      6C6500
 656              	.LASF25:
ARM GAS  C:\Users\jthem\AppData\Local\Temp\cc4sNc40.s 			page 16


 657 00e2 53504953 		.ascii	"SPIS_txBufferRead\000"
 657      5F747842 
 657      75666665 
 657      72526561 
 657      6400
 658              	.LASF16:
 659 00f4 636E7472 		.ascii	"cntrPeriod\000"
 659      50657269 
 659      6F6400
 660              	.LASF24:
 661 00ff 53504953 		.ascii	"SPIS_rxBufferFull\000"
 661      5F727842 
 661      75666665 
 661      7246756C 
 661      6C00
 662              	.LASF5:
 663 0111 6C6F6E67 		.ascii	"long unsigned int\000"
 663      20756E73 
 663      69676E65 
 663      6420696E 
 663      7400
 664              	.LASF8:
 665 0123 756E7369 		.ascii	"unsigned int\000"
 665      676E6564 
 665      20696E74 
 665      00
 666              	.LASF18:
 667 0130 53504953 		.ascii	"SPIS_SaveConfig\000"
 667      5F536176 
 667      65436F6E 
 667      66696700 
 668              	.LASF7:
 669 0140 6C6F6E67 		.ascii	"long long unsigned int\000"
 669      206C6F6E 
 669      6720756E 
 669      7369676E 
 669      65642069 
 670              	.LASF22:
 671 0157 53504953 		.ascii	"SPIS_rxBufferRead\000"
 671      5F727842 
 671      75666665 
 671      72526561 
 671      6400
 672              	.LASF14:
 673 0169 73697A65 		.ascii	"sizetype\000"
 673      74797065 
 673      00
 674              	.LASF6:
 675 0172 6C6F6E67 		.ascii	"long long int\000"
 675      206C6F6E 
 675      6720696E 
 675      7400
 676              	.LASF11:
 677 0180 63686172 		.ascii	"char\000"
 677      00
 678              	.LASF2:
 679 0185 73686F72 		.ascii	"short int\000"
ARM GAS  C:\Users\jthem\AppData\Local\Temp\cc4sNc40.s 			page 17


 679      7420696E 
 679      7400
 680              	.LASF31:
 681 018f 474E5520 		.ascii	"GNU C 4.9.3 20150303 (release) [ARM/embedded-4_9-br"
 681      4320342E 
 681      392E3320 
 681      32303135 
 681      30333033 
 682 01c2 616E6368 		.ascii	"anch revision 221220] -mcpu=cortex-m3 -mthumb -g -O"
 682      20726576 
 682      6973696F 
 682      6E203232 
 682      31323230 
 683 01f5 73202D66 		.ascii	"s -ffunction-sections -ffat-lto-objects\000"
 683      66756E63 
 683      74696F6E 
 683      2D736563 
 683      74696F6E 
 684              	.LASF20:
 685 021d 53504953 		.ascii	"SPIS_Sleep\000"
 685      5F536C65 
 685      657000
 686              	.LASF4:
 687 0228 6C6F6E67 		.ascii	"long int\000"
 687      20696E74 
 687      00
 688              	.LASF15:
 689 0231 656E6162 		.ascii	"enableState\000"
 689      6C655374 
 689      61746500 
 690              	.LASF29:
 691 023d 53504953 		.ascii	"SPIS_ClearFIFO\000"
 691      5F436C65 
 691      61724649 
 691      464F00
 692              	.LASF32:
 693 024c 2E5C4765 		.ascii	".\\Generated_Source\\PSoC5\\SPIS_PM.c\000"
 693      6E657261 
 693      7465645F 
 693      536F7572 
 693      63655C50 
 694              	.LASF0:
 695 026f 7369676E 		.ascii	"signed char\000"
 695      65642063 
 695      68617200 
 696              	.LASF28:
 697 027b 53504953 		.ascii	"SPIS_Stop\000"
 697      5F53746F 
 697      7000
 698              	.LASF23:
 699 0285 53504953 		.ascii	"SPIS_rxBufferWrite\000"
 699      5F727842 
 699      75666665 
 699      72577269 
 699      746500
 700              	.LASF34:
 701 0298 53504953 		.ascii	"SPIS_backup\000"
ARM GAS  C:\Users\jthem\AppData\Local\Temp\cc4sNc40.s 			page 18


 701      5F626163 
 701      6B757000 
 702              		.ident	"GCC: (GNU Tools for ARM Embedded Processors) 4.9.3 20150303 (release) [ARM/embedded-4_9-br
