ARM GAS  C:\Users\jthem\AppData\Local\Temp\ccSMM1NF.s 			page 1


   1              		.cpu cortex-m0
   2              		.fpu softvfp
   3              		.eabi_attribute 20, 1
   4              		.eabi_attribute 21, 1
   5              		.eabi_attribute 23, 3
   6              		.eabi_attribute 24, 1
   7              		.eabi_attribute 25, 1
   8              		.eabi_attribute 26, 1
   9              		.eabi_attribute 30, 6
  10              		.eabi_attribute 34, 0
  11              		.eabi_attribute 18, 4
  12              		.code	16
  13              		.file	"cyfitter_cfg.c"
  14              		.text
  15              	.Ltext0:
  16              		.cfi_sections	.debug_frame
  17              		.section	.text.CYMEMZERO,"ax",%progbits
  18              		.align	2
  19              		.code	16
  20              		.thumb_func
  21              		.type	CYMEMZERO, %function
  22              	CYMEMZERO:
  23              	.LFB0:
  24              		.file 1 ".\\Generated_Source\\PSoC4\\cyfitter_cfg.c"
   1:.\Generated_Source\PSoC4/cyfitter_cfg.c **** /*******************************************************************************
   2:.\Generated_Source\PSoC4/cyfitter_cfg.c **** * File Name: cyfitter_cfg.c
   3:.\Generated_Source\PSoC4/cyfitter_cfg.c **** * 
   4:.\Generated_Source\PSoC4/cyfitter_cfg.c **** * PSoC Creator  3.3 CP2
   5:.\Generated_Source\PSoC4/cyfitter_cfg.c **** *
   6:.\Generated_Source\PSoC4/cyfitter_cfg.c **** * Description:
   7:.\Generated_Source\PSoC4/cyfitter_cfg.c **** * This file contains device initialization code.
   8:.\Generated_Source\PSoC4/cyfitter_cfg.c **** * Except for the user defined sections in CyClockStartupError(), this file should not be modified.
   9:.\Generated_Source\PSoC4/cyfitter_cfg.c **** * This file is automatically generated by PSoC Creator.
  10:.\Generated_Source\PSoC4/cyfitter_cfg.c **** *
  11:.\Generated_Source\PSoC4/cyfitter_cfg.c **** ********************************************************************************
  12:.\Generated_Source\PSoC4/cyfitter_cfg.c **** * Copyright (c) 2007-2015 Cypress Semiconductor.  All rights reserved.
  13:.\Generated_Source\PSoC4/cyfitter_cfg.c **** * You may use this file only in accordance with the license, terms, conditions, 
  14:.\Generated_Source\PSoC4/cyfitter_cfg.c **** * disclaimers, and limitations in the end user license agreement accompanying 
  15:.\Generated_Source\PSoC4/cyfitter_cfg.c **** * the software package with which this file was provided.
  16:.\Generated_Source\PSoC4/cyfitter_cfg.c **** ********************************************************************************/
  17:.\Generated_Source\PSoC4/cyfitter_cfg.c **** 
  18:.\Generated_Source\PSoC4/cyfitter_cfg.c **** #include <string.h>
  19:.\Generated_Source\PSoC4/cyfitter_cfg.c **** #include "cytypes.h"
  20:.\Generated_Source\PSoC4/cyfitter_cfg.c **** #include "cydevice_trm.h"
  21:.\Generated_Source\PSoC4/cyfitter_cfg.c **** #include "cyfitter.h"
  22:.\Generated_Source\PSoC4/cyfitter_cfg.c **** #include "CyLib.h"
  23:.\Generated_Source\PSoC4/cyfitter_cfg.c **** #include "cyfitter_cfg.h"
  24:.\Generated_Source\PSoC4/cyfitter_cfg.c **** 
  25:.\Generated_Source\PSoC4/cyfitter_cfg.c **** 
  26:.\Generated_Source\PSoC4/cyfitter_cfg.c **** #if defined(__GNUC__) || defined(__ARMCC_VERSION)
  27:.\Generated_Source\PSoC4/cyfitter_cfg.c ****     #define CYPACKED 
  28:.\Generated_Source\PSoC4/cyfitter_cfg.c ****     #define CYPACKED_ATTR __attribute__ ((packed))
  29:.\Generated_Source\PSoC4/cyfitter_cfg.c ****     #define CYALIGNED __attribute__ ((aligned))
  30:.\Generated_Source\PSoC4/cyfitter_cfg.c ****     #define CY_CFG_UNUSED __attribute__ ((unused))
  31:.\Generated_Source\PSoC4/cyfitter_cfg.c ****     #ifndef CY_CFG_SECTION
  32:.\Generated_Source\PSoC4/cyfitter_cfg.c ****         #define CY_CFG_SECTION __attribute__ ((section(".psocinit")))
  33:.\Generated_Source\PSoC4/cyfitter_cfg.c ****     #endif
ARM GAS  C:\Users\jthem\AppData\Local\Temp\ccSMM1NF.s 			page 2


  34:.\Generated_Source\PSoC4/cyfitter_cfg.c ****     
  35:.\Generated_Source\PSoC4/cyfitter_cfg.c ****     #if defined(__ARMCC_VERSION)
  36:.\Generated_Source\PSoC4/cyfitter_cfg.c ****         #define CY_CFG_MEMORY_BARRIER() __memory_changed()
  37:.\Generated_Source\PSoC4/cyfitter_cfg.c ****     #else
  38:.\Generated_Source\PSoC4/cyfitter_cfg.c ****         #define CY_CFG_MEMORY_BARRIER() __sync_synchronize()
  39:.\Generated_Source\PSoC4/cyfitter_cfg.c ****     #endif
  40:.\Generated_Source\PSoC4/cyfitter_cfg.c ****     
  41:.\Generated_Source\PSoC4/cyfitter_cfg.c **** #elif defined(__ICCARM__)
  42:.\Generated_Source\PSoC4/cyfitter_cfg.c ****     #include <intrinsics.h>
  43:.\Generated_Source\PSoC4/cyfitter_cfg.c **** 
  44:.\Generated_Source\PSoC4/cyfitter_cfg.c ****     #define CYPACKED __packed
  45:.\Generated_Source\PSoC4/cyfitter_cfg.c ****     #define CYPACKED_ATTR 
  46:.\Generated_Source\PSoC4/cyfitter_cfg.c ****     #define CYALIGNED _Pragma("data_alignment=4")
  47:.\Generated_Source\PSoC4/cyfitter_cfg.c ****     #define CY_CFG_UNUSED _Pragma("diag_suppress=Pe177")
  48:.\Generated_Source\PSoC4/cyfitter_cfg.c ****     #define CY_CFG_SECTION _Pragma("location=\".psocinit\"")
  49:.\Generated_Source\PSoC4/cyfitter_cfg.c ****     
  50:.\Generated_Source\PSoC4/cyfitter_cfg.c ****     #define CY_CFG_MEMORY_BARRIER() __DMB()
  51:.\Generated_Source\PSoC4/cyfitter_cfg.c ****     
  52:.\Generated_Source\PSoC4/cyfitter_cfg.c **** #else
  53:.\Generated_Source\PSoC4/cyfitter_cfg.c ****     #error Unsupported toolchain
  54:.\Generated_Source\PSoC4/cyfitter_cfg.c **** #endif
  55:.\Generated_Source\PSoC4/cyfitter_cfg.c **** 
  56:.\Generated_Source\PSoC4/cyfitter_cfg.c **** 
  57:.\Generated_Source\PSoC4/cyfitter_cfg.c **** CY_CFG_UNUSED
  58:.\Generated_Source\PSoC4/cyfitter_cfg.c **** static void CYMEMZERO(void *s, size_t n);
  59:.\Generated_Source\PSoC4/cyfitter_cfg.c **** CY_CFG_UNUSED
  60:.\Generated_Source\PSoC4/cyfitter_cfg.c **** static void CYMEMZERO(void *s, size_t n)
  61:.\Generated_Source\PSoC4/cyfitter_cfg.c **** {
  25              		.loc 1 61 0
  26              		.cfi_startproc
  27 0000 80B5     		push	{r7, lr}
  28              		.cfi_def_cfa_offset 8
  29              		.cfi_offset 7, -8
  30              		.cfi_offset 14, -4
  31 0002 82B0     		sub	sp, sp, #8
  32              		.cfi_def_cfa_offset 16
  33 0004 00AF     		add	r7, sp, #0
  34              		.cfi_def_cfa_register 7
  35 0006 7860     		str	r0, [r7, #4]
  36 0008 3960     		str	r1, [r7]
  62:.\Generated_Source\PSoC4/cyfitter_cfg.c **** 	(void)memset(s, 0, n);
  37              		.loc 1 62 0
  38 000a 7A68     		ldr	r2, [r7, #4]
  39 000c 3B68     		ldr	r3, [r7]
  40 000e 101C     		mov	r0, r2
  41 0010 0021     		mov	r1, #0
  42 0012 1A1C     		mov	r2, r3
  43 0014 FFF7FEFF 		bl	memset
  63:.\Generated_Source\PSoC4/cyfitter_cfg.c **** }
  44              		.loc 1 63 0
  45 0018 BD46     		mov	sp, r7
  46 001a 02B0     		add	sp, sp, #8
  47              		@ sp needed
  48 001c 80BD     		pop	{r7, pc}
  49              		.cfi_endproc
  50              	.LFE0:
  51              		.size	CYMEMZERO, .-CYMEMZERO
ARM GAS  C:\Users\jthem\AppData\Local\Temp\ccSMM1NF.s 			page 3


  52 001e C046     		.section	.text.CYCONFIGCPY,"ax",%progbits
  53              		.align	2
  54              		.code	16
  55              		.thumb_func
  56              		.type	CYCONFIGCPY, %function
  57              	CYCONFIGCPY:
  58              	.LFB1:
  64:.\Generated_Source\PSoC4/cyfitter_cfg.c **** CY_CFG_UNUSED
  65:.\Generated_Source\PSoC4/cyfitter_cfg.c **** static void CYCONFIGCPY(void *dest, const void *src, size_t n);
  66:.\Generated_Source\PSoC4/cyfitter_cfg.c **** CY_CFG_UNUSED
  67:.\Generated_Source\PSoC4/cyfitter_cfg.c **** static void CYCONFIGCPY(void *dest, const void *src, size_t n)
  68:.\Generated_Source\PSoC4/cyfitter_cfg.c **** {
  59              		.loc 1 68 0
  60              		.cfi_startproc
  61 0000 80B5     		push	{r7, lr}
  62              		.cfi_def_cfa_offset 8
  63              		.cfi_offset 7, -8
  64              		.cfi_offset 14, -4
  65 0002 84B0     		sub	sp, sp, #16
  66              		.cfi_def_cfa_offset 24
  67 0004 00AF     		add	r7, sp, #0
  68              		.cfi_def_cfa_register 7
  69 0006 F860     		str	r0, [r7, #12]
  70 0008 B960     		str	r1, [r7, #8]
  71 000a 7A60     		str	r2, [r7, #4]
  69:.\Generated_Source\PSoC4/cyfitter_cfg.c **** 	(void)memcpy(dest, src, n);
  72              		.loc 1 69 0
  73 000c F968     		ldr	r1, [r7, #12]
  74 000e BA68     		ldr	r2, [r7, #8]
  75 0010 7B68     		ldr	r3, [r7, #4]
  76 0012 081C     		mov	r0, r1
  77 0014 111C     		mov	r1, r2
  78 0016 1A1C     		mov	r2, r3
  79 0018 FFF7FEFF 		bl	memcpy
  70:.\Generated_Source\PSoC4/cyfitter_cfg.c **** }
  80              		.loc 1 70 0
  81 001c BD46     		mov	sp, r7
  82 001e 04B0     		add	sp, sp, #16
  83              		@ sp needed
  84 0020 80BD     		pop	{r7, pc}
  85              		.cfi_endproc
  86              	.LFE1:
  87              		.size	CYCONFIGCPY, .-CYCONFIGCPY
  88 0022 C046     		.section	.text.CYCONFIGCPYCODE,"ax",%progbits
  89              		.align	2
  90              		.code	16
  91              		.thumb_func
  92              		.type	CYCONFIGCPYCODE, %function
  93              	CYCONFIGCPYCODE:
  94              	.LFB2:
  71:.\Generated_Source\PSoC4/cyfitter_cfg.c **** CY_CFG_UNUSED
  72:.\Generated_Source\PSoC4/cyfitter_cfg.c **** static void CYCONFIGCPYCODE(void *dest, const void *src, size_t n);
  73:.\Generated_Source\PSoC4/cyfitter_cfg.c **** CY_CFG_UNUSED
  74:.\Generated_Source\PSoC4/cyfitter_cfg.c **** static void CYCONFIGCPYCODE(void *dest, const void *src, size_t n)
  75:.\Generated_Source\PSoC4/cyfitter_cfg.c **** {
  95              		.loc 1 75 0
  96              		.cfi_startproc
ARM GAS  C:\Users\jthem\AppData\Local\Temp\ccSMM1NF.s 			page 4


  97 0000 80B5     		push	{r7, lr}
  98              		.cfi_def_cfa_offset 8
  99              		.cfi_offset 7, -8
 100              		.cfi_offset 14, -4
 101 0002 84B0     		sub	sp, sp, #16
 102              		.cfi_def_cfa_offset 24
 103 0004 00AF     		add	r7, sp, #0
 104              		.cfi_def_cfa_register 7
 105 0006 F860     		str	r0, [r7, #12]
 106 0008 B960     		str	r1, [r7, #8]
 107 000a 7A60     		str	r2, [r7, #4]
  76:.\Generated_Source\PSoC4/cyfitter_cfg.c **** 	(void)memcpy(dest, src, n);
 108              		.loc 1 76 0
 109 000c F968     		ldr	r1, [r7, #12]
 110 000e BA68     		ldr	r2, [r7, #8]
 111 0010 7B68     		ldr	r3, [r7, #4]
 112 0012 081C     		mov	r0, r1
 113 0014 111C     		mov	r1, r2
 114 0016 1A1C     		mov	r2, r3
 115 0018 FFF7FEFF 		bl	memcpy
  77:.\Generated_Source\PSoC4/cyfitter_cfg.c **** }
 116              		.loc 1 77 0
 117 001c BD46     		mov	sp, r7
 118 001e 04B0     		add	sp, sp, #16
 119              		@ sp needed
 120 0020 80BD     		pop	{r7, pc}
 121              		.cfi_endproc
 122              	.LFE2:
 123              		.size	CYCONFIGCPYCODE, .-CYCONFIGCPYCODE
 124 0022 C046     		.section	.text.cfg_write_bytes32,"ax",%progbits
 125              		.align	2
 126              		.code	16
 127              		.thumb_func
 128              		.type	cfg_write_bytes32, %function
 129              	cfg_write_bytes32:
 130              	.LFB3:
  78:.\Generated_Source\PSoC4/cyfitter_cfg.c **** 
  79:.\Generated_Source\PSoC4/cyfitter_cfg.c **** 
  80:.\Generated_Source\PSoC4/cyfitter_cfg.c **** 
  81:.\Generated_Source\PSoC4/cyfitter_cfg.c **** /* Clock startup error codes                                                   */
  82:.\Generated_Source\PSoC4/cyfitter_cfg.c **** #define CYCLOCKSTART_NO_ERROR    0u
  83:.\Generated_Source\PSoC4/cyfitter_cfg.c **** #define CYCLOCKSTART_XTAL_ERROR  1u
  84:.\Generated_Source\PSoC4/cyfitter_cfg.c **** #define CYCLOCKSTART_32KHZ_ERROR 2u
  85:.\Generated_Source\PSoC4/cyfitter_cfg.c **** #define CYCLOCKSTART_PLL_ERROR   3u
  86:.\Generated_Source\PSoC4/cyfitter_cfg.c **** 
  87:.\Generated_Source\PSoC4/cyfitter_cfg.c **** #ifdef CY_NEED_CYCLOCKSTARTUPERROR
  88:.\Generated_Source\PSoC4/cyfitter_cfg.c **** /*******************************************************************************
  89:.\Generated_Source\PSoC4/cyfitter_cfg.c **** * Function Name: CyClockStartupError
  90:.\Generated_Source\PSoC4/cyfitter_cfg.c **** ********************************************************************************
  91:.\Generated_Source\PSoC4/cyfitter_cfg.c **** * Summary:
  92:.\Generated_Source\PSoC4/cyfitter_cfg.c **** *  If an error is encountered during clock configuration (crystal startup error,
  93:.\Generated_Source\PSoC4/cyfitter_cfg.c **** *  PLL lock error, etc.), the system will end up here.  Unless reimplemented by
  94:.\Generated_Source\PSoC4/cyfitter_cfg.c **** *  the customer, this function will stop in an infinite loop.
  95:.\Generated_Source\PSoC4/cyfitter_cfg.c **** *
  96:.\Generated_Source\PSoC4/cyfitter_cfg.c **** * Parameters:
  97:.\Generated_Source\PSoC4/cyfitter_cfg.c **** *   void
  98:.\Generated_Source\PSoC4/cyfitter_cfg.c **** *
ARM GAS  C:\Users\jthem\AppData\Local\Temp\ccSMM1NF.s 			page 5


  99:.\Generated_Source\PSoC4/cyfitter_cfg.c **** * Return:
 100:.\Generated_Source\PSoC4/cyfitter_cfg.c **** *   void
 101:.\Generated_Source\PSoC4/cyfitter_cfg.c **** *
 102:.\Generated_Source\PSoC4/cyfitter_cfg.c **** *******************************************************************************/
 103:.\Generated_Source\PSoC4/cyfitter_cfg.c **** CY_CFG_UNUSED
 104:.\Generated_Source\PSoC4/cyfitter_cfg.c **** static void CyClockStartupError(uint8 errorCode);
 105:.\Generated_Source\PSoC4/cyfitter_cfg.c **** CY_CFG_UNUSED
 106:.\Generated_Source\PSoC4/cyfitter_cfg.c **** static void CyClockStartupError(uint8 errorCode)
 107:.\Generated_Source\PSoC4/cyfitter_cfg.c **** {
 108:.\Generated_Source\PSoC4/cyfitter_cfg.c ****     /* To remove the compiler warning if errorCode not used.                */
 109:.\Generated_Source\PSoC4/cyfitter_cfg.c ****     errorCode = errorCode;
 110:.\Generated_Source\PSoC4/cyfitter_cfg.c **** 
 111:.\Generated_Source\PSoC4/cyfitter_cfg.c ****     /* `#START CyClockStartupError` */
 112:.\Generated_Source\PSoC4/cyfitter_cfg.c **** 
 113:.\Generated_Source\PSoC4/cyfitter_cfg.c ****     /* If we have a clock startup error (bad MHz crystal, PLL lock, etc.),  */
 114:.\Generated_Source\PSoC4/cyfitter_cfg.c ****     /* we will end up here to allow the customer to implement something to  */
 115:.\Generated_Source\PSoC4/cyfitter_cfg.c ****     /* deal with the clock condition.                                       */
 116:.\Generated_Source\PSoC4/cyfitter_cfg.c **** 
 117:.\Generated_Source\PSoC4/cyfitter_cfg.c ****     /* `#END` */
 118:.\Generated_Source\PSoC4/cyfitter_cfg.c **** 
 119:.\Generated_Source\PSoC4/cyfitter_cfg.c ****     /* If nothing else, stop here since the clocks have not started         */
 120:.\Generated_Source\PSoC4/cyfitter_cfg.c ****     /* correctly.                                                           */
 121:.\Generated_Source\PSoC4/cyfitter_cfg.c ****     while(1) {}
 122:.\Generated_Source\PSoC4/cyfitter_cfg.c **** }
 123:.\Generated_Source\PSoC4/cyfitter_cfg.c **** #endif
 124:.\Generated_Source\PSoC4/cyfitter_cfg.c **** 
 125:.\Generated_Source\PSoC4/cyfitter_cfg.c **** #define CY_CFG_BASE_ADDR_COUNT 4u
 126:.\Generated_Source\PSoC4/cyfitter_cfg.c **** CYPACKED typedef struct
 127:.\Generated_Source\PSoC4/cyfitter_cfg.c **** {
 128:.\Generated_Source\PSoC4/cyfitter_cfg.c **** 	uint8 offset;
 129:.\Generated_Source\PSoC4/cyfitter_cfg.c **** 	uint8 value;
 130:.\Generated_Source\PSoC4/cyfitter_cfg.c **** } CYPACKED_ATTR cy_cfg_addrvalue_t;
 131:.\Generated_Source\PSoC4/cyfitter_cfg.c **** 
 132:.\Generated_Source\PSoC4/cyfitter_cfg.c **** 
 133:.\Generated_Source\PSoC4/cyfitter_cfg.c **** 
 134:.\Generated_Source\PSoC4/cyfitter_cfg.c **** /*******************************************************************************
 135:.\Generated_Source\PSoC4/cyfitter_cfg.c **** * Function Name: cfg_write_bytes32
 136:.\Generated_Source\PSoC4/cyfitter_cfg.c **** ********************************************************************************
 137:.\Generated_Source\PSoC4/cyfitter_cfg.c **** * Summary:
 138:.\Generated_Source\PSoC4/cyfitter_cfg.c **** *  This function is used for setting up the chip configuration areas that
 139:.\Generated_Source\PSoC4/cyfitter_cfg.c **** *  contain relatively sparse data.
 140:.\Generated_Source\PSoC4/cyfitter_cfg.c **** *
 141:.\Generated_Source\PSoC4/cyfitter_cfg.c **** * Parameters:
 142:.\Generated_Source\PSoC4/cyfitter_cfg.c **** *   void
 143:.\Generated_Source\PSoC4/cyfitter_cfg.c **** *
 144:.\Generated_Source\PSoC4/cyfitter_cfg.c **** * Return:
 145:.\Generated_Source\PSoC4/cyfitter_cfg.c **** *   void
 146:.\Generated_Source\PSoC4/cyfitter_cfg.c **** *
 147:.\Generated_Source\PSoC4/cyfitter_cfg.c **** *******************************************************************************/
 148:.\Generated_Source\PSoC4/cyfitter_cfg.c **** static void cfg_write_bytes32(const uint32 addr_table[], const cy_cfg_addrvalue_t data_table[]);
 149:.\Generated_Source\PSoC4/cyfitter_cfg.c **** static void cfg_write_bytes32(const uint32 addr_table[], const cy_cfg_addrvalue_t data_table[])
 150:.\Generated_Source\PSoC4/cyfitter_cfg.c **** {
 131              		.loc 1 150 0
 132              		.cfi_startproc
 133 0000 80B5     		push	{r7, lr}
 134              		.cfi_def_cfa_offset 8
 135              		.cfi_offset 7, -8
ARM GAS  C:\Users\jthem\AppData\Local\Temp\ccSMM1NF.s 			page 6


 136              		.cfi_offset 14, -4
 137 0002 86B0     		sub	sp, sp, #24
 138              		.cfi_def_cfa_offset 32
 139 0004 00AF     		add	r7, sp, #0
 140              		.cfi_def_cfa_register 7
 141 0006 7860     		str	r0, [r7, #4]
 142 0008 3960     		str	r1, [r7]
 151:.\Generated_Source\PSoC4/cyfitter_cfg.c **** 	/* For 32-bit little-endian architectures */
 152:.\Generated_Source\PSoC4/cyfitter_cfg.c **** 	uint32 i, j = 0u;
 143              		.loc 1 152 0
 144 000a 0023     		mov	r3, #0
 145 000c 3B61     		str	r3, [r7, #16]
 153:.\Generated_Source\PSoC4/cyfitter_cfg.c **** 	for (i = 0u; i < CY_CFG_BASE_ADDR_COUNT; i++)
 146              		.loc 1 153 0
 147 000e 0023     		mov	r3, #0
 148 0010 7B61     		str	r3, [r7, #20]
 149 0012 2FE0     		b	.L5
 150              	.L8:
 151              	.LBB2:
 154:.\Generated_Source\PSoC4/cyfitter_cfg.c **** 	{
 155:.\Generated_Source\PSoC4/cyfitter_cfg.c **** 		uint32 baseAddr = addr_table[i];
 152              		.loc 1 155 0
 153 0014 7B69     		ldr	r3, [r7, #20]
 154 0016 9B00     		lsl	r3, r3, #2
 155 0018 7A68     		ldr	r2, [r7, #4]
 156 001a D318     		add	r3, r2, r3
 157 001c 1B68     		ldr	r3, [r3]
 158 001e BB60     		str	r3, [r7, #8]
 156:.\Generated_Source\PSoC4/cyfitter_cfg.c **** 		uint8 count = (uint8)baseAddr;
 159              		.loc 1 156 0
 160 0020 0F23     		mov	r3, #15
 161 0022 FB18     		add	r3, r7, r3
 162 0024 BA68     		ldr	r2, [r7, #8]
 163 0026 1A70     		strb	r2, [r3]
 157:.\Generated_Source\PSoC4/cyfitter_cfg.c **** 		baseAddr &= 0xFFFFFF00u;
 164              		.loc 1 157 0
 165 0028 BB68     		ldr	r3, [r7, #8]
 166 002a FF22     		mov	r2, #255
 167 002c 9343     		bic	r3, r2
 168 002e BB60     		str	r3, [r7, #8]
 158:.\Generated_Source\PSoC4/cyfitter_cfg.c **** 		while (count != 0u)
 169              		.loc 1 158 0
 170 0030 18E0     		b	.L6
 171              	.L7:
 159:.\Generated_Source\PSoC4/cyfitter_cfg.c **** 		{
 160:.\Generated_Source\PSoC4/cyfitter_cfg.c **** 			CY_SET_XTND_REG8((void CYFAR *)(baseAddr + data_table[j].offset), data_table[j].value);
 172              		.loc 1 160 0
 173 0032 3B69     		ldr	r3, [r7, #16]
 174 0034 5B00     		lsl	r3, r3, #1
 175 0036 3A68     		ldr	r2, [r7]
 176 0038 D318     		add	r3, r2, r3
 177 003a 1B78     		ldrb	r3, [r3]
 178 003c 1A1C     		mov	r2, r3
 179 003e BB68     		ldr	r3, [r7, #8]
 180 0040 D318     		add	r3, r2, r3
 181 0042 191C     		mov	r1, r3
 182 0044 3B69     		ldr	r3, [r7, #16]
ARM GAS  C:\Users\jthem\AppData\Local\Temp\ccSMM1NF.s 			page 7


 183 0046 5B00     		lsl	r3, r3, #1
 184 0048 3A68     		ldr	r2, [r7]
 185 004a D318     		add	r3, r2, r3
 186 004c 5B78     		ldrb	r3, [r3, #1]
 187 004e 0B70     		strb	r3, [r1]
 161:.\Generated_Source\PSoC4/cyfitter_cfg.c **** 			j++;
 188              		.loc 1 161 0
 189 0050 3B69     		ldr	r3, [r7, #16]
 190 0052 0133     		add	r3, r3, #1
 191 0054 3B61     		str	r3, [r7, #16]
 162:.\Generated_Source\PSoC4/cyfitter_cfg.c **** 			count--;
 192              		.loc 1 162 0
 193 0056 0F23     		mov	r3, #15
 194 0058 FB18     		add	r3, r7, r3
 195 005a 1A78     		ldrb	r2, [r3]
 196 005c 0F23     		mov	r3, #15
 197 005e FB18     		add	r3, r7, r3
 198 0060 013A     		sub	r2, r2, #1
 199 0062 1A70     		strb	r2, [r3]
 200              	.L6:
 158:.\Generated_Source\PSoC4/cyfitter_cfg.c **** 		{
 201              		.loc 1 158 0
 202 0064 0F23     		mov	r3, #15
 203 0066 FB18     		add	r3, r7, r3
 204 0068 1B78     		ldrb	r3, [r3]
 205 006a 002B     		cmp	r3, #0
 206 006c E1D1     		bne	.L7
 207              	.LBE2:
 153:.\Generated_Source\PSoC4/cyfitter_cfg.c **** 	{
 208              		.loc 1 153 0 discriminator 2
 209 006e 7B69     		ldr	r3, [r7, #20]
 210 0070 0133     		add	r3, r3, #1
 211 0072 7B61     		str	r3, [r7, #20]
 212              	.L5:
 153:.\Generated_Source\PSoC4/cyfitter_cfg.c **** 	{
 213              		.loc 1 153 0 is_stmt 0 discriminator 1
 214 0074 7B69     		ldr	r3, [r7, #20]
 215 0076 032B     		cmp	r3, #3
 216 0078 CCD9     		bls	.L8
 163:.\Generated_Source\PSoC4/cyfitter_cfg.c **** 		}
 164:.\Generated_Source\PSoC4/cyfitter_cfg.c **** 	}
 165:.\Generated_Source\PSoC4/cyfitter_cfg.c **** }
 217              		.loc 1 165 0 is_stmt 1
 218 007a BD46     		mov	sp, r7
 219 007c 06B0     		add	sp, sp, #24
 220              		@ sp needed
 221 007e 80BD     		pop	{r7, pc}
 222              		.cfi_endproc
 223              	.LFE3:
 224              		.size	cfg_write_bytes32, .-cfg_write_bytes32
 225              		.section	.psocinit,"ax",%progbits
 226              		.align	2
 227              		.code	16
 228              		.thumb_func
 229              		.type	ClockSetup, %function
 230              	ClockSetup:
 231              	.LFB4:
ARM GAS  C:\Users\jthem\AppData\Local\Temp\ccSMM1NF.s 			page 8


 166:.\Generated_Source\PSoC4/cyfitter_cfg.c **** 
 167:.\Generated_Source\PSoC4/cyfitter_cfg.c **** 
 168:.\Generated_Source\PSoC4/cyfitter_cfg.c **** /*******************************************************************************
 169:.\Generated_Source\PSoC4/cyfitter_cfg.c **** * Function Name: ClockSetup
 170:.\Generated_Source\PSoC4/cyfitter_cfg.c **** ********************************************************************************
 171:.\Generated_Source\PSoC4/cyfitter_cfg.c **** *
 172:.\Generated_Source\PSoC4/cyfitter_cfg.c **** * Summary:
 173:.\Generated_Source\PSoC4/cyfitter_cfg.c **** *   Performs the initialization of all of the clocks in the device based on the
 174:.\Generated_Source\PSoC4/cyfitter_cfg.c **** *   settings in the Clock tab of the DWR.  This includes enabling the requested
 175:.\Generated_Source\PSoC4/cyfitter_cfg.c **** *   clocks and setting the necessary dividers to produce the desired frequency. 
 176:.\Generated_Source\PSoC4/cyfitter_cfg.c **** *
 177:.\Generated_Source\PSoC4/cyfitter_cfg.c **** * Parameters:
 178:.\Generated_Source\PSoC4/cyfitter_cfg.c **** *   void
 179:.\Generated_Source\PSoC4/cyfitter_cfg.c **** *
 180:.\Generated_Source\PSoC4/cyfitter_cfg.c **** * Return:
 181:.\Generated_Source\PSoC4/cyfitter_cfg.c **** *   void
 182:.\Generated_Source\PSoC4/cyfitter_cfg.c **** *
 183:.\Generated_Source\PSoC4/cyfitter_cfg.c **** *******************************************************************************/
 184:.\Generated_Source\PSoC4/cyfitter_cfg.c **** static void ClockSetup(void);
 185:.\Generated_Source\PSoC4/cyfitter_cfg.c **** CY_CFG_SECTION
 186:.\Generated_Source\PSoC4/cyfitter_cfg.c **** static void ClockSetup(void)
 187:.\Generated_Source\PSoC4/cyfitter_cfg.c **** {
 232              		.loc 1 187 0
 233              		.cfi_startproc
 234 0000 80B5     		push	{r7, lr}
 235              		.cfi_def_cfa_offset 8
 236              		.cfi_offset 7, -8
 237              		.cfi_offset 14, -4
 238 0002 00AF     		add	r7, sp, #0
 239              		.cfi_def_cfa_register 7
 188:.\Generated_Source\PSoC4/cyfitter_cfg.c **** 	/* Enable HALF_EN before trimming for the flash accelerator. */
 189:.\Generated_Source\PSoC4/cyfitter_cfg.c **** 	CY_SET_REG32((void CYXDATA *)(CYREG_CLK_SELECT), (CY_GET_REG32((void *)CYREG_CLK_SELECT) | 0x00040
 240              		.loc 1 189 0
 241 0004 124B     		ldr	r3, .L10
 242 0006 124A     		ldr	r2, .L10
 243 0008 1268     		ldr	r2, [r2]
 244 000a 8021     		mov	r1, #128
 245 000c C902     		lsl	r1, r1, #11
 246 000e 0A43     		orr	r2, r1
 247 0010 1A60     		str	r2, [r3]
 190:.\Generated_Source\PSoC4/cyfitter_cfg.c **** 
 191:.\Generated_Source\PSoC4/cyfitter_cfg.c **** 	/* Setup and trim IMO based on desired frequency. */
 192:.\Generated_Source\PSoC4/cyfitter_cfg.c **** 	CySysClkWriteImoFreq(24u);
 248              		.loc 1 192 0
 249 0012 1820     		mov	r0, #24
 250 0014 FFF7FEFF 		bl	CySysClkWriteImoFreq
 193:.\Generated_Source\PSoC4/cyfitter_cfg.c **** 
 194:.\Generated_Source\PSoC4/cyfitter_cfg.c **** 	/* Disable HALF_EN since it is not required at this IMO frequency. */
 195:.\Generated_Source\PSoC4/cyfitter_cfg.c **** 	CY_SET_REG32((void CYXDATA *)(CYREG_CLK_SELECT), (CY_GET_REG32((void *)CYREG_CLK_SELECT) & 0xFFFBF
 251              		.loc 1 195 0
 252 0018 0D4B     		ldr	r3, .L10
 253 001a 0D4A     		ldr	r2, .L10
 254 001c 1268     		ldr	r2, [r2]
 255 001e 0D49     		ldr	r1, .L10+4
 256 0020 0A40     		and	r2, r1
 257 0022 1A60     		str	r2, [r3]
 196:.\Generated_Source\PSoC4/cyfitter_cfg.c **** 	/* CYDEV_CLK_ILO_CONFIG Starting address: CYDEV_CLK_ILO_CONFIG */
ARM GAS  C:\Users\jthem\AppData\Local\Temp\ccSMM1NF.s 			page 9


 197:.\Generated_Source\PSoC4/cyfitter_cfg.c **** 	CY_SET_XTND_REG32((void CYFAR *)(CYREG_CLK_ILO_CONFIG), 0x80000006u);
 258              		.loc 1 197 0
 259 0024 0C4B     		ldr	r3, .L10+8
 260 0026 0D4A     		ldr	r2, .L10+12
 261 0028 1A60     		str	r2, [r3]
 198:.\Generated_Source\PSoC4/cyfitter_cfg.c **** 
 199:.\Generated_Source\PSoC4/cyfitter_cfg.c **** 
 200:.\Generated_Source\PSoC4/cyfitter_cfg.c **** 	/* CYDEV_CLK_SELECT00 Starting address: CYDEV_CLK_SELECT00 */
 201:.\Generated_Source\PSoC4/cyfitter_cfg.c **** 	CY_SET_XTND_REG32((void CYFAR *)(CYREG_CLK_SELECT08), 0x00000010u);
 262              		.loc 1 201 0
 263 002a 0D4B     		ldr	r3, .L10+16
 264 002c 1022     		mov	r2, #16
 265 002e 1A60     		str	r2, [r3]
 202:.\Generated_Source\PSoC4/cyfitter_cfg.c **** 
 203:.\Generated_Source\PSoC4/cyfitter_cfg.c **** 	/* CYDEV_CLK_IMO_CONFIG Starting address: CYDEV_CLK_IMO_CONFIG */
 204:.\Generated_Source\PSoC4/cyfitter_cfg.c **** 	CY_SET_XTND_REG32((void CYFAR *)(CYREG_CLK_IMO_CONFIG), 0x80000000u);
 266              		.loc 1 204 0
 267 0030 0C4B     		ldr	r3, .L10+20
 268 0032 8022     		mov	r2, #128
 269 0034 1206     		lsl	r2, r2, #24
 270 0036 1A60     		str	r2, [r3]
 205:.\Generated_Source\PSoC4/cyfitter_cfg.c **** 
 206:.\Generated_Source\PSoC4/cyfitter_cfg.c **** 	/* CYDEV_CLK_SELECT Starting address: CYDEV_CLK_SELECT */
 207:.\Generated_Source\PSoC4/cyfitter_cfg.c **** 	CY_SET_XTND_REG32((void CYFAR *)(CYREG_CLK_SELECT), 0x00000000u);
 271              		.loc 1 207 0
 272 0038 054B     		ldr	r3, .L10
 273 003a 0022     		mov	r2, #0
 274 003c 1A60     		str	r2, [r3]
 208:.\Generated_Source\PSoC4/cyfitter_cfg.c **** 
 209:.\Generated_Source\PSoC4/cyfitter_cfg.c **** 	/* CYDEV_CLK_DIVIDER_A00 Starting address: CYDEV_CLK_DIVIDER_A00 */
 210:.\Generated_Source\PSoC4/cyfitter_cfg.c **** 	CY_SET_XTND_REG32((void CYFAR *)(CYREG_CLK_DIVIDER_A00), 0x80000001u);
 275              		.loc 1 210 0
 276 003e 0A4B     		ldr	r3, .L10+24
 277 0040 0A4A     		ldr	r2, .L10+28
 278 0042 1A60     		str	r2, [r3]
 211:.\Generated_Source\PSoC4/cyfitter_cfg.c **** 
 212:.\Generated_Source\PSoC4/cyfitter_cfg.c **** 	CY_SET_XTND_REG32((void CYFAR *)(CYREG_WDT_CONFIG), 0x00000000u);
 279              		.loc 1 212 0
 280 0044 0A4B     		ldr	r3, .L10+32
 281 0046 0022     		mov	r2, #0
 282 0048 1A60     		str	r2, [r3]
 213:.\Generated_Source\PSoC4/cyfitter_cfg.c **** }
 283              		.loc 1 213 0
 284 004a BD46     		mov	sp, r7
 285              		@ sp needed
 286 004c 80BD     		pop	{r7, pc}
 287              	.L11:
 288 004e C046     		.align	2
 289              	.L10:
 290 0050 00010B40 		.word	1074462976
 291 0054 FFFFFBFF 		.word	-262145
 292 0058 04010B40 		.word	1074462980
 293 005c 06000080 		.word	-2147483642
 294 0060 20020240 		.word	1073873440
 295 0064 08010B40 		.word	1074462984
 296 0068 00000240 		.word	1073872896
 297 006c 01000080 		.word	-2147483647
ARM GAS  C:\Users\jthem\AppData\Local\Temp\ccSMM1NF.s 			page 10


 298 0070 0C020B40 		.word	1074463244
 299              		.cfi_endproc
 300              	.LFE4:
 301              		.size	ClockSetup, .-ClockSetup
 302              		.section	.text.AnalogSetDefault,"ax",%progbits
 303              		.align	2
 304              		.code	16
 305              		.thumb_func
 306              		.type	AnalogSetDefault, %function
 307              	AnalogSetDefault:
 308              	.LFB5:
 214:.\Generated_Source\PSoC4/cyfitter_cfg.c **** 
 215:.\Generated_Source\PSoC4/cyfitter_cfg.c **** 
 216:.\Generated_Source\PSoC4/cyfitter_cfg.c **** /* Analog API Functions */
 217:.\Generated_Source\PSoC4/cyfitter_cfg.c **** 
 218:.\Generated_Source\PSoC4/cyfitter_cfg.c **** 
 219:.\Generated_Source\PSoC4/cyfitter_cfg.c **** /*******************************************************************************
 220:.\Generated_Source\PSoC4/cyfitter_cfg.c **** * Function Name: AnalogSetDefault
 221:.\Generated_Source\PSoC4/cyfitter_cfg.c **** ********************************************************************************
 222:.\Generated_Source\PSoC4/cyfitter_cfg.c **** *
 223:.\Generated_Source\PSoC4/cyfitter_cfg.c **** * Summary:
 224:.\Generated_Source\PSoC4/cyfitter_cfg.c **** *  Sets up the analog portions of the chip to default values based on chip
 225:.\Generated_Source\PSoC4/cyfitter_cfg.c **** *  configuration options from the project.
 226:.\Generated_Source\PSoC4/cyfitter_cfg.c **** *
 227:.\Generated_Source\PSoC4/cyfitter_cfg.c **** * Parameters:
 228:.\Generated_Source\PSoC4/cyfitter_cfg.c **** *  void
 229:.\Generated_Source\PSoC4/cyfitter_cfg.c **** *
 230:.\Generated_Source\PSoC4/cyfitter_cfg.c **** * Return:
 231:.\Generated_Source\PSoC4/cyfitter_cfg.c **** *  void
 232:.\Generated_Source\PSoC4/cyfitter_cfg.c **** *
 233:.\Generated_Source\PSoC4/cyfitter_cfg.c **** *******************************************************************************/
 234:.\Generated_Source\PSoC4/cyfitter_cfg.c **** static void AnalogSetDefault(void);
 235:.\Generated_Source\PSoC4/cyfitter_cfg.c **** static void AnalogSetDefault(void)
 236:.\Generated_Source\PSoC4/cyfitter_cfg.c **** {
 309              		.loc 1 236 0
 310              		.cfi_startproc
 311 0000 80B5     		push	{r7, lr}
 312              		.cfi_def_cfa_offset 8
 313              		.cfi_offset 7, -8
 314              		.cfi_offset 14, -4
 315 0002 00AF     		add	r7, sp, #0
 316              		.cfi_def_cfa_register 7
 237:.\Generated_Source\PSoC4/cyfitter_cfg.c **** }
 317              		.loc 1 237 0
 318 0004 BD46     		mov	sp, r7
 319              		@ sp needed
 320 0006 80BD     		pop	{r7, pc}
 321              		.cfi_endproc
 322              	.LFE5:
 323              		.size	AnalogSetDefault, .-AnalogSetDefault
 324              		.section	.psocinit
 325              		.align	2
 326              		.global	cyfitter_cfg
 327              		.code	16
 328              		.thumb_func
 329              		.type	cyfitter_cfg, %function
 330              	cyfitter_cfg:
ARM GAS  C:\Users\jthem\AppData\Local\Temp\ccSMM1NF.s 			page 11


 331              	.LFB6:
 238:.\Generated_Source\PSoC4/cyfitter_cfg.c **** 
 239:.\Generated_Source\PSoC4/cyfitter_cfg.c **** #define CY_AMUX_UNUSED CYREG_CM0_ROM_DWT
 240:.\Generated_Source\PSoC4/cyfitter_cfg.c **** 
 241:.\Generated_Source\PSoC4/cyfitter_cfg.c **** 
 242:.\Generated_Source\PSoC4/cyfitter_cfg.c **** /*******************************************************************************
 243:.\Generated_Source\PSoC4/cyfitter_cfg.c **** * Function Name: cyfitter_cfg
 244:.\Generated_Source\PSoC4/cyfitter_cfg.c **** ********************************************************************************
 245:.\Generated_Source\PSoC4/cyfitter_cfg.c **** * Summary:
 246:.\Generated_Source\PSoC4/cyfitter_cfg.c **** *  This function is called by the start-up code for the selected device. It
 247:.\Generated_Source\PSoC4/cyfitter_cfg.c **** *  performs all of the necessary device configuration based on the design
 248:.\Generated_Source\PSoC4/cyfitter_cfg.c **** *  settings.  This includes settings from the Design Wide Resources (DWR) such
 249:.\Generated_Source\PSoC4/cyfitter_cfg.c **** *  as Clocks and Pins as well as any component configuration that is necessary.
 250:.\Generated_Source\PSoC4/cyfitter_cfg.c **** *
 251:.\Generated_Source\PSoC4/cyfitter_cfg.c **** * Parameters:  
 252:.\Generated_Source\PSoC4/cyfitter_cfg.c **** *   void
 253:.\Generated_Source\PSoC4/cyfitter_cfg.c **** *
 254:.\Generated_Source\PSoC4/cyfitter_cfg.c **** * Return:
 255:.\Generated_Source\PSoC4/cyfitter_cfg.c **** *   void
 256:.\Generated_Source\PSoC4/cyfitter_cfg.c **** *
 257:.\Generated_Source\PSoC4/cyfitter_cfg.c **** *******************************************************************************/
 258:.\Generated_Source\PSoC4/cyfitter_cfg.c **** CY_CFG_SECTION
 259:.\Generated_Source\PSoC4/cyfitter_cfg.c **** void cyfitter_cfg(void)
 260:.\Generated_Source\PSoC4/cyfitter_cfg.c **** {
 332              		.loc 1 260 0
 333              		.cfi_startproc
 334 0074 80B5     		push	{r7, lr}
 335              		.cfi_def_cfa_offset 8
 336              		.cfi_offset 7, -8
 337              		.cfi_offset 14, -4
 338 0076 82B0     		sub	sp, sp, #8
 339              		.cfi_def_cfa_offset 16
 340 0078 00AF     		add	r7, sp, #0
 341              		.cfi_def_cfa_register 7
 261:.\Generated_Source\PSoC4/cyfitter_cfg.c **** 	/* Disable interrupts by default. Let user enable if/when they want. */
 262:.\Generated_Source\PSoC4/cyfitter_cfg.c **** 	CyGlobalIntDisable;
 342              		.loc 1 262 0
 343              	@ 262 ".\Generated_Source\PSoC4\cyfitter_cfg.c" 1
 344 007a 72B6     		CPSID   i
 345              	@ 0 "" 2
 346              		.code	16
 347              	.LBB3:
 263:.\Generated_Source\PSoC4/cyfitter_cfg.c **** 
 264:.\Generated_Source\PSoC4/cyfitter_cfg.c **** 	{
 265:.\Generated_Source\PSoC4/cyfitter_cfg.c **** 		static const uint32 CYCODE cy_cfg_addr_table[] = {
 266:.\Generated_Source\PSoC4/cyfitter_cfg.c **** 			0x400F3301u, /* Base address: 0x400F3300 Count: 1 */
 267:.\Generated_Source\PSoC4/cyfitter_cfg.c **** 			0x400F4002u, /* Base address: 0x400F4000 Count: 2 */
 268:.\Generated_Source\PSoC4/cyfitter_cfg.c **** 			0x400F4102u, /* Base address: 0x400F4100 Count: 2 */
 269:.\Generated_Source\PSoC4/cyfitter_cfg.c **** 			0x400F4304u, /* Base address: 0x400F4300 Count: 4 */
 270:.\Generated_Source\PSoC4/cyfitter_cfg.c **** 		};
 271:.\Generated_Source\PSoC4/cyfitter_cfg.c **** 
 272:.\Generated_Source\PSoC4/cyfitter_cfg.c **** 		static const cy_cfg_addrvalue_t CYCODE cy_cfg_data_table[] = {
 273:.\Generated_Source\PSoC4/cyfitter_cfg.c **** 			{0xE2u, 0x80u},
 274:.\Generated_Source\PSoC4/cyfitter_cfg.c **** 			{0x53u, 0x04u},
 275:.\Generated_Source\PSoC4/cyfitter_cfg.c **** 			{0xD4u, 0x20u},
 276:.\Generated_Source\PSoC4/cyfitter_cfg.c **** 			{0x8Bu, 0x04u},
 277:.\Generated_Source\PSoC4/cyfitter_cfg.c **** 			{0x97u, 0x08u},
ARM GAS  C:\Users\jthem\AppData\Local\Temp\ccSMM1NF.s 			page 12


 278:.\Generated_Source\PSoC4/cyfitter_cfg.c **** 			{0x19u, 0x08u},
 279:.\Generated_Source\PSoC4/cyfitter_cfg.c **** 			{0x89u, 0x08u},
 280:.\Generated_Source\PSoC4/cyfitter_cfg.c **** 			{0xC6u, 0x08u},
 281:.\Generated_Source\PSoC4/cyfitter_cfg.c **** 			{0xE2u, 0x01u},
 282:.\Generated_Source\PSoC4/cyfitter_cfg.c **** 		};
 283:.\Generated_Source\PSoC4/cyfitter_cfg.c **** 
 284:.\Generated_Source\PSoC4/cyfitter_cfg.c **** 
 285:.\Generated_Source\PSoC4/cyfitter_cfg.c **** 
 286:.\Generated_Source\PSoC4/cyfitter_cfg.c **** 		CYPACKED typedef struct {
 287:.\Generated_Source\PSoC4/cyfitter_cfg.c **** 			void CYFAR *address;
 288:.\Generated_Source\PSoC4/cyfitter_cfg.c **** 			uint16 size;
 289:.\Generated_Source\PSoC4/cyfitter_cfg.c **** 		} CYPACKED_ATTR cfg_memset_t;
 290:.\Generated_Source\PSoC4/cyfitter_cfg.c **** 
 291:.\Generated_Source\PSoC4/cyfitter_cfg.c **** 		static const cfg_memset_t CYCODE cfg_memset_list [] = {
 292:.\Generated_Source\PSoC4/cyfitter_cfg.c **** 			/* address, size */
 293:.\Generated_Source\PSoC4/cyfitter_cfg.c **** 			{(void CYFAR *)(CYDEV_UDB_P0_U0_BASE), 1024u},
 294:.\Generated_Source\PSoC4/cyfitter_cfg.c **** 			{(void CYFAR *)(CYDEV_UDB_DSI0_BASE), 1024u},
 295:.\Generated_Source\PSoC4/cyfitter_cfg.c **** 		};
 296:.\Generated_Source\PSoC4/cyfitter_cfg.c **** 
 297:.\Generated_Source\PSoC4/cyfitter_cfg.c **** 		uint8 CYDATA i;
 298:.\Generated_Source\PSoC4/cyfitter_cfg.c **** 
 299:.\Generated_Source\PSoC4/cyfitter_cfg.c **** 		/* Zero out critical memory blocks before beginning configuration */
 300:.\Generated_Source\PSoC4/cyfitter_cfg.c **** 		for (i = 0u; i < (sizeof(cfg_memset_list)/sizeof(cfg_memset_list[0])); i++)
 348              		.loc 1 300 0
 349 007c FB1D     		add	r3, r7, #7
 350 007e 0022     		mov	r2, #0
 351 0080 1A70     		strb	r2, [r3]
 352 0082 23E0     		b	.L14
 353              	.L15:
 354              	.LBB4:
 301:.\Generated_Source\PSoC4/cyfitter_cfg.c **** 		{
 302:.\Generated_Source\PSoC4/cyfitter_cfg.c **** 			const cfg_memset_t CYCODE * CYDATA ms = &cfg_memset_list[i];
 355              		.loc 1 302 0 discriminator 3
 356 0084 FB1D     		add	r3, r7, #7
 357 0086 1A78     		ldrb	r2, [r3]
 358 0088 131C     		mov	r3, r2
 359 008a 5B00     		lsl	r3, r3, #1
 360 008c 9B18     		add	r3, r3, r2
 361 008e 5B00     		lsl	r3, r3, #1
 362 0090 344A     		ldr	r2, .L16
 363 0092 9B18     		add	r3, r3, r2
 364 0094 3B60     		str	r3, [r7]
 303:.\Generated_Source\PSoC4/cyfitter_cfg.c **** 			CYMEMZERO(ms->address, (size_t)(uint32)(ms->size));
 365              		.loc 1 303 0 discriminator 3
 366 0096 3B68     		ldr	r3, [r7]
 367 0098 1A78     		ldrb	r2, [r3]
 368 009a 5978     		ldrb	r1, [r3, #1]
 369 009c 0902     		lsl	r1, r1, #8
 370 009e 0A43     		orr	r2, r1
 371 00a0 9978     		ldrb	r1, [r3, #2]
 372 00a2 0904     		lsl	r1, r1, #16
 373 00a4 0A43     		orr	r2, r1
 374 00a6 DB78     		ldrb	r3, [r3, #3]
 375 00a8 1B06     		lsl	r3, r3, #24
 376 00aa 1343     		orr	r3, r2
 377 00ac 191C     		mov	r1, r3
 378 00ae 3B68     		ldr	r3, [r7]
ARM GAS  C:\Users\jthem\AppData\Local\Temp\ccSMM1NF.s 			page 13


 379 00b0 1A79     		ldrb	r2, [r3, #4]
 380 00b2 5B79     		ldrb	r3, [r3, #5]
 381 00b4 1B02     		lsl	r3, r3, #8
 382 00b6 1343     		orr	r3, r2
 383 00b8 9BB2     		uxth	r3, r3
 384 00ba 081C     		mov	r0, r1
 385 00bc 191C     		mov	r1, r3
 386 00be FFF7FEFF 		bl	CYMEMZERO
 387              	.LBE4:
 300:.\Generated_Source\PSoC4/cyfitter_cfg.c **** 		{
 388              		.loc 1 300 0 discriminator 3
 389 00c2 FB1D     		add	r3, r7, #7
 390 00c4 1A78     		ldrb	r2, [r3]
 391 00c6 FB1D     		add	r3, r7, #7
 392 00c8 0132     		add	r2, r2, #1
 393 00ca 1A70     		strb	r2, [r3]
 394              	.L14:
 300:.\Generated_Source\PSoC4/cyfitter_cfg.c **** 		{
 395              		.loc 1 300 0 is_stmt 0 discriminator 1
 396 00cc FB1D     		add	r3, r7, #7
 397 00ce 1B78     		ldrb	r3, [r3]
 398 00d0 012B     		cmp	r3, #1
 399 00d2 D7D9     		bls	.L15
 304:.\Generated_Source\PSoC4/cyfitter_cfg.c **** 		}
 305:.\Generated_Source\PSoC4/cyfitter_cfg.c **** 
 306:.\Generated_Source\PSoC4/cyfitter_cfg.c **** 		cfg_write_bytes32(cy_cfg_addr_table, cy_cfg_data_table);
 400              		.loc 1 306 0 is_stmt 1
 401 00d4 244A     		ldr	r2, .L16+4
 402 00d6 254B     		ldr	r3, .L16+8
 403 00d8 101C     		mov	r0, r2
 404 00da 191C     		mov	r1, r3
 405 00dc FFF7FEFF 		bl	cfg_write_bytes32
 307:.\Generated_Source\PSoC4/cyfitter_cfg.c **** 
 308:.\Generated_Source\PSoC4/cyfitter_cfg.c **** 		/* HSIOM Starting address: CYDEV_HSIOM_BASE */
 309:.\Generated_Source\PSoC4/cyfitter_cfg.c **** 		CY_SET_XTND_REG32((void CYFAR *)(CYDEV_HSIOM_BASE), 0x00000300u);
 406              		.loc 1 309 0
 407 00e0 234B     		ldr	r3, .L16+12
 408 00e2 C022     		mov	r2, #192
 409 00e4 9200     		lsl	r2, r2, #2
 410 00e6 1A60     		str	r2, [r3]
 310:.\Generated_Source\PSoC4/cyfitter_cfg.c **** 		CY_SET_XTND_REG32((void CYFAR *)(CYREG_HSIOM_PORT_SEL3), 0x0000EE00u);
 411              		.loc 1 310 0
 412 00e8 224B     		ldr	r3, .L16+16
 413 00ea EE22     		mov	r2, #238
 414 00ec 1202     		lsl	r2, r2, #8
 415 00ee 1A60     		str	r2, [r3]
 311:.\Generated_Source\PSoC4/cyfitter_cfg.c **** 
 312:.\Generated_Source\PSoC4/cyfitter_cfg.c **** 		/* UDB_PA_0 Starting address: CYDEV_UDB_PA0_BASE */
 313:.\Generated_Source\PSoC4/cyfitter_cfg.c **** 		CY_SET_XTND_REG32((void CYFAR *)(CYDEV_UDB_PA0_BASE), 0x00990000u);
 416              		.loc 1 313 0
 417 00f0 214B     		ldr	r3, .L16+20
 418 00f2 9922     		mov	r2, #153
 419 00f4 1204     		lsl	r2, r2, #16
 420 00f6 1A60     		str	r2, [r3]
 314:.\Generated_Source\PSoC4/cyfitter_cfg.c **** 		CY_SET_XTND_REG32((void CYFAR *)(CYREG_UDB_PA0_CFG8), 0x00450000u);
 421              		.loc 1 314 0
 422 00f8 204B     		ldr	r3, .L16+24
ARM GAS  C:\Users\jthem\AppData\Local\Temp\ccSMM1NF.s 			page 14


 423 00fa 8A22     		mov	r2, #138
 424 00fc D203     		lsl	r2, r2, #15
 425 00fe 1A60     		str	r2, [r3]
 315:.\Generated_Source\PSoC4/cyfitter_cfg.c **** 
 316:.\Generated_Source\PSoC4/cyfitter_cfg.c **** 		/* UDB_PA_3 Starting address: CYDEV_UDB_PA3_BASE */
 317:.\Generated_Source\PSoC4/cyfitter_cfg.c **** 		CY_SET_XTND_REG32((void CYFAR *)(CYDEV_UDB_PA3_BASE), 0x00990000u);
 426              		.loc 1 317 0
 427 0100 1F4B     		ldr	r3, .L16+28
 428 0102 9922     		mov	r2, #153
 429 0104 1204     		lsl	r2, r2, #16
 430 0106 1A60     		str	r2, [r3]
 318:.\Generated_Source\PSoC4/cyfitter_cfg.c **** 
 319:.\Generated_Source\PSoC4/cyfitter_cfg.c **** 		/* Enable digital routing */
 320:.\Generated_Source\PSoC4/cyfitter_cfg.c **** 		CY_SET_XTND_REG8((void *)CYREG_UDB_UDBIF_BANK_CTL, CY_GET_XTND_REG8((void *)CYREG_UDB_UDBIF_BANK_
 431              		.loc 1 320 0
 432 0108 1E4A     		ldr	r2, .L16+32
 433 010a 1E4B     		ldr	r3, .L16+32
 434 010c 1B78     		ldrb	r3, [r3]
 435 010e DBB2     		uxtb	r3, r3
 436 0110 0221     		mov	r1, #2
 437 0112 0B43     		orr	r3, r1
 438 0114 DBB2     		uxtb	r3, r3
 439 0116 1370     		strb	r3, [r2]
 321:.\Generated_Source\PSoC4/cyfitter_cfg.c **** 
 322:.\Generated_Source\PSoC4/cyfitter_cfg.c **** 		/* Enable UDB array */
 323:.\Generated_Source\PSoC4/cyfitter_cfg.c **** 		CY_SET_XTND_REG8((void *)CYREG_UDB_UDBIF_WAIT_CFG, (uint8)((CY_GET_XTND_REG8((void *)CYREG_UDB_UD
 440              		.loc 1 323 0
 441 0118 1B4A     		ldr	r2, .L16+36
 442 011a 1B4B     		ldr	r3, .L16+36
 443 011c 1B78     		ldrb	r3, [r3]
 444 011e DBB2     		uxtb	r3, r3
 445 0120 3C21     		mov	r1, #60
 446 0122 8B43     		bic	r3, r1
 447 0124 DBB2     		uxtb	r3, r3
 448 0126 1421     		mov	r1, #20
 449 0128 0B43     		orr	r3, r1
 450 012a DBB2     		uxtb	r3, r3
 451 012c 1370     		strb	r3, [r2]
 324:.\Generated_Source\PSoC4/cyfitter_cfg.c **** 		CY_SET_XTND_REG8((void *)CYREG_UDB_UDBIF_BANK_CTL, (uint8)(CY_GET_XTND_REG8((void *)CYREG_UDB_UDB
 452              		.loc 1 324 0
 453 012e 154A     		ldr	r2, .L16+32
 454 0130 144B     		ldr	r3, .L16+32
 455 0132 1B78     		ldrb	r3, [r3]
 456 0134 DBB2     		uxtb	r3, r3
 457 0136 1621     		mov	r1, #22
 458 0138 0B43     		orr	r3, r1
 459 013a DBB2     		uxtb	r3, r3
 460 013c 1370     		strb	r3, [r2]
 461              	.LBE3:
 325:.\Generated_Source\PSoC4/cyfitter_cfg.c **** 	}
 326:.\Generated_Source\PSoC4/cyfitter_cfg.c **** 
 327:.\Generated_Source\PSoC4/cyfitter_cfg.c **** 	/* Perform second pass device configuration. These items must be configured in specific order afte
 328:.\Generated_Source\PSoC4/cyfitter_cfg.c **** 	/* IOPINS0_0 Starting address: CYDEV_PRT0_BASE */
 329:.\Generated_Source\PSoC4/cyfitter_cfg.c **** 	CY_SET_XTND_REG32((void CYFAR *)(CYDEV_PRT0_BASE), 0x00000004u);
 462              		.loc 1 329 0
 463 013e 134B     		ldr	r3, .L16+40
 464 0140 0422     		mov	r2, #4
ARM GAS  C:\Users\jthem\AppData\Local\Temp\ccSMM1NF.s 			page 15


 465 0142 1A60     		str	r2, [r3]
 330:.\Generated_Source\PSoC4/cyfitter_cfg.c **** 	CY_SET_XTND_REG32((void CYFAR *)(CYREG_PRT0_PC), 0x00000180u);
 466              		.loc 1 330 0
 467 0144 124B     		ldr	r3, .L16+44
 468 0146 C022     		mov	r2, #192
 469 0148 5200     		lsl	r2, r2, #1
 470 014a 1A60     		str	r2, [r3]
 331:.\Generated_Source\PSoC4/cyfitter_cfg.c **** 
 332:.\Generated_Source\PSoC4/cyfitter_cfg.c **** 	/* IOPINS0_3 Starting address: CYDEV_PRT3_BASE */
 333:.\Generated_Source\PSoC4/cyfitter_cfg.c **** 	CY_SET_XTND_REG32((void CYFAR *)(CYREG_PRT3_PC), 0x00000D80u);
 471              		.loc 1 333 0
 472 014c 114B     		ldr	r3, .L16+48
 473 014e D822     		mov	r2, #216
 474 0150 1201     		lsl	r2, r2, #4
 475 0152 1A60     		str	r2, [r3]
 334:.\Generated_Source\PSoC4/cyfitter_cfg.c **** 
 335:.\Generated_Source\PSoC4/cyfitter_cfg.c **** 
 336:.\Generated_Source\PSoC4/cyfitter_cfg.c **** 	/* Setup clocks based on selections from Clock DWR */
 337:.\Generated_Source\PSoC4/cyfitter_cfg.c **** 	ClockSetup();
 476              		.loc 1 337 0
 477 0154 FFF754FF 		bl	ClockSetup
 338:.\Generated_Source\PSoC4/cyfitter_cfg.c **** 
 339:.\Generated_Source\PSoC4/cyfitter_cfg.c **** 	/* Perform basic analog initialization to defaults */
 340:.\Generated_Source\PSoC4/cyfitter_cfg.c **** 	AnalogSetDefault();
 478              		.loc 1 340 0
 479 0158 FFF7FEFF 		bl	AnalogSetDefault
 341:.\Generated_Source\PSoC4/cyfitter_cfg.c **** 
 342:.\Generated_Source\PSoC4/cyfitter_cfg.c **** }
 480              		.loc 1 342 0
 481 015c BD46     		mov	sp, r7
 482 015e 02B0     		add	sp, sp, #8
 483              		@ sp needed
 484 0160 80BD     		pop	{r7, pc}
 485              	.L17:
 486 0162 C046     		.align	2
 487              	.L16:
 488 0164 00000000 		.word	cfg_memset_list.4739
 489 0168 0C000000 		.word	cy_cfg_addr_table.4733
 490 016c 1C000000 		.word	cy_cfg_data_table.4734
 491 0170 00000140 		.word	1073807360
 492 0174 0C000140 		.word	1073807372
 493 0178 00500F40 		.word	1074745344
 494 017c 08500F40 		.word	1074745352
 495 0180 30500F40 		.word	1074745392
 496 0184 00700F40 		.word	1074753536
 497 0188 01700F40 		.word	1074753537
 498 018c 00000440 		.word	1074003968
 499 0190 08000440 		.word	1074003976
 500 0194 08030440 		.word	1074004744
 501              		.cfi_endproc
 502              	.LFE6:
 503              		.size	cyfitter_cfg, .-cyfitter_cfg
 504              		.section	.rodata
 505              		.align	2
 506              		.type	cfg_memset_list.4739, %object
 507              		.size	cfg_memset_list.4739, 12
 508              	cfg_memset_list.4739:
ARM GAS  C:\Users\jthem\AppData\Local\Temp\ccSMM1NF.s 			page 16


 509 0000 00300F40 		.word	1074737152
 510 0004 0004     		.short	1024
 511 0006 00400F40 		.4byte	1074741248
 512 000a 0004     		.short	1024
 513              		.align	2
 514              		.type	cy_cfg_addr_table.4733, %object
 515              		.size	cy_cfg_addr_table.4733, 16
 516              	cy_cfg_addr_table.4733:
 517 000c 01330F40 		.word	1074737921
 518 0010 02400F40 		.word	1074741250
 519 0014 02410F40 		.word	1074741506
 520 0018 04430F40 		.word	1074742020
 521              		.align	2
 522              		.type	cy_cfg_data_table.4734, %object
 523              		.size	cy_cfg_data_table.4734, 18
 524              	cy_cfg_data_table.4734:
 525 001c E2       		.byte	-30
 526 001d 80       		.byte	-128
 527 001e 53       		.byte	83
 528 001f 04       		.byte	4
 529 0020 D4       		.byte	-44
 530 0021 20       		.byte	32
 531 0022 8B       		.byte	-117
 532 0023 04       		.byte	4
 533 0024 97       		.byte	-105
 534 0025 08       		.byte	8
 535 0026 19       		.byte	25
 536 0027 08       		.byte	8
 537 0028 89       		.byte	-119
 538 0029 08       		.byte	8
 539 002a C6       		.byte	-58
 540 002b 08       		.byte	8
 541 002c E2       		.byte	-30
 542 002d 01       		.byte	1
 543 002e 0000     		.text
 544              	.Letext0:
 545              		.file 2 "c:\\program files (x86)\\cypress\\psoc creator\\3.3\\psoc creator\\import\\gnu\\arm\\4.9.
 546              		.file 3 ".\\Generated_Source\\PSoC4\\cytypes.h"
 547              		.section	.debug_info,"",%progbits
 548              	.Ldebug_info0:
 549 0000 52030000 		.4byte	0x352
 550 0004 0400     		.2byte	0x4
 551 0006 00000000 		.4byte	.Ldebug_abbrev0
 552 000a 04       		.byte	0x4
 553 000b 01       		.uleb128 0x1
 554 000c F8000000 		.4byte	.LASF39
 555 0010 01       		.byte	0x1
 556 0011 D1010000 		.4byte	.LASF40
 557 0015 30020000 		.4byte	.LASF41
 558 0019 00000000 		.4byte	.Ldebug_ranges0+0
 559 001d 00000000 		.4byte	0
 560 0021 00000000 		.4byte	.Ldebug_line0
 561 0025 02       		.uleb128 0x2
 562 0026 04       		.byte	0x4
 563 0027 05       		.byte	0x5
 564 0028 696E7400 		.ascii	"int\000"
 565 002c 03       		.uleb128 0x3
ARM GAS  C:\Users\jthem\AppData\Local\Temp\ccSMM1NF.s 			page 17


 566 002d 06000000 		.4byte	.LASF11
 567 0031 02       		.byte	0x2
 568 0032 D4       		.byte	0xd4
 569 0033 37000000 		.4byte	0x37
 570 0037 04       		.uleb128 0x4
 571 0038 04       		.byte	0x4
 572 0039 07       		.byte	0x7
 573 003a 86010000 		.4byte	.LASF0
 574 003e 04       		.uleb128 0x4
 575 003f 01       		.byte	0x1
 576 0040 06       		.byte	0x6
 577 0041 7F020000 		.4byte	.LASF1
 578 0045 04       		.uleb128 0x4
 579 0046 01       		.byte	0x1
 580 0047 08       		.byte	0x8
 581 0048 A0000000 		.4byte	.LASF2
 582 004c 04       		.uleb128 0x4
 583 004d 02       		.byte	0x2
 584 004e 05       		.byte	0x5
 585 004f 26020000 		.4byte	.LASF3
 586 0053 04       		.uleb128 0x4
 587 0054 02       		.byte	0x2
 588 0055 07       		.byte	0x7
 589 0056 8B020000 		.4byte	.LASF4
 590 005a 04       		.uleb128 0x4
 591 005b 04       		.byte	0x4
 592 005c 05       		.byte	0x5
 593 005d 76020000 		.4byte	.LASF5
 594 0061 04       		.uleb128 0x4
 595 0062 04       		.byte	0x4
 596 0063 07       		.byte	0x7
 597 0064 7E000000 		.4byte	.LASF6
 598 0068 04       		.uleb128 0x4
 599 0069 08       		.byte	0x8
 600 006a 05       		.byte	0x5
 601 006b F9010000 		.4byte	.LASF7
 602 006f 04       		.uleb128 0x4
 603 0070 08       		.byte	0x8
 604 0071 07       		.byte	0x7
 605 0072 9B010000 		.4byte	.LASF8
 606 0076 04       		.uleb128 0x4
 607 0077 04       		.byte	0x4
 608 0078 07       		.byte	0x7
 609 0079 C8010000 		.4byte	.LASF9
 610 007d 05       		.uleb128 0x5
 611 007e 04       		.byte	0x4
 612 007f 04       		.uleb128 0x4
 613 0080 01       		.byte	0x1
 614 0081 08       		.byte	0x8
 615 0082 07020000 		.4byte	.LASF10
 616 0086 06       		.uleb128 0x6
 617 0087 90000000 		.4byte	.LASF12
 618 008b 03       		.byte	0x3
 619 008c 3801     		.2byte	0x138
 620 008e 45000000 		.4byte	0x45
 621 0092 06       		.uleb128 0x6
 622 0093 DF000000 		.4byte	.LASF13
ARM GAS  C:\Users\jthem\AppData\Local\Temp\ccSMM1NF.s 			page 18


 623 0097 03       		.byte	0x3
 624 0098 3901     		.2byte	0x139
 625 009a 53000000 		.4byte	0x53
 626 009e 06       		.uleb128 0x6
 627 009f F1000000 		.4byte	.LASF14
 628 00a3 03       		.byte	0x3
 629 00a4 3A01     		.2byte	0x13a
 630 00a6 61000000 		.4byte	0x61
 631 00aa 04       		.uleb128 0x4
 632 00ab 04       		.byte	0x4
 633 00ac 04       		.byte	0x4
 634 00ad 59000000 		.4byte	.LASF15
 635 00b1 04       		.uleb128 0x4
 636 00b2 08       		.byte	0x8
 637 00b3 04       		.byte	0x4
 638 00b4 AE000000 		.4byte	.LASF16
 639 00b8 06       		.uleb128 0x6
 640 00b9 79000000 		.4byte	.LASF17
 641 00bd 03       		.byte	0x3
 642 00be E201     		.2byte	0x1e2
 643 00c0 C4000000 		.4byte	0xc4
 644 00c4 07       		.uleb128 0x7
 645 00c5 86000000 		.4byte	0x86
 646 00c9 06       		.uleb128 0x6
 647 00ca 00000000 		.4byte	.LASF18
 648 00ce 03       		.byte	0x3
 649 00cf E401     		.2byte	0x1e4
 650 00d1 D5000000 		.4byte	0xd5
 651 00d5 07       		.uleb128 0x7
 652 00d6 9E000000 		.4byte	0x9e
 653 00da 08       		.uleb128 0x8
 654 00db 02       		.byte	0x2
 655 00dc 01       		.byte	0x1
 656 00dd 7E       		.byte	0x7e
 657 00de FB000000 		.4byte	0xfb
 658 00e2 09       		.uleb128 0x9
 659 00e3 1F020000 		.4byte	.LASF19
 660 00e7 01       		.byte	0x1
 661 00e8 80       		.byte	0x80
 662 00e9 86000000 		.4byte	0x86
 663 00ed 00       		.byte	0
 664 00ee 09       		.uleb128 0x9
 665 00ef 1E000000 		.4byte	.LASF20
 666 00f3 01       		.byte	0x1
 667 00f4 81       		.byte	0x81
 668 00f5 86000000 		.4byte	0x86
 669 00f9 01       		.byte	0x1
 670 00fa 00       		.byte	0
 671 00fb 03       		.uleb128 0x3
 672 00fc 0C020000 		.4byte	.LASF21
 673 0100 01       		.byte	0x1
 674 0101 82       		.byte	0x82
 675 0102 DA000000 		.4byte	0xda
 676 0106 0A       		.uleb128 0xa
 677 0107 96000000 		.4byte	.LASF22
 678 010b 01       		.byte	0x1
 679 010c 3C       		.byte	0x3c
ARM GAS  C:\Users\jthem\AppData\Local\Temp\ccSMM1NF.s 			page 19


 680 010d 00000000 		.4byte	.LFB0
 681 0111 1E000000 		.4byte	.LFE0-.LFB0
 682 0115 01       		.uleb128 0x1
 683 0116 9C       		.byte	0x9c
 684 0117 34010000 		.4byte	0x134
 685 011b 0B       		.uleb128 0xb
 686 011c 7300     		.ascii	"s\000"
 687 011e 01       		.byte	0x1
 688 011f 3C       		.byte	0x3c
 689 0120 7D000000 		.4byte	0x7d
 690 0124 02       		.uleb128 0x2
 691 0125 91       		.byte	0x91
 692 0126 74       		.sleb128 -12
 693 0127 0B       		.uleb128 0xb
 694 0128 6E00     		.ascii	"n\000"
 695 012a 01       		.byte	0x1
 696 012b 3C       		.byte	0x3c
 697 012c 2C000000 		.4byte	0x2c
 698 0130 02       		.uleb128 0x2
 699 0131 91       		.byte	0x91
 700 0132 70       		.sleb128 -16
 701 0133 00       		.byte	0
 702 0134 0A       		.uleb128 0xa
 703 0135 AE020000 		.4byte	.LASF23
 704 0139 01       		.byte	0x1
 705 013a 43       		.byte	0x43
 706 013b 00000000 		.4byte	.LFB1
 707 013f 22000000 		.4byte	.LFE1-.LFB1
 708 0143 01       		.uleb128 0x1
 709 0144 9C       		.byte	0x9c
 710 0145 72010000 		.4byte	0x172
 711 0149 0C       		.uleb128 0xc
 712 014a 5F000000 		.4byte	.LASF24
 713 014e 01       		.byte	0x1
 714 014f 43       		.byte	0x43
 715 0150 7D000000 		.4byte	0x7d
 716 0154 02       		.uleb128 0x2
 717 0155 91       		.byte	0x91
 718 0156 74       		.sleb128 -12
 719 0157 0B       		.uleb128 0xb
 720 0158 73726300 		.ascii	"src\000"
 721 015c 01       		.byte	0x1
 722 015d 43       		.byte	0x43
 723 015e 72010000 		.4byte	0x172
 724 0162 02       		.uleb128 0x2
 725 0163 91       		.byte	0x91
 726 0164 70       		.sleb128 -16
 727 0165 0B       		.uleb128 0xb
 728 0166 6E00     		.ascii	"n\000"
 729 0168 01       		.byte	0x1
 730 0169 43       		.byte	0x43
 731 016a 2C000000 		.4byte	0x2c
 732 016e 02       		.uleb128 0x2
 733 016f 91       		.byte	0x91
 734 0170 6C       		.sleb128 -20
 735 0171 00       		.byte	0
 736 0172 0D       		.uleb128 0xd
ARM GAS  C:\Users\jthem\AppData\Local\Temp\ccSMM1NF.s 			page 20


 737 0173 04       		.byte	0x4
 738 0174 78010000 		.4byte	0x178
 739 0178 0E       		.uleb128 0xe
 740 0179 0A       		.uleb128 0xa
 741 017a 9E020000 		.4byte	.LASF25
 742 017e 01       		.byte	0x1
 743 017f 4A       		.byte	0x4a
 744 0180 00000000 		.4byte	.LFB2
 745 0184 22000000 		.4byte	.LFE2-.LFB2
 746 0188 01       		.uleb128 0x1
 747 0189 9C       		.byte	0x9c
 748 018a B7010000 		.4byte	0x1b7
 749 018e 0C       		.uleb128 0xc
 750 018f 5F000000 		.4byte	.LASF24
 751 0193 01       		.byte	0x1
 752 0194 4A       		.byte	0x4a
 753 0195 7D000000 		.4byte	0x7d
 754 0199 02       		.uleb128 0x2
 755 019a 91       		.byte	0x91
 756 019b 74       		.sleb128 -12
 757 019c 0B       		.uleb128 0xb
 758 019d 73726300 		.ascii	"src\000"
 759 01a1 01       		.byte	0x1
 760 01a2 4A       		.byte	0x4a
 761 01a3 72010000 		.4byte	0x172
 762 01a7 02       		.uleb128 0x2
 763 01a8 91       		.byte	0x91
 764 01a9 70       		.sleb128 -16
 765 01aa 0B       		.uleb128 0xb
 766 01ab 6E00     		.ascii	"n\000"
 767 01ad 01       		.byte	0x1
 768 01ae 4A       		.byte	0x4a
 769 01af 2C000000 		.4byte	0x2c
 770 01b3 02       		.uleb128 0x2
 771 01b4 91       		.byte	0x91
 772 01b5 6C       		.sleb128 -20
 773 01b6 00       		.byte	0
 774 01b7 0F       		.uleb128 0xf
 775 01b8 B5000000 		.4byte	.LASF26
 776 01bc 01       		.byte	0x1
 777 01bd 95       		.byte	0x95
 778 01be 00000000 		.4byte	.LFB3
 779 01c2 80000000 		.4byte	.LFE3-.LFB3
 780 01c6 01       		.uleb128 0x1
 781 01c7 9C       		.byte	0x9c
 782 01c8 27020000 		.4byte	0x227
 783 01cc 0C       		.uleb128 0xc
 784 01cd D4000000 		.4byte	.LASF27
 785 01d1 01       		.byte	0x1
 786 01d2 95       		.byte	0x95
 787 01d3 27020000 		.4byte	0x227
 788 01d7 02       		.uleb128 0x2
 789 01d8 91       		.byte	0x91
 790 01d9 64       		.sleb128 -28
 791 01da 0C       		.uleb128 0xc
 792 01db E6000000 		.4byte	.LASF28
 793 01df 01       		.byte	0x1
ARM GAS  C:\Users\jthem\AppData\Local\Temp\ccSMM1NF.s 			page 21


 794 01e0 95       		.byte	0x95
 795 01e1 32020000 		.4byte	0x232
 796 01e5 02       		.uleb128 0x2
 797 01e6 91       		.byte	0x91
 798 01e7 60       		.sleb128 -32
 799 01e8 10       		.uleb128 0x10
 800 01e9 6900     		.ascii	"i\000"
 801 01eb 01       		.byte	0x1
 802 01ec 98       		.byte	0x98
 803 01ed 9E000000 		.4byte	0x9e
 804 01f1 02       		.uleb128 0x2
 805 01f2 91       		.byte	0x91
 806 01f3 74       		.sleb128 -12
 807 01f4 10       		.uleb128 0x10
 808 01f5 6A00     		.ascii	"j\000"
 809 01f7 01       		.byte	0x1
 810 01f8 98       		.byte	0x98
 811 01f9 9E000000 		.4byte	0x9e
 812 01fd 02       		.uleb128 0x2
 813 01fe 91       		.byte	0x91
 814 01ff 70       		.sleb128 -16
 815 0200 11       		.uleb128 0x11
 816 0201 14000000 		.4byte	.LBB2
 817 0205 5A000000 		.4byte	.LBE2-.LBB2
 818 0209 12       		.uleb128 0x12
 819 020a BF010000 		.4byte	.LASF29
 820 020e 01       		.byte	0x1
 821 020f 9B       		.byte	0x9b
 822 0210 9E000000 		.4byte	0x9e
 823 0214 02       		.uleb128 0x2
 824 0215 91       		.byte	0x91
 825 0216 68       		.sleb128 -24
 826 0217 12       		.uleb128 0x12
 827 0218 24000000 		.4byte	.LASF30
 828 021c 01       		.byte	0x1
 829 021d 9C       		.byte	0x9c
 830 021e 86000000 		.4byte	0x86
 831 0222 02       		.uleb128 0x2
 832 0223 91       		.byte	0x91
 833 0224 6F       		.sleb128 -17
 834 0225 00       		.byte	0
 835 0226 00       		.byte	0
 836 0227 0D       		.uleb128 0xd
 837 0228 04       		.byte	0x4
 838 0229 2D020000 		.4byte	0x22d
 839 022d 13       		.uleb128 0x13
 840 022e 9E000000 		.4byte	0x9e
 841 0232 0D       		.uleb128 0xd
 842 0233 04       		.byte	0x4
 843 0234 38020000 		.4byte	0x238
 844 0238 13       		.uleb128 0x13
 845 0239 FB000000 		.4byte	0xfb
 846 023d 14       		.uleb128 0x14
 847 023e 2A000000 		.4byte	.LASF31
 848 0242 01       		.byte	0x1
 849 0243 BA       		.byte	0xba
 850 0244 00000000 		.4byte	.LFB4
ARM GAS  C:\Users\jthem\AppData\Local\Temp\ccSMM1NF.s 			page 22


 851 0248 74000000 		.4byte	.LFE4-.LFB4
 852 024c 01       		.uleb128 0x1
 853 024d 9C       		.byte	0x9c
 854 024e 15       		.uleb128 0x15
 855 024f 0D000000 		.4byte	.LASF32
 856 0253 01       		.byte	0x1
 857 0254 EB       		.byte	0xeb
 858 0255 00000000 		.4byte	.LFB5
 859 0259 08000000 		.4byte	.LFE5-.LFB5
 860 025d 01       		.uleb128 0x1
 861 025e 9C       		.byte	0x9c
 862 025f 16       		.uleb128 0x16
 863 0260 C7000000 		.4byte	.LASF42
 864 0264 01       		.byte	0x1
 865 0265 0301     		.2byte	0x103
 866 0267 74000000 		.4byte	.LFB6
 867 026b 24010000 		.4byte	.LFE6-.LFB6
 868 026f 01       		.uleb128 0x1
 869 0270 9C       		.byte	0x9c
 870 0271 2B030000 		.4byte	0x32b
 871 0275 11       		.uleb128 0x11
 872 0276 7C000000 		.4byte	.LBB3
 873 027a C2000000 		.4byte	.LBE3-.LBB3
 874 027e 17       		.uleb128 0x17
 875 027f 35000000 		.4byte	.LASF33
 876 0283 01       		.byte	0x1
 877 0284 0901     		.2byte	0x109
 878 0286 3B030000 		.4byte	0x33b
 879 028a 05       		.uleb128 0x5
 880 028b 03       		.byte	0x3
 881 028c 0C000000 		.4byte	cy_cfg_addr_table.4733
 882 0290 17       		.uleb128 0x17
 883 0291 47000000 		.4byte	.LASF34
 884 0295 01       		.byte	0x1
 885 0296 1001     		.2byte	0x110
 886 0298 50030000 		.4byte	0x350
 887 029c 05       		.uleb128 0x5
 888 029d 03       		.byte	0x3
 889 029e 1C000000 		.4byte	cy_cfg_data_table.4734
 890 02a2 18       		.uleb128 0x18
 891 02a3 06       		.byte	0x6
 892 02a4 01       		.byte	0x1
 893 02a5 1E01     		.2byte	0x11e
 894 02a7 C6020000 		.4byte	0x2c6
 895 02ab 19       		.uleb128 0x19
 896 02ac 93010000 		.4byte	.LASF35
 897 02b0 01       		.byte	0x1
 898 02b1 1F01     		.2byte	0x11f
 899 02b3 7D000000 		.4byte	0x7d
 900 02b7 00       		.byte	0
 901 02b8 19       		.uleb128 0x19
 902 02b9 74000000 		.4byte	.LASF36
 903 02bd 01       		.byte	0x1
 904 02be 2001     		.2byte	0x120
 905 02c0 92000000 		.4byte	0x92
 906 02c4 04       		.byte	0x4
 907 02c5 00       		.byte	0
ARM GAS  C:\Users\jthem\AppData\Local\Temp\ccSMM1NF.s 			page 23


 908 02c6 06       		.uleb128 0x6
 909 02c7 B2010000 		.4byte	.LASF37
 910 02cb 01       		.byte	0x1
 911 02cc 2101     		.2byte	0x121
 912 02ce A2020000 		.4byte	0x2a2
 913 02d2 1A       		.uleb128 0x1a
 914 02d3 C6020000 		.4byte	0x2c6
 915 02d7 E2020000 		.4byte	0x2e2
 916 02db 1B       		.uleb128 0x1b
 917 02dc 76000000 		.4byte	0x76
 918 02e0 01       		.byte	0x1
 919 02e1 00       		.byte	0
 920 02e2 17       		.uleb128 0x17
 921 02e3 64000000 		.4byte	.LASF38
 922 02e7 01       		.byte	0x1
 923 02e8 2301     		.2byte	0x123
 924 02ea F4020000 		.4byte	0x2f4
 925 02ee 05       		.uleb128 0x5
 926 02ef 03       		.byte	0x3
 927 02f0 00000000 		.4byte	cfg_memset_list.4739
 928 02f4 13       		.uleb128 0x13
 929 02f5 D2020000 		.4byte	0x2d2
 930 02f9 1C       		.uleb128 0x1c
 931 02fa 6900     		.ascii	"i\000"
 932 02fc 01       		.byte	0x1
 933 02fd 2901     		.2byte	0x129
 934 02ff 86000000 		.4byte	0x86
 935 0303 02       		.uleb128 0x2
 936 0304 91       		.byte	0x91
 937 0305 77       		.sleb128 -9
 938 0306 11       		.uleb128 0x11
 939 0307 84000000 		.4byte	.LBB4
 940 030b 3E000000 		.4byte	.LBE4-.LBB4
 941 030f 1C       		.uleb128 0x1c
 942 0310 6D7300   		.ascii	"ms\000"
 943 0313 01       		.byte	0x1
 944 0314 2E01     		.2byte	0x12e
 945 0316 1D030000 		.4byte	0x31d
 946 031a 02       		.uleb128 0x2
 947 031b 91       		.byte	0x91
 948 031c 70       		.sleb128 -16
 949 031d 0D       		.uleb128 0xd
 950 031e 04       		.byte	0x4
 951 031f 23030000 		.4byte	0x323
 952 0323 13       		.uleb128 0x13
 953 0324 C6020000 		.4byte	0x2c6
 954 0328 00       		.byte	0
 955 0329 00       		.byte	0
 956 032a 00       		.byte	0
 957 032b 1A       		.uleb128 0x1a
 958 032c 9E000000 		.4byte	0x9e
 959 0330 3B030000 		.4byte	0x33b
 960 0334 1B       		.uleb128 0x1b
 961 0335 76000000 		.4byte	0x76
 962 0339 03       		.byte	0x3
 963 033a 00       		.byte	0
 964 033b 13       		.uleb128 0x13
ARM GAS  C:\Users\jthem\AppData\Local\Temp\ccSMM1NF.s 			page 24


 965 033c 2B030000 		.4byte	0x32b
 966 0340 1A       		.uleb128 0x1a
 967 0341 FB000000 		.4byte	0xfb
 968 0345 50030000 		.4byte	0x350
 969 0349 1B       		.uleb128 0x1b
 970 034a 76000000 		.4byte	0x76
 971 034e 08       		.byte	0x8
 972 034f 00       		.byte	0
 973 0350 13       		.uleb128 0x13
 974 0351 40030000 		.4byte	0x340
 975 0355 00       		.byte	0
 976              		.section	.debug_abbrev,"",%progbits
 977              	.Ldebug_abbrev0:
 978 0000 01       		.uleb128 0x1
 979 0001 11       		.uleb128 0x11
 980 0002 01       		.byte	0x1
 981 0003 25       		.uleb128 0x25
 982 0004 0E       		.uleb128 0xe
 983 0005 13       		.uleb128 0x13
 984 0006 0B       		.uleb128 0xb
 985 0007 03       		.uleb128 0x3
 986 0008 0E       		.uleb128 0xe
 987 0009 1B       		.uleb128 0x1b
 988 000a 0E       		.uleb128 0xe
 989 000b 55       		.uleb128 0x55
 990 000c 17       		.uleb128 0x17
 991 000d 11       		.uleb128 0x11
 992 000e 01       		.uleb128 0x1
 993 000f 10       		.uleb128 0x10
 994 0010 17       		.uleb128 0x17
 995 0011 00       		.byte	0
 996 0012 00       		.byte	0
 997 0013 02       		.uleb128 0x2
 998 0014 24       		.uleb128 0x24
 999 0015 00       		.byte	0
 1000 0016 0B       		.uleb128 0xb
 1001 0017 0B       		.uleb128 0xb
 1002 0018 3E       		.uleb128 0x3e
 1003 0019 0B       		.uleb128 0xb
 1004 001a 03       		.uleb128 0x3
 1005 001b 08       		.uleb128 0x8
 1006 001c 00       		.byte	0
 1007 001d 00       		.byte	0
 1008 001e 03       		.uleb128 0x3
 1009 001f 16       		.uleb128 0x16
 1010 0020 00       		.byte	0
 1011 0021 03       		.uleb128 0x3
 1012 0022 0E       		.uleb128 0xe
 1013 0023 3A       		.uleb128 0x3a
 1014 0024 0B       		.uleb128 0xb
 1015 0025 3B       		.uleb128 0x3b
 1016 0026 0B       		.uleb128 0xb
 1017 0027 49       		.uleb128 0x49
 1018 0028 13       		.uleb128 0x13
 1019 0029 00       		.byte	0
 1020 002a 00       		.byte	0
 1021 002b 04       		.uleb128 0x4
ARM GAS  C:\Users\jthem\AppData\Local\Temp\ccSMM1NF.s 			page 25


 1022 002c 24       		.uleb128 0x24
 1023 002d 00       		.byte	0
 1024 002e 0B       		.uleb128 0xb
 1025 002f 0B       		.uleb128 0xb
 1026 0030 3E       		.uleb128 0x3e
 1027 0031 0B       		.uleb128 0xb
 1028 0032 03       		.uleb128 0x3
 1029 0033 0E       		.uleb128 0xe
 1030 0034 00       		.byte	0
 1031 0035 00       		.byte	0
 1032 0036 05       		.uleb128 0x5
 1033 0037 0F       		.uleb128 0xf
 1034 0038 00       		.byte	0
 1035 0039 0B       		.uleb128 0xb
 1036 003a 0B       		.uleb128 0xb
 1037 003b 00       		.byte	0
 1038 003c 00       		.byte	0
 1039 003d 06       		.uleb128 0x6
 1040 003e 16       		.uleb128 0x16
 1041 003f 00       		.byte	0
 1042 0040 03       		.uleb128 0x3
 1043 0041 0E       		.uleb128 0xe
 1044 0042 3A       		.uleb128 0x3a
 1045 0043 0B       		.uleb128 0xb
 1046 0044 3B       		.uleb128 0x3b
 1047 0045 05       		.uleb128 0x5
 1048 0046 49       		.uleb128 0x49
 1049 0047 13       		.uleb128 0x13
 1050 0048 00       		.byte	0
 1051 0049 00       		.byte	0
 1052 004a 07       		.uleb128 0x7
 1053 004b 35       		.uleb128 0x35
 1054 004c 00       		.byte	0
 1055 004d 49       		.uleb128 0x49
 1056 004e 13       		.uleb128 0x13
 1057 004f 00       		.byte	0
 1058 0050 00       		.byte	0
 1059 0051 08       		.uleb128 0x8
 1060 0052 13       		.uleb128 0x13
 1061 0053 01       		.byte	0x1
 1062 0054 0B       		.uleb128 0xb
 1063 0055 0B       		.uleb128 0xb
 1064 0056 3A       		.uleb128 0x3a
 1065 0057 0B       		.uleb128 0xb
 1066 0058 3B       		.uleb128 0x3b
 1067 0059 0B       		.uleb128 0xb
 1068 005a 01       		.uleb128 0x1
 1069 005b 13       		.uleb128 0x13
 1070 005c 00       		.byte	0
 1071 005d 00       		.byte	0
 1072 005e 09       		.uleb128 0x9
 1073 005f 0D       		.uleb128 0xd
 1074 0060 00       		.byte	0
 1075 0061 03       		.uleb128 0x3
 1076 0062 0E       		.uleb128 0xe
 1077 0063 3A       		.uleb128 0x3a
 1078 0064 0B       		.uleb128 0xb
ARM GAS  C:\Users\jthem\AppData\Local\Temp\ccSMM1NF.s 			page 26


 1079 0065 3B       		.uleb128 0x3b
 1080 0066 0B       		.uleb128 0xb
 1081 0067 49       		.uleb128 0x49
 1082 0068 13       		.uleb128 0x13
 1083 0069 38       		.uleb128 0x38
 1084 006a 0B       		.uleb128 0xb
 1085 006b 00       		.byte	0
 1086 006c 00       		.byte	0
 1087 006d 0A       		.uleb128 0xa
 1088 006e 2E       		.uleb128 0x2e
 1089 006f 01       		.byte	0x1
 1090 0070 03       		.uleb128 0x3
 1091 0071 0E       		.uleb128 0xe
 1092 0072 3A       		.uleb128 0x3a
 1093 0073 0B       		.uleb128 0xb
 1094 0074 3B       		.uleb128 0x3b
 1095 0075 0B       		.uleb128 0xb
 1096 0076 27       		.uleb128 0x27
 1097 0077 19       		.uleb128 0x19
 1098 0078 11       		.uleb128 0x11
 1099 0079 01       		.uleb128 0x1
 1100 007a 12       		.uleb128 0x12
 1101 007b 06       		.uleb128 0x6
 1102 007c 40       		.uleb128 0x40
 1103 007d 18       		.uleb128 0x18
 1104 007e 9642     		.uleb128 0x2116
 1105 0080 19       		.uleb128 0x19
 1106 0081 01       		.uleb128 0x1
 1107 0082 13       		.uleb128 0x13
 1108 0083 00       		.byte	0
 1109 0084 00       		.byte	0
 1110 0085 0B       		.uleb128 0xb
 1111 0086 05       		.uleb128 0x5
 1112 0087 00       		.byte	0
 1113 0088 03       		.uleb128 0x3
 1114 0089 08       		.uleb128 0x8
 1115 008a 3A       		.uleb128 0x3a
 1116 008b 0B       		.uleb128 0xb
 1117 008c 3B       		.uleb128 0x3b
 1118 008d 0B       		.uleb128 0xb
 1119 008e 49       		.uleb128 0x49
 1120 008f 13       		.uleb128 0x13
 1121 0090 02       		.uleb128 0x2
 1122 0091 18       		.uleb128 0x18
 1123 0092 00       		.byte	0
 1124 0093 00       		.byte	0
 1125 0094 0C       		.uleb128 0xc
 1126 0095 05       		.uleb128 0x5
 1127 0096 00       		.byte	0
 1128 0097 03       		.uleb128 0x3
 1129 0098 0E       		.uleb128 0xe
 1130 0099 3A       		.uleb128 0x3a
 1131 009a 0B       		.uleb128 0xb
 1132 009b 3B       		.uleb128 0x3b
 1133 009c 0B       		.uleb128 0xb
 1134 009d 49       		.uleb128 0x49
 1135 009e 13       		.uleb128 0x13
ARM GAS  C:\Users\jthem\AppData\Local\Temp\ccSMM1NF.s 			page 27


 1136 009f 02       		.uleb128 0x2
 1137 00a0 18       		.uleb128 0x18
 1138 00a1 00       		.byte	0
 1139 00a2 00       		.byte	0
 1140 00a3 0D       		.uleb128 0xd
 1141 00a4 0F       		.uleb128 0xf
 1142 00a5 00       		.byte	0
 1143 00a6 0B       		.uleb128 0xb
 1144 00a7 0B       		.uleb128 0xb
 1145 00a8 49       		.uleb128 0x49
 1146 00a9 13       		.uleb128 0x13
 1147 00aa 00       		.byte	0
 1148 00ab 00       		.byte	0
 1149 00ac 0E       		.uleb128 0xe
 1150 00ad 26       		.uleb128 0x26
 1151 00ae 00       		.byte	0
 1152 00af 00       		.byte	0
 1153 00b0 00       		.byte	0
 1154 00b1 0F       		.uleb128 0xf
 1155 00b2 2E       		.uleb128 0x2e
 1156 00b3 01       		.byte	0x1
 1157 00b4 03       		.uleb128 0x3
 1158 00b5 0E       		.uleb128 0xe
 1159 00b6 3A       		.uleb128 0x3a
 1160 00b7 0B       		.uleb128 0xb
 1161 00b8 3B       		.uleb128 0x3b
 1162 00b9 0B       		.uleb128 0xb
 1163 00ba 27       		.uleb128 0x27
 1164 00bb 19       		.uleb128 0x19
 1165 00bc 11       		.uleb128 0x11
 1166 00bd 01       		.uleb128 0x1
 1167 00be 12       		.uleb128 0x12
 1168 00bf 06       		.uleb128 0x6
 1169 00c0 40       		.uleb128 0x40
 1170 00c1 18       		.uleb128 0x18
 1171 00c2 9742     		.uleb128 0x2117
 1172 00c4 19       		.uleb128 0x19
 1173 00c5 01       		.uleb128 0x1
 1174 00c6 13       		.uleb128 0x13
 1175 00c7 00       		.byte	0
 1176 00c8 00       		.byte	0
 1177 00c9 10       		.uleb128 0x10
 1178 00ca 34       		.uleb128 0x34
 1179 00cb 00       		.byte	0
 1180 00cc 03       		.uleb128 0x3
 1181 00cd 08       		.uleb128 0x8
 1182 00ce 3A       		.uleb128 0x3a
 1183 00cf 0B       		.uleb128 0xb
 1184 00d0 3B       		.uleb128 0x3b
 1185 00d1 0B       		.uleb128 0xb
 1186 00d2 49       		.uleb128 0x49
 1187 00d3 13       		.uleb128 0x13
 1188 00d4 02       		.uleb128 0x2
 1189 00d5 18       		.uleb128 0x18
 1190 00d6 00       		.byte	0
 1191 00d7 00       		.byte	0
 1192 00d8 11       		.uleb128 0x11
ARM GAS  C:\Users\jthem\AppData\Local\Temp\ccSMM1NF.s 			page 28


 1193 00d9 0B       		.uleb128 0xb
 1194 00da 01       		.byte	0x1
 1195 00db 11       		.uleb128 0x11
 1196 00dc 01       		.uleb128 0x1
 1197 00dd 12       		.uleb128 0x12
 1198 00de 06       		.uleb128 0x6
 1199 00df 00       		.byte	0
 1200 00e0 00       		.byte	0
 1201 00e1 12       		.uleb128 0x12
 1202 00e2 34       		.uleb128 0x34
 1203 00e3 00       		.byte	0
 1204 00e4 03       		.uleb128 0x3
 1205 00e5 0E       		.uleb128 0xe
 1206 00e6 3A       		.uleb128 0x3a
 1207 00e7 0B       		.uleb128 0xb
 1208 00e8 3B       		.uleb128 0x3b
 1209 00e9 0B       		.uleb128 0xb
 1210 00ea 49       		.uleb128 0x49
 1211 00eb 13       		.uleb128 0x13
 1212 00ec 02       		.uleb128 0x2
 1213 00ed 18       		.uleb128 0x18
 1214 00ee 00       		.byte	0
 1215 00ef 00       		.byte	0
 1216 00f0 13       		.uleb128 0x13
 1217 00f1 26       		.uleb128 0x26
 1218 00f2 00       		.byte	0
 1219 00f3 49       		.uleb128 0x49
 1220 00f4 13       		.uleb128 0x13
 1221 00f5 00       		.byte	0
 1222 00f6 00       		.byte	0
 1223 00f7 14       		.uleb128 0x14
 1224 00f8 2E       		.uleb128 0x2e
 1225 00f9 00       		.byte	0
 1226 00fa 03       		.uleb128 0x3
 1227 00fb 0E       		.uleb128 0xe
 1228 00fc 3A       		.uleb128 0x3a
 1229 00fd 0B       		.uleb128 0xb
 1230 00fe 3B       		.uleb128 0x3b
 1231 00ff 0B       		.uleb128 0xb
 1232 0100 27       		.uleb128 0x27
 1233 0101 19       		.uleb128 0x19
 1234 0102 11       		.uleb128 0x11
 1235 0103 01       		.uleb128 0x1
 1236 0104 12       		.uleb128 0x12
 1237 0105 06       		.uleb128 0x6
 1238 0106 40       		.uleb128 0x40
 1239 0107 18       		.uleb128 0x18
 1240 0108 9642     		.uleb128 0x2116
 1241 010a 19       		.uleb128 0x19
 1242 010b 00       		.byte	0
 1243 010c 00       		.byte	0
 1244 010d 15       		.uleb128 0x15
 1245 010e 2E       		.uleb128 0x2e
 1246 010f 00       		.byte	0
 1247 0110 03       		.uleb128 0x3
 1248 0111 0E       		.uleb128 0xe
 1249 0112 3A       		.uleb128 0x3a
ARM GAS  C:\Users\jthem\AppData\Local\Temp\ccSMM1NF.s 			page 29


 1250 0113 0B       		.uleb128 0xb
 1251 0114 3B       		.uleb128 0x3b
 1252 0115 0B       		.uleb128 0xb
 1253 0116 27       		.uleb128 0x27
 1254 0117 19       		.uleb128 0x19
 1255 0118 11       		.uleb128 0x11
 1256 0119 01       		.uleb128 0x1
 1257 011a 12       		.uleb128 0x12
 1258 011b 06       		.uleb128 0x6
 1259 011c 40       		.uleb128 0x40
 1260 011d 18       		.uleb128 0x18
 1261 011e 9742     		.uleb128 0x2117
 1262 0120 19       		.uleb128 0x19
 1263 0121 00       		.byte	0
 1264 0122 00       		.byte	0
 1265 0123 16       		.uleb128 0x16
 1266 0124 2E       		.uleb128 0x2e
 1267 0125 01       		.byte	0x1
 1268 0126 3F       		.uleb128 0x3f
 1269 0127 19       		.uleb128 0x19
 1270 0128 03       		.uleb128 0x3
 1271 0129 0E       		.uleb128 0xe
 1272 012a 3A       		.uleb128 0x3a
 1273 012b 0B       		.uleb128 0xb
 1274 012c 3B       		.uleb128 0x3b
 1275 012d 05       		.uleb128 0x5
 1276 012e 27       		.uleb128 0x27
 1277 012f 19       		.uleb128 0x19
 1278 0130 11       		.uleb128 0x11
 1279 0131 01       		.uleb128 0x1
 1280 0132 12       		.uleb128 0x12
 1281 0133 06       		.uleb128 0x6
 1282 0134 40       		.uleb128 0x40
 1283 0135 18       		.uleb128 0x18
 1284 0136 9642     		.uleb128 0x2116
 1285 0138 19       		.uleb128 0x19
 1286 0139 01       		.uleb128 0x1
 1287 013a 13       		.uleb128 0x13
 1288 013b 00       		.byte	0
 1289 013c 00       		.byte	0
 1290 013d 17       		.uleb128 0x17
 1291 013e 34       		.uleb128 0x34
 1292 013f 00       		.byte	0
 1293 0140 03       		.uleb128 0x3
 1294 0141 0E       		.uleb128 0xe
 1295 0142 3A       		.uleb128 0x3a
 1296 0143 0B       		.uleb128 0xb
 1297 0144 3B       		.uleb128 0x3b
 1298 0145 05       		.uleb128 0x5
 1299 0146 49       		.uleb128 0x49
 1300 0147 13       		.uleb128 0x13
 1301 0148 02       		.uleb128 0x2
 1302 0149 18       		.uleb128 0x18
 1303 014a 00       		.byte	0
 1304 014b 00       		.byte	0
 1305 014c 18       		.uleb128 0x18
 1306 014d 13       		.uleb128 0x13
ARM GAS  C:\Users\jthem\AppData\Local\Temp\ccSMM1NF.s 			page 30


 1307 014e 01       		.byte	0x1
 1308 014f 0B       		.uleb128 0xb
 1309 0150 0B       		.uleb128 0xb
 1310 0151 3A       		.uleb128 0x3a
 1311 0152 0B       		.uleb128 0xb
 1312 0153 3B       		.uleb128 0x3b
 1313 0154 05       		.uleb128 0x5
 1314 0155 01       		.uleb128 0x1
 1315 0156 13       		.uleb128 0x13
 1316 0157 00       		.byte	0
 1317 0158 00       		.byte	0
 1318 0159 19       		.uleb128 0x19
 1319 015a 0D       		.uleb128 0xd
 1320 015b 00       		.byte	0
 1321 015c 03       		.uleb128 0x3
 1322 015d 0E       		.uleb128 0xe
 1323 015e 3A       		.uleb128 0x3a
 1324 015f 0B       		.uleb128 0xb
 1325 0160 3B       		.uleb128 0x3b
 1326 0161 05       		.uleb128 0x5
 1327 0162 49       		.uleb128 0x49
 1328 0163 13       		.uleb128 0x13
 1329 0164 38       		.uleb128 0x38
 1330 0165 0B       		.uleb128 0xb
 1331 0166 00       		.byte	0
 1332 0167 00       		.byte	0
 1333 0168 1A       		.uleb128 0x1a
 1334 0169 01       		.uleb128 0x1
 1335 016a 01       		.byte	0x1
 1336 016b 49       		.uleb128 0x49
 1337 016c 13       		.uleb128 0x13
 1338 016d 01       		.uleb128 0x1
 1339 016e 13       		.uleb128 0x13
 1340 016f 00       		.byte	0
 1341 0170 00       		.byte	0
 1342 0171 1B       		.uleb128 0x1b
 1343 0172 21       		.uleb128 0x21
 1344 0173 00       		.byte	0
 1345 0174 49       		.uleb128 0x49
 1346 0175 13       		.uleb128 0x13
 1347 0176 2F       		.uleb128 0x2f
 1348 0177 0B       		.uleb128 0xb
 1349 0178 00       		.byte	0
 1350 0179 00       		.byte	0
 1351 017a 1C       		.uleb128 0x1c
 1352 017b 34       		.uleb128 0x34
 1353 017c 00       		.byte	0
 1354 017d 03       		.uleb128 0x3
 1355 017e 08       		.uleb128 0x8
 1356 017f 3A       		.uleb128 0x3a
 1357 0180 0B       		.uleb128 0xb
 1358 0181 3B       		.uleb128 0x3b
 1359 0182 05       		.uleb128 0x5
 1360 0183 49       		.uleb128 0x49
 1361 0184 13       		.uleb128 0x13
 1362 0185 02       		.uleb128 0x2
 1363 0186 18       		.uleb128 0x18
ARM GAS  C:\Users\jthem\AppData\Local\Temp\ccSMM1NF.s 			page 31


 1364 0187 00       		.byte	0
 1365 0188 00       		.byte	0
 1366 0189 00       		.byte	0
 1367              		.section	.debug_aranges,"",%progbits
 1368 0000 4C000000 		.4byte	0x4c
 1369 0004 0200     		.2byte	0x2
 1370 0006 00000000 		.4byte	.Ldebug_info0
 1371 000a 04       		.byte	0x4
 1372 000b 00       		.byte	0
 1373 000c 0000     		.2byte	0
 1374 000e 0000     		.2byte	0
 1375 0010 00000000 		.4byte	.LFB0
 1376 0014 1E000000 		.4byte	.LFE0-.LFB0
 1377 0018 00000000 		.4byte	.LFB1
 1378 001c 22000000 		.4byte	.LFE1-.LFB1
 1379 0020 00000000 		.4byte	.LFB2
 1380 0024 22000000 		.4byte	.LFE2-.LFB2
 1381 0028 00000000 		.4byte	.LFB3
 1382 002c 80000000 		.4byte	.LFE3-.LFB3
 1383 0030 00000000 		.4byte	.LFB4
 1384 0034 74000000 		.4byte	.LFE4-.LFB4
 1385 0038 00000000 		.4byte	.LFB5
 1386 003c 08000000 		.4byte	.LFE5-.LFB5
 1387 0040 74000000 		.4byte	.LFB6
 1388 0044 24010000 		.4byte	.LFE6-.LFB6
 1389 0048 00000000 		.4byte	0
 1390 004c 00000000 		.4byte	0
 1391              		.section	.debug_ranges,"",%progbits
 1392              	.Ldebug_ranges0:
 1393 0000 00000000 		.4byte	.LFB0
 1394 0004 1E000000 		.4byte	.LFE0
 1395 0008 00000000 		.4byte	.LFB1
 1396 000c 22000000 		.4byte	.LFE1
 1397 0010 00000000 		.4byte	.LFB2
 1398 0014 22000000 		.4byte	.LFE2
 1399 0018 00000000 		.4byte	.LFB3
 1400 001c 80000000 		.4byte	.LFE3
 1401 0020 00000000 		.4byte	.LFB4
 1402 0024 74000000 		.4byte	.LFE4
 1403 0028 00000000 		.4byte	.LFB5
 1404 002c 08000000 		.4byte	.LFE5
 1405 0030 74000000 		.4byte	.LFB6
 1406 0034 98010000 		.4byte	.LFE6
 1407 0038 00000000 		.4byte	0
 1408 003c 00000000 		.4byte	0
 1409              		.section	.debug_line,"",%progbits
 1410              	.Ldebug_line0:
 1411 0000 8A010000 		.section	.debug_str,"MS",%progbits,1
 1411      0200CD00 
 1411      00000201 
 1411      FB0E0D00 
 1411      01010101 
 1412              	.LASF18:
 1413 0000 72656733 		.ascii	"reg32\000"
 1413      3200
 1414              	.LASF11:
 1415 0006 73697A65 		.ascii	"size_t\000"
ARM GAS  C:\Users\jthem\AppData\Local\Temp\ccSMM1NF.s 			page 32


 1415      5F7400
 1416              	.LASF32:
 1417 000d 416E616C 		.ascii	"AnalogSetDefault\000"
 1417      6F675365 
 1417      74446566 
 1417      61756C74 
 1417      00
 1418              	.LASF20:
 1419 001e 76616C75 		.ascii	"value\000"
 1419      6500
 1420              	.LASF30:
 1421 0024 636F756E 		.ascii	"count\000"
 1421      7400
 1422              	.LASF31:
 1423 002a 436C6F63 		.ascii	"ClockSetup\000"
 1423      6B536574 
 1423      757000
 1424              	.LASF33:
 1425 0035 63795F63 		.ascii	"cy_cfg_addr_table\000"
 1425      66675F61 
 1425      6464725F 
 1425      7461626C 
 1425      6500
 1426              	.LASF34:
 1427 0047 63795F63 		.ascii	"cy_cfg_data_table\000"
 1427      66675F64 
 1427      6174615F 
 1427      7461626C 
 1427      6500
 1428              	.LASF15:
 1429 0059 666C6F61 		.ascii	"float\000"
 1429      7400
 1430              	.LASF24:
 1431 005f 64657374 		.ascii	"dest\000"
 1431      00
 1432              	.LASF38:
 1433 0064 6366675F 		.ascii	"cfg_memset_list\000"
 1433      6D656D73 
 1433      65745F6C 
 1433      69737400 
 1434              	.LASF36:
 1435 0074 73697A65 		.ascii	"size\000"
 1435      00
 1436              	.LASF17:
 1437 0079 72656738 		.ascii	"reg8\000"
 1437      00
 1438              	.LASF6:
 1439 007e 6C6F6E67 		.ascii	"long unsigned int\000"
 1439      20756E73 
 1439      69676E65 
 1439      6420696E 
 1439      7400
 1440              	.LASF12:
 1441 0090 75696E74 		.ascii	"uint8\000"
 1441      3800
 1442              	.LASF22:
 1443 0096 43594D45 		.ascii	"CYMEMZERO\000"
ARM GAS  C:\Users\jthem\AppData\Local\Temp\ccSMM1NF.s 			page 33


 1443      4D5A4552 
 1443      4F00
 1444              	.LASF2:
 1445 00a0 756E7369 		.ascii	"unsigned char\000"
 1445      676E6564 
 1445      20636861 
 1445      7200
 1446              	.LASF16:
 1447 00ae 646F7562 		.ascii	"double\000"
 1447      6C6500
 1448              	.LASF26:
 1449 00b5 6366675F 		.ascii	"cfg_write_bytes32\000"
 1449      77726974 
 1449      655F6279 
 1449      74657333 
 1449      3200
 1450              	.LASF42:
 1451 00c7 63796669 		.ascii	"cyfitter_cfg\000"
 1451      74746572 
 1451      5F636667 
 1451      00
 1452              	.LASF27:
 1453 00d4 61646472 		.ascii	"addr_table\000"
 1453      5F746162 
 1453      6C6500
 1454              	.LASF13:
 1455 00df 75696E74 		.ascii	"uint16\000"
 1455      313600
 1456              	.LASF28:
 1457 00e6 64617461 		.ascii	"data_table\000"
 1457      5F746162 
 1457      6C6500
 1458              	.LASF14:
 1459 00f1 75696E74 		.ascii	"uint32\000"
 1459      333200
 1460              	.LASF39:
 1461 00f8 474E5520 		.ascii	"GNU C 4.9.3 20150303 (release) [ARM/embedded-4_9-br"
 1461      4320342E 
 1461      392E3320 
 1461      32303135 
 1461      30333033 
 1462 012b 616E6368 		.ascii	"anch revision 221220] -mcpu=cortex-m0 -mthumb -g -O"
 1462      20726576 
 1462      6973696F 
 1462      6E203232 
 1462      31323230 
 1463 015e 30202D66 		.ascii	"0 -ffunction-sections -ffat-lto-objects\000"
 1463      66756E63 
 1463      74696F6E 
 1463      2D736563 
 1463      74696F6E 
 1464              	.LASF0:
 1465 0186 756E7369 		.ascii	"unsigned int\000"
 1465      676E6564 
 1465      20696E74 
 1465      00
 1466              	.LASF35:
ARM GAS  C:\Users\jthem\AppData\Local\Temp\ccSMM1NF.s 			page 34


 1467 0193 61646472 		.ascii	"address\000"
 1467      65737300 
 1468              	.LASF8:
 1469 019b 6C6F6E67 		.ascii	"long long unsigned int\000"
 1469      206C6F6E 
 1469      6720756E 
 1469      7369676E 
 1469      65642069 
 1470              	.LASF37:
 1471 01b2 6366675F 		.ascii	"cfg_memset_t\000"
 1471      6D656D73 
 1471      65745F74 
 1471      00
 1472              	.LASF29:
 1473 01bf 62617365 		.ascii	"baseAddr\000"
 1473      41646472 
 1473      00
 1474              	.LASF9:
 1475 01c8 73697A65 		.ascii	"sizetype\000"
 1475      74797065 
 1475      00
 1476              	.LASF40:
 1477 01d1 2E5C4765 		.ascii	".\\Generated_Source\\PSoC4\\cyfitter_cfg.c\000"
 1477      6E657261 
 1477      7465645F 
 1477      536F7572 
 1477      63655C50 
 1478              	.LASF7:
 1479 01f9 6C6F6E67 		.ascii	"long long int\000"
 1479      206C6F6E 
 1479      6720696E 
 1479      7400
 1480              	.LASF10:
 1481 0207 63686172 		.ascii	"char\000"
 1481      00
 1482              	.LASF21:
 1483 020c 63795F63 		.ascii	"cy_cfg_addrvalue_t\000"
 1483      66675F61 
 1483      64647276 
 1483      616C7565 
 1483      5F7400
 1484              	.LASF19:
 1485 021f 6F666673 		.ascii	"offset\000"
 1485      657400
 1486              	.LASF3:
 1487 0226 73686F72 		.ascii	"short int\000"
 1487      7420696E 
 1487      7400
 1488              	.LASF41:
 1489 0230 433A5C55 		.ascii	"C:\\Users\\jthem\\Documents\\PSoC Creator\\PWMExamp"
 1489      73657273 
 1489      5C6A7468 
 1489      656D5C44 
 1489      6F63756D 
 1490 025e 6C653031 		.ascii	"le01\\PWMExample01.cydsn\000"
 1490      5C50574D 
 1490      4578616D 
ARM GAS  C:\Users\jthem\AppData\Local\Temp\ccSMM1NF.s 			page 35


 1490      706C6530 
 1490      312E6379 
 1491              	.LASF5:
 1492 0276 6C6F6E67 		.ascii	"long int\000"
 1492      20696E74 
 1492      00
 1493              	.LASF1:
 1494 027f 7369676E 		.ascii	"signed char\000"
 1494      65642063 
 1494      68617200 
 1495              	.LASF4:
 1496 028b 73686F72 		.ascii	"short unsigned int\000"
 1496      7420756E 
 1496      7369676E 
 1496      65642069 
 1496      6E7400
 1497              	.LASF25:
 1498 029e 4359434F 		.ascii	"CYCONFIGCPYCODE\000"
 1498      4E464947 
 1498      43505943 
 1498      4F444500 
 1499              	.LASF23:
 1500 02ae 4359434F 		.ascii	"CYCONFIGCPY\000"
 1500      4E464947 
 1500      43505900 
 1501              		.ident	"GCC: (GNU Tools for ARM Embedded Processors) 4.9.3 20150303 (release) [ARM/embedded-4_9-br
