ARM GAS  C:\Users\jthem\AppData\Local\Temp\cc17NovY.s 			page 1


   1              		.syntax unified
   2              		.cpu cortex-m3
   3              		.fpu softvfp
   4              		.eabi_attribute 20, 1
   5              		.eabi_attribute 21, 1
   6              		.eabi_attribute 23, 3
   7              		.eabi_attribute 24, 1
   8              		.eabi_attribute 25, 1
   9              		.eabi_attribute 26, 1
  10              		.eabi_attribute 30, 6
  11              		.eabi_attribute 34, 1
  12              		.eabi_attribute 18, 4
  13              		.thumb
  14              		.file	"main.c"
  15              		.text
  16              	.Ltext0:
  17              		.cfi_sections	.debug_frame
  18              		.section	.rodata
  19              		.align	2
  20              	.LC0:
  21 0000 256600   		.ascii	"%f\000"
  22 0003 00       		.section	.text.main,"ax",%progbits
  23              		.align	2
  24              		.global	main
  25              		.thumb
  26              		.thumb_func
  27              		.type	main, %function
  28              	main:
  29              	.LFB63:
  30              		.file 1 ".\\main.c"
   1:.\main.c      **** /*******************************************************************************
   2:.\main.c      **** * File: main.c
   3:.\main.c      **** *
   4:.\main.c      **** * Description: 
   5:.\main.c      **** *	The HelloWorld project prints the string 'Hello World' on the character LCD
   6:.\main.c      **** *	and blinks an LED.
   7:.\main.c      **** *
   8:.\main.c      **** ********************************************************************************
   9:.\main.c      **** * Copyright 2012, Cypress Semiconductor Corporation. All rights reserved.
  10:.\main.c      **** * This software is owned by Cypress Semiconductor Corporation and is protected
  11:.\main.c      **** * by and subject to worldwide patent and copyright laws and treaties.
  12:.\main.c      **** * Therefore, you may use this software only as provided in the license agreement
  13:.\main.c      **** * accompanying the software package from which you obtained this software.
  14:.\main.c      **** * CYPRESS AND ITS SUPPLIERS MAKE NO WARRANTY OF ANY KIND, EXPRESS OR IMPLIED,
  15:.\main.c      **** * WITH REGARD TO THIS SOFTWARE, INCLUDING, BUT NOT LIMITED TO, NONINFRINGEMENT,
  16:.\main.c      **** * IMPLIED WARRANTIES OF MERCHANTABILITY AND FITNESS FOR A PARTICULAR PURPOSE.
  17:.\main.c      **** *******************************************************************************/
  18:.\main.c      **** 
  19:.\main.c      **** #include <device.h>
  20:.\main.c      **** #include <stdlib.h>
  21:.\main.c      **** #include <stdio.h>
  22:.\main.c      **** 
  23:.\main.c      **** /*******************************************************************************
  24:.\main.c      **** * Function Name: main
  25:.\main.c      **** ********************************************************************************
  26:.\main.c      **** *
  27:.\main.c      **** * Summary:
ARM GAS  C:\Users\jthem\AppData\Local\Temp\cc17NovY.s 			page 2


  28:.\main.c      **** *  Main function performs following functions:
  29:.\main.c      **** *   1. Start the LCD and PWM
  30:.\main.c      **** *   2. Print 'Hello World' on the LCD
  31:.\main.c      **** *
  32:.\main.c      **** * Parameters:
  33:.\main.c      **** *  None.
  34:.\main.c      **** *
  35:.\main.c      **** * Return:
  36:.\main.c      **** *  None.
  37:.\main.c      **** *
  38:.\main.c      **** *******************************************************************************/
  39:.\main.c      **** int main()
  40:.\main.c      **** {
  31              		.loc 1 40 0
  32              		.cfi_startproc
  33              		@ args = 0, pretend = 0, frame = 16
  34              		@ frame_needed = 1, uses_anonymous_args = 0
  35 0000 80B5     		push	{r7, lr}
  36              		.cfi_def_cfa_offset 8
  37              		.cfi_offset 7, -8
  38              		.cfi_offset 14, -4
  39 0002 84B0     		sub	sp, sp, #16
  40              		.cfi_def_cfa_offset 24
  41 0004 00AF     		add	r7, sp, #0
  42              		.cfi_def_cfa_register 7
  41:.\main.c      **** 	/* Start LCD and PWM */
  42:.\main.c      **** 	LCD_Char_Start();
  43              		.loc 1 42 0
  44 0006 FFF7FEFF 		bl	LCD_Char_Start
  43:.\main.c      **** 	PWM_Start();
  45              		.loc 1 43 0
  46 000a FFF7FEFF 		bl	PWM_Start
  44:.\main.c      **** 	
  45:.\main.c      **** 	/* Print Hello World on LCD */
  46:.\main.c      **** 
  47:.\main.c      ****     /* Loop forever */
  48:.\main.c      ****     char vout[15] = {'\0'};
  47              		.loc 1 48 0
  48 000e 3B46     		mov	r3, r7
  49 0010 0022     		movs	r2, #0
  50 0012 1A60     		str	r2, [r3]
  51 0014 0433     		adds	r3, r3, #4
  52 0016 0022     		movs	r2, #0
  53 0018 1A60     		str	r2, [r3]
  54 001a 0433     		adds	r3, r3, #4
  55 001c 0022     		movs	r2, #0
  56 001e 1A60     		str	r2, [r3]
  57 0020 0433     		adds	r3, r3, #4
  58 0022 0022     		movs	r2, #0
  59 0024 1A80     		strh	r2, [r3]	@ movhi
  60 0026 0233     		adds	r3, r3, #2
  61 0028 0022     		movs	r2, #0
  62 002a 1A70     		strb	r2, [r3]
  63 002c 0133     		adds	r3, r3, #1
  64              	.L2:
  49:.\main.c      **** 	for(;;)
  50:.\main.c      ****     {
ARM GAS  C:\Users\jthem\AppData\Local\Temp\cc17NovY.s 			page 3


  51:.\main.c      ****         // TODO: get voltage at pot and control period of PWM using
  52:.\main.c      ****         // PWM_WritePeriod(period)
  53:.\main.c      ****         sprintf(vout, "%f", ADC_SAR_1_GetResult16());
  65              		.loc 1 53 0 discriminator 1
  66 002e FFF7FEFF 		bl	ADC_SAR_1_GetResult16
  67 0032 0346     		mov	r3, r0
  68 0034 1A46     		mov	r2, r3
  69 0036 3B46     		mov	r3, r7
  70 0038 1846     		mov	r0, r3
  71 003a 0549     		ldr	r1, .L3
  72 003c FFF7FEFF 		bl	sprintf
  54:.\main.c      ****         LCD_Char_PrintString(vout);
  73              		.loc 1 54 0 discriminator 1
  74 0040 3B46     		mov	r3, r7
  75 0042 1846     		mov	r0, r3
  76 0044 FFF7FEFF 		bl	LCD_Char_PrintString
  55:.\main.c      ****         vout[0] = '\0';
  77              		.loc 1 55 0 discriminator 1
  78 0048 0023     		movs	r3, #0
  79 004a 3B70     		strb	r3, [r7]
  56:.\main.c      ****         
  57:.\main.c      ****     }
  80              		.loc 1 57 0 discriminator 1
  81 004c EFE7     		b	.L2
  82              	.L4:
  83 004e 00BF     		.align	2
  84              	.L3:
  85 0050 00000000 		.word	.LC0
  86              		.cfi_endproc
  87              	.LFE63:
  88              		.size	main, .-main
  89              		.text
  90              	.Letext0:
  91              		.file 2 "c:\\program files (x86)\\cypress\\psoc creator\\3.3\\psoc creator\\import\\gnu\\arm\\4.9.
  92              		.file 3 "c:\\program files (x86)\\cypress\\psoc creator\\3.3\\psoc creator\\import\\gnu\\arm\\4.9.
  93              		.file 4 "Generated_Source\\PSoC5/core_cm3.h"
  94              		.section	.debug_info,"",%progbits
  95              	.Ldebug_info0:
  96 0000 E3000000 		.4byte	0xe3
  97 0004 0400     		.2byte	0x4
  98 0006 00000000 		.4byte	.Ldebug_abbrev0
  99 000a 04       		.byte	0x4
 100 000b 01       		.uleb128 0x1
 101 000c C5000000 		.4byte	.LASF15
 102 0010 01       		.byte	0x1
 103 0011 53010000 		.4byte	.LASF16
 104 0015 5C000000 		.4byte	.LASF17
 105 0019 00000000 		.4byte	.Ldebug_ranges0+0
 106 001d 00000000 		.4byte	0
 107 0021 00000000 		.4byte	.Ldebug_line0
 108 0025 02       		.uleb128 0x2
 109 0026 01       		.byte	0x1
 110 0027 06       		.byte	0x6
 111 0028 70010000 		.4byte	.LASF0
 112 002c 02       		.uleb128 0x2
 113 002d 01       		.byte	0x1
 114 002e 08       		.byte	0x8
ARM GAS  C:\Users\jthem\AppData\Local\Temp\cc17NovY.s 			page 4


 115 002f A9000000 		.4byte	.LASF1
 116 0033 02       		.uleb128 0x2
 117 0034 02       		.byte	0x2
 118 0035 05       		.byte	0x5
 119 0036 8C010000 		.4byte	.LASF2
 120 003a 02       		.uleb128 0x2
 121 003b 02       		.byte	0x2
 122 003c 07       		.byte	0x7
 123 003d 0E000000 		.4byte	.LASF3
 124 0041 03       		.uleb128 0x3
 125 0042 7C010000 		.4byte	.LASF9
 126 0046 02       		.byte	0x2
 127 0047 3F       		.byte	0x3f
 128 0048 4C000000 		.4byte	0x4c
 129 004c 02       		.uleb128 0x2
 130 004d 04       		.byte	0x4
 131 004e 05       		.byte	0x5
 132 004f BC000000 		.4byte	.LASF4
 133 0053 02       		.uleb128 0x2
 134 0054 04       		.byte	0x4
 135 0055 07       		.byte	0x7
 136 0056 33000000 		.4byte	.LASF5
 137 005a 02       		.uleb128 0x2
 138 005b 08       		.byte	0x8
 139 005c 05       		.byte	0x5
 140 005d 00000000 		.4byte	.LASF6
 141 0061 02       		.uleb128 0x2
 142 0062 08       		.byte	0x8
 143 0063 07       		.byte	0x7
 144 0064 45000000 		.4byte	.LASF7
 145 0068 04       		.uleb128 0x4
 146 0069 04       		.byte	0x4
 147 006a 05       		.byte	0x5
 148 006b 696E7400 		.ascii	"int\000"
 149 006f 02       		.uleb128 0x2
 150 0070 04       		.byte	0x4
 151 0071 07       		.byte	0x7
 152 0072 21000000 		.4byte	.LASF8
 153 0076 03       		.uleb128 0x3
 154 0077 96010000 		.4byte	.LASF10
 155 007b 03       		.byte	0x3
 156 007c 2C       		.byte	0x2c
 157 007d 41000000 		.4byte	0x41
 158 0081 02       		.uleb128 0x2
 159 0082 04       		.byte	0x4
 160 0083 04       		.byte	0x4
 161 0084 86010000 		.4byte	.LASF11
 162 0088 02       		.uleb128 0x2
 163 0089 08       		.byte	0x8
 164 008a 04       		.byte	0x4
 165 008b 5C010000 		.4byte	.LASF12
 166 008f 02       		.uleb128 0x2
 167 0090 01       		.byte	0x1
 168 0091 08       		.byte	0x8
 169 0092 B7000000 		.4byte	.LASF13
 170 0096 02       		.uleb128 0x2
 171 0097 04       		.byte	0x4
ARM GAS  C:\Users\jthem\AppData\Local\Temp\cc17NovY.s 			page 5


 172 0098 07       		.byte	0x7
 173 0099 9E010000 		.4byte	.LASF14
 174 009d 05       		.uleb128 0x5
 175 009e 2E000000 		.4byte	.LASF18
 176 00a2 01       		.byte	0x1
 177 00a3 27       		.byte	0x27
 178 00a4 68000000 		.4byte	0x68
 179 00a8 00000000 		.4byte	.LFB63
 180 00ac 54000000 		.4byte	.LFE63-.LFB63
 181 00b0 01       		.uleb128 0x1
 182 00b1 9C       		.byte	0x9c
 183 00b2 C5000000 		.4byte	0xc5
 184 00b6 06       		.uleb128 0x6
 185 00b7 A7010000 		.4byte	.LASF19
 186 00bb 01       		.byte	0x1
 187 00bc 30       		.byte	0x30
 188 00bd C5000000 		.4byte	0xc5
 189 00c1 02       		.uleb128 0x2
 190 00c2 91       		.byte	0x91
 191 00c3 68       		.sleb128 -24
 192 00c4 00       		.byte	0
 193 00c5 07       		.uleb128 0x7
 194 00c6 8F000000 		.4byte	0x8f
 195 00ca D5000000 		.4byte	0xd5
 196 00ce 08       		.uleb128 0x8
 197 00cf 96000000 		.4byte	0x96
 198 00d3 0E       		.byte	0xe
 199 00d4 00       		.byte	0
 200 00d5 09       		.uleb128 0x9
 201 00d6 63010000 		.4byte	.LASF20
 202 00da 04       		.byte	0x4
 203 00db 5506     		.2byte	0x655
 204 00dd E1000000 		.4byte	0xe1
 205 00e1 0A       		.uleb128 0xa
 206 00e2 76000000 		.4byte	0x76
 207 00e6 00       		.byte	0
 208              		.section	.debug_abbrev,"",%progbits
 209              	.Ldebug_abbrev0:
 210 0000 01       		.uleb128 0x1
 211 0001 11       		.uleb128 0x11
 212 0002 01       		.byte	0x1
 213 0003 25       		.uleb128 0x25
 214 0004 0E       		.uleb128 0xe
 215 0005 13       		.uleb128 0x13
 216 0006 0B       		.uleb128 0xb
 217 0007 03       		.uleb128 0x3
 218 0008 0E       		.uleb128 0xe
 219 0009 1B       		.uleb128 0x1b
 220 000a 0E       		.uleb128 0xe
 221 000b 55       		.uleb128 0x55
 222 000c 17       		.uleb128 0x17
 223 000d 11       		.uleb128 0x11
 224 000e 01       		.uleb128 0x1
 225 000f 10       		.uleb128 0x10
 226 0010 17       		.uleb128 0x17
 227 0011 00       		.byte	0
 228 0012 00       		.byte	0
ARM GAS  C:\Users\jthem\AppData\Local\Temp\cc17NovY.s 			page 6


 229 0013 02       		.uleb128 0x2
 230 0014 24       		.uleb128 0x24
 231 0015 00       		.byte	0
 232 0016 0B       		.uleb128 0xb
 233 0017 0B       		.uleb128 0xb
 234 0018 3E       		.uleb128 0x3e
 235 0019 0B       		.uleb128 0xb
 236 001a 03       		.uleb128 0x3
 237 001b 0E       		.uleb128 0xe
 238 001c 00       		.byte	0
 239 001d 00       		.byte	0
 240 001e 03       		.uleb128 0x3
 241 001f 16       		.uleb128 0x16
 242 0020 00       		.byte	0
 243 0021 03       		.uleb128 0x3
 244 0022 0E       		.uleb128 0xe
 245 0023 3A       		.uleb128 0x3a
 246 0024 0B       		.uleb128 0xb
 247 0025 3B       		.uleb128 0x3b
 248 0026 0B       		.uleb128 0xb
 249 0027 49       		.uleb128 0x49
 250 0028 13       		.uleb128 0x13
 251 0029 00       		.byte	0
 252 002a 00       		.byte	0
 253 002b 04       		.uleb128 0x4
 254 002c 24       		.uleb128 0x24
 255 002d 00       		.byte	0
 256 002e 0B       		.uleb128 0xb
 257 002f 0B       		.uleb128 0xb
 258 0030 3E       		.uleb128 0x3e
 259 0031 0B       		.uleb128 0xb
 260 0032 03       		.uleb128 0x3
 261 0033 08       		.uleb128 0x8
 262 0034 00       		.byte	0
 263 0035 00       		.byte	0
 264 0036 05       		.uleb128 0x5
 265 0037 2E       		.uleb128 0x2e
 266 0038 01       		.byte	0x1
 267 0039 3F       		.uleb128 0x3f
 268 003a 19       		.uleb128 0x19
 269 003b 03       		.uleb128 0x3
 270 003c 0E       		.uleb128 0xe
 271 003d 3A       		.uleb128 0x3a
 272 003e 0B       		.uleb128 0xb
 273 003f 3B       		.uleb128 0x3b
 274 0040 0B       		.uleb128 0xb
 275 0041 49       		.uleb128 0x49
 276 0042 13       		.uleb128 0x13
 277 0043 11       		.uleb128 0x11
 278 0044 01       		.uleb128 0x1
 279 0045 12       		.uleb128 0x12
 280 0046 06       		.uleb128 0x6
 281 0047 40       		.uleb128 0x40
 282 0048 18       		.uleb128 0x18
 283 0049 9642     		.uleb128 0x2116
 284 004b 19       		.uleb128 0x19
 285 004c 01       		.uleb128 0x1
ARM GAS  C:\Users\jthem\AppData\Local\Temp\cc17NovY.s 			page 7


 286 004d 13       		.uleb128 0x13
 287 004e 00       		.byte	0
 288 004f 00       		.byte	0
 289 0050 06       		.uleb128 0x6
 290 0051 34       		.uleb128 0x34
 291 0052 00       		.byte	0
 292 0053 03       		.uleb128 0x3
 293 0054 0E       		.uleb128 0xe
 294 0055 3A       		.uleb128 0x3a
 295 0056 0B       		.uleb128 0xb
 296 0057 3B       		.uleb128 0x3b
 297 0058 0B       		.uleb128 0xb
 298 0059 49       		.uleb128 0x49
 299 005a 13       		.uleb128 0x13
 300 005b 02       		.uleb128 0x2
 301 005c 18       		.uleb128 0x18
 302 005d 00       		.byte	0
 303 005e 00       		.byte	0
 304 005f 07       		.uleb128 0x7
 305 0060 01       		.uleb128 0x1
 306 0061 01       		.byte	0x1
 307 0062 49       		.uleb128 0x49
 308 0063 13       		.uleb128 0x13
 309 0064 01       		.uleb128 0x1
 310 0065 13       		.uleb128 0x13
 311 0066 00       		.byte	0
 312 0067 00       		.byte	0
 313 0068 08       		.uleb128 0x8
 314 0069 21       		.uleb128 0x21
 315 006a 00       		.byte	0
 316 006b 49       		.uleb128 0x49
 317 006c 13       		.uleb128 0x13
 318 006d 2F       		.uleb128 0x2f
 319 006e 0B       		.uleb128 0xb
 320 006f 00       		.byte	0
 321 0070 00       		.byte	0
 322 0071 09       		.uleb128 0x9
 323 0072 34       		.uleb128 0x34
 324 0073 00       		.byte	0
 325 0074 03       		.uleb128 0x3
 326 0075 0E       		.uleb128 0xe
 327 0076 3A       		.uleb128 0x3a
 328 0077 0B       		.uleb128 0xb
 329 0078 3B       		.uleb128 0x3b
 330 0079 05       		.uleb128 0x5
 331 007a 49       		.uleb128 0x49
 332 007b 13       		.uleb128 0x13
 333 007c 3F       		.uleb128 0x3f
 334 007d 19       		.uleb128 0x19
 335 007e 3C       		.uleb128 0x3c
 336 007f 19       		.uleb128 0x19
 337 0080 00       		.byte	0
 338 0081 00       		.byte	0
 339 0082 0A       		.uleb128 0xa
 340 0083 35       		.uleb128 0x35
 341 0084 00       		.byte	0
 342 0085 49       		.uleb128 0x49
ARM GAS  C:\Users\jthem\AppData\Local\Temp\cc17NovY.s 			page 8


 343 0086 13       		.uleb128 0x13
 344 0087 00       		.byte	0
 345 0088 00       		.byte	0
 346 0089 00       		.byte	0
 347              		.section	.debug_aranges,"",%progbits
 348 0000 1C000000 		.4byte	0x1c
 349 0004 0200     		.2byte	0x2
 350 0006 00000000 		.4byte	.Ldebug_info0
 351 000a 04       		.byte	0x4
 352 000b 00       		.byte	0
 353 000c 0000     		.2byte	0
 354 000e 0000     		.2byte	0
 355 0010 00000000 		.4byte	.LFB63
 356 0014 54000000 		.4byte	.LFE63-.LFB63
 357 0018 00000000 		.4byte	0
 358 001c 00000000 		.4byte	0
 359              		.section	.debug_ranges,"",%progbits
 360              	.Ldebug_ranges0:
 361 0000 00000000 		.4byte	.LFB63
 362 0004 54000000 		.4byte	.LFE63
 363 0008 00000000 		.4byte	0
 364 000c 00000000 		.4byte	0
 365              		.section	.debug_line,"",%progbits
 366              	.Ldebug_line0:
 367 0000 68010000 		.section	.debug_str,"MS",%progbits,1
 367      02003C01 
 367      00000201 
 367      FB0E0D00 
 367      01010101 
 368              	.LASF6:
 369 0000 6C6F6E67 		.ascii	"long long int\000"
 369      206C6F6E 
 369      6720696E 
 369      7400
 370              	.LASF3:
 371 000e 73686F72 		.ascii	"short unsigned int\000"
 371      7420756E 
 371      7369676E 
 371      65642069 
 371      6E7400
 372              	.LASF8:
 373 0021 756E7369 		.ascii	"unsigned int\000"
 373      676E6564 
 373      20696E74 
 373      00
 374              	.LASF18:
 375 002e 6D61696E 		.ascii	"main\000"
 375      00
 376              	.LASF5:
 377 0033 6C6F6E67 		.ascii	"long unsigned int\000"
 377      20756E73 
 377      69676E65 
 377      6420696E 
 377      7400
 378              	.LASF7:
 379 0045 6C6F6E67 		.ascii	"long long unsigned int\000"
 379      206C6F6E 
ARM GAS  C:\Users\jthem\AppData\Local\Temp\cc17NovY.s 			page 9


 379      6720756E 
 379      7369676E 
 379      65642069 
 380              	.LASF17:
 381 005c 433A5C55 		.ascii	"C:\\Users\\jthem\\Documents\\PSoC Creator\\PWMExamp"
 381      73657273 
 381      5C6A7468 
 381      656D5C44 
 381      6F63756D 
 382 008a 6C653031 		.ascii	"le01\\HelloWorld_Blinky02.cydsn\000"
 382      5C48656C 
 382      6C6F576F 
 382      726C645F 
 382      426C696E 
 383              	.LASF1:
 384 00a9 756E7369 		.ascii	"unsigned char\000"
 384      676E6564 
 384      20636861 
 384      7200
 385              	.LASF13:
 386 00b7 63686172 		.ascii	"char\000"
 386      00
 387              	.LASF4:
 388 00bc 6C6F6E67 		.ascii	"long int\000"
 388      20696E74 
 388      00
 389              	.LASF15:
 390 00c5 474E5520 		.ascii	"GNU C 4.9.3 20150303 (release) [ARM/embedded-4_9-br"
 390      4320342E 
 390      392E3320 
 390      32303135 
 390      30333033 
 391 00f8 616E6368 		.ascii	"anch revision 221220] -mcpu=cortex-m3 -mthumb -g -O"
 391      20726576 
 391      6973696F 
 391      6E203232 
 391      31323230 
 392 012b 30202D66 		.ascii	"0 -ffunction-sections -ffat-lto-objects\000"
 392      66756E63 
 392      74696F6E 
 392      2D736563 
 392      74696F6E 
 393              	.LASF16:
 394 0153 2E5C6D61 		.ascii	".\\main.c\000"
 394      696E2E63 
 394      00
 395              	.LASF12:
 396 015c 646F7562 		.ascii	"double\000"
 396      6C6500
 397              	.LASF20:
 398 0163 49544D5F 		.ascii	"ITM_RxBuffer\000"
 398      52784275 
 398      66666572 
 398      00
 399              	.LASF0:
 400 0170 7369676E 		.ascii	"signed char\000"
 400      65642063 
ARM GAS  C:\Users\jthem\AppData\Local\Temp\cc17NovY.s 			page 10


 400      68617200 
 401              	.LASF9:
 402 017c 5F5F696E 		.ascii	"__int32_t\000"
 402      7433325F 
 402      7400
 403              	.LASF11:
 404 0186 666C6F61 		.ascii	"float\000"
 404      7400
 405              	.LASF2:
 406 018c 73686F72 		.ascii	"short int\000"
 406      7420696E 
 406      7400
 407              	.LASF10:
 408 0196 696E7433 		.ascii	"int32_t\000"
 408      325F7400 
 409              	.LASF14:
 410 019e 73697A65 		.ascii	"sizetype\000"
 410      74797065 
 410      00
 411              	.LASF19:
 412 01a7 766F7574 		.ascii	"vout\000"
 412      00
 413              		.ident	"GCC: (GNU Tools for ARM Embedded Processors) 4.9.3 20150303 (release) [ARM/embedded-4_9-br
