--------------- Build Started: 04/06/2016 12:03:07 Project: EasyBoard, Configuration: ARM GCC 4.9-2015-q1-update Debug ---------------
The code generation step is up to date.
arm-none-eabi-gcc.exe -mcpu=cortex-m3 -mthumb -Wno-main -I. -IGenerated_Source\PSoC5 -Wa,-alh=.\ARM_GCC_493\Debug/main.lst -g -Wall -ffunction-sections -O0 -ffat-lto-objects -c .\main.c -o .\ARM_GCC_493\Debug\main.o
.\main.c: In function 'trimString':
.\main.c:49:5: warning: array subscript has type 'char' [-Wchar-subscripts]
     if (!isspace(str[i])) {
     ^
.\main.c:68:5: warning: array subscript has type 'char' [-Wchar-subscripts]
     if (!isspace(str[i])) {
     ^
.\main.c: In function 'main':
.\main.c:103:25: warning: unused variable 'freq1Disp' [-Wunused-variable]
     char freq0Disp[16], freq1Disp[16];
                         ^
.\main.c:103:10: warning: unused variable 'freq0Disp' [-Wunused-variable]
     char freq0Disp[16], freq1Disp[16];
          ^
arm-none-eabi-ar.exe -rs .\ARM_GCC_493\Debug\EasyBoard.a .\ARM_GCC_493\Debug\cyfitter_cfg.o .\ARM_GCC_493\Debug\LCD.o .\ARM_GCC_493\Debug\LCD_PM.o .\ARM_GCC_493\Debug\LCD_LCDPort.o .\ARM_GCC_493\Debug\CyBootAsmGnu.o .\ARM_GCC_493\Debug\CyDmac.o .\ARM_GCC_493\Debug\CyFlash.o .\ARM_GCC_493\Debug\CyLib.o .\ARM_GCC_493\Debug\cyPm.o .\ARM_GCC_493\Debug\CySpc.o .\ARM_GCC_493\Debug\cyutils.o .\ARM_GCC_493\Debug\USBUART.o .\ARM_GCC_493\Debug\USBUART_audio.o .\ARM_GCC_493\Debug\USBUART_boot.o .\ARM_GCC_493\Debug\USBUART_cdc.o .\ARM_GCC_493\Debug\USBUART_cls.o .\ARM_GCC_493\Debug\USBUART_descr.o .\ARM_GCC_493\Debug\USBUART_drv.o .\ARM_GCC_493\Debug\USBUART_episr.o .\ARM_GCC_493\Debug\USBUART_hid.o .\ARM_GCC_493\Debug\USBUART_pm.o .\ARM_GCC_493\Debug\USBUART_std.o .\ARM_GCC_493\Debug\USBUART_vnd.o .\ARM_GCC_493\Debug\USBUART_midi.o .\ARM_GCC_493\Debug\USBUART_msc.o .\ARM_GCC_493\Debug\USBUART_Dm.o .\ARM_GCC_493\Debug\USBUART_Dp.o .\ARM_GCC_493\Debug\WaveDAC_1.o .\ARM_GCC_493\Debug\WaveDAC_1_PM.o .\ARM_GCC_493\Debug\WaveDAC_1_Wave1_DMA_dma.o .\ARM_GCC_493\Debug\WaveDAC_1_Wave2_DMA_dma.o .\ARM_GCC_493\Debug\WaveDAC_1_IDAC8.o .\ARM_GCC_493\Debug\WaveDAC_1_IDAC8_PM.o .\ARM_GCC_493\Debug\WaveDAC_0_OUT.o .\ARM_GCC_493\Debug\WaveDAC_1_OUT.o .\ARM_GCC_493\Debug\WaveDAC_0.o .\ARM_GCC_493\Debug\WaveDAC_0_PM.o .\ARM_GCC_493\Debug\WaveDAC_0_Wave1_DMA_dma.o .\ARM_GCC_493\Debug\WaveDAC_0_Wave2_DMA_dma.o .\ARM_GCC_493\Debug\WaveDAC_0_IDAC8.o .\ARM_GCC_493\Debug\WaveDAC_0_IDAC8_PM.o .\ARM_GCC_493\Debug\WaveDAC_0_Clock.o .\ARM_GCC_493\Debug\WaveDAC_1_Clock.o
arm-none-eabi-ar.exe: creating .\ARM_GCC_493\Debug\EasyBoard.a
arm-none-eabi-gcc.exe -Wl,--start-group -o .\ARM_GCC_493\Debug\EasyBoard.elf .\ARM_GCC_493\Debug\main.o .\ARM_GCC_493\Debug\FunctionGenerator.o .\ARM_GCC_493\Debug\Serial.o .\ARM_GCC_493\Debug\cymetadata.o .\ARM_GCC_493\Debug\Cm3Start.o .\ARM_GCC_493\Debug\EasyBoard.a "C:\Program Files (x86)\Cypress\PSoC Creator\3.3\PSoC Creator\psoc\content\cycomponentlibrary\CyComponentLibrary.cylib\CortexM3\ARM_GCC_493\Debug\CyComponentLibrary.a" -mcpu=cortex-m3 -mthumb -g -ffunction-sections -O0 -L Generated_Source\PSoC5 -Wl,-Map,.\ARM_GCC_493\Debug/EasyBoard.map -T Generated_Source\PSoC5\cm3gcc.ld -specs=nano.specs -Wl,--gc-sections -lm -Wl,--end-group
cyelftool.exe -C "C:\Users\jthem\Documents\PSoC Creator\PWMExample01\EasyBoard.cydsn\ARM_GCC_493\Debug\EasyBoard.elf" --flash_row_size 256 --flash_size 262144
cyelftool.exe -S "C:\Users\jthem\Documents\PSoC Creator\PWMExample01\EasyBoard.cydsn\ARM_GCC_493\Debug\EasyBoard.elf"
Flash used: 45312 of 262144 bytes (17.3 %).
SRAM used: 11333 of 65536 bytes (17.3 %). Stack: 2048 bytes. Heap: 512 bytes.
--------------- Build Succeeded: 04/06/2016 12:03:17 ---------------
