ARM GAS  C:\Users\jthem\AppData\Local\Temp\ccEJjFFr.s 			page 1


   1              		.syntax unified
   2              		.cpu cortex-m3
   3              		.fpu softvfp
   4              		.eabi_attribute 20, 1
   5              		.eabi_attribute 21, 1
   6              		.eabi_attribute 23, 3
   7              		.eabi_attribute 24, 1
   8              		.eabi_attribute 25, 1
   9              		.eabi_attribute 26, 1
  10              		.eabi_attribute 30, 6
  11              		.eabi_attribute 34, 1
  12              		.eabi_attribute 18, 4
  13              		.thumb
  14              		.file	"FunctionGenerator.c"
  15              		.text
  16              	.Ltext0:
  17              		.cfi_sections	.debug_frame
  18              		.comm	waveform0,4000,4
  19              		.comm	waveform1,4000,4
  20              		.section	.text.stopWaveDac,"ax",%progbits
  21              		.align	2
  22              		.global	stopWaveDac
  23              		.thumb
  24              		.thumb_func
  25              		.type	stopWaveDac, %function
  26              	stopWaveDac:
  27              	.LFB0:
  28              		.file 1 ".\\FunctionGenerator.c"
   1:.\FunctionGenerator.c **** /* ========================================
   2:.\FunctionGenerator.c ****  *
   3:.\FunctionGenerator.c ****  * Copyright 2016 John Harkins and Li He
   4:.\FunctionGenerator.c ****  * All Rights Reserved
   5:.\FunctionGenerator.c ****  * UNPUBLISHED, LICENSED SOFTWARE.
   6:.\FunctionGenerator.c ****  *
   7:.\FunctionGenerator.c ****  * CONFIDENTIAL AND PROPRIETARY INFORMATION
   8:.\FunctionGenerator.c ****  * WHICH IS THE PROPERTY OF your company.
   9:.\FunctionGenerator.c ****  *
  10:.\FunctionGenerator.c ****  * ========================================
  11:.\FunctionGenerator.c **** */
  12:.\FunctionGenerator.c **** 
  13:.\FunctionGenerator.c **** #include <math.h>
  14:.\FunctionGenerator.c **** #include "FunctionGenerator.h"
  15:.\FunctionGenerator.c **** 
  16:.\FunctionGenerator.c **** extern void WaveDAC_0_Clock_SetDividerRegister(uint16 clkDivider, uint8 restart);
  17:.\FunctionGenerator.c **** extern void WaveDAC_1_Clock_SetDividerRegister(uint16 clkDivider, uint8 restart);
  18:.\FunctionGenerator.c **** extern void WaveDAC_0_Stop();
  19:.\FunctionGenerator.c **** extern void WaveDAC_1_Stop();
  20:.\FunctionGenerator.c **** extern void WaveDAC_0_StartEx(const uint8 * wavePtr1, uint16 sampleSize1, 
  21:.\FunctionGenerator.c ****                                    const uint8 * wavePtr2, uint16 sampleSize2);
  22:.\FunctionGenerator.c **** extern void WaveDAC_1_StartEx(const uint8 * wavePtr1, uint16 sampleSize1, 
  23:.\FunctionGenerator.c ****                                    const uint8 * wavePtr2, uint16 sampleSize2);
  24:.\FunctionGenerator.c **** 
  25:.\FunctionGenerator.c **** uint8 waveform0[MAX_NUM_SAMPLES];
  26:.\FunctionGenerator.c **** uint8 waveform1[MAX_NUM_SAMPLES];
  27:.\FunctionGenerator.c **** 
  28:.\FunctionGenerator.c **** void stopWaveDac(int fnGenerator)
  29:.\FunctionGenerator.c **** {
ARM GAS  C:\Users\jthem\AppData\Local\Temp\ccEJjFFr.s 			page 2


  29              		.loc 1 29 0
  30              		.cfi_startproc
  31              		@ args = 0, pretend = 0, frame = 8
  32              		@ frame_needed = 1, uses_anonymous_args = 0
  33 0000 80B5     		push	{r7, lr}
  34              		.cfi_def_cfa_offset 8
  35              		.cfi_offset 7, -8
  36              		.cfi_offset 14, -4
  37 0002 82B0     		sub	sp, sp, #8
  38              		.cfi_def_cfa_offset 16
  39 0004 00AF     		add	r7, sp, #0
  40              		.cfi_def_cfa_register 7
  41 0006 7860     		str	r0, [r7, #4]
  30:.\FunctionGenerator.c ****     switch (fnGenerator) {
  42              		.loc 1 30 0
  43 0008 7B68     		ldr	r3, [r7, #4]
  44 000a 032B     		cmp	r3, #3
  45 000c 10D8     		bhi	.L1
  46 000e 01A2     		adr	r2, .L4
  47 0010 52F823F0 		ldr	pc, [r2, r3, lsl #2]
  48              		.p2align 2
  49              	.L4:
  50 0014 25000000 		.word	.L3+1
  51 0018 25000000 		.word	.L3+1
  52 001c 2B000000 		.word	.L5+1
  53 0020 2B000000 		.word	.L5+1
  54              		.p2align 1
  55              	.L3:
  31:.\FunctionGenerator.c ****         case WAVEDAC_LOW_0:
  32:.\FunctionGenerator.c ****         case WAVEDAC_HIGH_0:
  33:.\FunctionGenerator.c ****             WaveDAC_0_Stop();
  56              		.loc 1 33 0
  57 0024 FFF7FEFF 		bl	WaveDAC_0_Stop
  34:.\FunctionGenerator.c ****             break;
  58              		.loc 1 34 0
  59 0028 02E0     		b	.L1
  60              	.L5:
  35:.\FunctionGenerator.c ****         case WAVEDAC_LOW_1:
  36:.\FunctionGenerator.c ****         case WAVEDAC_HIGH_1:
  37:.\FunctionGenerator.c ****             WaveDAC_1_Stop();
  61              		.loc 1 37 0
  62 002a FFF7FEFF 		bl	WaveDAC_1_Stop
  38:.\FunctionGenerator.c ****             break;
  63              		.loc 1 38 0
  64 002e 00BF     		nop
  65              	.L1:
  39:.\FunctionGenerator.c ****     }   
  40:.\FunctionGenerator.c **** }
  66              		.loc 1 40 0
  67 0030 0837     		adds	r7, r7, #8
  68              		.cfi_def_cfa_offset 8
  69 0032 BD46     		mov	sp, r7
  70              		.cfi_def_cfa_register 13
  71              		@ sp needed
  72 0034 80BD     		pop	{r7, pc}
  73              		.cfi_endproc
  74              	.LFE0:
ARM GAS  C:\Users\jthem\AppData\Local\Temp\ccEJjFFr.s 			page 3


  75              		.size	stopWaveDac, .-stopWaveDac
  76 0036 00BF     		.section	.text.startWaveDac,"ax",%progbits
  77              		.align	2
  78              		.global	startWaveDac
  79              		.thumb
  80              		.thumb_func
  81              		.type	startWaveDac, %function
  82              	startWaveDac:
  83              	.LFB1:
  41:.\FunctionGenerator.c **** 
  42:.\FunctionGenerator.c **** void startWaveDac(int numSamples, int fnGenerator, uint8 *waveform)
  43:.\FunctionGenerator.c **** {    
  84              		.loc 1 43 0
  85              		.cfi_startproc
  86              		@ args = 0, pretend = 0, frame = 16
  87              		@ frame_needed = 1, uses_anonymous_args = 0
  88 0000 80B5     		push	{r7, lr}
  89              		.cfi_def_cfa_offset 8
  90              		.cfi_offset 7, -8
  91              		.cfi_offset 14, -4
  92 0002 84B0     		sub	sp, sp, #16
  93              		.cfi_def_cfa_offset 24
  94 0004 00AF     		add	r7, sp, #0
  95              		.cfi_def_cfa_register 7
  96 0006 F860     		str	r0, [r7, #12]
  97 0008 B960     		str	r1, [r7, #8]
  98 000a 7A60     		str	r2, [r7, #4]
  44:.\FunctionGenerator.c ****     switch (fnGenerator) {
  99              		.loc 1 44 0
 100 000c BB68     		ldr	r3, [r7, #8]
 101 000e 032B     		cmp	r3, #3
 102 0010 3ED8     		bhi	.L6
 103 0012 01A2     		adr	r2, .L9
 104 0014 52F823F0 		ldr	pc, [r2, r3, lsl #2]
 105              		.p2align 2
 106              	.L9:
 107 0018 29000000 		.word	.L8+1
 108 001c 43000000 		.word	.L10+1
 109 0020 5D000000 		.word	.L11+1
 110 0024 77000000 		.word	.L12+1
 111              		.p2align 1
 112              	.L8:
  45:.\FunctionGenerator.c ****         case WAVEDAC_LOW_0:
  46:.\FunctionGenerator.c ****             WaveDAC_0_Clock_SetDividerRegister(LOW_DIVIDER_REGISTER, 1);
 113              		.loc 1 46 0
 114 0028 7720     		movs	r0, #119
 115 002a 0121     		movs	r1, #1
 116 002c FFF7FEFF 		bl	WaveDAC_0_Clock_SetDividerRegister
  47:.\FunctionGenerator.c ****             WaveDAC_0_StartEx(waveform, numSamples, NULL, 0);
 117              		.loc 1 47 0
 118 0030 FB68     		ldr	r3, [r7, #12]
 119 0032 9BB2     		uxth	r3, r3
 120 0034 7868     		ldr	r0, [r7, #4]
 121 0036 1946     		mov	r1, r3
 122 0038 0022     		movs	r2, #0
 123 003a 0023     		movs	r3, #0
 124 003c FFF7FEFF 		bl	WaveDAC_0_StartEx
ARM GAS  C:\Users\jthem\AppData\Local\Temp\ccEJjFFr.s 			page 4


  48:.\FunctionGenerator.c ****             break;
 125              		.loc 1 48 0
 126 0040 26E0     		b	.L6
 127              	.L10:
  49:.\FunctionGenerator.c ****         case WAVEDAC_HIGH_0:
  50:.\FunctionGenerator.c ****             WaveDAC_0_Clock_SetDividerRegister(HIGH_DIVIDER_REGISTER, 1);
 128              		.loc 1 50 0
 129 0042 0520     		movs	r0, #5
 130 0044 0121     		movs	r1, #1
 131 0046 FFF7FEFF 		bl	WaveDAC_0_Clock_SetDividerRegister
  51:.\FunctionGenerator.c ****             WaveDAC_0_StartEx(waveform, numSamples, NULL, 0);
 132              		.loc 1 51 0
 133 004a FB68     		ldr	r3, [r7, #12]
 134 004c 9BB2     		uxth	r3, r3
 135 004e 7868     		ldr	r0, [r7, #4]
 136 0050 1946     		mov	r1, r3
 137 0052 0022     		movs	r2, #0
 138 0054 0023     		movs	r3, #0
 139 0056 FFF7FEFF 		bl	WaveDAC_0_StartEx
  52:.\FunctionGenerator.c ****             break;
 140              		.loc 1 52 0
 141 005a 19E0     		b	.L6
 142              	.L11:
  53:.\FunctionGenerator.c ****         case WAVEDAC_LOW_1:
  54:.\FunctionGenerator.c ****             WaveDAC_1_Clock_SetDividerRegister(LOW_DIVIDER_REGISTER, 1);
 143              		.loc 1 54 0
 144 005c 7720     		movs	r0, #119
 145 005e 0121     		movs	r1, #1
 146 0060 FFF7FEFF 		bl	WaveDAC_1_Clock_SetDividerRegister
  55:.\FunctionGenerator.c ****             WaveDAC_1_StartEx(waveform, numSamples, NULL, 0);
 147              		.loc 1 55 0
 148 0064 FB68     		ldr	r3, [r7, #12]
 149 0066 9BB2     		uxth	r3, r3
 150 0068 7868     		ldr	r0, [r7, #4]
 151 006a 1946     		mov	r1, r3
 152 006c 0022     		movs	r2, #0
 153 006e 0023     		movs	r3, #0
 154 0070 FFF7FEFF 		bl	WaveDAC_1_StartEx
  56:.\FunctionGenerator.c ****             break;
 155              		.loc 1 56 0
 156 0074 0CE0     		b	.L6
 157              	.L12:
  57:.\FunctionGenerator.c ****         case WAVEDAC_HIGH_1:
  58:.\FunctionGenerator.c ****             WaveDAC_1_Clock_SetDividerRegister(HIGH_DIVIDER_REGISTER, 1);
 158              		.loc 1 58 0
 159 0076 0520     		movs	r0, #5
 160 0078 0121     		movs	r1, #1
 161 007a FFF7FEFF 		bl	WaveDAC_1_Clock_SetDividerRegister
  59:.\FunctionGenerator.c ****             WaveDAC_1_StartEx(waveform, numSamples, NULL, 0);
 162              		.loc 1 59 0
 163 007e FB68     		ldr	r3, [r7, #12]
 164 0080 9BB2     		uxth	r3, r3
 165 0082 7868     		ldr	r0, [r7, #4]
 166 0084 1946     		mov	r1, r3
 167 0086 0022     		movs	r2, #0
 168 0088 0023     		movs	r3, #0
 169 008a FFF7FEFF 		bl	WaveDAC_1_StartEx
ARM GAS  C:\Users\jthem\AppData\Local\Temp\ccEJjFFr.s 			page 5


  60:.\FunctionGenerator.c ****             break;
 170              		.loc 1 60 0
 171 008e 00BF     		nop
 172              	.L6:
  61:.\FunctionGenerator.c ****     }    
  62:.\FunctionGenerator.c **** }
 173              		.loc 1 62 0
 174 0090 1037     		adds	r7, r7, #16
 175              		.cfi_def_cfa_offset 8
 176 0092 BD46     		mov	sp, r7
 177              		.cfi_def_cfa_register 13
 178              		@ sp needed
 179 0094 80BD     		pop	{r7, pc}
 180              		.cfi_endproc
 181              	.LFE1:
 182              		.size	startWaveDac, .-startWaveDac
 183 0096 00BF     		.section	.text.setSquare,"ax",%progbits
 184              		.align	2
 185              		.global	setSquare
 186              		.thumb
 187              		.thumb_func
 188              		.type	setSquare, %function
 189              	setSquare:
 190              	.LFB2:
  63:.\FunctionGenerator.c **** 
  64:.\FunctionGenerator.c **** void setSquare(int numSamples, uint8 *currentWaveform)
  65:.\FunctionGenerator.c **** {
 191              		.loc 1 65 0
 192              		.cfi_startproc
 193              		@ args = 0, pretend = 0, frame = 16
 194              		@ frame_needed = 1, uses_anonymous_args = 0
 195              		@ link register save eliminated.
 196 0000 80B4     		push	{r7}
 197              		.cfi_def_cfa_offset 4
 198              		.cfi_offset 7, -4
 199 0002 85B0     		sub	sp, sp, #20
 200              		.cfi_def_cfa_offset 24
 201 0004 00AF     		add	r7, sp, #0
 202              		.cfi_def_cfa_register 7
 203 0006 7860     		str	r0, [r7, #4]
 204 0008 3960     		str	r1, [r7]
  66:.\FunctionGenerator.c ****     int i;
  67:.\FunctionGenerator.c ****     for (i = 0; i < numSamples; i++) {
 205              		.loc 1 67 0
 206 000a 0023     		movs	r3, #0
 207 000c FB60     		str	r3, [r7, #12]
 208 000e 15E0     		b	.L14
 209              	.L17:
  68:.\FunctionGenerator.c ****         if (i < numSamples / 2) {
 210              		.loc 1 68 0
 211 0010 7B68     		ldr	r3, [r7, #4]
 212 0012 DA0F     		lsrs	r2, r3, #31
 213 0014 1344     		add	r3, r3, r2
 214 0016 5B10     		asrs	r3, r3, #1
 215 0018 1A46     		mov	r2, r3
 216 001a FB68     		ldr	r3, [r7, #12]
 217 001c 9A42     		cmp	r2, r3
ARM GAS  C:\Users\jthem\AppData\Local\Temp\ccEJjFFr.s 			page 6


 218 001e 05DD     		ble	.L15
  69:.\FunctionGenerator.c ****             currentWaveform[i] = 255;
 219              		.loc 1 69 0
 220 0020 FB68     		ldr	r3, [r7, #12]
 221 0022 3A68     		ldr	r2, [r7]
 222 0024 1344     		add	r3, r3, r2
 223 0026 FF22     		movs	r2, #255
 224 0028 1A70     		strb	r2, [r3]
 225 002a 04E0     		b	.L16
 226              	.L15:
  70:.\FunctionGenerator.c ****         }
  71:.\FunctionGenerator.c ****         else {
  72:.\FunctionGenerator.c ****             currentWaveform[i] = 0;   
 227              		.loc 1 72 0
 228 002c FB68     		ldr	r3, [r7, #12]
 229 002e 3A68     		ldr	r2, [r7]
 230 0030 1344     		add	r3, r3, r2
 231 0032 0022     		movs	r2, #0
 232 0034 1A70     		strb	r2, [r3]
 233              	.L16:
  67:.\FunctionGenerator.c ****         if (i < numSamples / 2) {
 234              		.loc 1 67 0 discriminator 2
 235 0036 FB68     		ldr	r3, [r7, #12]
 236 0038 0133     		adds	r3, r3, #1
 237 003a FB60     		str	r3, [r7, #12]
 238              	.L14:
  67:.\FunctionGenerator.c ****         if (i < numSamples / 2) {
 239              		.loc 1 67 0 is_stmt 0 discriminator 1
 240 003c FA68     		ldr	r2, [r7, #12]
 241 003e 7B68     		ldr	r3, [r7, #4]
 242 0040 9A42     		cmp	r2, r3
 243 0042 E5DB     		blt	.L17
  73:.\FunctionGenerator.c ****         }
  74:.\FunctionGenerator.c ****     }
  75:.\FunctionGenerator.c **** }
 244              		.loc 1 75 0 is_stmt 1
 245 0044 1437     		adds	r7, r7, #20
 246              		.cfi_def_cfa_offset 4
 247 0046 BD46     		mov	sp, r7
 248              		.cfi_def_cfa_register 13
 249              		@ sp needed
 250 0048 5DF8047B 		ldr	r7, [sp], #4
 251              		.cfi_restore 7
 252              		.cfi_def_cfa_offset 0
 253 004c 7047     		bx	lr
 254              		.cfi_endproc
 255              	.LFE2:
 256              		.size	setSquare, .-setSquare
 257              		.global	__aeabi_i2d
 258              		.global	__aeabi_dmul
 259              		.global	__aeabi_ddiv
 260              		.global	__aeabi_dadd
 261              		.global	__aeabi_d2uiz
 262 004e 00BF     		.section	.text.setSine,"ax",%progbits
 263              		.align	2
 264              		.global	setSine
 265              		.thumb
ARM GAS  C:\Users\jthem\AppData\Local\Temp\ccEJjFFr.s 			page 7


 266              		.thumb_func
 267              		.type	setSine, %function
 268              	setSine:
 269              	.LFB3:
  76:.\FunctionGenerator.c **** 
  77:.\FunctionGenerator.c **** void setSine(int numSamples, uint8 *currentWaveform)
  78:.\FunctionGenerator.c **** {
 270              		.loc 1 78 0
 271              		.cfi_startproc
 272              		@ args = 0, pretend = 0, frame = 16
 273              		@ frame_needed = 1, uses_anonymous_args = 0
 274 0000 2DE99043 		push	{r4, r7, r8, r9, lr}
 275              		.cfi_def_cfa_offset 20
 276              		.cfi_offset 4, -20
 277              		.cfi_offset 7, -16
 278              		.cfi_offset 8, -12
 279              		.cfi_offset 9, -8
 280              		.cfi_offset 14, -4
 281 0004 85B0     		sub	sp, sp, #20
 282              		.cfi_def_cfa_offset 40
 283 0006 00AF     		add	r7, sp, #0
 284              		.cfi_def_cfa_register 7
 285 0008 7860     		str	r0, [r7, #4]
 286 000a 3960     		str	r1, [r7]
  79:.\FunctionGenerator.c ****     int i;
  80:.\FunctionGenerator.c ****     for (i = 0; i < numSamples; i++) {
 287              		.loc 1 80 0
 288 000c 0023     		movs	r3, #0
 289 000e FB60     		str	r3, [r7, #12]
 290 0010 3FE0     		b	.L19
 291              	.L20:
  81:.\FunctionGenerator.c ****         currentWaveform[i] = 128 + 127 * sin((2 * PI * i) / numSamples);   
 292              		.loc 1 81 0 discriminator 3
 293 0012 FB68     		ldr	r3, [r7, #12]
 294 0014 3A68     		ldr	r2, [r7]
 295 0016 D418     		adds	r4, r2, r3
 296 0018 F868     		ldr	r0, [r7, #12]
 297 001a FFF7FEFF 		bl	__aeabi_i2d
 298 001e 0246     		mov	r2, r0
 299 0020 0B46     		mov	r3, r1
 300 0022 1046     		mov	r0, r2
 301 0024 1946     		mov	r1, r3
 302 0026 20A3     		adr	r3, .L21
 303 0028 D3E90023 		ldrd	r2, [r3]
 304 002c FFF7FEFF 		bl	__aeabi_dmul
 305 0030 0246     		mov	r2, r0
 306 0032 0B46     		mov	r3, r1
 307 0034 9046     		mov	r8, r2
 308 0036 9946     		mov	r9, r3
 309 0038 7868     		ldr	r0, [r7, #4]
 310 003a FFF7FEFF 		bl	__aeabi_i2d
 311 003e 0246     		mov	r2, r0
 312 0040 0B46     		mov	r3, r1
 313 0042 4046     		mov	r0, r8
 314 0044 4946     		mov	r1, r9
 315 0046 FFF7FEFF 		bl	__aeabi_ddiv
 316 004a 0246     		mov	r2, r0
ARM GAS  C:\Users\jthem\AppData\Local\Temp\ccEJjFFr.s 			page 8


 317 004c 0B46     		mov	r3, r1
 318 004e 1046     		mov	r0, r2
 319 0050 1946     		mov	r1, r3
 320 0052 FFF7FEFF 		bl	sin
 321 0056 0246     		mov	r2, r0
 322 0058 0B46     		mov	r3, r1
 323 005a 1046     		mov	r0, r2
 324 005c 1946     		mov	r1, r3
 325 005e 14A3     		adr	r3, .L21+8
 326 0060 D3E90023 		ldrd	r2, [r3]
 327 0064 FFF7FEFF 		bl	__aeabi_dmul
 328 0068 0246     		mov	r2, r0
 329 006a 0B46     		mov	r3, r1
 330 006c 1046     		mov	r0, r2
 331 006e 1946     		mov	r1, r3
 332 0070 4FF00002 		mov	r2, #0
 333 0074 104B     		ldr	r3, .L21+16
 334 0076 FFF7FEFF 		bl	__aeabi_dadd
 335 007a 0246     		mov	r2, r0
 336 007c 0B46     		mov	r3, r1
 337 007e 1046     		mov	r0, r2
 338 0080 1946     		mov	r1, r3
 339 0082 FFF7FEFF 		bl	__aeabi_d2uiz
 340 0086 0346     		mov	r3, r0
 341 0088 DBB2     		uxtb	r3, r3
 342 008a 2370     		strb	r3, [r4]
  80:.\FunctionGenerator.c ****         currentWaveform[i] = 128 + 127 * sin((2 * PI * i) / numSamples);   
 343              		.loc 1 80 0 discriminator 3
 344 008c FB68     		ldr	r3, [r7, #12]
 345 008e 0133     		adds	r3, r3, #1
 346 0090 FB60     		str	r3, [r7, #12]
 347              	.L19:
  80:.\FunctionGenerator.c ****         currentWaveform[i] = 128 + 127 * sin((2 * PI * i) / numSamples);   
 348              		.loc 1 80 0 is_stmt 0 discriminator 1
 349 0092 FA68     		ldr	r2, [r7, #12]
 350 0094 7B68     		ldr	r3, [r7, #4]
 351 0096 9A42     		cmp	r2, r3
 352 0098 BBDB     		blt	.L20
  82:.\FunctionGenerator.c ****     }
  83:.\FunctionGenerator.c **** }
 353              		.loc 1 83 0 is_stmt 1
 354 009a 1437     		adds	r7, r7, #20
 355              		.cfi_def_cfa_offset 20
 356 009c BD46     		mov	sp, r7
 357              		.cfi_def_cfa_register 13
 358              		@ sp needed
 359 009e BDE89083 		pop	{r4, r7, r8, r9, pc}
 360              	.L22:
 361 00a2 00BFAFF3 		.align	3
 361      0080
 362              	.L21:
 363 00a8 F1D4C853 		.word	1405670641
 364 00ac FB211940 		.word	1075388923
 365 00b0 00000000 		.word	0
 366 00b4 00C05F40 		.word	1080016896
 367 00b8 00006040 		.word	1080033280
 368              		.cfi_endproc
ARM GAS  C:\Users\jthem\AppData\Local\Temp\ccEJjFFr.s 			page 9


 369              	.LFE3:
 370              		.size	setSine, .-setSine
 371 00bc AFF30080 		.section	.text.setTriangle,"ax",%progbits
 372              		.align	2
 373              		.global	setTriangle
 374              		.thumb
 375              		.thumb_func
 376              		.type	setTriangle, %function
 377              	setTriangle:
 378              	.LFB4:
  84:.\FunctionGenerator.c **** 
  85:.\FunctionGenerator.c **** void setTriangle(int numSamples, uint8 *currentWaveform)
  86:.\FunctionGenerator.c **** {
 379              		.loc 1 86 0
 380              		.cfi_startproc
 381              		@ args = 0, pretend = 0, frame = 16
 382              		@ frame_needed = 1, uses_anonymous_args = 0
 383 0000 2DE99043 		push	{r4, r7, r8, r9, lr}
 384              		.cfi_def_cfa_offset 20
 385              		.cfi_offset 4, -20
 386              		.cfi_offset 7, -16
 387              		.cfi_offset 8, -12
 388              		.cfi_offset 9, -8
 389              		.cfi_offset 14, -4
 390 0004 85B0     		sub	sp, sp, #20
 391              		.cfi_def_cfa_offset 40
 392 0006 00AF     		add	r7, sp, #0
 393              		.cfi_def_cfa_register 7
 394 0008 7860     		str	r0, [r7, #4]
 395 000a 3960     		str	r1, [r7]
  87:.\FunctionGenerator.c ****     int i;
  88:.\FunctionGenerator.c ****     for (i = 0; i < numSamples; i++) {
 396              		.loc 1 88 0
 397 000c 0023     		movs	r3, #0
 398 000e FB60     		str	r3, [r7, #12]
 399 0010 68E0     		b	.L24
 400              	.L27:
  89:.\FunctionGenerator.c ****         if (i < numSamples / 2) {
 401              		.loc 1 89 0
 402 0012 7B68     		ldr	r3, [r7, #4]
 403 0014 DA0F     		lsrs	r2, r3, #31
 404 0016 1344     		add	r3, r3, r2
 405 0018 5B10     		asrs	r3, r3, #1
 406 001a 1A46     		mov	r2, r3
 407 001c FB68     		ldr	r3, [r7, #12]
 408 001e 9A42     		cmp	r2, r3
 409 0020 2DDD     		ble	.L25
  90:.\FunctionGenerator.c ****             currentWaveform[i] = 255.0 * (1.0 * i / (numSamples / 2.0));
 410              		.loc 1 90 0
 411 0022 FB68     		ldr	r3, [r7, #12]
 412 0024 3A68     		ldr	r2, [r7]
 413 0026 D418     		adds	r4, r2, r3
 414 0028 F868     		ldr	r0, [r7, #12]
 415 002a FFF7FEFF 		bl	__aeabi_i2d
 416 002e 8046     		mov	r8, r0
 417 0030 8946     		mov	r9, r1
 418 0032 7868     		ldr	r0, [r7, #4]
ARM GAS  C:\Users\jthem\AppData\Local\Temp\ccEJjFFr.s 			page 10


 419 0034 FFF7FEFF 		bl	__aeabi_i2d
 420 0038 0246     		mov	r2, r0
 421 003a 0B46     		mov	r3, r1
 422 003c 1046     		mov	r0, r2
 423 003e 1946     		mov	r1, r3
 424 0040 4FF00002 		mov	r2, #0
 425 0044 4FF08043 		mov	r3, #1073741824
 426 0048 FFF7FEFF 		bl	__aeabi_ddiv
 427 004c 0246     		mov	r2, r0
 428 004e 0B46     		mov	r3, r1
 429 0050 4046     		mov	r0, r8
 430 0052 4946     		mov	r1, r9
 431 0054 FFF7FEFF 		bl	__aeabi_ddiv
 432 0058 0246     		mov	r2, r0
 433 005a 0B46     		mov	r3, r1
 434 005c 1046     		mov	r0, r2
 435 005e 1946     		mov	r1, r3
 436 0060 25A3     		adr	r3, .L28
 437 0062 D3E90023 		ldrd	r2, [r3]
 438 0066 FFF7FEFF 		bl	__aeabi_dmul
 439 006a 0246     		mov	r2, r0
 440 006c 0B46     		mov	r3, r1
 441 006e 1046     		mov	r0, r2
 442 0070 1946     		mov	r1, r3
 443 0072 FFF7FEFF 		bl	__aeabi_d2uiz
 444 0076 0346     		mov	r3, r0
 445 0078 DBB2     		uxtb	r3, r3
 446 007a 2370     		strb	r3, [r4]
 447 007c 2FE0     		b	.L26
 448              	.L25:
  91:.\FunctionGenerator.c ****         } else {
  92:.\FunctionGenerator.c ****             currentWaveform[i] = 255.0 * (1.0 * (numSamples - i) / (numSamples / 2.0));
 449              		.loc 1 92 0
 450 007e FB68     		ldr	r3, [r7, #12]
 451 0080 3A68     		ldr	r2, [r7]
 452 0082 D418     		adds	r4, r2, r3
 453 0084 7A68     		ldr	r2, [r7, #4]
 454 0086 FB68     		ldr	r3, [r7, #12]
 455 0088 D31A     		subs	r3, r2, r3
 456 008a 1846     		mov	r0, r3
 457 008c FFF7FEFF 		bl	__aeabi_i2d
 458 0090 8046     		mov	r8, r0
 459 0092 8946     		mov	r9, r1
 460 0094 7868     		ldr	r0, [r7, #4]
 461 0096 FFF7FEFF 		bl	__aeabi_i2d
 462 009a 0246     		mov	r2, r0
 463 009c 0B46     		mov	r3, r1
 464 009e 1046     		mov	r0, r2
 465 00a0 1946     		mov	r1, r3
 466 00a2 4FF00002 		mov	r2, #0
 467 00a6 4FF08043 		mov	r3, #1073741824
 468 00aa FFF7FEFF 		bl	__aeabi_ddiv
 469 00ae 0246     		mov	r2, r0
 470 00b0 0B46     		mov	r3, r1
 471 00b2 4046     		mov	r0, r8
 472 00b4 4946     		mov	r1, r9
 473 00b6 FFF7FEFF 		bl	__aeabi_ddiv
ARM GAS  C:\Users\jthem\AppData\Local\Temp\ccEJjFFr.s 			page 11


 474 00ba 0246     		mov	r2, r0
 475 00bc 0B46     		mov	r3, r1
 476 00be 1046     		mov	r0, r2
 477 00c0 1946     		mov	r1, r3
 478 00c2 0DA3     		adr	r3, .L28
 479 00c4 D3E90023 		ldrd	r2, [r3]
 480 00c8 FFF7FEFF 		bl	__aeabi_dmul
 481 00cc 0246     		mov	r2, r0
 482 00ce 0B46     		mov	r3, r1
 483 00d0 1046     		mov	r0, r2
 484 00d2 1946     		mov	r1, r3
 485 00d4 FFF7FEFF 		bl	__aeabi_d2uiz
 486 00d8 0346     		mov	r3, r0
 487 00da DBB2     		uxtb	r3, r3
 488 00dc 2370     		strb	r3, [r4]
 489              	.L26:
  88:.\FunctionGenerator.c ****         if (i < numSamples / 2) {
 490              		.loc 1 88 0 discriminator 2
 491 00de FB68     		ldr	r3, [r7, #12]
 492 00e0 0133     		adds	r3, r3, #1
 493 00e2 FB60     		str	r3, [r7, #12]
 494              	.L24:
  88:.\FunctionGenerator.c ****         if (i < numSamples / 2) {
 495              		.loc 1 88 0 is_stmt 0 discriminator 1
 496 00e4 FA68     		ldr	r2, [r7, #12]
 497 00e6 7B68     		ldr	r3, [r7, #4]
 498 00e8 9A42     		cmp	r2, r3
 499 00ea 92DB     		blt	.L27
  93:.\FunctionGenerator.c ****         }
  94:.\FunctionGenerator.c ****     }
  95:.\FunctionGenerator.c **** }
 500              		.loc 1 95 0 is_stmt 1
 501 00ec 1437     		adds	r7, r7, #20
 502              		.cfi_def_cfa_offset 20
 503 00ee BD46     		mov	sp, r7
 504              		.cfi_def_cfa_register 13
 505              		@ sp needed
 506 00f0 BDE89083 		pop	{r4, r7, r8, r9, pc}
 507              	.L29:
 508 00f4 AFF30080 		.align	3
 509              	.L28:
 510 00f8 00000000 		.word	0
 511 00fc 00E06F40 		.word	1081073664
 512              		.cfi_endproc
 513              	.LFE4:
 514              		.size	setTriangle, .-setTriangle
 515              		.section	.text.setSawtooth,"ax",%progbits
 516              		.align	2
 517              		.global	setSawtooth
 518              		.thumb
 519              		.thumb_func
 520              		.type	setSawtooth, %function
 521              	setSawtooth:
 522              	.LFB5:
  96:.\FunctionGenerator.c **** 
  97:.\FunctionGenerator.c **** void setSawtooth(int numSamples, uint8 *currentWaveform)
  98:.\FunctionGenerator.c **** {
ARM GAS  C:\Users\jthem\AppData\Local\Temp\ccEJjFFr.s 			page 12


 523              		.loc 1 98 0
 524              		.cfi_startproc
 525              		@ args = 0, pretend = 0, frame = 16
 526              		@ frame_needed = 1, uses_anonymous_args = 0
 527 0000 2DE99043 		push	{r4, r7, r8, r9, lr}
 528              		.cfi_def_cfa_offset 20
 529              		.cfi_offset 4, -20
 530              		.cfi_offset 7, -16
 531              		.cfi_offset 8, -12
 532              		.cfi_offset 9, -8
 533              		.cfi_offset 14, -4
 534 0004 85B0     		sub	sp, sp, #20
 535              		.cfi_def_cfa_offset 40
 536 0006 00AF     		add	r7, sp, #0
 537              		.cfi_def_cfa_register 7
 538 0008 7860     		str	r0, [r7, #4]
 539 000a 3960     		str	r1, [r7]
  99:.\FunctionGenerator.c ****     int i;
 100:.\FunctionGenerator.c ****     for (i = 0; i < numSamples; i++) {
 540              		.loc 1 100 0
 541 000c 0023     		movs	r3, #0
 542 000e FB60     		str	r3, [r7, #12]
 543 0010 25E0     		b	.L31
 544              	.L32:
 101:.\FunctionGenerator.c ****         currentWaveform[i] = 255.0 * (1.0 * i / numSamples);   
 545              		.loc 1 101 0 discriminator 3
 546 0012 FB68     		ldr	r3, [r7, #12]
 547 0014 3A68     		ldr	r2, [r7]
 548 0016 D418     		adds	r4, r2, r3
 549 0018 F868     		ldr	r0, [r7, #12]
 550 001a FFF7FEFF 		bl	__aeabi_i2d
 551 001e 8046     		mov	r8, r0
 552 0020 8946     		mov	r9, r1
 553 0022 7868     		ldr	r0, [r7, #4]
 554 0024 FFF7FEFF 		bl	__aeabi_i2d
 555 0028 0246     		mov	r2, r0
 556 002a 0B46     		mov	r3, r1
 557 002c 4046     		mov	r0, r8
 558 002e 4946     		mov	r1, r9
 559 0030 FFF7FEFF 		bl	__aeabi_ddiv
 560 0034 0246     		mov	r2, r0
 561 0036 0B46     		mov	r3, r1
 562 0038 1046     		mov	r0, r2
 563 003a 1946     		mov	r1, r3
 564 003c 0CA3     		adr	r3, .L33
 565 003e D3E90023 		ldrd	r2, [r3]
 566 0042 FFF7FEFF 		bl	__aeabi_dmul
 567 0046 0246     		mov	r2, r0
 568 0048 0B46     		mov	r3, r1
 569 004a 1046     		mov	r0, r2
 570 004c 1946     		mov	r1, r3
 571 004e FFF7FEFF 		bl	__aeabi_d2uiz
 572 0052 0346     		mov	r3, r0
 573 0054 DBB2     		uxtb	r3, r3
 574 0056 2370     		strb	r3, [r4]
 100:.\FunctionGenerator.c ****         currentWaveform[i] = 255.0 * (1.0 * i / numSamples);   
 575              		.loc 1 100 0 discriminator 3
ARM GAS  C:\Users\jthem\AppData\Local\Temp\ccEJjFFr.s 			page 13


 576 0058 FB68     		ldr	r3, [r7, #12]
 577 005a 0133     		adds	r3, r3, #1
 578 005c FB60     		str	r3, [r7, #12]
 579              	.L31:
 100:.\FunctionGenerator.c ****         currentWaveform[i] = 255.0 * (1.0 * i / numSamples);   
 580              		.loc 1 100 0 is_stmt 0 discriminator 1
 581 005e FA68     		ldr	r2, [r7, #12]
 582 0060 7B68     		ldr	r3, [r7, #4]
 583 0062 9A42     		cmp	r2, r3
 584 0064 D5DB     		blt	.L32
 102:.\FunctionGenerator.c ****     }
 103:.\FunctionGenerator.c **** }
 585              		.loc 1 103 0 is_stmt 1
 586 0066 1437     		adds	r7, r7, #20
 587              		.cfi_def_cfa_offset 20
 588 0068 BD46     		mov	sp, r7
 589              		.cfi_def_cfa_register 13
 590              		@ sp needed
 591 006a BDE89083 		pop	{r4, r7, r8, r9, pc}
 592              	.L34:
 593 006e 00BF     		.align	3
 594              	.L33:
 595 0070 00000000 		.word	0
 596 0074 00E06F40 		.word	1081073664
 597              		.cfi_endproc
 598              	.LFE5:
 599              		.size	setSawtooth, .-setSawtooth
 600              		.section	.text.setDC,"ax",%progbits
 601              		.align	2
 602              		.global	setDC
 603              		.thumb
 604              		.thumb_func
 605              		.type	setDC, %function
 606              	setDC:
 607              	.LFB6:
 104:.\FunctionGenerator.c **** 
 105:.\FunctionGenerator.c **** void setDC(int numSamples, uint8 *currentWaveform)
 106:.\FunctionGenerator.c **** {
 608              		.loc 1 106 0
 609              		.cfi_startproc
 610              		@ args = 0, pretend = 0, frame = 16
 611              		@ frame_needed = 1, uses_anonymous_args = 0
 612              		@ link register save eliminated.
 613 0000 80B4     		push	{r7}
 614              		.cfi_def_cfa_offset 4
 615              		.cfi_offset 7, -4
 616 0002 85B0     		sub	sp, sp, #20
 617              		.cfi_def_cfa_offset 24
 618 0004 00AF     		add	r7, sp, #0
 619              		.cfi_def_cfa_register 7
 620 0006 7860     		str	r0, [r7, #4]
 621 0008 3960     		str	r1, [r7]
 107:.\FunctionGenerator.c ****     int i;
 108:.\FunctionGenerator.c ****     for (i = 0; i < numSamples; i++) {
 622              		.loc 1 108 0
 623 000a 0023     		movs	r3, #0
 624 000c FB60     		str	r3, [r7, #12]
ARM GAS  C:\Users\jthem\AppData\Local\Temp\ccEJjFFr.s 			page 14


 625 000e 07E0     		b	.L36
 626              	.L37:
 109:.\FunctionGenerator.c ****         currentWaveform[i] = 255;
 627              		.loc 1 109 0 discriminator 3
 628 0010 FB68     		ldr	r3, [r7, #12]
 629 0012 3A68     		ldr	r2, [r7]
 630 0014 1344     		add	r3, r3, r2
 631 0016 FF22     		movs	r2, #255
 632 0018 1A70     		strb	r2, [r3]
 108:.\FunctionGenerator.c ****         currentWaveform[i] = 255;
 633              		.loc 1 108 0 discriminator 3
 634 001a FB68     		ldr	r3, [r7, #12]
 635 001c 0133     		adds	r3, r3, #1
 636 001e FB60     		str	r3, [r7, #12]
 637              	.L36:
 108:.\FunctionGenerator.c ****         currentWaveform[i] = 255;
 638              		.loc 1 108 0 is_stmt 0 discriminator 1
 639 0020 FA68     		ldr	r2, [r7, #12]
 640 0022 7B68     		ldr	r3, [r7, #4]
 641 0024 9A42     		cmp	r2, r3
 642 0026 F3DB     		blt	.L37
 110:.\FunctionGenerator.c ****     }    
 111:.\FunctionGenerator.c **** }
 643              		.loc 1 111 0 is_stmt 1
 644 0028 1437     		adds	r7, r7, #20
 645              		.cfi_def_cfa_offset 4
 646 002a BD46     		mov	sp, r7
 647              		.cfi_def_cfa_register 13
 648              		@ sp needed
 649 002c 5DF8047B 		ldr	r7, [sp], #4
 650              		.cfi_restore 7
 651              		.cfi_def_cfa_offset 0
 652 0030 7047     		bx	lr
 653              		.cfi_endproc
 654              	.LFE6:
 655              		.size	setDC, .-setDC
 656 0032 00BF     		.section	.text.setWaveform,"ax",%progbits
 657              		.align	2
 658              		.global	setWaveform
 659              		.thumb
 660              		.thumb_func
 661              		.type	setWaveform, %function
 662              	setWaveform:
 663              	.LFB7:
 112:.\FunctionGenerator.c **** 
 113:.\FunctionGenerator.c **** void setWaveform(int numSamples, int mode, uint8 *currentWaveform) 
 114:.\FunctionGenerator.c **** {
 664              		.loc 1 114 0
 665              		.cfi_startproc
 666              		@ args = 0, pretend = 0, frame = 16
 667              		@ frame_needed = 1, uses_anonymous_args = 0
 668 0000 80B5     		push	{r7, lr}
 669              		.cfi_def_cfa_offset 8
 670              		.cfi_offset 7, -8
 671              		.cfi_offset 14, -4
 672 0002 84B0     		sub	sp, sp, #16
 673              		.cfi_def_cfa_offset 24
ARM GAS  C:\Users\jthem\AppData\Local\Temp\ccEJjFFr.s 			page 15


 674 0004 00AF     		add	r7, sp, #0
 675              		.cfi_def_cfa_register 7
 676 0006 F860     		str	r0, [r7, #12]
 677 0008 B960     		str	r1, [r7, #8]
 678 000a 7A60     		str	r2, [r7, #4]
 115:.\FunctionGenerator.c ****     switch (mode) {
 679              		.loc 1 115 0
 680 000c BB68     		ldr	r3, [r7, #8]
 681 000e 042B     		cmp	r3, #4
 682 0010 25D8     		bhi	.L38
 683 0012 01A2     		adr	r2, .L41
 684 0014 52F823F0 		ldr	pc, [r2, r3, lsl #2]
 685              		.p2align 2
 686              	.L41:
 687 0018 2D000000 		.word	.L40+1
 688 001c 37000000 		.word	.L42+1
 689 0020 41000000 		.word	.L43+1
 690 0024 4B000000 		.word	.L44+1
 691 0028 55000000 		.word	.L45+1
 692              		.p2align 1
 693              	.L40:
 116:.\FunctionGenerator.c ****         case SQUARE:
 117:.\FunctionGenerator.c ****             setSquare(numSamples, currentWaveform);
 694              		.loc 1 117 0
 695 002c F868     		ldr	r0, [r7, #12]
 696 002e 7968     		ldr	r1, [r7, #4]
 697 0030 FFF7FEFF 		bl	setSquare
 118:.\FunctionGenerator.c ****             break;
 698              		.loc 1 118 0
 699 0034 13E0     		b	.L38
 700              	.L42:
 119:.\FunctionGenerator.c ****         case SINE:
 120:.\FunctionGenerator.c ****             setSine(numSamples, currentWaveform);
 701              		.loc 1 120 0
 702 0036 F868     		ldr	r0, [r7, #12]
 703 0038 7968     		ldr	r1, [r7, #4]
 704 003a FFF7FEFF 		bl	setSine
 121:.\FunctionGenerator.c ****             break;
 705              		.loc 1 121 0
 706 003e 0EE0     		b	.L38
 707              	.L43:
 122:.\FunctionGenerator.c ****         case TRIANGLE:
 123:.\FunctionGenerator.c ****             setTriangle(numSamples, currentWaveform);
 708              		.loc 1 123 0
 709 0040 F868     		ldr	r0, [r7, #12]
 710 0042 7968     		ldr	r1, [r7, #4]
 711 0044 FFF7FEFF 		bl	setTriangle
 124:.\FunctionGenerator.c ****             break;
 712              		.loc 1 124 0
 713 0048 09E0     		b	.L38
 714              	.L44:
 125:.\FunctionGenerator.c ****         case SAWTOOTH:
 126:.\FunctionGenerator.c ****             setSawtooth(numSamples, currentWaveform);
 715              		.loc 1 126 0
 716 004a F868     		ldr	r0, [r7, #12]
 717 004c 7968     		ldr	r1, [r7, #4]
 718 004e FFF7FEFF 		bl	setSawtooth
ARM GAS  C:\Users\jthem\AppData\Local\Temp\ccEJjFFr.s 			page 16


 127:.\FunctionGenerator.c ****             break;
 719              		.loc 1 127 0
 720 0052 04E0     		b	.L38
 721              	.L45:
 128:.\FunctionGenerator.c ****         case DC:
 129:.\FunctionGenerator.c ****             setDC(numSamples, currentWaveform);
 722              		.loc 1 129 0
 723 0054 F868     		ldr	r0, [r7, #12]
 724 0056 7968     		ldr	r1, [r7, #4]
 725 0058 FFF7FEFF 		bl	setDC
 130:.\FunctionGenerator.c ****             break;
 726              		.loc 1 130 0
 727 005c 00BF     		nop
 728              	.L38:
 131:.\FunctionGenerator.c ****     }
 132:.\FunctionGenerator.c **** }
 729              		.loc 1 132 0
 730 005e 1037     		adds	r7, r7, #16
 731              		.cfi_def_cfa_offset 8
 732 0060 BD46     		mov	sp, r7
 733              		.cfi_def_cfa_register 13
 734              		@ sp needed
 735 0062 80BD     		pop	{r7, pc}
 736              		.cfi_endproc
 737              	.LFE7:
 738              		.size	setWaveform, .-setWaveform
 739              		.section	.text.getCurrentWaveform,"ax",%progbits
 740              		.align	2
 741              		.global	getCurrentWaveform
 742              		.thumb
 743              		.thumb_func
 744              		.type	getCurrentWaveform, %function
 745              	getCurrentWaveform:
 746              	.LFB8:
 133:.\FunctionGenerator.c **** 
 134:.\FunctionGenerator.c **** uint8 *getCurrentWaveform(int fnGenerator)
 135:.\FunctionGenerator.c **** {
 747              		.loc 1 135 0
 748              		.cfi_startproc
 749              		@ args = 0, pretend = 0, frame = 8
 750              		@ frame_needed = 1, uses_anonymous_args = 0
 751              		@ link register save eliminated.
 752 0000 80B4     		push	{r7}
 753              		.cfi_def_cfa_offset 4
 754              		.cfi_offset 7, -4
 755 0002 83B0     		sub	sp, sp, #12
 756              		.cfi_def_cfa_offset 16
 757 0004 00AF     		add	r7, sp, #0
 758              		.cfi_def_cfa_register 7
 759 0006 7860     		str	r0, [r7, #4]
 136:.\FunctionGenerator.c ****     switch (fnGenerator) {
 760              		.loc 1 136 0
 761 0008 7B68     		ldr	r3, [r7, #4]
 762 000a 032B     		cmp	r3, #3
 763 000c 0ED8     		bhi	.L47
 764 000e 01A2     		adr	r2, .L49
 765 0010 52F823F0 		ldr	pc, [r2, r3, lsl #2]
ARM GAS  C:\Users\jthem\AppData\Local\Temp\ccEJjFFr.s 			page 17


 766              		.p2align 2
 767              	.L49:
 768 0014 25000000 		.word	.L48+1
 769 0018 25000000 		.word	.L48+1
 770 001c 29000000 		.word	.L50+1
 771 0020 29000000 		.word	.L50+1
 772              		.p2align 1
 773              	.L48:
 137:.\FunctionGenerator.c ****         case WAVEDAC_LOW_0:
 138:.\FunctionGenerator.c ****         case WAVEDAC_HIGH_0:
 139:.\FunctionGenerator.c ****             return waveform0;
 774              		.loc 1 139 0
 775 0024 054B     		ldr	r3, .L52
 776 0026 02E0     		b	.L51
 777              	.L50:
 140:.\FunctionGenerator.c ****         case WAVEDAC_LOW_1:
 141:.\FunctionGenerator.c ****         case WAVEDAC_HIGH_1:
 142:.\FunctionGenerator.c ****             return waveform1;
 778              		.loc 1 142 0
 779 0028 054B     		ldr	r3, .L52+4
 780 002a 00E0     		b	.L51
 781              	.L47:
 143:.\FunctionGenerator.c ****         default:
 144:.\FunctionGenerator.c ****             return NULL;
 782              		.loc 1 144 0
 783 002c 0023     		movs	r3, #0
 784              	.L51:
 145:.\FunctionGenerator.c ****     }
 146:.\FunctionGenerator.c **** }
 785              		.loc 1 146 0
 786 002e 1846     		mov	r0, r3
 787 0030 0C37     		adds	r7, r7, #12
 788              		.cfi_def_cfa_offset 4
 789 0032 BD46     		mov	sp, r7
 790              		.cfi_def_cfa_register 13
 791              		@ sp needed
 792 0034 5DF8047B 		ldr	r7, [sp], #4
 793              		.cfi_restore 7
 794              		.cfi_def_cfa_offset 0
 795 0038 7047     		bx	lr
 796              	.L53:
 797 003a 00BF     		.align	2
 798              	.L52:
 799 003c 00000000 		.word	waveform0
 800 0040 00000000 		.word	waveform1
 801              		.cfi_endproc
 802              	.LFE8:
 803              		.size	getCurrentWaveform, .-getCurrentWaveform
 804              		.section	.text.changeFrequency,"ax",%progbits
 805              		.align	2
 806              		.global	changeFrequency
 807              		.thumb
 808              		.thumb_func
 809              		.type	changeFrequency, %function
 810              	changeFrequency:
 811              	.LFB9:
 147:.\FunctionGenerator.c **** 
ARM GAS  C:\Users\jthem\AppData\Local\Temp\ccEJjFFr.s 			page 18


 148:.\FunctionGenerator.c **** int changeFrequency(int freq, int mode, int waveDacId)
 149:.\FunctionGenerator.c **** {
 812              		.loc 1 149 0
 813              		.cfi_startproc
 814              		@ args = 0, pretend = 0, frame = 32
 815              		@ frame_needed = 1, uses_anonymous_args = 0
 816 0000 80B5     		push	{r7, lr}
 817              		.cfi_def_cfa_offset 8
 818              		.cfi_offset 7, -8
 819              		.cfi_offset 14, -4
 820 0002 88B0     		sub	sp, sp, #32
 821              		.cfi_def_cfa_offset 40
 822 0004 00AF     		add	r7, sp, #0
 823              		.cfi_def_cfa_register 7
 824 0006 F860     		str	r0, [r7, #12]
 825 0008 B960     		str	r1, [r7, #8]
 826 000a 7A60     		str	r2, [r7, #4]
 150:.\FunctionGenerator.c ****     int fnGenerator, numSamples;
 151:.\FunctionGenerator.c ****     uint8 *currentWaveform;
 152:.\FunctionGenerator.c ****     
 153:.\FunctionGenerator.c ****     if (freq < FREQ_LOWER_LIMIT) {
 827              		.loc 1 153 0
 828 000c FB68     		ldr	r3, [r7, #12]
 829 000e 312B     		cmp	r3, #49
 830 0010 02DC     		bgt	.L55
 154:.\FunctionGenerator.c ****         freq = FREQ_LOWER_LIMIT;
 831              		.loc 1 154 0
 832 0012 3223     		movs	r3, #50
 833 0014 FB60     		str	r3, [r7, #12]
 834 0016 05E0     		b	.L56
 835              	.L55:
 155:.\FunctionGenerator.c ****     } else if (freq > FREQ_UPPER_LIMIT) {
 836              		.loc 1 155 0
 837 0018 FB68     		ldr	r3, [r7, #12]
 838 001a 234A     		ldr	r2, .L65
 839 001c 9342     		cmp	r3, r2
 840 001e 01DD     		ble	.L56
 156:.\FunctionGenerator.c ****         freq = FREQ_UPPER_LIMIT;
 841              		.loc 1 156 0
 842 0020 214B     		ldr	r3, .L65
 843 0022 FB60     		str	r3, [r7, #12]
 844              	.L56:
 157:.\FunctionGenerator.c ****     }
 158:.\FunctionGenerator.c ****     
 159:.\FunctionGenerator.c ****     if (freq < 2000) {
 845              		.loc 1 159 0
 846 0024 FB68     		ldr	r3, [r7, #12]
 847 0026 B3F5FA6F 		cmp	r3, #2000
 848 002a 10DA     		bge	.L57
 160:.\FunctionGenerator.c ****         if (waveDacId == 0) {
 849              		.loc 1 160 0
 850 002c 7B68     		ldr	r3, [r7, #4]
 851 002e 002B     		cmp	r3, #0
 852 0030 02D1     		bne	.L58
 161:.\FunctionGenerator.c ****             fnGenerator = WAVEDAC_LOW_0;
 853              		.loc 1 161 0
 854 0032 0023     		movs	r3, #0
ARM GAS  C:\Users\jthem\AppData\Local\Temp\ccEJjFFr.s 			page 19


 855 0034 FB61     		str	r3, [r7, #28]
 856 0036 04E0     		b	.L59
 857              	.L58:
 162:.\FunctionGenerator.c ****         } else if (waveDacId == 1) {
 858              		.loc 1 162 0
 859 0038 7B68     		ldr	r3, [r7, #4]
 860 003a 012B     		cmp	r3, #1
 861 003c 01D1     		bne	.L59
 163:.\FunctionGenerator.c ****             fnGenerator = WAVEDAC_LOW_1;
 862              		.loc 1 163 0
 863 003e 0223     		movs	r3, #2
 864 0040 FB61     		str	r3, [r7, #28]
 865              	.L59:
 164:.\FunctionGenerator.c ****         }
 165:.\FunctionGenerator.c ****         numSamples = WAVEDAC_CLOCK_LOW_FREQ / freq;
 866              		.loc 1 165 0
 867 0042 1A4A     		ldr	r2, .L65+4
 868 0044 FB68     		ldr	r3, [r7, #12]
 869 0046 92FBF3F3 		sdiv	r3, r2, r3
 870 004a BB61     		str	r3, [r7, #24]
 871 004c 0FE0     		b	.L60
 872              	.L57:
 166:.\FunctionGenerator.c ****     } else {
 167:.\FunctionGenerator.c ****         if (waveDacId == 0) {
 873              		.loc 1 167 0
 874 004e 7B68     		ldr	r3, [r7, #4]
 875 0050 002B     		cmp	r3, #0
 876 0052 02D1     		bne	.L61
 168:.\FunctionGenerator.c ****             fnGenerator = WAVEDAC_HIGH_0;
 877              		.loc 1 168 0
 878 0054 0123     		movs	r3, #1
 879 0056 FB61     		str	r3, [r7, #28]
 880 0058 04E0     		b	.L62
 881              	.L61:
 169:.\FunctionGenerator.c ****         } else if (waveDacId == 1) {
 882              		.loc 1 169 0
 883 005a 7B68     		ldr	r3, [r7, #4]
 884 005c 012B     		cmp	r3, #1
 885 005e 01D1     		bne	.L62
 170:.\FunctionGenerator.c ****             fnGenerator = WAVEDAC_HIGH_1;
 886              		.loc 1 170 0
 887 0060 0323     		movs	r3, #3
 888 0062 FB61     		str	r3, [r7, #28]
 889              	.L62:
 171:.\FunctionGenerator.c ****         }
 172:.\FunctionGenerator.c ****         numSamples = WAVEDAC_CLOCK_HIGH_FREQ / freq;
 890              		.loc 1 172 0
 891 0064 124A     		ldr	r2, .L65+8
 892 0066 FB68     		ldr	r3, [r7, #12]
 893 0068 92FBF3F3 		sdiv	r3, r2, r3
 894 006c BB61     		str	r3, [r7, #24]
 895              	.L60:
 173:.\FunctionGenerator.c ****     }
 174:.\FunctionGenerator.c ****     
 175:.\FunctionGenerator.c ****     currentWaveform = getCurrentWaveform(fnGenerator);
 896              		.loc 1 175 0
 897 006e F869     		ldr	r0, [r7, #28]
ARM GAS  C:\Users\jthem\AppData\Local\Temp\ccEJjFFr.s 			page 20


 898 0070 FFF7FEFF 		bl	getCurrentWaveform
 899 0074 7861     		str	r0, [r7, #20]
 176:.\FunctionGenerator.c ****     if (currentWaveform != NULL) {
 900              		.loc 1 176 0
 901 0076 7B69     		ldr	r3, [r7, #20]
 902 0078 002B     		cmp	r3, #0
 903 007a 0ED0     		beq	.L63
 177:.\FunctionGenerator.c ****         stopWaveDac(fnGenerator);
 904              		.loc 1 177 0
 905 007c F869     		ldr	r0, [r7, #28]
 906 007e FFF7FEFF 		bl	stopWaveDac
 178:.\FunctionGenerator.c ****         setWaveform(numSamples, mode, currentWaveform);
 907              		.loc 1 178 0
 908 0082 B869     		ldr	r0, [r7, #24]
 909 0084 B968     		ldr	r1, [r7, #8]
 910 0086 7A69     		ldr	r2, [r7, #20]
 911 0088 FFF7FEFF 		bl	setWaveform
 179:.\FunctionGenerator.c ****         startWaveDac(numSamples, fnGenerator, currentWaveform);
 912              		.loc 1 179 0
 913 008c B869     		ldr	r0, [r7, #24]
 914 008e F969     		ldr	r1, [r7, #28]
 915 0090 7A69     		ldr	r2, [r7, #20]
 916 0092 FFF7FEFF 		bl	startWaveDac
 180:.\FunctionGenerator.c ****         return freq;
 917              		.loc 1 180 0
 918 0096 FB68     		ldr	r3, [r7, #12]
 919 0098 01E0     		b	.L64
 920              	.L63:
 181:.\FunctionGenerator.c ****     }
 182:.\FunctionGenerator.c ****     
 183:.\FunctionGenerator.c ****     return -1;
 921              		.loc 1 183 0
 922 009a 4FF0FF33 		mov	r3, #-1
 923              	.L64:
 184:.\FunctionGenerator.c **** }
 924              		.loc 1 184 0
 925 009e 1846     		mov	r0, r3
 926 00a0 2037     		adds	r7, r7, #32
 927              		.cfi_def_cfa_offset 8
 928 00a2 BD46     		mov	sp, r7
 929              		.cfi_def_cfa_register 13
 930              		@ sp needed
 931 00a4 80BD     		pop	{r7, pc}
 932              	.L66:
 933 00a6 00BF     		.align	2
 934              	.L65:
 935 00a8 A0860100 		.word	100000
 936 00ac 400D0300 		.word	200000
 937 00b0 00093D00 		.word	4000000
 938              		.cfi_endproc
 939              	.LFE9:
 940              		.size	changeFrequency, .-changeFrequency
 941              		.text
 942              	.Letext0:
 943              		.file 2 ".\\Generated_Source/PSoC5/cytypes.h"
 944              		.section	.debug_info,"",%progbits
 945              	.Ldebug_info0:
ARM GAS  C:\Users\jthem\AppData\Local\Temp\ccEJjFFr.s 			page 21


 946 0000 40030000 		.4byte	0x340
 947 0004 0400     		.2byte	0x4
 948 0006 00000000 		.4byte	.Ldebug_abbrev0
 949 000a 04       		.byte	0x4
 950 000b 01       		.uleb128 0x1
 951 000c 81000000 		.4byte	.LASF33
 952 0010 01       		.byte	0x1
 953 0011 FE010000 		.4byte	.LASF34
 954 0015 20010000 		.4byte	.LASF35
 955 0019 00000000 		.4byte	.Ldebug_ranges0+0
 956 001d 00000000 		.4byte	0
 957 0021 00000000 		.4byte	.Ldebug_line0
 958 0025 02       		.uleb128 0x2
 959 0026 04       		.byte	0x4
 960 0027 05       		.byte	0x5
 961 0028 696E7400 		.ascii	"int\000"
 962 002c 03       		.uleb128 0x3
 963 002d 04       		.byte	0x4
 964 002e 07       		.byte	0x7
 965 002f 63010000 		.4byte	.LASF0
 966 0033 03       		.uleb128 0x3
 967 0034 01       		.byte	0x1
 968 0035 06       		.byte	0x6
 969 0036 35020000 		.4byte	.LASF1
 970 003a 03       		.uleb128 0x3
 971 003b 01       		.byte	0x1
 972 003c 08       		.byte	0x8
 973 003d 46000000 		.4byte	.LASF2
 974 0041 03       		.uleb128 0x3
 975 0042 02       		.byte	0x2
 976 0043 05       		.byte	0x5
 977 0044 16010000 		.4byte	.LASF3
 978 0048 03       		.uleb128 0x3
 979 0049 02       		.byte	0x2
 980 004a 07       		.byte	0x7
 981 004b 00000000 		.4byte	.LASF4
 982 004f 03       		.uleb128 0x3
 983 0050 04       		.byte	0x4
 984 0051 05       		.byte	0x5
 985 0052 20020000 		.4byte	.LASF5
 986 0056 03       		.uleb128 0x3
 987 0057 04       		.byte	0x4
 988 0058 07       		.byte	0x7
 989 0059 69000000 		.4byte	.LASF6
 990 005d 03       		.uleb128 0x3
 991 005e 08       		.byte	0x8
 992 005f 05       		.byte	0x5
 993 0060 DB010000 		.4byte	.LASF7
 994 0064 03       		.uleb128 0x3
 995 0065 08       		.byte	0x8
 996 0066 07       		.byte	0x7
 997 0067 7C010000 		.4byte	.LASF8
 998 006b 03       		.uleb128 0x3
 999 006c 04       		.byte	0x4
 1000 006d 07       		.byte	0x7
 1001 006e C6010000 		.4byte	.LASF9
 1002 0072 03       		.uleb128 0x3
ARM GAS  C:\Users\jthem\AppData\Local\Temp\ccEJjFFr.s 			page 22


 1003 0073 01       		.byte	0x1
 1004 0074 08       		.byte	0x8
 1005 0075 EF010000 		.4byte	.LASF10
 1006 0079 03       		.uleb128 0x3
 1007 007a 08       		.byte	0x8
 1008 007b 04       		.byte	0x4
 1009 007c 0F010000 		.4byte	.LASF11
 1010 0080 03       		.uleb128 0x3
 1011 0081 04       		.byte	0x4
 1012 0082 04       		.byte	0x4
 1013 0083 40000000 		.4byte	.LASF12
 1014 0087 03       		.uleb128 0x3
 1015 0088 08       		.byte	0x8
 1016 0089 04       		.byte	0x4
 1017 008a 29020000 		.4byte	.LASF13
 1018 008e 04       		.uleb128 0x4
 1019 008f 7B000000 		.4byte	.LASF36
 1020 0093 02       		.byte	0x2
 1021 0094 3801     		.2byte	0x138
 1022 0096 3A000000 		.4byte	0x3a
 1023 009a 05       		.uleb128 0x5
 1024 009b 5C020000 		.4byte	.LASF14
 1025 009f 01       		.byte	0x1
 1026 00a0 1C       		.byte	0x1c
 1027 00a1 00000000 		.4byte	.LFB0
 1028 00a5 36000000 		.4byte	.LFE0-.LFB0
 1029 00a9 01       		.uleb128 0x1
 1030 00aa 9C       		.byte	0x9c
 1031 00ab BE000000 		.4byte	0xbe
 1032 00af 06       		.uleb128 0x6
 1033 00b0 CF010000 		.4byte	.LASF16
 1034 00b4 01       		.byte	0x1
 1035 00b5 1C       		.byte	0x1c
 1036 00b6 25000000 		.4byte	0x25
 1037 00ba 02       		.uleb128 0x2
 1038 00bb 91       		.byte	0x91
 1039 00bc 74       		.sleb128 -12
 1040 00bd 00       		.byte	0
 1041 00be 05       		.uleb128 0x5
 1042 00bf 54000000 		.4byte	.LASF15
 1043 00c3 01       		.byte	0x1
 1044 00c4 2A       		.byte	0x2a
 1045 00c5 00000000 		.4byte	.LFB1
 1046 00c9 96000000 		.4byte	.LFE1-.LFB1
 1047 00cd 01       		.uleb128 0x1
 1048 00ce 9C       		.byte	0x9c
 1049 00cf FE000000 		.4byte	0xfe
 1050 00d3 06       		.uleb128 0x6
 1051 00d4 51020000 		.4byte	.LASF17
 1052 00d8 01       		.byte	0x1
 1053 00d9 2A       		.byte	0x2a
 1054 00da 25000000 		.4byte	0x25
 1055 00de 02       		.uleb128 0x2
 1056 00df 91       		.byte	0x91
 1057 00e0 74       		.sleb128 -12
 1058 00e1 06       		.uleb128 0x6
 1059 00e2 CF010000 		.4byte	.LASF16
ARM GAS  C:\Users\jthem\AppData\Local\Temp\ccEJjFFr.s 			page 23


 1060 00e6 01       		.byte	0x1
 1061 00e7 2A       		.byte	0x2a
 1062 00e8 25000000 		.4byte	0x25
 1063 00ec 02       		.uleb128 0x2
 1064 00ed 91       		.byte	0x91
 1065 00ee 70       		.sleb128 -16
 1066 00ef 06       		.uleb128 0x6
 1067 00f0 A9010000 		.4byte	.LASF18
 1068 00f4 01       		.byte	0x1
 1069 00f5 2A       		.byte	0x2a
 1070 00f6 FE000000 		.4byte	0xfe
 1071 00fa 02       		.uleb128 0x2
 1072 00fb 91       		.byte	0x91
 1073 00fc 6C       		.sleb128 -20
 1074 00fd 00       		.byte	0
 1075 00fe 07       		.uleb128 0x7
 1076 00ff 04       		.byte	0x4
 1077 0100 8E000000 		.4byte	0x8e
 1078 0104 08       		.uleb128 0x8
 1079 0105 36000000 		.4byte	.LASF19
 1080 0109 01       		.byte	0x1
 1081 010a 40       		.byte	0x40
 1082 010b 00000000 		.4byte	.LFB2
 1083 010f 4E000000 		.4byte	.LFE2-.LFB2
 1084 0113 01       		.uleb128 0x1
 1085 0114 9C       		.byte	0x9c
 1086 0115 42010000 		.4byte	0x142
 1087 0119 06       		.uleb128 0x6
 1088 011a 51020000 		.4byte	.LASF17
 1089 011e 01       		.byte	0x1
 1090 011f 40       		.byte	0x40
 1091 0120 25000000 		.4byte	0x25
 1092 0124 02       		.uleb128 0x2
 1093 0125 91       		.byte	0x91
 1094 0126 6C       		.sleb128 -20
 1095 0127 06       		.uleb128 0x6
 1096 0128 26000000 		.4byte	.LASF20
 1097 012c 01       		.byte	0x1
 1098 012d 40       		.byte	0x40
 1099 012e FE000000 		.4byte	0xfe
 1100 0132 02       		.uleb128 0x2
 1101 0133 91       		.byte	0x91
 1102 0134 68       		.sleb128 -24
 1103 0135 09       		.uleb128 0x9
 1104 0136 6900     		.ascii	"i\000"
 1105 0138 01       		.byte	0x1
 1106 0139 42       		.byte	0x42
 1107 013a 25000000 		.4byte	0x25
 1108 013e 02       		.uleb128 0x2
 1109 013f 91       		.byte	0x91
 1110 0140 74       		.sleb128 -12
 1111 0141 00       		.byte	0
 1112 0142 05       		.uleb128 0x5
 1113 0143 61000000 		.4byte	.LASF21
 1114 0147 01       		.byte	0x1
 1115 0148 4D       		.byte	0x4d
 1116 0149 00000000 		.4byte	.LFB3
ARM GAS  C:\Users\jthem\AppData\Local\Temp\ccEJjFFr.s 			page 24


 1117 014d BC000000 		.4byte	.LFE3-.LFB3
 1118 0151 01       		.uleb128 0x1
 1119 0152 9C       		.byte	0x9c
 1120 0153 80010000 		.4byte	0x180
 1121 0157 06       		.uleb128 0x6
 1122 0158 51020000 		.4byte	.LASF17
 1123 015c 01       		.byte	0x1
 1124 015d 4D       		.byte	0x4d
 1125 015e 25000000 		.4byte	0x25
 1126 0162 02       		.uleb128 0x2
 1127 0163 91       		.byte	0x91
 1128 0164 5C       		.sleb128 -36
 1129 0165 06       		.uleb128 0x6
 1130 0166 26000000 		.4byte	.LASF20
 1131 016a 01       		.byte	0x1
 1132 016b 4D       		.byte	0x4d
 1133 016c FE000000 		.4byte	0xfe
 1134 0170 02       		.uleb128 0x2
 1135 0171 91       		.byte	0x91
 1136 0172 58       		.sleb128 -40
 1137 0173 09       		.uleb128 0x9
 1138 0174 6900     		.ascii	"i\000"
 1139 0176 01       		.byte	0x1
 1140 0177 4F       		.byte	0x4f
 1141 0178 25000000 		.4byte	0x25
 1142 017c 02       		.uleb128 0x2
 1143 017d 91       		.byte	0x91
 1144 017e 64       		.sleb128 -28
 1145 017f 00       		.byte	0
 1146 0180 05       		.uleb128 0x5
 1147 0181 70010000 		.4byte	.LASF22
 1148 0185 01       		.byte	0x1
 1149 0186 55       		.byte	0x55
 1150 0187 00000000 		.4byte	.LFB4
 1151 018b 00010000 		.4byte	.LFE4-.LFB4
 1152 018f 01       		.uleb128 0x1
 1153 0190 9C       		.byte	0x9c
 1154 0191 BE010000 		.4byte	0x1be
 1155 0195 06       		.uleb128 0x6
 1156 0196 51020000 		.4byte	.LASF17
 1157 019a 01       		.byte	0x1
 1158 019b 55       		.byte	0x55
 1159 019c 25000000 		.4byte	0x25
 1160 01a0 02       		.uleb128 0x2
 1161 01a1 91       		.byte	0x91
 1162 01a2 5C       		.sleb128 -36
 1163 01a3 06       		.uleb128 0x6
 1164 01a4 26000000 		.4byte	.LASF20
 1165 01a8 01       		.byte	0x1
 1166 01a9 55       		.byte	0x55
 1167 01aa FE000000 		.4byte	0xfe
 1168 01ae 02       		.uleb128 0x2
 1169 01af 91       		.byte	0x91
 1170 01b0 58       		.sleb128 -40
 1171 01b1 09       		.uleb128 0x9
 1172 01b2 6900     		.ascii	"i\000"
 1173 01b4 01       		.byte	0x1
ARM GAS  C:\Users\jthem\AppData\Local\Temp\ccEJjFFr.s 			page 25


 1174 01b5 57       		.byte	0x57
 1175 01b6 25000000 		.4byte	0x25
 1176 01ba 02       		.uleb128 0x2
 1177 01bb 91       		.byte	0x91
 1178 01bc 64       		.sleb128 -28
 1179 01bd 00       		.byte	0
 1180 01be 05       		.uleb128 0x5
 1181 01bf 93010000 		.4byte	.LASF23
 1182 01c3 01       		.byte	0x1
 1183 01c4 61       		.byte	0x61
 1184 01c5 00000000 		.4byte	.LFB5
 1185 01c9 78000000 		.4byte	.LFE5-.LFB5
 1186 01cd 01       		.uleb128 0x1
 1187 01ce 9C       		.byte	0x9c
 1188 01cf FC010000 		.4byte	0x1fc
 1189 01d3 06       		.uleb128 0x6
 1190 01d4 51020000 		.4byte	.LASF17
 1191 01d8 01       		.byte	0x1
 1192 01d9 61       		.byte	0x61
 1193 01da 25000000 		.4byte	0x25
 1194 01de 02       		.uleb128 0x2
 1195 01df 91       		.byte	0x91
 1196 01e0 5C       		.sleb128 -36
 1197 01e1 06       		.uleb128 0x6
 1198 01e2 26000000 		.4byte	.LASF20
 1199 01e6 01       		.byte	0x1
 1200 01e7 61       		.byte	0x61
 1201 01e8 FE000000 		.4byte	0xfe
 1202 01ec 02       		.uleb128 0x2
 1203 01ed 91       		.byte	0x91
 1204 01ee 58       		.sleb128 -40
 1205 01ef 09       		.uleb128 0x9
 1206 01f0 6900     		.ascii	"i\000"
 1207 01f2 01       		.byte	0x1
 1208 01f3 63       		.byte	0x63
 1209 01f4 25000000 		.4byte	0x25
 1210 01f8 02       		.uleb128 0x2
 1211 01f9 91       		.byte	0x91
 1212 01fa 64       		.sleb128 -28
 1213 01fb 00       		.byte	0
 1214 01fc 08       		.uleb128 0x8
 1215 01fd E9010000 		.4byte	.LASF24
 1216 0201 01       		.byte	0x1
 1217 0202 69       		.byte	0x69
 1218 0203 00000000 		.4byte	.LFB6
 1219 0207 32000000 		.4byte	.LFE6-.LFB6
 1220 020b 01       		.uleb128 0x1
 1221 020c 9C       		.byte	0x9c
 1222 020d 3A020000 		.4byte	0x23a
 1223 0211 06       		.uleb128 0x6
 1224 0212 51020000 		.4byte	.LASF17
 1225 0216 01       		.byte	0x1
 1226 0217 69       		.byte	0x69
 1227 0218 25000000 		.4byte	0x25
 1228 021c 02       		.uleb128 0x2
 1229 021d 91       		.byte	0x91
 1230 021e 6C       		.sleb128 -20
ARM GAS  C:\Users\jthem\AppData\Local\Temp\ccEJjFFr.s 			page 26


 1231 021f 06       		.uleb128 0x6
 1232 0220 26000000 		.4byte	.LASF20
 1233 0224 01       		.byte	0x1
 1234 0225 69       		.byte	0x69
 1235 0226 FE000000 		.4byte	0xfe
 1236 022a 02       		.uleb128 0x2
 1237 022b 91       		.byte	0x91
 1238 022c 68       		.sleb128 -24
 1239 022d 09       		.uleb128 0x9
 1240 022e 6900     		.ascii	"i\000"
 1241 0230 01       		.byte	0x1
 1242 0231 6B       		.byte	0x6b
 1243 0232 25000000 		.4byte	0x25
 1244 0236 02       		.uleb128 0x2
 1245 0237 91       		.byte	0x91
 1246 0238 74       		.sleb128 -12
 1247 0239 00       		.byte	0
 1248 023a 05       		.uleb128 0x5
 1249 023b 14020000 		.4byte	.LASF25
 1250 023f 01       		.byte	0x1
 1251 0240 71       		.byte	0x71
 1252 0241 00000000 		.4byte	.LFB7
 1253 0245 64000000 		.4byte	.LFE7-.LFB7
 1254 0249 01       		.uleb128 0x1
 1255 024a 9C       		.byte	0x9c
 1256 024b 7A020000 		.4byte	0x27a
 1257 024f 06       		.uleb128 0x6
 1258 0250 51020000 		.4byte	.LASF17
 1259 0254 01       		.byte	0x1
 1260 0255 71       		.byte	0x71
 1261 0256 25000000 		.4byte	0x25
 1262 025a 02       		.uleb128 0x2
 1263 025b 91       		.byte	0x91
 1264 025c 74       		.sleb128 -12
 1265 025d 06       		.uleb128 0x6
 1266 025e F4010000 		.4byte	.LASF26
 1267 0262 01       		.byte	0x1
 1268 0263 71       		.byte	0x71
 1269 0264 25000000 		.4byte	0x25
 1270 0268 02       		.uleb128 0x2
 1271 0269 91       		.byte	0x91
 1272 026a 70       		.sleb128 -16
 1273 026b 06       		.uleb128 0x6
 1274 026c 26000000 		.4byte	.LASF20
 1275 0270 01       		.byte	0x1
 1276 0271 71       		.byte	0x71
 1277 0272 FE000000 		.4byte	0xfe
 1278 0276 02       		.uleb128 0x2
 1279 0277 91       		.byte	0x91
 1280 0278 6C       		.sleb128 -20
 1281 0279 00       		.byte	0
 1282 027a 0A       		.uleb128 0xa
 1283 027b 13000000 		.4byte	.LASF27
 1284 027f 01       		.byte	0x1
 1285 0280 86       		.byte	0x86
 1286 0281 FE000000 		.4byte	0xfe
 1287 0285 00000000 		.4byte	.LFB8
ARM GAS  C:\Users\jthem\AppData\Local\Temp\ccEJjFFr.s 			page 27


 1288 0289 44000000 		.4byte	.LFE8-.LFB8
 1289 028d 01       		.uleb128 0x1
 1290 028e 9C       		.byte	0x9c
 1291 028f A2020000 		.4byte	0x2a2
 1292 0293 06       		.uleb128 0x6
 1293 0294 CF010000 		.4byte	.LASF16
 1294 0298 01       		.byte	0x1
 1295 0299 86       		.byte	0x86
 1296 029a 25000000 		.4byte	0x25
 1297 029e 02       		.uleb128 0x2
 1298 029f 91       		.byte	0x91
 1299 02a0 74       		.sleb128 -12
 1300 02a1 00       		.byte	0
 1301 02a2 0B       		.uleb128 0xb
 1302 02a3 41020000 		.4byte	.LASF28
 1303 02a7 01       		.byte	0x1
 1304 02a8 94       		.byte	0x94
 1305 02a9 25000000 		.4byte	0x25
 1306 02ad 00000000 		.4byte	.LFB9
 1307 02b1 B4000000 		.4byte	.LFE9-.LFB9
 1308 02b5 01       		.uleb128 0x1
 1309 02b6 9C       		.byte	0x9c
 1310 02b7 10030000 		.4byte	0x310
 1311 02bb 06       		.uleb128 0x6
 1312 02bc F9010000 		.4byte	.LASF29
 1313 02c0 01       		.byte	0x1
 1314 02c1 94       		.byte	0x94
 1315 02c2 25000000 		.4byte	0x25
 1316 02c6 02       		.uleb128 0x2
 1317 02c7 91       		.byte	0x91
 1318 02c8 64       		.sleb128 -28
 1319 02c9 06       		.uleb128 0x6
 1320 02ca F4010000 		.4byte	.LASF26
 1321 02ce 01       		.byte	0x1
 1322 02cf 94       		.byte	0x94
 1323 02d0 25000000 		.4byte	0x25
 1324 02d4 02       		.uleb128 0x2
 1325 02d5 91       		.byte	0x91
 1326 02d6 60       		.sleb128 -32
 1327 02d7 06       		.uleb128 0x6
 1328 02d8 9F010000 		.4byte	.LASF30
 1329 02dc 01       		.byte	0x1
 1330 02dd 94       		.byte	0x94
 1331 02de 25000000 		.4byte	0x25
 1332 02e2 02       		.uleb128 0x2
 1333 02e3 91       		.byte	0x91
 1334 02e4 5C       		.sleb128 -36
 1335 02e5 0C       		.uleb128 0xc
 1336 02e6 CF010000 		.4byte	.LASF16
 1337 02ea 01       		.byte	0x1
 1338 02eb 96       		.byte	0x96
 1339 02ec 25000000 		.4byte	0x25
 1340 02f0 02       		.uleb128 0x2
 1341 02f1 91       		.byte	0x91
 1342 02f2 74       		.sleb128 -12
 1343 02f3 0C       		.uleb128 0xc
 1344 02f4 51020000 		.4byte	.LASF17
ARM GAS  C:\Users\jthem\AppData\Local\Temp\ccEJjFFr.s 			page 28


 1345 02f8 01       		.byte	0x1
 1346 02f9 96       		.byte	0x96
 1347 02fa 25000000 		.4byte	0x25
 1348 02fe 02       		.uleb128 0x2
 1349 02ff 91       		.byte	0x91
 1350 0300 70       		.sleb128 -16
 1351 0301 0C       		.uleb128 0xc
 1352 0302 26000000 		.4byte	.LASF20
 1353 0306 01       		.byte	0x1
 1354 0307 97       		.byte	0x97
 1355 0308 FE000000 		.4byte	0xfe
 1356 030c 02       		.uleb128 0x2
 1357 030d 91       		.byte	0x91
 1358 030e 6C       		.sleb128 -20
 1359 030f 00       		.byte	0
 1360 0310 0D       		.uleb128 0xd
 1361 0311 8E000000 		.4byte	0x8e
 1362 0315 21030000 		.4byte	0x321
 1363 0319 0E       		.uleb128 0xe
 1364 031a 6B000000 		.4byte	0x6b
 1365 031e 9F0F     		.2byte	0xf9f
 1366 0320 00       		.byte	0
 1367 0321 0F       		.uleb128 0xf
 1368 0322 B2010000 		.4byte	.LASF31
 1369 0326 01       		.byte	0x1
 1370 0327 19       		.byte	0x19
 1371 0328 10030000 		.4byte	0x310
 1372 032c 05       		.uleb128 0x5
 1373 032d 03       		.byte	0x3
 1374 032e 00000000 		.4byte	waveform0
 1375 0332 0F       		.uleb128 0xf
 1376 0333 BC010000 		.4byte	.LASF32
 1377 0337 01       		.byte	0x1
 1378 0338 1A       		.byte	0x1a
 1379 0339 10030000 		.4byte	0x310
 1380 033d 05       		.uleb128 0x5
 1381 033e 03       		.byte	0x3
 1382 033f 00000000 		.4byte	waveform1
 1383 0343 00       		.byte	0
 1384              		.section	.debug_abbrev,"",%progbits
 1385              	.Ldebug_abbrev0:
 1386 0000 01       		.uleb128 0x1
 1387 0001 11       		.uleb128 0x11
 1388 0002 01       		.byte	0x1
 1389 0003 25       		.uleb128 0x25
 1390 0004 0E       		.uleb128 0xe
 1391 0005 13       		.uleb128 0x13
 1392 0006 0B       		.uleb128 0xb
 1393 0007 03       		.uleb128 0x3
 1394 0008 0E       		.uleb128 0xe
 1395 0009 1B       		.uleb128 0x1b
 1396 000a 0E       		.uleb128 0xe
 1397 000b 55       		.uleb128 0x55
 1398 000c 17       		.uleb128 0x17
 1399 000d 11       		.uleb128 0x11
 1400 000e 01       		.uleb128 0x1
 1401 000f 10       		.uleb128 0x10
ARM GAS  C:\Users\jthem\AppData\Local\Temp\ccEJjFFr.s 			page 29


 1402 0010 17       		.uleb128 0x17
 1403 0011 00       		.byte	0
 1404 0012 00       		.byte	0
 1405 0013 02       		.uleb128 0x2
 1406 0014 24       		.uleb128 0x24
 1407 0015 00       		.byte	0
 1408 0016 0B       		.uleb128 0xb
 1409 0017 0B       		.uleb128 0xb
 1410 0018 3E       		.uleb128 0x3e
 1411 0019 0B       		.uleb128 0xb
 1412 001a 03       		.uleb128 0x3
 1413 001b 08       		.uleb128 0x8
 1414 001c 00       		.byte	0
 1415 001d 00       		.byte	0
 1416 001e 03       		.uleb128 0x3
 1417 001f 24       		.uleb128 0x24
 1418 0020 00       		.byte	0
 1419 0021 0B       		.uleb128 0xb
 1420 0022 0B       		.uleb128 0xb
 1421 0023 3E       		.uleb128 0x3e
 1422 0024 0B       		.uleb128 0xb
 1423 0025 03       		.uleb128 0x3
 1424 0026 0E       		.uleb128 0xe
 1425 0027 00       		.byte	0
 1426 0028 00       		.byte	0
 1427 0029 04       		.uleb128 0x4
 1428 002a 16       		.uleb128 0x16
 1429 002b 00       		.byte	0
 1430 002c 03       		.uleb128 0x3
 1431 002d 0E       		.uleb128 0xe
 1432 002e 3A       		.uleb128 0x3a
 1433 002f 0B       		.uleb128 0xb
 1434 0030 3B       		.uleb128 0x3b
 1435 0031 05       		.uleb128 0x5
 1436 0032 49       		.uleb128 0x49
 1437 0033 13       		.uleb128 0x13
 1438 0034 00       		.byte	0
 1439 0035 00       		.byte	0
 1440 0036 05       		.uleb128 0x5
 1441 0037 2E       		.uleb128 0x2e
 1442 0038 01       		.byte	0x1
 1443 0039 3F       		.uleb128 0x3f
 1444 003a 19       		.uleb128 0x19
 1445 003b 03       		.uleb128 0x3
 1446 003c 0E       		.uleb128 0xe
 1447 003d 3A       		.uleb128 0x3a
 1448 003e 0B       		.uleb128 0xb
 1449 003f 3B       		.uleb128 0x3b
 1450 0040 0B       		.uleb128 0xb
 1451 0041 27       		.uleb128 0x27
 1452 0042 19       		.uleb128 0x19
 1453 0043 11       		.uleb128 0x11
 1454 0044 01       		.uleb128 0x1
 1455 0045 12       		.uleb128 0x12
 1456 0046 06       		.uleb128 0x6
 1457 0047 40       		.uleb128 0x40
 1458 0048 18       		.uleb128 0x18
ARM GAS  C:\Users\jthem\AppData\Local\Temp\ccEJjFFr.s 			page 30


 1459 0049 9642     		.uleb128 0x2116
 1460 004b 19       		.uleb128 0x19
 1461 004c 01       		.uleb128 0x1
 1462 004d 13       		.uleb128 0x13
 1463 004e 00       		.byte	0
 1464 004f 00       		.byte	0
 1465 0050 06       		.uleb128 0x6
 1466 0051 05       		.uleb128 0x5
 1467 0052 00       		.byte	0
 1468 0053 03       		.uleb128 0x3
 1469 0054 0E       		.uleb128 0xe
 1470 0055 3A       		.uleb128 0x3a
 1471 0056 0B       		.uleb128 0xb
 1472 0057 3B       		.uleb128 0x3b
 1473 0058 0B       		.uleb128 0xb
 1474 0059 49       		.uleb128 0x49
 1475 005a 13       		.uleb128 0x13
 1476 005b 02       		.uleb128 0x2
 1477 005c 18       		.uleb128 0x18
 1478 005d 00       		.byte	0
 1479 005e 00       		.byte	0
 1480 005f 07       		.uleb128 0x7
 1481 0060 0F       		.uleb128 0xf
 1482 0061 00       		.byte	0
 1483 0062 0B       		.uleb128 0xb
 1484 0063 0B       		.uleb128 0xb
 1485 0064 49       		.uleb128 0x49
 1486 0065 13       		.uleb128 0x13
 1487 0066 00       		.byte	0
 1488 0067 00       		.byte	0
 1489 0068 08       		.uleb128 0x8
 1490 0069 2E       		.uleb128 0x2e
 1491 006a 01       		.byte	0x1
 1492 006b 3F       		.uleb128 0x3f
 1493 006c 19       		.uleb128 0x19
 1494 006d 03       		.uleb128 0x3
 1495 006e 0E       		.uleb128 0xe
 1496 006f 3A       		.uleb128 0x3a
 1497 0070 0B       		.uleb128 0xb
 1498 0071 3B       		.uleb128 0x3b
 1499 0072 0B       		.uleb128 0xb
 1500 0073 27       		.uleb128 0x27
 1501 0074 19       		.uleb128 0x19
 1502 0075 11       		.uleb128 0x11
 1503 0076 01       		.uleb128 0x1
 1504 0077 12       		.uleb128 0x12
 1505 0078 06       		.uleb128 0x6
 1506 0079 40       		.uleb128 0x40
 1507 007a 18       		.uleb128 0x18
 1508 007b 9742     		.uleb128 0x2117
 1509 007d 19       		.uleb128 0x19
 1510 007e 01       		.uleb128 0x1
 1511 007f 13       		.uleb128 0x13
 1512 0080 00       		.byte	0
 1513 0081 00       		.byte	0
 1514 0082 09       		.uleb128 0x9
 1515 0083 34       		.uleb128 0x34
ARM GAS  C:\Users\jthem\AppData\Local\Temp\ccEJjFFr.s 			page 31


 1516 0084 00       		.byte	0
 1517 0085 03       		.uleb128 0x3
 1518 0086 08       		.uleb128 0x8
 1519 0087 3A       		.uleb128 0x3a
 1520 0088 0B       		.uleb128 0xb
 1521 0089 3B       		.uleb128 0x3b
 1522 008a 0B       		.uleb128 0xb
 1523 008b 49       		.uleb128 0x49
 1524 008c 13       		.uleb128 0x13
 1525 008d 02       		.uleb128 0x2
 1526 008e 18       		.uleb128 0x18
 1527 008f 00       		.byte	0
 1528 0090 00       		.byte	0
 1529 0091 0A       		.uleb128 0xa
 1530 0092 2E       		.uleb128 0x2e
 1531 0093 01       		.byte	0x1
 1532 0094 3F       		.uleb128 0x3f
 1533 0095 19       		.uleb128 0x19
 1534 0096 03       		.uleb128 0x3
 1535 0097 0E       		.uleb128 0xe
 1536 0098 3A       		.uleb128 0x3a
 1537 0099 0B       		.uleb128 0xb
 1538 009a 3B       		.uleb128 0x3b
 1539 009b 0B       		.uleb128 0xb
 1540 009c 27       		.uleb128 0x27
 1541 009d 19       		.uleb128 0x19
 1542 009e 49       		.uleb128 0x49
 1543 009f 13       		.uleb128 0x13
 1544 00a0 11       		.uleb128 0x11
 1545 00a1 01       		.uleb128 0x1
 1546 00a2 12       		.uleb128 0x12
 1547 00a3 06       		.uleb128 0x6
 1548 00a4 40       		.uleb128 0x40
 1549 00a5 18       		.uleb128 0x18
 1550 00a6 9742     		.uleb128 0x2117
 1551 00a8 19       		.uleb128 0x19
 1552 00a9 01       		.uleb128 0x1
 1553 00aa 13       		.uleb128 0x13
 1554 00ab 00       		.byte	0
 1555 00ac 00       		.byte	0
 1556 00ad 0B       		.uleb128 0xb
 1557 00ae 2E       		.uleb128 0x2e
 1558 00af 01       		.byte	0x1
 1559 00b0 3F       		.uleb128 0x3f
 1560 00b1 19       		.uleb128 0x19
 1561 00b2 03       		.uleb128 0x3
 1562 00b3 0E       		.uleb128 0xe
 1563 00b4 3A       		.uleb128 0x3a
 1564 00b5 0B       		.uleb128 0xb
 1565 00b6 3B       		.uleb128 0x3b
 1566 00b7 0B       		.uleb128 0xb
 1567 00b8 27       		.uleb128 0x27
 1568 00b9 19       		.uleb128 0x19
 1569 00ba 49       		.uleb128 0x49
 1570 00bb 13       		.uleb128 0x13
 1571 00bc 11       		.uleb128 0x11
 1572 00bd 01       		.uleb128 0x1
ARM GAS  C:\Users\jthem\AppData\Local\Temp\ccEJjFFr.s 			page 32


 1573 00be 12       		.uleb128 0x12
 1574 00bf 06       		.uleb128 0x6
 1575 00c0 40       		.uleb128 0x40
 1576 00c1 18       		.uleb128 0x18
 1577 00c2 9642     		.uleb128 0x2116
 1578 00c4 19       		.uleb128 0x19
 1579 00c5 01       		.uleb128 0x1
 1580 00c6 13       		.uleb128 0x13
 1581 00c7 00       		.byte	0
 1582 00c8 00       		.byte	0
 1583 00c9 0C       		.uleb128 0xc
 1584 00ca 34       		.uleb128 0x34
 1585 00cb 00       		.byte	0
 1586 00cc 03       		.uleb128 0x3
 1587 00cd 0E       		.uleb128 0xe
 1588 00ce 3A       		.uleb128 0x3a
 1589 00cf 0B       		.uleb128 0xb
 1590 00d0 3B       		.uleb128 0x3b
 1591 00d1 0B       		.uleb128 0xb
 1592 00d2 49       		.uleb128 0x49
 1593 00d3 13       		.uleb128 0x13
 1594 00d4 02       		.uleb128 0x2
 1595 00d5 18       		.uleb128 0x18
 1596 00d6 00       		.byte	0
 1597 00d7 00       		.byte	0
 1598 00d8 0D       		.uleb128 0xd
 1599 00d9 01       		.uleb128 0x1
 1600 00da 01       		.byte	0x1
 1601 00db 49       		.uleb128 0x49
 1602 00dc 13       		.uleb128 0x13
 1603 00dd 01       		.uleb128 0x1
 1604 00de 13       		.uleb128 0x13
 1605 00df 00       		.byte	0
 1606 00e0 00       		.byte	0
 1607 00e1 0E       		.uleb128 0xe
 1608 00e2 21       		.uleb128 0x21
 1609 00e3 00       		.byte	0
 1610 00e4 49       		.uleb128 0x49
 1611 00e5 13       		.uleb128 0x13
 1612 00e6 2F       		.uleb128 0x2f
 1613 00e7 05       		.uleb128 0x5
 1614 00e8 00       		.byte	0
 1615 00e9 00       		.byte	0
 1616 00ea 0F       		.uleb128 0xf
 1617 00eb 34       		.uleb128 0x34
 1618 00ec 00       		.byte	0
 1619 00ed 03       		.uleb128 0x3
 1620 00ee 0E       		.uleb128 0xe
 1621 00ef 3A       		.uleb128 0x3a
 1622 00f0 0B       		.uleb128 0xb
 1623 00f1 3B       		.uleb128 0x3b
 1624 00f2 0B       		.uleb128 0xb
 1625 00f3 49       		.uleb128 0x49
 1626 00f4 13       		.uleb128 0x13
 1627 00f5 3F       		.uleb128 0x3f
 1628 00f6 19       		.uleb128 0x19
 1629 00f7 02       		.uleb128 0x2
ARM GAS  C:\Users\jthem\AppData\Local\Temp\ccEJjFFr.s 			page 33


 1630 00f8 18       		.uleb128 0x18
 1631 00f9 00       		.byte	0
 1632 00fa 00       		.byte	0
 1633 00fb 00       		.byte	0
 1634              		.section	.debug_aranges,"",%progbits
 1635 0000 64000000 		.4byte	0x64
 1636 0004 0200     		.2byte	0x2
 1637 0006 00000000 		.4byte	.Ldebug_info0
 1638 000a 04       		.byte	0x4
 1639 000b 00       		.byte	0
 1640 000c 0000     		.2byte	0
 1641 000e 0000     		.2byte	0
 1642 0010 00000000 		.4byte	.LFB0
 1643 0014 36000000 		.4byte	.LFE0-.LFB0
 1644 0018 00000000 		.4byte	.LFB1
 1645 001c 96000000 		.4byte	.LFE1-.LFB1
 1646 0020 00000000 		.4byte	.LFB2
 1647 0024 4E000000 		.4byte	.LFE2-.LFB2
 1648 0028 00000000 		.4byte	.LFB3
 1649 002c BC000000 		.4byte	.LFE3-.LFB3
 1650 0030 00000000 		.4byte	.LFB4
 1651 0034 00010000 		.4byte	.LFE4-.LFB4
 1652 0038 00000000 		.4byte	.LFB5
 1653 003c 78000000 		.4byte	.LFE5-.LFB5
 1654 0040 00000000 		.4byte	.LFB6
 1655 0044 32000000 		.4byte	.LFE6-.LFB6
 1656 0048 00000000 		.4byte	.LFB7
 1657 004c 64000000 		.4byte	.LFE7-.LFB7
 1658 0050 00000000 		.4byte	.LFB8
 1659 0054 44000000 		.4byte	.LFE8-.LFB8
 1660 0058 00000000 		.4byte	.LFB9
 1661 005c B4000000 		.4byte	.LFE9-.LFB9
 1662 0060 00000000 		.4byte	0
 1663 0064 00000000 		.4byte	0
 1664              		.section	.debug_ranges,"",%progbits
 1665              	.Ldebug_ranges0:
 1666 0000 00000000 		.4byte	.LFB0
 1667 0004 36000000 		.4byte	.LFE0
 1668 0008 00000000 		.4byte	.LFB1
 1669 000c 96000000 		.4byte	.LFE1
 1670 0010 00000000 		.4byte	.LFB2
 1671 0014 4E000000 		.4byte	.LFE2
 1672 0018 00000000 		.4byte	.LFB3
 1673 001c BC000000 		.4byte	.LFE3
 1674 0020 00000000 		.4byte	.LFB4
 1675 0024 00010000 		.4byte	.LFE4
 1676 0028 00000000 		.4byte	.LFB5
 1677 002c 78000000 		.4byte	.LFE5
 1678 0030 00000000 		.4byte	.LFB6
 1679 0034 32000000 		.4byte	.LFE6
 1680 0038 00000000 		.4byte	.LFB7
 1681 003c 64000000 		.4byte	.LFE7
 1682 0040 00000000 		.4byte	.LFB8
 1683 0044 44000000 		.4byte	.LFE8
 1684 0048 00000000 		.4byte	.LFB9
 1685 004c B4000000 		.4byte	.LFE9
 1686 0050 00000000 		.4byte	0
ARM GAS  C:\Users\jthem\AppData\Local\Temp\ccEJjFFr.s 			page 34


 1687 0054 00000000 		.4byte	0
 1688              		.section	.debug_line,"",%progbits
 1689              	.Ldebug_line0:
 1690 0000 94010000 		.section	.debug_str,"MS",%progbits,1
 1690      02005200 
 1690      00000201 
 1690      FB0E0D00 
 1690      01010101 
 1691              	.LASF4:
 1692 0000 73686F72 		.ascii	"short unsigned int\000"
 1692      7420756E 
 1692      7369676E 
 1692      65642069 
 1692      6E7400
 1693              	.LASF27:
 1694 0013 67657443 		.ascii	"getCurrentWaveform\000"
 1694      75727265 
 1694      6E745761 
 1694      7665666F 
 1694      726D00
 1695              	.LASF20:
 1696 0026 63757272 		.ascii	"currentWaveform\000"
 1696      656E7457 
 1696      61766566 
 1696      6F726D00 
 1697              	.LASF19:
 1698 0036 73657453 		.ascii	"setSquare\000"
 1698      71756172 
 1698      6500
 1699              	.LASF12:
 1700 0040 666C6F61 		.ascii	"float\000"
 1700      7400
 1701              	.LASF2:
 1702 0046 756E7369 		.ascii	"unsigned char\000"
 1702      676E6564 
 1702      20636861 
 1702      7200
 1703              	.LASF15:
 1704 0054 73746172 		.ascii	"startWaveDac\000"
 1704      74576176 
 1704      65446163 
 1704      00
 1705              	.LASF21:
 1706 0061 73657453 		.ascii	"setSine\000"
 1706      696E6500 
 1707              	.LASF6:
 1708 0069 6C6F6E67 		.ascii	"long unsigned int\000"
 1708      20756E73 
 1708      69676E65 
 1708      6420696E 
 1708      7400
 1709              	.LASF36:
 1710 007b 75696E74 		.ascii	"uint8\000"
 1710      3800
 1711              	.LASF33:
 1712 0081 474E5520 		.ascii	"GNU C 4.9.3 20150303 (release) [ARM/embedded-4_9-br"
 1712      4320342E 
ARM GAS  C:\Users\jthem\AppData\Local\Temp\ccEJjFFr.s 			page 35


 1712      392E3320 
 1712      32303135 
 1712      30333033 
 1713 00b4 616E6368 		.ascii	"anch revision 221220] -mcpu=cortex-m3 -mthumb -g -O"
 1713      20726576 
 1713      6973696F 
 1713      6E203232 
 1713      31323230 
 1714 00e7 30202D66 		.ascii	"0 -ffunction-sections -ffat-lto-objects\000"
 1714      66756E63 
 1714      74696F6E 
 1714      2D736563 
 1714      74696F6E 
 1715              	.LASF11:
 1716 010f 646F7562 		.ascii	"double\000"
 1716      6C6500
 1717              	.LASF3:
 1718 0116 73686F72 		.ascii	"short int\000"
 1718      7420696E 
 1718      7400
 1719              	.LASF35:
 1720 0120 433A5C55 		.ascii	"C:\\Users\\jthem\\Documents\\PSoC Creator\\PWMExamp"
 1720      73657273 
 1720      5C6A7468 
 1720      656D5C44 
 1720      6F63756D 
 1721 014e 6C653031 		.ascii	"le01\\EasyBoard.cydsn\000"
 1721      5C456173 
 1721      79426F61 
 1721      72642E63 
 1721      7964736E 
 1722              	.LASF0:
 1723 0163 756E7369 		.ascii	"unsigned int\000"
 1723      676E6564 
 1723      20696E74 
 1723      00
 1724              	.LASF22:
 1725 0170 73657454 		.ascii	"setTriangle\000"
 1725      7269616E 
 1725      676C6500 
 1726              	.LASF8:
 1727 017c 6C6F6E67 		.ascii	"long long unsigned int\000"
 1727      206C6F6E 
 1727      6720756E 
 1727      7369676E 
 1727      65642069 
 1728              	.LASF23:
 1729 0193 73657453 		.ascii	"setSawtooth\000"
 1729      6177746F 
 1729      6F746800 
 1730              	.LASF30:
 1731 019f 77617665 		.ascii	"waveDacId\000"
 1731      44616349 
 1731      6400
 1732              	.LASF18:
 1733 01a9 77617665 		.ascii	"waveform\000"
 1733      666F726D 
ARM GAS  C:\Users\jthem\AppData\Local\Temp\ccEJjFFr.s 			page 36


 1733      00
 1734              	.LASF31:
 1735 01b2 77617665 		.ascii	"waveform0\000"
 1735      666F726D 
 1735      3000
 1736              	.LASF32:
 1737 01bc 77617665 		.ascii	"waveform1\000"
 1737      666F726D 
 1737      3100
 1738              	.LASF9:
 1739 01c6 73697A65 		.ascii	"sizetype\000"
 1739      74797065 
 1739      00
 1740              	.LASF16:
 1741 01cf 666E4765 		.ascii	"fnGenerator\000"
 1741      6E657261 
 1741      746F7200 
 1742              	.LASF7:
 1743 01db 6C6F6E67 		.ascii	"long long int\000"
 1743      206C6F6E 
 1743      6720696E 
 1743      7400
 1744              	.LASF24:
 1745 01e9 73657444 		.ascii	"setDC\000"
 1745      4300
 1746              	.LASF10:
 1747 01ef 63686172 		.ascii	"char\000"
 1747      00
 1748              	.LASF26:
 1749 01f4 6D6F6465 		.ascii	"mode\000"
 1749      00
 1750              	.LASF29:
 1751 01f9 66726571 		.ascii	"freq\000"
 1751      00
 1752              	.LASF34:
 1753 01fe 2E5C4675 		.ascii	".\\FunctionGenerator.c\000"
 1753      6E637469 
 1753      6F6E4765 
 1753      6E657261 
 1753      746F722E 
 1754              	.LASF25:
 1755 0214 73657457 		.ascii	"setWaveform\000"
 1755      61766566 
 1755      6F726D00 
 1756              	.LASF5:
 1757 0220 6C6F6E67 		.ascii	"long int\000"
 1757      20696E74 
 1757      00
 1758              	.LASF13:
 1759 0229 6C6F6E67 		.ascii	"long double\000"
 1759      20646F75 
 1759      626C6500 
 1760              	.LASF1:
 1761 0235 7369676E 		.ascii	"signed char\000"
 1761      65642063 
 1761      68617200 
 1762              	.LASF28:
ARM GAS  C:\Users\jthem\AppData\Local\Temp\ccEJjFFr.s 			page 37


 1763 0241 6368616E 		.ascii	"changeFrequency\000"
 1763      67654672 
 1763      65717565 
 1763      6E637900 
 1764              	.LASF17:
 1765 0251 6E756D53 		.ascii	"numSamples\000"
 1765      616D706C 
 1765      657300
 1766              	.LASF14:
 1767 025c 73746F70 		.ascii	"stopWaveDac\000"
 1767      57617665 
 1767      44616300 
 1768              		.ident	"GCC: (GNU Tools for ARM Embedded Processors) 4.9.3 20150303 (release) [ARM/embedded-4_9-br
